{"EventID": 3, "RuleName": "-", "ProcessGuid": "{677C31FB-51D8-1217-52E7-B32951574873}", "ProcessId": 908, "Image": "C:\\Windows\\System32\\svchost.exe", "User": "NT AUTHORITY\\SYSTEM", "Protocol": "tcp", "Initiated": "true", "SourceIsIpv6": "false", "SourceIp": "10.20.14.37", "SourcePort": 58419, "DestinationIsIpv6": "false", "DestinationIp": "20.190.159.73", "DestinationPort": 443, "DestinationHostname": "login.microsoftonline.com", "DestinationPortName": "-", "UtcTime": "2024-11-05 08:26:46.000", "Channel": "Microsoft-Windows-Sysmon/Operational", "Computer": "FIN-WIN11-07.corp.northwind.internal"}
{"EventID": 7, "RuleName": "-", "ProcessGuid": "{7AA1D7C0-BBB1-E2C6-822D-EE9AAFD09531}", "ProcessId": 6802, "Image": "C:\\Users\\j.okafor\\AppData\\Local\\Programs\\Microsoft VS Code\\Code.exe", "ImageLoaded": "C:\\Windows\\System32\\ntdll.dll", "FileVersion": "10.0.22621.1", "Description": "ntdll.dll", "Product": "Microsoft® Windows® Operating System", "Company": "Microsoft Corporation", "OriginalFileName": "ntdll.dll", "Hashes": "MD5=00D56D6B13A6F8F705071FD1E509602A,SHA256=10A7949A67B3658998DA2966045490E09CA516C0DBDCDCAAC9D1FC61849E35DE,IMPHASH=1432B204E543E79B50DE359A7F163F26", "Signed": "true", "Signature": "Microsoft Corporation", "SignatureStatus": "Valid", "User": "CORP\\j.okafor", "UtcTime": "2024-11-05 08:26:47.000", "Channel": "Microsoft-Windows-Sysmon/Operational", "Computer": "FIN-WIN11-07.corp.northwind.internal"}
{"EventID": 22, "RuleName": "-", "ProcessGuid": "{E2617918-0450-EA48-4495-4D449D065CF2}", "ProcessId": 6982, "QueryName": "login.microsoftonline.com", "QueryStatus": "0", "QueryResults": "20.190.159.73", "Image": "C:\\Program Files (x86)\\Microsoft\\Edge\\Application\\msedge.exe", "User": "CORP\\j.okafor", "UtcTime": "2024-11-05 08:26:47.000", "Channel": "Microsoft-Windows-Sysmon/Operational", "Computer": "FIN-WIN11-07.corp.northwind.internal"}
{"EventID": 3, "RuleName": "-", "ProcessGuid": "{2373C90A-E6AF-36CD-CFAE-E208539B72F0}", "ProcessId": 928, "Image": "C:\\Windows\\System32\\svchost.exe", "User": "NT AUTHORITY\\NETWORK SERVICE", "Protocol": "tcp", "Initiated": "true", "SourceIsIpv6": "false", "SourceIp": "10.20.14.37", "SourcePort": 53091, "DestinationIsIpv6": "false", "DestinationIp": "13.107.42.16", "DestinationPort": 443, "DestinationHostname": "update.code.visualstudio.com", "DestinationPortName": "-", "UtcTime": "2024-11-05 08:26:47.000", "Channel": "Microsoft-Windows-Sysmon/Operational", "Computer": "FIN-WIN11-07.corp.northwind.internal"}
{"EventID": 3, "RuleName": "-", "ProcessGuid": "{E2617918-0450-EA48-4495-4D449D065CF2}", "ProcessId": 6982, "Image": "C:\\Program Files (x86)\\Microsoft\\Edge\\Application\\msedge.exe", "User": "CORP\\j.okafor", "Protocol": "tcp", "Initiated": "true", "SourceIsIpv6": "false", "SourceIp": "10.20.14.37", "SourcePort": 64282, "DestinationIsIpv6": "false", "DestinationIp": "20.190.159.73", "DestinationPort": 443, "DestinationHostname": "login.microsoftonline.com", "DestinationPortName": "-", "UtcTime": "2024-11-05 08:26:47.075", "Channel": "Microsoft-Windows-Sysmon/Operational", "Computer": "FIN-WIN11-07.corp.northwind.internal"}
{"EventID": 22, "RuleName": "-", "ProcessGuid": "{7AA1D7C0-BBB1-E2C6-822D-EE9AAFD09531}", "ProcessId": 6802, "QueryName": "outlook.office365.com", "QueryStatus": "0", "QueryResults": "52.96.104.34", "Image": "C:\\Users\\j.okafor\\AppData\\Local\\Programs\\Microsoft VS Code\\Code.exe", "User": "CORP\\j.okafor", "UtcTime": "2024-11-05 08:26:48.000", "Channel": "Microsoft-Windows-Sysmon/Operational", "Computer": "FIN-WIN11-07.corp.northwind.internal"}
{"EventID": 3, "RuleName": "-", "ProcessGuid": "{7AA1D7C0-BBB1-E2C6-822D-EE9AAFD09531}", "ProcessId": 6802, "Image": "C:\\Users\\j.okafor\\AppData\\Local\\Programs\\Microsoft VS Code\\Code.exe", "User": "CORP\\j.okafor", "Protocol": "tcp", "Initiated": "true", "SourceIsIpv6": "false", "SourceIp": "10.20.14.37", "SourcePort": 53156, "DestinationIsIpv6": "false", "DestinationIp": "52.96.104.34", "DestinationPort": 443, "DestinationHostname": "outlook.office365.com", "DestinationPortName": "-", "UtcTime": "2024-11-05 08:26:48.383", "Channel": "Microsoft-Windows-Sysmon/Operational", "Computer": "FIN-WIN11-07.corp.northwind.internal"}
{"EventID": 22, "RuleName": "-", "ProcessGuid": "{D75BDBDA-4E3A-47F7-F5DF-3731BAB9E2D0}", "ProcessId": 6782, "QueryName": "clients2.google.com", "QueryStatus": "0", "QueryResults": "172.217.16.174", "Image": "C:\\Program Files\\Google\\Chrome\\Application\\chrome.exe", "User": "CORP\\j.okafor", "UtcTime": "2024-11-05 08:26:49.000", "Channel": "Microsoft-Windows-Sysmon/Operational", "Computer": "FIN-WIN11-07.corp.northwind.internal"}
{"EventID": 3, "RuleName": "-", "ProcessGuid": "{D75BDBDA-4E3A-47F7-F5DF-3731BAB9E2D0}", "ProcessId": 6782, "Image": "C:\\Program Files\\Google\\Chrome\\Application\\chrome.exe", "User": "CORP\\j.okafor", "Protocol": "tcp", "Initiated": "true", "SourceIsIpv6": "false", "SourceIp": "10.20.14.37", "SourcePort": 49588, "DestinationIsIpv6": "false", "DestinationIp": "172.217.16.174", "DestinationPort": 443, "DestinationHostname": "clients2.google.com", "DestinationPortName": "-", "UtcTime": "2024-11-05 08:26:49.328", "Channel": "Microsoft-Windows-Sysmon/Operational", "Computer": "FIN-WIN11-07.corp.northwind.internal"}
{"EventID": 1, "RuleName": "-", "ProcessGuid": "{FC0FFCD7-47A8-3492-48C7-A6561361EB66}", "ProcessId": 2340, "Image": "C:\\Program Files (x86)\\Google\\Update\\GoogleUpdate.exe", "FileVersion": "10.0.22621.1 (WinBuild.160101.0800)", "Description": "GoogleUpdate.exe", "Product": "Microsoft® Windows® Operating System", "Company": "Microsoft Corporation", "OriginalFileName": "GoogleUpdate.exe", "CommandLine": "\"C:\\Program Files (x86)\\Google\\Update\\GoogleUpdate.exe\" /ua /installsource scheduler", "CurrentDirectory": "C:\\Windows\\system32\\", "User": "NT AUTHORITY\\SYSTEM", "LogonGuid": "{FC0FFCD7-47A8-3492-48C7-A6561361EB66}", "LogonId": "0x3f9a21", "TerminalSessionId": 0, "IntegrityLevel": "System", "Hashes": "MD5=56AD116E4950A5DF2E0682B5CD05C3E0,SHA256=84D87D45045DA22DFBF5EA7E16E1D9108F89286FB583754CFFAB97501B4A79A7,IMPHASH=2AA1C6662BD046B49F21AC2A722B7E15", "ParentProcessGuid": "{676D6033-C919-357D-55B1-B3DABE2088FA}", "ParentProcessId": 904, "ParentImage": "C:\\Windows\\System32\\svchost.exe", "ParentCommandLine": "C:\\Windows\\system32\\svchost.exe -k RPCSS -p", "ParentUser": "NT AUTHORITY\\NETWORK SERVICE", "UtcTime": "2024-11-05 08:26:50.000", "Channel": "Microsoft-Windows-Sysmon/Operational", "Computer": "FIN-WIN11-07.corp.northwind.internal"}
{"EventID": 3, "RuleName": "-", "ProcessGuid": "{FC0FFCD7-47A8-3492-48C7-A6561361EB66}", "ProcessId": 2340, "Image": "C:\\Program Files (x86)\\Google\\Update\\GoogleUpdate.exe", "User": "NT AUTHORITY\\SYSTEM", "Protocol": "tcp", "Initiated": "true", "SourceIsIpv6": "false", "SourceIp": "10.20.14.37", "SourcePort": 50788, "DestinationIsIpv6": "false", "DestinationIp": "142.250.72.131", "DestinationPort": 443, "DestinationHostname": "update.googleapis.com", "DestinationPortName": "-", "UtcTime": "2024-11-05 08:26:51.000", "Channel": "Microsoft-Windows-Sysmon/Operational", "Computer": "FIN-WIN11-07.corp.northwind.internal"}
{"EventID": 1, "RuleName": "-", "ProcessGuid": "{E52DD907-55E0-AA14-9517-6286B7375327}", "ProcessId": 5921, "Image": "C:\\Windows\\System32\\dllhost.exe", "FileVersion": "10.0.22621.1 (WinBuild.160101.0800)", "Description": "dllhost.exe", "Product": "Microsoft® Windows® Operating System", "Company": "Microsoft Corporation", "OriginalFileName": "dllhost.exe", "CommandLine": "C:\\Windows\\system32\\DllHost.exe /Processid:{AB8902B4}", "CurrentDirectory": "C:\\Windows\\system32\\", "User": "NT AUTHORITY\\NETWORK SERVICE", "LogonGuid": "{E52DD907-55E0-AA14-9517-6286B7375327}", "LogonId": "0x3f9a21", "TerminalSessionId": 0, "IntegrityLevel": "System", "Hashes": "MD5=D132D91F3D4003F2340CC9C7F2DBE3CD,SHA256=A51D583DDEFDD4BA25B1D4DA6F65637439880F0758EBC4F48FE2583514A065CC,IMPHASH=EC7539CF0764730B8701D7C1BD8D83EE", "ParentProcessGuid": "{8D1EFC33-E31B-D256-FF6E-F105096FA2E8}", "ParentProcessId": 916, "ParentImage": "C:\\Windows\\System32\\svchost.exe", "ParentCommandLine": "C:\\Windows\\system32\\svchost.exe -k NetworkService -p", "ParentUser": "NT AUTHORITY\\NETWORK SERVICE", "UtcTime": "2024-11-05 08:26:51.529", "Channel": "Microsoft-Windows-Sysmon/Operational", "Computer": "FIN-WIN11-07.corp.northwind.internal"}
{"EventID": 7, "RuleName": "-", "ProcessGuid": "{E52DD907-55E0-AA14-9517-6286B7375327}", "ProcessId": 5921, "Image": "C:\\Windows\\System32\\dllhost.exe", "ImageLoaded": "C:\\Windows\\System32\\user32.dll", "FileVersion": "10.0.22621.1", "Description": "user32.dll", "Product": "Microsoft® Windows® Operating System", "Company": "Microsoft Corporation", "OriginalFileName": "user32.dll", "Hashes": "MD5=95722714424049ED3C6C4AC774230C52,SHA256=37D3EBE4373A04EA276A5B0A04D533A84A0BDCFF861D13C4CA3FFA02E433F57C,IMPHASH=B76EDE99A97920A23A1E388516467EED", "Signed": "true", "Signature": "Microsoft Corporation", "SignatureStatus": "Valid", "User": "NT AUTHORITY\\NETWORK SERVICE", "UtcTime": "2024-11-05 08:26:51.773", "Channel": "Microsoft-Windows-Sysmon/Operational", "Computer": "FIN-WIN11-07.corp.northwind.internal"}
{"EventID": 7, "RuleName": "-", "ProcessGuid": "{E52DD907-55E0-AA14-9517-6286B7375327}", "ProcessId": 5921, "Image": "C:\\Windows\\System32\\dllhost.exe", "ImageLoaded": "C:\\Windows\\System32\\winhttp.dll", "FileVersion": "10.0.22621.1", "Description": "winhttp.dll", "Product": "Microsoft® Windows® Operating System", "Company": "Microsoft Corporation", "OriginalFileName": "winhttp.dll", "Hashes": "MD5=1CD7A815824DF33A0B00FC25948BB859,SHA256=11CF54D9A3E24F94115C734772A6B21C670D903498186ACA35F285F15869C0BD,IMPHASH=7EDDD38AEA1C1D899C1697F52074850F", "Signed": "true", "Signature": "Microsoft Corporation", "SignatureStatus": "Valid", "User": "NT AUTHORITY\\NETWORK SERVICE", "UtcTime": "2024-11-05 08:26:52.025", "Channel": "Microsoft-Windows-Sysmon/Operational", "Computer": "FIN-WIN11-07.corp.northwind.internal"}
{"EventID": 7, "RuleName": "-", "ProcessGuid": "{E52DD907-55E0-AA14-9517-6286B7375327}", "ProcessId": 5921, "Image": "C:\\Windows\\System32\\dllhost.exe", "ImageLoaded": "C:\\Windows\\System32\\ole32.dll", "FileVersion": "10.0.22621.1", "Description": "ole32.dll", "Product": "Microsoft® Windows® Operating System", "Company": "Microsoft Corporation", "OriginalFileName": "ole32.dll", "Hashes": "MD5=F0BE416B51C5FB47AB11724010BC0552,SHA256=F245FE196BF4E32347EB826671DBFA2AE75FC0F73E3DDDD0ED96FA97ED29A527,IMPHASH=31BD25CFB290FD2A8F9272465EA53EB4", "Signed": "true", "Signature": "Microsoft Corporation", "SignatureStatus": "Valid", "User": "NT AUTHORITY\\NETWORK SERVICE", "UtcTime": "2024-11-05 08:26:52.388", "Channel": "Microsoft-Windows-Sysmon/Operational", "Computer": "FIN-WIN11-07.corp.northwind.internal"}
{"EventID": 1, "RuleName": "-", "ProcessGuid": "{3A34E56B-882A-33BA-8700-6C170ADC94CB}", "ProcessId": 7078, "Image": "C:\\Windows\\System32\\conhost.exe", "FileVersion": "10.0.22621.1 (WinBuild.160101.0800)", "Description": "conhost.exe", "Product": "Microsoft® Windows® Operating System", "Company": "Microsoft Corporation", "OriginalFileName": "conhost.exe", "CommandLine": "\\??\\C:\\Windows\\system32\\conhost.exe 0x4", "CurrentDirectory": "C:\\Windows\\system32\\", "User": "CORP\\j.okafor", "LogonGuid": "{3A34E56B-882A-33BA-8700-6C170ADC94CB}", "LogonId": "0x3f9a21", "TerminalSessionId": 1, "IntegrityLevel": "Medium", "Hashes": "MD5=32874429CF50E04D3AB9C3A4CDF13D62,SHA256=AA03BE48D56288B3C3E98EA99E43843CDF93E54C1A37BA31C1CE8583EEEF5222,IMPHASH=C0DE032A341FF539CE0785067B3AAD01", "ParentProcessGuid": "{FE25F74B-F0B2-ECEE-104F-7C24F82ABA33}", "ParentProcessId": 4012, "ParentImage": "C:\\Windows\\explorer.exe", "ParentCommandLine": "C:\\Windows\\Explorer.EXE", "ParentUser": "CORP\\j.okafor", "UtcTime": "2024-11-05 08:26:52.593", "Channel": "Microsoft-Windows-Sysmon/Operational", "Computer": "FIN-WIN11-07.corp.northwind.internal"}
{"EventID": 7, "RuleName": "-", "ProcessGuid": "{D75BDBDA-4E3A-47F7-F5DF-3731BAB9E2D0}", "ProcessId": 6782, "Image": "C:\\Program Files\\Google\\Chrome\\Application\\chrome.exe", "ImageLoaded": "C:\\Windows\\System32\\rpcrt4.dll", "FileVersion": "10.0.22621.1", "Description": "rpcrt4.dll", "Product": "Microsoft® Windows® Operating System", "Company": "Microsoft Corporation", "OriginalFileName": "rpcrt4.dll", "Hashes": "MD5=9EF24EA4797B2DD0770BB7217AB0D0D1,SHA256=B3C89AFE1AF2BD9189C42840B21566EC7CFCFF421C874ECA26806512D5B66A4F,IMPHASH=AC838DD7D38F3D3BB96F9F194AA534EE", "Signed": "true", "Signature": "Microsoft Corporation", "SignatureStatus": "Valid", "User": "CORP\\j.okafor", "UtcTime": "2024-11-05 08:26:53.000", "Channel": "Microsoft-Windows-Sysmon/Operational", "Computer": "FIN-WIN11-07.corp.northwind.internal"}
{"EventID": 7, "RuleName": "-", "ProcessGuid": "{3A34E56B-882A-33BA-8700-6C170ADC94CB}", "ProcessId": 7078, "Image": "C:\\Windows\\System32\\conhost.exe", "ImageLoaded": "C:\\Windows\\System32\\user32.dll", "FileVersion": "10.0.22621.1", "Description": "user32.dll", "Product": "Microsoft® Windows® Operating System", "Company": "Microsoft Corporation", "OriginalFileName": "user32.dll", "Hashes": "MD5=95722714424049ED3C6C4AC774230C52,SHA256=37D3EBE4373A04EA276A5B0A04D533A84A0BDCFF861D13C4CA3FFA02E433F57C,IMPHASH=B76EDE99A97920A23A1E388516467EED", "Signed": "true", "Signature": "Microsoft Corporation", "SignatureStatus": "Valid", "User": "CORP\\j.okafor", "UtcTime": "2024-11-05 08:26:53.004", "Channel": "Microsoft-Windows-Sysmon/Operational", "Computer": "FIN-WIN11-07.corp.northwind.internal"}
{"EventID": 7, "RuleName": "-", "ProcessGuid": "{3A34E56B-882A-33BA-8700-6C170ADC94CB}", "ProcessId": 7078, "Image": "C:\\Windows\\System32\\conhost.exe", "ImageLoaded": "C:\\Windows\\System32\\kernel32.dll", "FileVersion": "10.0.22621.1", "Description": "kernel32.dll", "Product": "Microsoft® Windows® Operating System", "Company": "Microsoft Corporation", "OriginalFileName": "kernel32.dll", "Hashes": "MD5=0AB4EA0E4D6453AA778557EA48A08D64,SHA256=9CFF62CD296F6EFDBB9B5622D676BA00427ABD304150B5B1C27F0AA9385BB344,IMPHASH=316A1DF7CA24080C1A54042C5E549E4D", "Signed": "true", "Signature": "Microsoft Corporation", "SignatureStatus": "Valid", "User": "CORP\\j.okafor", "UtcTime": "2024-11-05 08:26:53.306", "Channel": "Microsoft-Windows-Sysmon/Operational", "Computer": "FIN-WIN11-07.corp.northwind.internal"}
{"EventID": 5, "RuleName": "-", "ProcessGuid": "{3A34E56B-882A-33BA-8700-6C170ADC94CB}", "ProcessId": 7078, "Image": "C:\\Windows\\System32\\conhost.exe", "User": "CORP\\j.okafor", "UtcTime": "2024-11-05 08:26:53.593", "Channel": "Microsoft-Windows-Sysmon/Operational", "Computer": "FIN-WIN11-07.corp.northwind.internal"}
{"EventID": 11, "RuleName": "-", "ProcessGuid": "{856BE6A9-AED0-D69D-FC68-627A1B28317B}", "ProcessId": 9025, "Image": "C:\\Users\\j.okafor\\AppData\\Local\\Microsoft\\Teams\\current\\Teams.exe", "TargetFilename": "C:\\Users\\j.okafor\\AppData\\Local\\Microsoft\\Windows\\INetCache\\IE\\cache_89.dat", "CreationUtcTime": "2024-11-05 08:26:54.000", "User": "CORP\\j.okafor", "UtcTime": "2024-11-05 08:26:54.000", "Channel": "Microsoft-Windows-Sysmon/Operational", "Computer": "FIN-WIN11-07.corp.northwind.internal"}
{"EventID": 1, "RuleName": "-", "ProcessGuid": "{A90D17A9-95E2-CD4C-0BEB-90E3144EFBE6}", "ProcessId": 7079, "Image": "C:\\Windows\\System32\\backgroundTaskHost.exe", "FileVersion": "10.0.22621.1 (WinBuild.160101.0800)", "Description": "backgroundTaskHost.exe", "Product": "Microsoft® Windows® Operating System", "Company": "Microsoft Corporation", "OriginalFileName": "backgroundTaskHost.exe", "CommandLine": "\"C:\\Windows\\system32\\backgroundTaskHost.exe\" -ServerName:App.AppXbp.mca", "CurrentDirectory": "C:\\Windows\\system32\\", "User": "NT AUTHORITY\\NETWORK SERVICE", "LogonGuid": "{A90D17A9-95E2-CD4C-0BEB-90E3144EFBE6}", "LogonId": "0x3f9a21", "TerminalSessionId": 0, "IntegrityLevel": "System", "Hashes": "MD5=E4D97319C0B8CC47867294C9F8ECF427,SHA256=290242D7B8FB826C24C48208819149C9C1651234601116B6EB80086C49291930,IMPHASH=78721E96CCCAB871801931EBD20329C2", "ParentProcessGuid": "{2373C90A-E6AF-36CD-CFAE-E208539B72F0}", "ParentProcessId": 928, "ParentImage": "C:\\Windows\\System32\\svchost.exe", "ParentCommandLine": "C:\\Windows\\system32\\svchost.exe -k WbioSvcGroup", "ParentUser": "NT AUTHORITY\\NETWORK SERVICE", "UtcTime": "2024-11-05 08:26:55.712", "Channel": "Microsoft-Windows-Sysmon/Operational", "Computer": "FIN-WIN11-07.corp.northwind.internal"}
{"EventID": 5, "RuleName": "-", "ProcessGuid": "{FC0FFCD7-47A8-3492-48C7-A6561361EB66}", "ProcessId": 2340, "Image": "C:\\Program Files (x86)\\Google\\Update\\GoogleUpdate.exe", "User": "NT AUTHORITY\\SYSTEM", "UtcTime": "2024-11-05 08:26:56.000", "Channel": "Microsoft-Windows-Sysmon/Operational", "Computer": "FIN-WIN11-07.corp.northwind.internal"}
{"EventID": 7, "RuleName": "-", "ProcessGuid": "{A90D17A9-95E2-CD4C-0BEB-90E3144EFBE6}", "ProcessId": 7079, "Image": "C:\\Windows\\System32\\backgroundTaskHost.exe", "ImageLoaded": "C:\\Windows\\System32\\ole32.dll", "FileVersion": "10.0.22621.1", "Description": "ole32.dll", "Product": "Microsoft® Windows® Operating System", "Company": "Microsoft Corporation", "OriginalFileName": "ole32.dll", "Hashes": "MD5=F0BE416B51C5FB47AB11724010BC0552,SHA256=F245FE196BF4E32347EB826671DBFA2AE75FC0F73E3DDDD0ED96FA97ED29A527,IMPHASH=31BD25CFB290FD2A8F9272465EA53EB4", "Signed": "true", "Signature": "Microsoft Corporation", "SignatureStatus": "Valid", "User": "NT AUTHORITY\\NETWORK SERVICE", "UtcTime": "2024-11-05 08:26:56.075", "Channel": "Microsoft-Windows-Sysmon/Operational", "Computer": "FIN-WIN11-07.corp.northwind.internal"}
{"EventID": 5, "RuleName": "-", "ProcessGuid": "{9DDA1118-03E5-B648-48A7-510E72FC12CB}", "ProcessId": 5521, "Image": "C:\\Windows\\System32\\RuntimeBroker.exe", "User": "NT AUTHORITY\\NETWORK SERVICE", "UtcTime": "2024-11-05 08:26:57.942", "Channel": "Microsoft-Windows-Sysmon/Operational", "Computer": "FIN-WIN11-07.corp.northwind.internal"}
{"EventID": 7, "RuleName": "-", "ProcessGuid": "{E2617918-0450-EA48-4495-4D449D065CF2}", "ProcessId": 6982, "Image": "C:\\Program Files (x86)\\Microsoft\\Edge\\Application\\msedge.exe", "ImageLoaded": "C:\\Windows\\System32\\user32.dll", "FileVersion": "10.0.22621.1", "Description": "user32.dll", "Product": "Microsoft® Windows® Operating System", "Company": "Microsoft Corporation", "OriginalFileName": "user32.dll", "Hashes": "MD5=95722714424049ED3C6C4AC774230C52,SHA256=37D3EBE4373A04EA276A5B0A04D533A84A0BDCFF861D13C4CA3FFA02E433F57C,IMPHASH=B76EDE99A97920A23A1E388516467EED", "Signed": "true", "Signature": "Microsoft Corporation", "SignatureStatus": "Valid", "User": "CORP\\j.okafor", "UtcTime": "2024-11-05 08:26:58.000", "Channel": "Microsoft-Windows-Sysmon/Operational", "Computer": "FIN-WIN11-07.corp.northwind.internal"}
{"EventID": 22, "RuleName": "-", "ProcessGuid": "{856BE6A9-AED0-D69D-FC68-627A1B28317B}", "ProcessId": 9025, "QueryName": "outlook.office365.com", "QueryStatus": "0", "QueryResults": "52.96.104.34", "Image": "C:\\Users\\j.okafor\\AppData\\Local\\Microsoft\\Teams\\current\\Teams.exe", "User": "CORP\\j.okafor", "UtcTime": "2024-11-05 08:26:59.000", "Channel": "Microsoft-Windows-Sysmon/Operational", "Computer": "FIN-WIN11-07.corp.northwind.internal"}
{"EventID": 3, "RuleName": "-", "ProcessGuid": "{856BE6A9-AED0-D69D-FC68-627A1B28317B}", "ProcessId": 9025, "Image": "C:\\Users\\j.okafor\\AppData\\Local\\Microsoft\\Teams\\current\\Teams.exe", "User": "CORP\\j.okafor", "Protocol": "tcp", "Initiated": "true", "SourceIsIpv6": "false", "SourceIp": "10.20.14.37", "SourcePort": 53195, "DestinationIsIpv6": "false", "DestinationIp": "52.96.104.34", "DestinationPort": 443, "DestinationHostname": "outlook.office365.com", "DestinationPortName": "-", "UtcTime": "2024-11-05 08:26:59.497", "Channel": "Microsoft-Windows-Sysmon/Operational", "Computer": "FIN-WIN11-07.corp.northwind.internal"}
{"EventID": 22, "RuleName": "-", "ProcessGuid": "{E2617918-0450-EA48-4495-4D449D065CF2}", "ProcessId": 6982, "QueryName": "crl.microsoft.com", "QueryStatus": "0", "QueryResults": "23.35.229.160", "Image": "C:\\Program Files (x86)\\Microsoft\\Edge\\Application\\msedge.exe", "User": "CORP\\j.okafor", "UtcTime": "2024-11-05 08:27:02.000", "Channel": "Microsoft-Windows-Sysmon/Operational", "Computer": "FIN-WIN11-07.corp.northwind.internal"}
{"EventID": 3, "RuleName": "-", "ProcessGuid": "{E2617918-0450-EA48-4495-4D449D065CF2}", "ProcessId": 6982, "Image": "C:\\Program Files (x86)\\Microsoft\\Edge\\Application\\msedge.exe", "User": "CORP\\j.okafor", "Protocol": "tcp", "Initiated": "true", "SourceIsIpv6": "false", "SourceIp": "10.20.14.37", "SourcePort": 65123, "DestinationIsIpv6": "false", "DestinationIp": "23.35.229.160", "DestinationPort": 443, "DestinationHostname": "crl.microsoft.com", "DestinationPortName": "-", "UtcTime": "2024-11-05 08:27:02.279", "Channel": "Microsoft-Windows-Sysmon/Operational", "Computer": "FIN-WIN11-07.corp.northwind.internal"}
{"EventID": 7, "RuleName": "-", "ProcessGuid": "{7AA1D7C0-BBB1-E2C6-822D-EE9AAFD09531}", "ProcessId": 6802, "Image": "C:\\Users\\j.okafor\\AppData\\Local\\Programs\\Microsoft VS Code\\Code.exe", "ImageLoaded": "C:\\Windows\\System32\\advapi32.dll", "FileVersion": "10.0.22621.1", "Description": "advapi32.dll", "Product": "Microsoft® Windows® Operating System", "Company": "Microsoft Corporation", "OriginalFileName": "advapi32.dll", "Hashes": "MD5=C410267AEE73627FCC97D458CC07B704,SHA256=710137EDECA7E0959E59CD8930BB80C7ECC16348F711E39436CB57EA45CD1749,IMPHASH=1BA262EF34A4578109B93C297B3F4E5F", "Signed": "true", "Signature": "Microsoft Corporation", "SignatureStatus": "Valid", "User": "CORP\\j.okafor", "UtcTime": "2024-11-05 08:27:03.000", "Channel": "Microsoft-Windows-Sysmon/Operational", "Computer": "FIN-WIN11-07.corp.northwind.internal"}
{"EventID": 5, "RuleName": "-", "ProcessGuid": "{88F99CB2-D905-D3C5-0AC1-0185139AC241}", "ProcessId": 5232, "Image": "C:\\Windows\\System32\\taskhostw.exe", "User": "CORP\\j.okafor", "UtcTime": "2024-11-05 08:27:04.216", "Channel": "Microsoft-Windows-Sysmon/Operational", "Computer": "FIN-WIN11-07.corp.northwind.internal"}
{"EventID": 7, "RuleName": "-", "ProcessGuid": "{D75BDBDA-4E3A-47F7-F5DF-3731BAB9E2D0}", "ProcessId": 6782, "Image": "C:\\Program Files\\Google\\Chrome\\Application\\chrome.exe", "ImageLoaded": "C:\\Windows\\System32\\crypt32.dll", "FileVersion": "10.0.22621.1", "Description": "crypt32.dll", "Product": "Microsoft® Windows® Operating System", "Company": "Microsoft Corporation", "OriginalFileName": "crypt32.dll", "Hashes": "MD5=2C9AC0BA41556865BDA9F69F855490F5,SHA256=FE9D19718BC80D9898EDE8DD5F12FC6443D27CBDDC4E8F95879B295C1ADB9926,IMPHASH=3CAC074585050F4B842ED7790F75AD92", "Signed": "true", "Signature": "Microsoft Corporation", "SignatureStatus": "Valid", "User": "CORP\\j.okafor", "UtcTime": "2024-11-05 08:27:05.000", "Channel": "Microsoft-Windows-Sysmon/Operational", "Computer": "FIN-WIN11-07.corp.northwind.internal"}
{"EventID": 22, "RuleName": "-", "ProcessGuid": "{7AA1D7C0-BBB1-E2C6-822D-EE9AAFD09531}", "ProcessId": 6802, "QueryName": "teams.microsoft.com", "QueryStatus": "0", "QueryResults": "52.113.194.132", "Image": "C:\\Users\\j.okafor\\AppData\\Local\\Programs\\Microsoft VS Code\\Code.exe", "User": "CORP\\j.okafor", "UtcTime": "2024-11-05 08:27:05.000", "Channel": "Microsoft-Windows-Sysmon/Operational", "Computer": "FIN-WIN11-07.corp.northwind.internal"}
{"EventID": 3, "RuleName": "-", "ProcessGuid": "{7AA1D7C0-BBB1-E2C6-822D-EE9AAFD09531}", "ProcessId": 6802, "Image": "C:\\Users\\j.okafor\\AppData\\Local\\Programs\\Microsoft VS Code\\Code.exe", "User": "CORP\\j.okafor", "Protocol": "tcp", "Initiated": "true", "SourceIsIpv6": "false", "SourceIp": "10.20.14.37", "SourcePort": 62703, "DestinationIsIpv6": "false", "DestinationIp": "52.113.194.132", "DestinationPort": 443, "DestinationHostname": "teams.microsoft.com", "DestinationPortName": "-", "UtcTime": "2024-11-05 08:27:05.323", "Channel": "Microsoft-Windows-Sysmon/Operational", "Computer": "FIN-WIN11-07.corp.northwind.internal"}
{"EventID": 5, "RuleName": "-", "ProcessGuid": "{A90D17A9-95E2-CD4C-0BEB-90E3144EFBE6}", "ProcessId": 7079, "Image": "C:\\Windows\\System32\\backgroundTaskHost.exe", "User": "NT AUTHORITY\\NETWORK SERVICE", "UtcTime": "2024-11-05 08:27:05.712", "Channel": "Microsoft-Windows-Sysmon/Operational", "Computer": "FIN-WIN11-07.corp.northwind.internal"}
{"EventID": 7, "RuleName": "-", "ProcessGuid": "{D75BDBDA-4E3A-47F7-F5DF-3731BAB9E2D0}", "ProcessId": 6782, "Image": "C:\\Program Files\\Google\\Chrome\\Application\\chrome.exe", "ImageLoaded": "C:\\Windows\\System32\\kernel32.dll", "FileVersion": "10.0.22621.1", "Description": "kernel32.dll", "Product": "Microsoft® Windows® Operating System", "Company": "Microsoft Corporation", "OriginalFileName": "kernel32.dll", "Hashes": "MD5=0AB4EA0E4D6453AA778557EA48A08D64,SHA256=9CFF62CD296F6EFDBB9B5622D676BA00427ABD304150B5B1C27F0AA9385BB344,IMPHASH=316A1DF7CA24080C1A54042C5E549E4D", "Signed": "true", "Signature": "Microsoft Corporation", "SignatureStatus": "Valid", "User": "CORP\\j.okafor", "UtcTime": "2024-11-05 08:27:06.000", "Channel": "Microsoft-Windows-Sysmon/Operational", "Computer": "FIN-WIN11-07.corp.northwind.internal"}
{"EventID": 5, "RuleName": "-", "ProcessGuid": "{30BD0593-1D87-D892-3A59-F9F8945D25C9}", "ProcessId": 2227, "Image": "C:\\Windows\\System32\\taskhostw.exe", "User": "NT AUTHORITY\\SYSTEM", "UtcTime": "2024-11-05 08:27:07.090", "Channel": "Microsoft-Windows-Sysmon/Operational", "Computer": "FIN-WIN11-07.corp.northwind.internal"}
{"EventID": 1, "RuleName": "-", "ProcessGuid": "{B201FC88-5742-0708-43F4-F33F58A8F905}", "ProcessId": 2659, "Image": "C:\\Windows\\System32\\RuntimeBroker.exe", "FileVersion": "10.0.22621.1 (WinBuild.160101.0800)", "Description": "RuntimeBroker.exe", "Product": "Microsoft® Windows® Operating System", "Company": "Microsoft Corporation", "OriginalFileName": "RuntimeBroker.exe", "CommandLine": "C:\\Windows\\System32\\RuntimeBroker.exe -Embedding", "CurrentDirectory": "C:\\Windows\\system32\\", "User": "NT AUTHORITY\\SYSTEM", "LogonGuid": "{B201FC88-5742-0708-43F4-F33F58A8F905}", "LogonId": "0x3f9a21", "TerminalSessionId": 0, "IntegrityLevel": "System", "Hashes": "MD5=9C3408CF0EF5A8FB9B9543FBC382114C,SHA256=6E06B06ABB69086464746156B313BB85E792314EF5BB5F92FAEC74E6F48A66F1,IMPHASH=B10EE41285E4BD36C58EB97831D12707", "ParentProcessGuid": "{968680C3-E30A-9C04-B98F-1AB0610FEECA}", "ParentProcessId": 900, "ParentImage": "C:\\Windows\\System32\\svchost.exe", "ParentCommandLine": "C:\\Windows\\system32\\svchost.exe -k DcomLaunch -p", "ParentUser": "NT AUTHORITY\\SYSTEM", "UtcTime": "2024-11-05 08:27:07.141", "Channel": "Microsoft-Windows-Sysmon/Operational", "Computer": "FIN-WIN11-07.corp.northwind.internal"}
{"EventID": 7, "RuleName": "-", "ProcessGuid": "{B201FC88-5742-0708-43F4-F33F58A8F905}", "ProcessId": 2659, "Image": "C:\\Windows\\System32\\RuntimeBroker.exe", "ImageLoaded": "C:\\Windows\\System32\\rpcrt4.dll", "FileVersion": "10.0.22621.1", "Description": "rpcrt4.dll", "Product": "Microsoft® Windows® Operating System", "Company": "Microsoft Corporation", "OriginalFileName": "rpcrt4.dll", "Hashes": "MD5=9EF24EA4797B2DD0770BB7217AB0D0D1,SHA256=B3C89AFE1AF2BD9189C42840B21566EC7CFCFF421C874ECA26806512D5B66A4F,IMPHASH=AC838DD7D38F3D3BB96F9F194AA534EE", "Signed": "true", "Signature": "Microsoft Corporation", "SignatureStatus": "Valid", "User": "NT AUTHORITY\\SYSTEM", "UtcTime": "2024-11-05 08:27:07.481", "Channel": "Microsoft-Windows-Sysmon/Operational", "Computer": "FIN-WIN11-07.corp.northwind.internal"}
{"EventID": 7, "RuleName": "-", "ProcessGuid": "{B201FC88-5742-0708-43F4-F33F58A8F905}", "ProcessId": 2659, "Image": "C:\\Windows\\System32\\RuntimeBroker.exe", "ImageLoaded": "C:\\Windows\\System32\\advapi32.dll", "FileVersion": "10.0.22621.1", "Description": "advapi32.dll", "Product": "Microsoft® Windows® Operating System", "Company": "Microsoft Corporation", "OriginalFileName": "advapi32.dll", "Hashes": "MD5=C410267AEE73627FCC97D458CC07B704,SHA256=710137EDECA7E0959E59CD8930BB80C7ECC16348F711E39436CB57EA45CD1749,IMPHASH=1BA262EF34A4578109B93C297B3F4E5F", "Signed": "true", "Signature": "Microsoft Corporation", "SignatureStatus": "Valid", "User": "NT AUTHORITY\\SYSTEM", "UtcTime": "2024-11-05 08:27:07.940", "Channel": "Microsoft-Windows-Sysmon/Operational", "Computer": "FIN-WIN11-07.corp.northwind.internal"}
{"EventID": 3, "RuleName": "-", "ProcessGuid": "{C3EAA59F-18F7-9ECA-0C50-48DEF2F8DD33}", "ProcessId": 932, "Image": "C:\\Windows\\System32\\svchost.exe", "User": "NT AUTHORITY\\NETWORK SERVICE", "Protocol": "tcp", "Initiated": "true", "SourceIsIpv6": "false", "SourceIp": "10.20.14.37", "SourcePort": 58655, "DestinationIsIpv6": "false", "DestinationIp": "140.82.113.4", "DestinationPort": 443, "DestinationHostname": "github.com", "DestinationPortName": "-", "UtcTime": "2024-11-05 08:27:08.000", "Channel": "Microsoft-Windows-Sysmon/Operational", "Computer": "FIN-WIN11-07.corp.northwind.internal"}
{"EventID": 1, "RuleName": "-", "ProcessGuid": "{B7F86A34-1A23-F445-0ACE-C53F6C84EAEA}", "ProcessId": 4090, "Image": "C:\\Windows\\System32\\RuntimeBroker.exe", "FileVersion": "10.0.22621.1 (WinBuild.160101.0800)", "Description": "RuntimeBroker.exe", "Product": "Microsoft® Windows® Operating System", "Company": "Microsoft Corporation", "OriginalFileName": "RuntimeBroker.exe", "CommandLine": "C:\\Windows\\System32\\RuntimeBroker.exe -Embedding", "CurrentDirectory": "C:\\Windows\\system32\\", "User": "NT AUTHORITY\\NETWORK SERVICE", "LogonGuid": "{B7F86A34-1A23-F445-0ACE-C53F6C84EAEA}", "LogonId": "0x3f9a21", "TerminalSessionId": 0, "IntegrityLevel": "System", "Hashes": "MD5=9C3408CF0EF5A8FB9B9543FBC382114C,SHA256=6E06B06ABB69086464746156B313BB85E792314EF5BB5F92FAEC74E6F48A66F1,IMPHASH=B10EE41285E4BD36C58EB97831D12707", "ParentProcessGuid": "{676D6033-C919-357D-55B1-B3DABE2088FA}", "ParentProcessId": 904, "ParentImage": "C:\\Windows\\System32\\svchost.exe", "ParentCommandLine": "C:\\Windows\\system32\\svchost.exe -k RPCSS -p", "ParentUser": "NT AUTHORITY\\NETWORK SERVICE", "UtcTime": "2024-11-05 08:27:09.411", "Channel": "Microsoft-Windows-Sysmon/Operational", "Computer": "FIN-WIN11-07.corp.northwind.internal"}
{"EventID": 7, "RuleName": "-", "ProcessGuid": "{B7F86A34-1A23-F445-0ACE-C53F6C84EAEA}", "ProcessId": 4090, "Image": "C:\\Windows\\System32\\RuntimeBroker.exe", "ImageLoaded": "C:\\Windows\\System32\\ntdll.dll", "FileVersion": "10.0.22621.1", "Description": "ntdll.dll", "Product": "Microsoft® Windows® Operating System", "Company": "Microsoft Corporation", "OriginalFileName": "ntdll.dll", "Hashes": "MD5=00D56D6B13A6F8F705071FD1E509602A,SHA256=10A7949A67B3658998DA2966045490E09CA516C0DBDCDCAAC9D1FC61849E35DE,IMPHASH=1432B204E543E79B50DE359A7F163F26", "Signed": "true", "Signature": "Microsoft Corporation", "SignatureStatus": "Valid", "User": "NT AUTHORITY\\NETWORK SERVICE", "UtcTime": "2024-11-05 08:27:09.652", "Channel": "Microsoft-Windows-Sysmon/Operational", "Computer": "FIN-WIN11-07.corp.northwind.internal"}
{"EventID": 7, "RuleName": "-", "ProcessGuid": "{B7F86A34-1A23-F445-0ACE-C53F6C84EAEA}", "ProcessId": 4090, "Image": "C:\\Windows\\System32\\RuntimeBroker.exe", "ImageLoaded": "C:\\Windows\\System32\\rpcrt4.dll", "FileVersion": "10.0.22621.1", "Description": "rpcrt4.dll", "Product": "Microsoft® Windows® Operating System", "Company": "Microsoft Corporation", "OriginalFileName": "rpcrt4.dll", "Hashes": "MD5=9EF24EA4797B2DD0770BB7217AB0D0D1,SHA256=B3C89AFE1AF2BD9189C42840B21566EC7CFCFF421C874ECA26806512D5B66A4F,IMPHASH=AC838DD7D38F3D3BB96F9F194AA534EE", "Signed": "true", "Signature": "Microsoft Corporation", "SignatureStatus": "Valid", "User": "NT AUTHORITY\\NETWORK SERVICE", "UtcTime": "2024-11-05 08:27:09.774", "Channel": "Microsoft-Windows-Sysmon/Operational", "Computer": "FIN-WIN11-07.corp.northwind.internal"}
{"EventID": 7, "RuleName": "-", "ProcessGuid": "{B7F86A34-1A23-F445-0ACE-C53F6C84EAEA}", "ProcessId": 4090, "Image": "C:\\Windows\\System32\\RuntimeBroker.exe", "ImageLoaded": "C:\\Windows\\System32\\ole32.dll", "FileVersion": "10.0.22621.1", "Description": "ole32.dll", "Product": "Microsoft® Windows® Operating System", "Company": "Microsoft Corporation", "OriginalFileName": "ole32.dll", "Hashes": "MD5=F0BE416B51C5FB47AB11724010BC0552,SHA256=F245FE196BF4E32347EB826671DBFA2AE75FC0F73E3DDDD0ED96FA97ED29A527,IMPHASH=31BD25CFB290FD2A8F9272465EA53EB4", "Signed": "true", "Signature": "Microsoft Corporation", "SignatureStatus": "Valid", "User": "NT AUTHORITY\\NETWORK SERVICE", "UtcTime": "2024-11-05 08:27:09.960", "Channel": "Microsoft-Windows-Sysmon/Operational", "Computer": "FIN-WIN11-07.corp.northwind.internal"}
{"EventID": 7, "RuleName": "-", "ProcessGuid": "{B7F86A34-1A23-F445-0ACE-C53F6C84EAEA}", "ProcessId": 4090, "Image": "C:\\Windows\\System32\\RuntimeBroker.exe", "ImageLoaded": "C:\\Windows\\System32\\rpcrt4.dll", "FileVersion": "10.0.22621.1", "Description": "rpcrt4.dll", "Product": "Microsoft® Windows® Operating System", "Company": "Microsoft Corporation", "OriginalFileName": "rpcrt4.dll", "Hashes": "MD5=9EF24EA4797B2DD0770BB7217AB0D0D1,SHA256=B3C89AFE1AF2BD9189C42840B21566EC7CFCFF421C874ECA26806512D5B66A4F,IMPHASH=AC838DD7D38F3D3BB96F9F194AA534EE", "Signed": "true", "Signature": "Microsoft Corporation", "SignatureStatus": "Valid", "User": "NT AUTHORITY\\NETWORK SERVICE", "UtcTime": "2024-11-05 08:27:09.997", "Channel": "Microsoft-Windows-Sysmon/Operational", "Computer": "FIN-WIN11-07.corp.northwind.internal"}
{"EventID": 5, "RuleName": "-", "ProcessGuid": "{F49BE548-B276-473D-93AF-9F9EBD074A26}", "ProcessId": 1714, "Image": "C:\\Program Files\\Google\\Chrome\\Application\\chrome.exe", "User": "CORP\\j.okafor", "UtcTime": "2024-11-05 08:27:11.000", "Channel": "Microsoft-Windows-Sysmon/Operational", "Computer": "FIN-WIN11-07.corp.northwind.internal"}
{"EventID": 22, "RuleName": "-", "ProcessGuid": "{7AA1D7C0-BBB1-E2C6-822D-EE9AAFD09531}", "ProcessId": 6802, "QueryName": "ctldl.windowsupdate.com", "QueryStatus": "0", "QueryResults": "88.221.93.19", "Image": "C:\\Users\\j.okafor\\AppData\\Local\\Programs\\Microsoft VS Code\\Code.exe", "User": "CORP\\j.okafor", "UtcTime": "2024-11-05 08:27:12.000", "Channel": "Microsoft-Windows-Sysmon/Operational", "Computer": "FIN-WIN11-07.corp.northwind.internal"}
{"EventID": 13, "RuleName": "-", "EventType": "SetValue", "ProcessGuid": "{676D6033-C919-357D-55B1-B3DABE2088FA}", "ProcessId": 904, "Image": "C:\\Windows\\System32\\svchost.exe", "TargetObject": "HKU\\S-1-5-21-99\\Software\\Google\\Chrome\\PreferenceMACs", "Details": "Binary Data", "User": "NT AUTHORITY\\NETWORK SERVICE", "UtcTime": "2024-11-05 08:27:12.000", "Channel": "Microsoft-Windows-Sysmon/Operational", "Computer": "FIN-WIN11-07.corp.northwind.internal"}
{"EventID": 13, "RuleName": "-", "EventType": "SetValue", "ProcessGuid": "{8D1EFC33-E31B-D256-FF6E-F105096FA2E8}", "ProcessId": 916, "Image": "C:\\Windows\\System32\\svchost.exe", "TargetObject": "HKLM\\SYSTEM\\CurrentControlSet\\Services\\bam\\State\\UserSettings", "Details": "Binary Data", "User": "NT AUTHORITY\\NETWORK SERVICE", "UtcTime": "2024-11-05 08:27:12.000", "Channel": "Microsoft-Windows-Sysmon/Operational", "Computer": "FIN-WIN11-07.corp.northwind.internal"}
{"EventID": 3, "RuleName": "-", "ProcessGuid": "{7AA1D7C0-BBB1-E2C6-822D-EE9AAFD09531}", "ProcessId": 6802, "Image": "C:\\Users\\j.okafor\\AppData\\Local\\Programs\\Microsoft VS Code\\Code.exe", "User": "CORP\\j.okafor", "Protocol": "tcp", "Initiated": "true", "SourceIsIpv6": "false", "SourceIp": "10.20.14.37", "SourcePort": 64179, "DestinationIsIpv6": "false", "DestinationIp": "88.221.93.19", "DestinationPort": 443, "DestinationHostname": "ctldl.windowsupdate.com", "DestinationPortName": "-", "UtcTime": "2024-11-05 08:27:12.233", "Channel": "Microsoft-Windows-Sysmon/Operational", "Computer": "FIN-WIN11-07.corp.northwind.internal"}
{"EventID": 3, "RuleName": "-", "ProcessGuid": "{70DBEDA6-4436-CD2F-A60E-43C1D89851E1}", "ProcessId": 936, "Image": "C:\\Windows\\System32\\svchost.exe", "User": "NT AUTHORITY\\NETWORK SERVICE", "Protocol": "tcp", "Initiated": "true", "SourceIsIpv6": "false", "SourceIp": "10.20.14.37", "SourcePort": 55218, "DestinationIsIpv6": "false", "DestinationIp": "151.101.0.223", "DestinationPort": 443, "DestinationHostname": "pypi.org", "DestinationPortName": "-", "UtcTime": "2024-11-05 08:27:13.000", "Channel": "Microsoft-Windows-Sysmon/Operational", "Computer": "FIN-WIN11-07.corp.northwind.internal"}
{"EventID": 3, "RuleName": "-", "ProcessGuid": "{968680C3-E30A-9C04-B98F-1AB0610FEECA}", "ProcessId": 900, "Image": "C:\\Windows\\System32\\svchost.exe", "User": "NT AUTHORITY\\SYSTEM", "Protocol": "tcp", "Initiated": "true", "SourceIsIpv6": "false", "SourceIp": "10.20.14.37", "SourcePort": 54437, "DestinationIsIpv6": "false", "DestinationIp": "20.190.159.73", "DestinationPort": 443, "DestinationHostname": "login.microsoftonline.com", "DestinationPortName": "-", "UtcTime": "2024-11-05 08:27:14.000", "Channel": "Microsoft-Windows-Sysmon/Operational", "Computer": "FIN-WIN11-07.corp.northwind.internal"}
{"EventID": 5, "RuleName": "-", "ProcessGuid": "{9A81FC61-8D3B-31F7-D7B0-E4478F72DBA0}", "ProcessId": 2114, "Image": "C:\\Windows\\System32\\backgroundTaskHost.exe", "User": "CORP\\j.okafor", "UtcTime": "2024-11-05 08:27:14.343", "Channel": "Microsoft-Windows-Sysmon/Operational", "Computer": "FIN-WIN11-07.corp.northwind.internal"}
{"EventID": 22, "RuleName": "-", "ProcessGuid": "{7AA1D7C0-BBB1-E2C6-822D-EE9AAFD09531}", "ProcessId": 6802, "QueryName": "nvd.nist.gov", "QueryStatus": "0", "QueryResults": "23.203.248.58", "Image": "C:\\Users\\j.okafor\\AppData\\Local\\Programs\\Microsoft VS Code\\Code.exe", "User": "CORP\\j.okafor", "UtcTime": "2024-11-05 08:27:15.000", "Channel": "Microsoft-Windows-Sysmon/Operational", "Computer": "FIN-WIN11-07.corp.northwind.internal"}
{"EventID": 3, "RuleName": "-", "ProcessGuid": "{7AA1D7C0-BBB1-E2C6-822D-EE9AAFD09531}", "ProcessId": 6802, "Image": "C:\\Users\\j.okafor\\AppData\\Local\\Programs\\Microsoft VS Code\\Code.exe", "User": "CORP\\j.okafor", "Protocol": "tcp", "Initiated": "true", "SourceIsIpv6": "false", "SourceIp": "10.20.14.37", "SourcePort": 61620, "DestinationIsIpv6": "false", "DestinationIp": "23.203.248.58", "DestinationPort": 80, "DestinationHostname": "nvd.nist.gov", "DestinationPortName": "-", "UtcTime": "2024-11-05 08:27:15.281", "Channel": "Microsoft-Windows-Sysmon/Operational", "Computer": "FIN-WIN11-07.corp.northwind.internal"}
{"EventID": 7, "RuleName": "-", "ProcessGuid": "{D75BDBDA-4E3A-47F7-F5DF-3731BAB9E2D0}", "ProcessId": 6782, "Image": "C:\\Program Files\\Google\\Chrome\\Application\\chrome.exe", "ImageLoaded": "C:\\Windows\\System32\\rpcrt4.dll", "FileVersion": "10.0.22621.1", "Description": "rpcrt4.dll", "Product": "Microsoft® Windows® Operating System", "Company": "Microsoft Corporation", "OriginalFileName": "rpcrt4.dll", "Hashes": "MD5=9EF24EA4797B2DD0770BB7217AB0D0D1,SHA256=B3C89AFE1AF2BD9189C42840B21566EC7CFCFF421C874ECA26806512D5B66A4F,IMPHASH=AC838DD7D38F3D3BB96F9F194AA534EE", "Signed": "true", "Signature": "Microsoft Corporation", "SignatureStatus": "Valid", "User": "CORP\\j.okafor", "UtcTime": "2024-11-05 08:27:16.000", "Channel": "Microsoft-Windows-Sysmon/Operational", "Computer": "FIN-WIN11-07.corp.northwind.internal"}
{"EventID": 3, "RuleName": "-", "ProcessGuid": "{AA7FD302-FB6B-B79E-6AA9-CE312DBD94F1}", "ProcessId": 920, "Image": "C:\\Windows\\System32\\svchost.exe", "User": "NT AUTHORITY\\NETWORK SERVICE", "Protocol": "tcp", "Initiated": "true", "SourceIsIpv6": "false", "SourceIp": "10.20.14.37", "SourcePort": 60781, "DestinationIsIpv6": "false", "DestinationIp": "151.101.0.223", "DestinationPort": 443, "DestinationHostname": "pypi.org", "DestinationPortName": "-", "UtcTime": "2024-11-05 08:27:17.000", "Channel": "Microsoft-Windows-Sysmon/Operational", "Computer": "FIN-WIN11-07.corp.northwind.internal"}
{"EventID": 5, "RuleName": "-", "ProcessGuid": "{1C85628E-94CC-0344-C680-4156BB8D0FF1}", "ProcessId": 3903, "Image": "C:\\Windows\\System32\\dllhost.exe", "User": "NT AUTHORITY\\SYSTEM", "UtcTime": "2024-11-05 08:27:17.244", "Channel": "Microsoft-Windows-Sysmon/Operational", "Computer": "FIN-WIN11-07.corp.northwind.internal"}
{"EventID": 7, "RuleName": "-", "ProcessGuid": "{D75BDBDA-4E3A-47F7-F5DF-3731BAB9E2D0}", "ProcessId": 6782, "Image": "C:\\Program Files\\Google\\Chrome\\Application\\chrome.exe", "ImageLoaded": "C:\\Windows\\System32\\shcore.dll", "FileVersion": "10.0.22621.1", "Description": "shcore.dll", "Product": "Microsoft® Windows® Operating System", "Company": "Microsoft Corporation", "OriginalFileName": "shcore.dll", "Hashes": "MD5=7707B9A494691A2106EAA088ADC409C7,SHA256=A4758B4425AA2753CD4FC0617E3380149E531F0A644E3D8B859FD5478E7DAC91,IMPHASH=2DA77CA815D35A4F593AEC962A571DA6", "Signed": "true", "Signature": "Microsoft Corporation", "SignatureStatus": "Valid", "User": "CORP\\j.okafor", "UtcTime": "2024-11-05 08:27:18.000", "Channel": "Microsoft-Windows-Sysmon/Operational", "Computer": "FIN-WIN11-07.corp.northwind.internal"}
{"EventID": 7, "RuleName": "-", "ProcessGuid": "{E2617918-0450-EA48-4495-4D449D065CF2}", "ProcessId": 6982, "Image": "C:\\Program Files (x86)\\Microsoft\\Edge\\Application\\msedge.exe", "ImageLoaded": "C:\\Windows\\System32\\ntdll.dll", "FileVersion": "10.0.22621.1", "Description": "ntdll.dll", "Product": "Microsoft® Windows® Operating System", "Company": "Microsoft Corporation", "OriginalFileName": "ntdll.dll", "Hashes": "MD5=00D56D6B13A6F8F705071FD1E509602A,SHA256=10A7949A67B3658998DA2966045490E09CA516C0DBDCDCAAC9D1FC61849E35DE,IMPHASH=1432B204E543E79B50DE359A7F163F26", "Signed": "true", "Signature": "Microsoft Corporation", "SignatureStatus": "Valid", "User": "CORP\\j.okafor", "UtcTime": "2024-11-05 08:27:19.000", "Channel": "Microsoft-Windows-Sysmon/Operational", "Computer": "FIN-WIN11-07.corp.northwind.internal"}
{"EventID": 11, "RuleName": "-", "ProcessGuid": "{796FE29B-14F6-A3DA-0012-838DA87ED7E0}", "ProcessId": 4677, "Image": "C:\\Program Files\\Microsoft Office\\root\\Office16\\OUTLOOK.EXE", "TargetFilename": "C:\\Users\\j.okafor\\AppData\\Roaming\\Microsoft\\Teams\\logs.txt", "CreationUtcTime": "2024-11-05 08:27:19.000", "User": "CORP\\j.okafor", "UtcTime": "2024-11-05 08:27:19.000", "Channel": "Microsoft-Windows-Sysmon/Operational", "Computer": "FIN-WIN11-07.corp.northwind.internal"}
{"EventID": 7, "RuleName": "-", "ProcessGuid": "{7AA1D7C0-BBB1-E2C6-822D-EE9AAFD09531}", "ProcessId": 6802, "Image": "C:\\Users\\j.okafor\\AppData\\Local\\Programs\\Microsoft VS Code\\Code.exe", "ImageLoaded": "C:\\Windows\\System32\\ole32.dll", "FileVersion": "10.0.22621.1", "Description": "ole32.dll", "Product": "Microsoft® Windows® Operating System", "Company": "Microsoft Corporation", "OriginalFileName": "ole32.dll", "Hashes": "MD5=F0BE416B51C5FB47AB11724010BC0552,SHA256=F245FE196BF4E32347EB826671DBFA2AE75FC0F73E3DDDD0ED96FA97ED29A527,IMPHASH=31BD25CFB290FD2A8F9272465EA53EB4", "Signed": "true", "Signature": "Microsoft Corporation", "SignatureStatus": "Valid", "User": "CORP\\j.okafor", "UtcTime": "2024-11-05 08:27:21.000", "Channel": "Microsoft-Windows-Sysmon/Operational", "Computer": "FIN-WIN11-07.corp.northwind.internal"}
{"EventID": 22, "RuleName": "-", "ProcessGuid": "{D75BDBDA-4E3A-47F7-F5DF-3731BAB9E2D0}", "ProcessId": 6782, "QueryName": "update.code.visualstudio.com", "QueryStatus": "0", "QueryResults": "13.107.42.16", "Image": "C:\\Program Files\\Google\\Chrome\\Application\\chrome.exe", "User": "CORP\\j.okafor", "UtcTime": "2024-11-05 08:27:21.000", "Channel": "Microsoft-Windows-Sysmon/Operational", "Computer": "FIN-WIN11-07.corp.northwind.internal"}
{"EventID": 3, "RuleName": "-", "ProcessGuid": "{D75BDBDA-4E3A-47F7-F5DF-3731BAB9E2D0}", "ProcessId": 6782, "Image": "C:\\Program Files\\Google\\Chrome\\Application\\chrome.exe", "User": "CORP\\j.okafor", "Protocol": "tcp", "Initiated": "true", "SourceIsIpv6": "false", "SourceIp": "10.20.14.37", "SourcePort": 58383, "DestinationIsIpv6": "false", "DestinationIp": "13.107.42.16", "DestinationPort": 443, "DestinationHostname": "update.code.visualstudio.com", "DestinationPortName": "-", "UtcTime": "2024-11-05 08:27:21.212", "Channel": "Microsoft-Windows-Sysmon/Operational", "Computer": "FIN-WIN11-07.corp.northwind.internal"}
{"EventID": 5, "RuleName": "-", "ProcessGuid": "{E52DD907-55E0-AA14-9517-6286B7375327}", "ProcessId": 5921, "Image": "C:\\Windows\\System32\\dllhost.exe", "User": "NT AUTHORITY\\NETWORK SERVICE", "UtcTime": "2024-11-05 08:27:22.529", "Channel": "Microsoft-Windows-Sysmon/Operational", "Computer": "FIN-WIN11-07.corp.northwind.internal"}
{"EventID": 1, "RuleName": "-", "ProcessGuid": "{09D51854-69DA-3398-CC75-A77E91613A19}", "ProcessId": 9052, "Image": "C:\\Windows\\System32\\taskhostw.exe", "FileVersion": "10.0.22621.1 (WinBuild.160101.0800)", "Description": "taskhostw.exe", "Product": "Microsoft® Windows® Operating System", "Company": "Microsoft Corporation", "OriginalFileName": "taskhostw.exe", "CommandLine": "taskhostw.exe {DE1B2C6A}", "CurrentDirectory": "C:\\Windows\\system32\\", "User": "NT AUTHORITY\\NETWORK SERVICE", "LogonGuid": "{09D51854-69DA-3398-CC75-A77E91613A19}", "LogonId": "0x3f9a21", "TerminalSessionId": 0, "IntegrityLevel": "System", "Hashes": "MD5=6913C574C95575338A5B0D0544F280FC,SHA256=EADE2CD8C84CE631A2A6917151557D03D7BCF704B2A911E5910025FA412EE1D7,IMPHASH=7D87941CE922082AF40212328D9C0654", "ParentProcessGuid": "{C3EAA59F-18F7-9ECA-0C50-48DEF2F8DD33}", "ParentProcessId": 932, "ParentImage": "C:\\Windows\\System32\\svchost.exe", "ParentCommandLine": "C:\\Windows\\system32\\svchost.exe -k appmodel -p", "ParentUser": "NT AUTHORITY\\NETWORK SERVICE", "UtcTime": "2024-11-05 08:27:22.656", "Channel": "Microsoft-Windows-Sysmon/Operational", "Computer": "FIN-WIN11-07.corp.northwind.internal"}
{"EventID": 7, "RuleName": "-", "ProcessGuid": "{09D51854-69DA-3398-CC75-A77E91613A19}", "ProcessId": 9052, "Image": "C:\\Windows\\System32\\taskhostw.exe", "ImageLoaded": "C:\\Windows\\System32\\gdi32.dll", "FileVersion": "10.0.22621.1", "Description": "gdi32.dll", "Product": "Microsoft® Windows® Operating System", "Company": "Microsoft Corporation", "OriginalFileName": "gdi32.dll", "Hashes": "MD5=C65C6F49DC7837D8ADB5C4EDF3B2DDE0,SHA256=F1D72F8DE2B12803E0F918384AE09876D95F73A9ECC32E361931BED381F9F926,IMPHASH=C04A198B98E2034D0C612D60258DEF35", "Signed": "true", "Signature": "Microsoft Corporation", "SignatureStatus": "Valid", "User": "NT AUTHORITY\\NETWORK SERVICE", "UtcTime": "2024-11-05 08:27:22.821", "Channel": "Microsoft-Windows-Sysmon/Operational", "Computer": "FIN-WIN11-07.corp.northwind.internal"}
{"EventID": 7, "RuleName": "-", "ProcessGuid": "{09D51854-69DA-3398-CC75-A77E91613A19}", "ProcessId": 9052, "Image": "C:\\Windows\\System32\\taskhostw.exe", "ImageLoaded": "C:\\Windows\\System32\\rpcrt4.dll", "FileVersion": "10.0.22621.1", "Description": "rpcrt4.dll", "Product": "Microsoft® Windows® Operating System", "Company": "Microsoft Corporation", "OriginalFileName": "rpcrt4.dll", "Hashes": "MD5=9EF24EA4797B2DD0770BB7217AB0D0D1,SHA256=B3C89AFE1AF2BD9189C42840B21566EC7CFCFF421C874ECA26806512D5B66A4F,IMPHASH=AC838DD7D38F3D3BB96F9F194AA534EE", "Signed": "true", "Signature": "Microsoft Corporation", "SignatureStatus": "Valid", "User": "NT AUTHORITY\\NETWORK SERVICE", "UtcTime": "2024-11-05 08:27:22.978", "Channel": "Microsoft-Windows-Sysmon/Operational", "Computer": "FIN-WIN11-07.corp.northwind.internal"}
{"EventID": 7, "RuleName": "-", "ProcessGuid": "{09D51854-69DA-3398-CC75-A77E91613A19}", "ProcessId": 9052, "Image": "C:\\Windows\\System32\\taskhostw.exe", "ImageLoaded": "C:\\Windows\\System32\\shcore.dll", "FileVersion": "10.0.22621.1", "Description": "shcore.dll", "Product": "Microsoft® Windows® Operating System", "Company": "Microsoft Corporation", "OriginalFileName": "shcore.dll", "Hashes": "MD5=7707B9A494691A2106EAA088ADC409C7,SHA256=A4758B4425AA2753CD4FC0617E3380149E531F0A644E3D8B859FD5478E7DAC91,IMPHASH=2DA77CA815D35A4F593AEC962A571DA6", "Signed": "true", "Signature": "Microsoft Corporation", "SignatureStatus": "Valid", "User": "NT AUTHORITY\\NETWORK SERVICE", "UtcTime": "2024-11-05 08:27:23.175", "Channel": "Microsoft-Windows-Sysmon/Operational", "Computer": "FIN-WIN11-07.corp.northwind.internal"}
{"EventID": 7, "RuleName": "-", "ProcessGuid": "{09D51854-69DA-3398-CC75-A77E91613A19}", "ProcessId": 9052, "Image": "C:\\Windows\\System32\\taskhostw.exe", "ImageLoaded": "C:\\Windows\\System32\\crypt32.dll", "FileVersion": "10.0.22621.1", "Description": "crypt32.dll", "Product": "Microsoft® Windows® Operating System", "Company": "Microsoft Corporation", "OriginalFileName": "crypt32.dll", "Hashes": "MD5=2C9AC0BA41556865BDA9F69F855490F5,SHA256=FE9D19718BC80D9898EDE8DD5F12FC6443D27CBDDC4E8F95879B295C1ADB9926,IMPHASH=3CAC074585050F4B842ED7790F75AD92", "Signed": "true", "Signature": "Microsoft Corporation", "SignatureStatus": "Valid", "User": "NT AUTHORITY\\NETWORK SERVICE", "UtcTime": "2024-11-05 08:27:23.549", "Channel": "Microsoft-Windows-Sysmon/Operational", "Computer": "FIN-WIN11-07.corp.northwind.internal"}
{"EventID": 11, "RuleName": "-", "ProcessGuid": "{7AA1D7C0-BBB1-E2C6-822D-EE9AAFD09531}", "ProcessId": 6802, "Image": "C:\\Users\\j.okafor\\AppData\\Local\\Programs\\Microsoft VS Code\\Code.exe", "TargetFilename": "C:\\Users\\j.okafor\\AppData\\Local\\Microsoft\\Windows\\INetCache\\IE\\cache_77.dat", "CreationUtcTime": "2024-11-05 08:27:26.000", "User": "CORP\\j.okafor", "UtcTime": "2024-11-05 08:27:26.000", "Channel": "Microsoft-Windows-Sysmon/Operational", "Computer": "FIN-WIN11-07.corp.northwind.internal"}
