{"EventID": 1, "RuleName": "-", "ProcessGuid": "{0D2E3888-F40C-BB31-8BB9-2D4877EDD4A4}", "ProcessId": 4, "Image": "System", "FileVersion": "10.0.22621.1 (WinBuild.160101.0800)", "Description": "System", "Product": "Microsoft® Windows® Operating System", "Company": "Microsoft Corporation", "OriginalFileName": "System", "CommandLine": "", "CurrentDirectory": "C:\\Windows\\system32\\", "User": "NT AUTHORITY\\SYSTEM", "LogonGuid": "{0D2E3888-F40C-BB31-8BB9-2D4877EDD4A4}", "LogonId": "0x3e7", "TerminalSessionId": 0, "IntegrityLevel": "System", "Hashes": "MD5=A45DA96D0BF6575970F2D27AF22BE28A,SHA256=6725E7BBCD28F3A8A586FA34BF191FD72DDE8B61756932CD3237C17A6F196F1A,IMPHASH=A25F4407C5DC2DBA0F278DD5F53C0C95", "ParentProcessGuid": "{00000000-0000-0000-0000-000000000000}", "ParentProcessId": 4, "ParentImage": "System", "ParentCommandLine": "", "ParentUser": "NT AUTHORITY\\SYSTEM", "UtcTime": "2024-11-05 08:12:03.000", "Channel": "Microsoft-Windows-Sysmon/Operational", "Computer": "FIN-WIN11-07.corp.northwind.internal"}
{"EventID": 1, "RuleName": "-", "ProcessGuid": "{003192EF-D7E9-A1A8-BF36-C1B3695A96B9}", "ProcessId": 452, "Image": "C:\\Windows\\System32\\smss.exe", "FileVersion": "10.0.22621.1 (WinBuild.160101.0800)", "Description": "smss.exe", "Product": "Microsoft® Windows® Operating System", "Company": "Microsoft Corporation", "OriginalFileName": "smss.exe", "CommandLine": "\\SystemRoot\\System32\\smss.exe", "CurrentDirectory": "C:\\Windows\\system32\\", "User": "NT AUTHORITY\\SYSTEM", "LogonGuid": "{003192EF-D7E9-A1A8-BF36-C1B3695A96B9}", "LogonId": "0x3e7", "TerminalSessionId": 0, "IntegrityLevel": "System", "Hashes": "MD5=433B994985046C0FC2A64C69E3EC9868,SHA256=5715FCB054B9485E62F03680FE53E7301C400B951E6C8AD57C4B4A987A85A90D,IMPHASH=2EDB7006029EA57C2A92AA438C30AA0B", "ParentProcessGuid": "{0D2E3888-F40C-BB31-8BB9-2D4877EDD4A4}", "ParentProcessId": 4, "ParentImage": "System", "ParentCommandLine": "", "ParentUser": "NT AUTHORITY\\SYSTEM", "UtcTime": "2024-11-05 08:12:04.000", "Channel": "Microsoft-Windows-Sysmon/Operational", "Computer": "FIN-WIN11-07.corp.northwind.internal"}
{"EventID": 1, "RuleName": "-", "ProcessGuid": "{B1EE641A-F0BC-8A8C-464D-C8F3C43EB39C}", "ProcessId": 764, "Image": "C:\\Windows\\System32\\wininit.exe", "FileVersion": "10.0.22621.1 (WinBuild.160101.0800)", "Description": "wininit.exe", "Product": "Microsoft® Windows® Operating System", "Company": "Microsoft Corporation", "OriginalFileName": "wininit.exe", "CommandLine": "wininit.exe", "CurrentDirectory": "C:\\Windows\\system32\\", "User": "NT AUTHORITY\\SYSTEM", "LogonGuid": "{B1EE641A-F0BC-8A8C-464D-C8F3C43EB39C}", "LogonId": "0x3e7", "TerminalSessionId": 0, "IntegrityLevel": "System", "Hashes": "MD5=CF87633FE65DC0066A17EF7BE8A3B5F5,SHA256=021DD6416874840106AE8482FAD5D9599620EADDA6BE5E524364057AA87DDB82,IMPHASH=82566AD28DF770AE3933B912E44D3295", "ParentProcessGuid": "{003192EF-D7E9-A1A8-BF36-C1B3695A96B9}", "ParentProcessId": 452, "ParentImage": "C:\\Windows\\System32\\smss.exe", "ParentCommandLine": "\\SystemRoot\\System32\\smss.exe", "ParentUser": "NT AUTHORITY\\SYSTEM", "UtcTime": "2024-11-05 08:12:05.000", "Channel": "Microsoft-Windows-Sysmon/Operational", "Computer": "FIN-WIN11-07.corp.northwind.internal"}
{"EventID": 1, "RuleName": "-", "ProcessGuid": "{AD5324F7-38F7-18A0-8177-A8D2FE9E3FC1}", "ProcessId": 812, "Image": "C:\\Windows\\System32\\services.exe", "FileVersion": "10.0.22621.1 (WinBuild.160101.0800)", "Description": "services.exe", "Product": "Microsoft® Windows® Operating System", "Company": "Microsoft Corporation", "OriginalFileName": "services.exe", "CommandLine": "C:\\Windows\\system32\\services.exe", "CurrentDirectory": "C:\\Windows\\system32\\", "User": "NT AUTHORITY\\SYSTEM", "LogonGuid": "{AD5324F7-38F7-18A0-8177-A8D2FE9E3FC1}", "LogonId": "0x3e7", "TerminalSessionId": 0, "IntegrityLevel": "System", "Hashes": "MD5=21B781D1A9A9D2A548656D557AFBF1BD,SHA256=75215CEE9177E04BF413AD10E0687B9C7352BBA4085345DB9CE9C316DF76AC6E,IMPHASH=444F09BCF2E814FF96F81588F3D9CEE1", "ParentProcessGuid": "{B1EE641A-F0BC-8A8C-464D-C8F3C43EB39C}", "ParentProcessId": 764, "ParentImage": "C:\\Windows\\System32\\wininit.exe", "ParentCommandLine": "wininit.exe", "ParentUser": "NT AUTHORITY\\SYSTEM", "UtcTime": "2024-11-05 08:12:06.000", "Channel": "Microsoft-Windows-Sysmon/Operational", "Computer": "FIN-WIN11-07.corp.northwind.internal"}
{"EventID": 1, "RuleName": "-", "ProcessGuid": "{93A751AC-B1CA-E6B9-BBCE-A8750AA8BC36}", "ProcessId": 824, "Image": "C:\\Windows\\System32\\lsass.exe", "FileVersion": "10.0.22621.1 (WinBuild.160101.0800)", "Description": "lsass.exe", "Product": "Microsoft® Windows® Operating System", "Company": "Microsoft Corporation", "OriginalFileName": "lsass.exe", "CommandLine": "C:\\Windows\\system32\\lsass.exe", "CurrentDirectory": "C:\\Windows\\system32\\", "User": "NT AUTHORITY\\SYSTEM", "LogonGuid": "{93A751AC-B1CA-E6B9-BBCE-A8750AA8BC36}", "LogonId": "0x3e7", "TerminalSessionId": 0, "IntegrityLevel": "System", "Hashes": "MD5=CF151F7FF22C2EA14267BC2AE29C9F56,SHA256=3AF81D6046BAB98EC2DB96942E4DF51444E50F0C88C63B5AFF29082B1C475ABA,IMPHASH=7A24EC9ED2F77807F17B6C6725314BB3", "ParentProcessGuid": "{B1EE641A-F0BC-8A8C-464D-C8F3C43EB39C}", "ParentProcessId": 764, "ParentImage": "C:\\Windows\\System32\\wininit.exe", "ParentCommandLine": "wininit.exe", "ParentUser": "NT AUTHORITY\\SYSTEM", "UtcTime": "2024-11-05 08:12:06.000", "Channel": "Microsoft-Windows-Sysmon/Operational", "Computer": "FIN-WIN11-07.corp.northwind.internal"}
{"EventID": 1, "RuleName": "-", "ProcessGuid": "{968680C3-E30A-9C04-B98F-1AB0610FEECA}", "ProcessId": 900, "Image": "C:\\Windows\\System32\\svchost.exe", "FileVersion": "10.0.22621.1 (WinBuild.160101.0800)", "Description": "svchost.exe", "Product": "Microsoft® Windows® Operating System", "Company": "Microsoft Corporation", "OriginalFileName": "svchost.exe", "CommandLine": "C:\\Windows\\system32\\svchost.exe -k DcomLaunch -p", "CurrentDirectory": "C:\\Windows\\system32\\", "User": "NT AUTHORITY\\SYSTEM", "LogonGuid": "{968680C3-E30A-9C04-B98F-1AB0610FEECA}", "LogonId": "0x3e7", "TerminalSessionId": 0, "IntegrityLevel": "System", "Hashes": "MD5=943A47D46EF515BD828917BFBD0B902B,SHA256=F9745A183B6B0B9AB9E6F3B7258C3487B8EB2DBB62BD48C9CAA6C645D8997E17,IMPHASH=3BED11974AA5BB1E5C16AABEBC70EFD7", "ParentProcessGuid": "{AD5324F7-38F7-18A0-8177-A8D2FE9E3FC1}", "ParentProcessId": 812, "ParentImage": "C:\\Windows\\System32\\services.exe", "ParentCommandLine": "C:\\Windows\\system32\\services.exe", "ParentUser": "NT AUTHORITY\\SYSTEM", "UtcTime": "2024-11-05 08:12:07.000", "Channel": "Microsoft-Windows-Sysmon/Operational", "Computer": "FIN-WIN11-07.corp.northwind.internal"}
{"EventID": 1, "RuleName": "-", "ProcessGuid": "{676D6033-C919-357D-55B1-B3DABE2088FA}", "ProcessId": 904, "Image": "C:\\Windows\\System32\\svchost.exe", "FileVersion": "10.0.22621.1 (WinBuild.160101.0800)", "Description": "svchost.exe", "Product": "Microsoft® Windows® Operating System", "Company": "Microsoft Corporation", "OriginalFileName": "svchost.exe", "CommandLine": "C:\\Windows\\system32\\svchost.exe -k RPCSS -p", "CurrentDirectory": "C:\\Windows\\system32\\", "User": "NT AUTHORITY\\NETWORK SERVICE", "LogonGuid": "{676D6033-C919-357D-55B1-B3DABE2088FA}", "LogonId": "0x3e7", "TerminalSessionId": 0, "IntegrityLevel": "System", "Hashes": "MD5=DE61FB7E57BFD0E05DC316DFC68D446C,SHA256=BB4FEBCD8DB192C61E017A841C72A02C853B1289E047EC019A3F6CD705DCBEC0,IMPHASH=C6005C45AA009C4A3F6D14C8B2097848", "ParentProcessGuid": "{AD5324F7-38F7-18A0-8177-A8D2FE9E3FC1}", "ParentProcessId": 812, "ParentImage": "C:\\Windows\\System32\\services.exe", "ParentCommandLine": "C:\\Windows\\system32\\services.exe", "ParentUser": "NT AUTHORITY\\SYSTEM", "UtcTime": "2024-11-05 08:12:08.000", "Channel": "Microsoft-Windows-Sysmon/Operational", "Computer": "FIN-WIN11-07.corp.northwind.internal"}
{"EventID": 1, "RuleName": "-", "ProcessGuid": "{677C31FB-51D8-1217-52E7-B32951574873}", "ProcessId": 908, "Image": "C:\\Windows\\System32\\svchost.exe", "FileVersion": "10.0.22621.1 (WinBuild.160101.0800)", "Description": "svchost.exe", "Product": "Microsoft® Windows® Operating System", "Company": "Microsoft Corporation", "OriginalFileName": "svchost.exe", "CommandLine": "C:\\Windows\\system32\\svchost.exe -k netsvcs -p", "CurrentDirectory": "C:\\Windows\\system32\\", "User": "NT AUTHORITY\\SYSTEM", "LogonGuid": "{677C31FB-51D8-1217-52E7-B32951574873}", "LogonId": "0x3e7", "TerminalSessionId": 0, "IntegrityLevel": "System", "Hashes": "MD5=B38B53D608E2DCCE54EF3C1F91B8C067,SHA256=203B3C338B950E325973B863F3FDE0F3F4FDF627989D2561CEDF9C51244F55AE,IMPHASH=5D0D62C267FC104A706EDD92ECB3B9AB", "ParentProcessGuid": "{AD5324F7-38F7-18A0-8177-A8D2FE9E3FC1}", "ParentProcessId": 812, "ParentImage": "C:\\Windows\\System32\\services.exe", "ParentCommandLine": "C:\\Windows\\system32\\services.exe", "ParentUser": "NT AUTHORITY\\SYSTEM", "UtcTime": "2024-11-05 08:12:09.000", "Channel": "Microsoft-Windows-Sysmon/Operational", "Computer": "FIN-WIN11-07.corp.northwind.internal"}
{"EventID": 1, "RuleName": "-", "ProcessGuid": "{C336ADA1-D7B1-3959-F24B-071A9431E959}", "ProcessId": 1044, "Image": "C:\\Windows\\System32\\winlogon.exe", "FileVersion": "10.0.22621.1 (WinBuild.160101.0800)", "Description": "winlogon.exe", "Product": "Microsoft® Windows® Operating System", "Company": "Microsoft Corporation", "OriginalFileName": "winlogon.exe", "CommandLine": "winlogon.exe", "CurrentDirectory": "C:\\Windows\\system32\\", "User": "NT AUTHORITY\\SYSTEM", "LogonGuid": "{C336ADA1-D7B1-3959-F24B-071A9431E959}", "LogonId": "0x3e7", "TerminalSessionId": 1, "IntegrityLevel": "System", "Hashes": "MD5=7BD9A8A76127CA67FCA6630346935387,SHA256=A577611FAC9FF6927FC372806BAF6B4451C5EBA06656B43862A3BD7A1DD4D286,IMPHASH=9DACE682DBB483B708BE651C89FBB52B", "ParentProcessGuid": "{003192EF-D7E9-A1A8-BF36-C1B3695A96B9}", "ParentProcessId": 452, "ParentImage": "C:\\Windows\\System32\\smss.exe", "ParentCommandLine": "\\SystemRoot\\System32\\smss.exe", "ParentUser": "NT AUTHORITY\\SYSTEM", "UtcTime": "2024-11-05 08:12:09.000", "Channel": "Microsoft-Windows-Sysmon/Operational", "Computer": "FIN-WIN11-07.corp.northwind.internal"}
{"EventID": 1, "RuleName": "-", "ProcessGuid": "{49C3F86C-19AD-FB4F-C743-9876996767D6}", "ProcessId": 912, "Image": "C:\\Windows\\System32\\svchost.exe", "FileVersion": "10.0.22621.1 (WinBuild.160101.0800)", "Description": "svchost.exe", "Product": "Microsoft® Windows® Operating System", "Company": "Microsoft Corporation", "OriginalFileName": "svchost.exe", "CommandLine": "C:\\Windows\\system32\\svchost.exe -k LocalService", "CurrentDirectory": "C:\\Windows\\system32\\", "User": "NT AUTHORITY\\LOCAL SERVICE", "LogonGuid": "{49C3F86C-19AD-FB4F-C743-9876996767D6}", "LogonId": "0x3e7", "TerminalSessionId": 0, "IntegrityLevel": "System", "Hashes": "MD5=357E291815FE5FC91A40081BAACFC2E7,SHA256=B5F5C17356E4853348A0341EFA7F4EE6B4455F56D8AA308F4216BA52883CE143,IMPHASH=0F27C267215192A5EF05CFC436C0C9F4", "ParentProcessGuid": "{AD5324F7-38F7-18A0-8177-A8D2FE9E3FC1}", "ParentProcessId": 812, "ParentImage": "C:\\Windows\\System32\\services.exe", "ParentCommandLine": "C:\\Windows\\system32\\services.exe", "ParentUser": "NT AUTHORITY\\SYSTEM", "UtcTime": "2024-11-05 08:12:10.000", "Channel": "Microsoft-Windows-Sysmon/Operational", "Computer": "FIN-WIN11-07.corp.northwind.internal"}
{"EventID": 1, "RuleName": "-", "ProcessGuid": "{8D1EFC33-E31B-D256-FF6E-F105096FA2E8}", "ProcessId": 916, "Image": "C:\\Windows\\System32\\svchost.exe", "FileVersion": "10.0.22621.1 (WinBuild.160101.0800)", "Description": "svchost.exe", "Product": "Microsoft® Windows® Operating System", "Company": "Microsoft Corporation", "OriginalFileName": "svchost.exe", "CommandLine": "C:\\Windows\\system32\\svchost.exe -k NetworkService -p", "CurrentDirectory": "C:\\Windows\\system32\\", "User": "NT AUTHORITY\\NETWORK SERVICE", "LogonGuid": "{8D1EFC33-E31B-D256-FF6E-F105096FA2E8}", "LogonId": "0x3e7", "TerminalSessionId": 0, "IntegrityLevel": "System", "Hashes": "MD5=8D3D404D8D85AD2891C977995E537407,SHA256=EA17E4AA505FCEC1C0D26DBFBF57EB06A9CA65C0F738756B56FEA97B53B06E4F,IMPHASH=3A5390398C432D135C403A82A1915137", "ParentProcessGuid": "{AD5324F7-38F7-18A0-8177-A8D2FE9E3FC1}", "ParentProcessId": 812, "ParentImage": "C:\\Windows\\System32\\services.exe", "ParentCommandLine": "C:\\Windows\\system32\\services.exe", "ParentUser": "NT AUTHORITY\\SYSTEM", "UtcTime": "2024-11-05 08:12:11.000", "Channel": "Microsoft-Windows-Sysmon/Operational", "Computer": "FIN-WIN11-07.corp.northwind.internal"}
{"EventID": 1, "RuleName": "-", "ProcessGuid": "{AA7FD302-FB6B-B79E-6AA9-CE312DBD94F1}", "ProcessId": 920, "Image": "C:\\Windows\\System32\\svchost.exe", "FileVersion": "10.0.22621.1 (WinBuild.160101.0800)", "Description": "svchost.exe", "Product": "Microsoft® Windows® Operating System", "Company": "Microsoft Corporation", "OriginalFileName": "svchost.exe", "CommandLine": "C:\\Windows\\system32\\svchost.exe -k termsvcs", "CurrentDirectory": "C:\\Windows\\system32\\", "User": "NT AUTHORITY\\NETWORK SERVICE", "LogonGuid": "{AA7FD302-FB6B-B79E-6AA9-CE312DBD94F1}", "LogonId": "0x3e7", "TerminalSessionId": 0, "IntegrityLevel": "System", "Hashes": "MD5=5B39023B6E3B8EAFFE1ED21CE49F549B,SHA256=F0D0DA59309D160D0D30039564736386A8359E06C544B0755EEFE8DE31419AF5,IMPHASH=CD6BE0B78903D42EBED6297B5CFC5CDC", "ParentProcessGuid": "{AD5324F7-38F7-18A0-8177-A8D2FE9E3FC1}", "ParentProcessId": 812, "ParentImage": "C:\\Windows\\System32\\services.exe", "ParentCommandLine": "C:\\Windows\\system32\\services.exe", "ParentUser": "NT AUTHORITY\\SYSTEM", "UtcTime": "2024-11-05 08:12:12.000", "Channel": "Microsoft-Windows-Sysmon/Operational", "Computer": "FIN-WIN11-07.corp.northwind.internal"}
{"EventID": 1, "RuleName": "-", "ProcessGuid": "{B74A351C-3793-2B5C-A7E7-38F7328A81D5}", "ProcessId": 924, "Image": "C:\\Windows\\System32\\svchost.exe", "FileVersion": "10.0.22621.1 (WinBuild.160101.0800)", "Description": "svchost.exe", "Product": "Microsoft® Windows® Operating System", "Company": "Microsoft Corporation", "OriginalFileName": "svchost.exe", "CommandLine": "C:\\Windows\\system32\\svchost.exe -k LocalSystemNetworkRestricted -p", "CurrentDirectory": "C:\\Windows\\system32\\", "User": "NT AUTHORITY\\SYSTEM", "LogonGuid": "{B74A351C-3793-2B5C-A7E7-38F7328A81D5}", "LogonId": "0x3e7", "TerminalSessionId": 0, "IntegrityLevel": "System", "Hashes": "MD5=927EE7C8108DF8FEA8496C17654C3310,SHA256=E1A5050C3EC8867E8432235BEBBE7F710E6C3A04D624F963CD90450B02980348,IMPHASH=15D7A39C02A04E95E134AE1074C63E85", "ParentProcessGuid": "{AD5324F7-38F7-18A0-8177-A8D2FE9E3FC1}", "ParentProcessId": 812, "ParentImage": "C:\\Windows\\System32\\services.exe", "ParentCommandLine": "C:\\Windows\\system32\\services.exe", "ParentUser": "NT AUTHORITY\\SYSTEM", "UtcTime": "2024-11-05 08:12:13.000", "Channel": "Microsoft-Windows-Sysmon/Operational", "Computer": "FIN-WIN11-07.corp.northwind.internal"}
{"EventID": 1, "RuleName": "-", "ProcessGuid": "{2373C90A-E6AF-36CD-CFAE-E208539B72F0}", "ProcessId": 928, "Image": "C:\\Windows\\System32\\svchost.exe", "FileVersion": "10.0.22621.1 (WinBuild.160101.0800)", "Description": "svchost.exe", "Product": "Microsoft® Windows® Operating System", "Company": "Microsoft Corporation", "OriginalFileName": "svchost.exe", "CommandLine": "C:\\Windows\\system32\\svchost.exe -k WbioSvcGroup", "CurrentDirectory": "C:\\Windows\\system32\\", "User": "NT AUTHORITY\\NETWORK SERVICE", "LogonGuid": "{2373C90A-E6AF-36CD-CFAE-E208539B72F0}", "LogonId": "0x3e7", "TerminalSessionId": 0, "IntegrityLevel": "System", "Hashes": "MD5=B616E4201C32CB9AEE1B47616C21CCA7,SHA256=16D7560411143CE213E07B8ECBCB651D98A11903B77EF9B13EF0E8D77DF37CB0,IMPHASH=05978E8C77D714427226DCB3CAF5304F", "ParentProcessGuid": "{AD5324F7-38F7-18A0-8177-A8D2FE9E3FC1}", "ParentProcessId": 812, "ParentImage": "C:\\Windows\\System32\\services.exe", "ParentCommandLine": "C:\\Windows\\system32\\services.exe", "ParentUser": "NT AUTHORITY\\SYSTEM", "UtcTime": "2024-11-05 08:12:14.000", "Channel": "Microsoft-Windows-Sysmon/Operational", "Computer": "FIN-WIN11-07.corp.northwind.internal"}
{"EventID": 1, "RuleName": "-", "ProcessGuid": "{C3EAA59F-18F7-9ECA-0C50-48DEF2F8DD33}", "ProcessId": 932, "Image": "C:\\Windows\\System32\\svchost.exe", "FileVersion": "10.0.22621.1 (WinBuild.160101.0800)", "Description": "svchost.exe", "Product": "Microsoft® Windows® Operating System", "Company": "Microsoft Corporation", "OriginalFileName": "svchost.exe", "CommandLine": "C:\\Windows\\system32\\svchost.exe -k appmodel -p", "CurrentDirectory": "C:\\Windows\\system32\\", "User": "NT AUTHORITY\\NETWORK SERVICE", "LogonGuid": "{C3EAA59F-18F7-9ECA-0C50-48DEF2F8DD33}", "LogonId": "0x3e7", "TerminalSessionId": 0, "IntegrityLevel": "System", "Hashes": "MD5=B72A51AEDCE0A43F94DBE5B47762043A,SHA256=FC4A5FFC74D4D01DB10A1749209B6E5378211BB3EA5699BEE5E08ECBE0F94114,IMPHASH=4EF5CC3C3A853C893EA67E975747BAD1", "ParentProcessGuid": "{AD5324F7-38F7-18A0-8177-A8D2FE9E3FC1}", "ParentProcessId": 812, "ParentImage": "C:\\Windows\\System32\\services.exe", "ParentCommandLine": "C:\\Windows\\system32\\services.exe", "ParentUser": "NT AUTHORITY\\SYSTEM", "UtcTime": "2024-11-05 08:12:15.000", "Channel": "Microsoft-Windows-Sysmon/Operational", "Computer": "FIN-WIN11-07.corp.northwind.internal"}
{"EventID": 1, "RuleName": "-", "ProcessGuid": "{70DBEDA6-4436-CD2F-A60E-43C1D89851E1}", "ProcessId": 936, "Image": "C:\\Windows\\System32\\svchost.exe", "FileVersion": "10.0.22621.1 (WinBuild.160101.0800)", "Description": "svchost.exe", "Product": "Microsoft® Windows® Operating System", "Company": "Microsoft Corporation", "OriginalFileName": "svchost.exe", "CommandLine": "C:\\Windows\\system32\\svchost.exe -k utcsvc -p", "CurrentDirectory": "C:\\Windows\\system32\\", "User": "NT AUTHORITY\\NETWORK SERVICE", "LogonGuid": "{70DBEDA6-4436-CD2F-A60E-43C1D89851E1}", "LogonId": "0x3e7", "TerminalSessionId": 0, "IntegrityLevel": "System", "Hashes": "MD5=25AB1CEDDBA25E09A8FB3BAC8B2E50A6,SHA256=98BD4661565613B6EA8DB51AA39E82FDBA75A2F5CC45E1A5CFAA213B5E66AEA9,IMPHASH=ECB293D945F68C94D538376BE1CD6AA0", "ParentProcessGuid": "{AD5324F7-38F7-18A0-8177-A8D2FE9E3FC1}", "ParentProcessId": 812, "ParentImage": "C:\\Windows\\System32\\services.exe", "ParentCommandLine": "C:\\Windows\\system32\\services.exe", "ParentUser": "NT AUTHORITY\\SYSTEM", "UtcTime": "2024-11-05 08:12:16.000", "Channel": "Microsoft-Windows-Sysmon/Operational", "Computer": "FIN-WIN11-07.corp.northwind.internal"}
{"EventID": 1, "RuleName": "-", "ProcessGuid": "{2AF6D058-FE19-A324-ACFB-3A69CE3A4C01}", "ProcessId": 3120, "Image": "C:\\Windows\\System32\\userinit.exe", "FileVersion": "10.0.22621.1 (WinBuild.160101.0800)", "Description": "userinit.exe", "Product": "Microsoft® Windows® Operating System", "Company": "Microsoft Corporation", "OriginalFileName": "userinit.exe", "CommandLine": "C:\\Windows\\system32\\userinit.exe", "CurrentDirectory": "C:\\Windows\\system32\\", "User": "CORP\\j.okafor", "LogonGuid": "{2AF6D058-FE19-A324-ACFB-3A69CE3A4C01}", "LogonId": "0x3f9a21", "TerminalSessionId": 1, "IntegrityLevel": "Medium", "Hashes": "MD5=77BCE392BD3E3EC28DA57CF1284AC19A,SHA256=2188D07F40B3CF1F1A58C488141C0923EF814F90EE22175E47EFA74DFCA06F6B,IMPHASH=56FDAA10F26C78A08ED1FEBC65DA9CB9", "ParentProcessGuid": "{C336ADA1-D7B1-3959-F24B-071A9431E959}", "ParentProcessId": 1044, "ParentImage": "C:\\Windows\\System32\\winlogon.exe", "ParentCommandLine": "winlogon.exe", "ParentUser": "NT AUTHORITY\\SYSTEM", "UtcTime": "2024-11-05 08:12:43.000", "Channel": "Microsoft-Windows-Sysmon/Operational", "Computer": "FIN-WIN11-07.corp.northwind.internal"}
{"EventID": 1, "RuleName": "-", "ProcessGuid": "{FE25F74B-F0B2-ECEE-104F-7C24F82ABA33}", "ProcessId": 4012, "Image": "C:\\Windows\\explorer.exe", "FileVersion": "10.0.22621.1 (WinBuild.160101.0800)", "Description": "explorer.exe", "Product": "Microsoft® Windows® Operating System", "Company": "Microsoft Corporation", "OriginalFileName": "explorer.exe", "CommandLine": "C:\\Windows\\Explorer.EXE", "CurrentDirectory": "C:\\Windows\\system32\\", "User": "CORP\\j.okafor", "LogonGuid": "{FE25F74B-F0B2-ECEE-104F-7C24F82ABA33}", "LogonId": "0x3f9a21", "TerminalSessionId": 1, "IntegrityLevel": "Medium", "Hashes": "MD5=1DB84DD95752EB70C6507E740A4BEB77,SHA256=B0B1BAFD51C236721E1422625D4CF74FB06179A92DFF37985CBCDD8F3E278E60,IMPHASH=6E0035DD5BF3A1490F062BC5ABC42386", "ParentProcessGuid": "{2AF6D058-FE19-A324-ACFB-3A69CE3A4C01}", "ParentProcessId": 3120, "ParentImage": "C:\\Windows\\System32\\userinit.exe", "ParentCommandLine": "C:\\Windows\\system32\\userinit.exe", "ParentUser": "CORP\\j.okafor", "UtcTime": "2024-11-05 08:12:45.000", "Channel": "Microsoft-Windows-Sysmon/Operational", "Computer": "FIN-WIN11-07.corp.northwind.internal"}
{"EventID": 5, "RuleName": "-", "ProcessGuid": "{2AF6D058-FE19-A324-ACFB-3A69CE3A4C01}", "ProcessId": 3120, "Image": "C:\\Windows\\System32\\userinit.exe", "User": "CORP\\j.okafor", "UtcTime": "2024-11-05 08:12:47.000", "Channel": "Microsoft-Windows-Sysmon/Operational", "Computer": "FIN-WIN11-07.corp.northwind.internal"}
{"EventID": 1, "RuleName": "-", "ProcessGuid": "{D75BDBDA-4E3A-47F7-F5DF-3731BAB9E2D0}", "ProcessId": 6782, "Image": "C:\\Program Files\\Google\\Chrome\\Application\\chrome.exe", "FileVersion": "10.0.22621.1 (WinBuild.160101.0800)", "Description": "chrome.exe", "Product": "Microsoft® Windows® Operating System", "Company": "Microsoft Corporation", "OriginalFileName": "chrome.exe", "CommandLine": "\"C:\\Program Files\\Google\\Chrome\\Application\\chrome.exe\"", "CurrentDirectory": "C:\\Users\\j.okafor\\", "User": "CORP\\j.okafor", "LogonGuid": "{D75BDBDA-4E3A-47F7-F5DF-3731BAB9E2D0}", "LogonId": "0x3f9a21", "TerminalSessionId": 1, "IntegrityLevel": "Medium", "Hashes": "MD5=43D5D300D710001CC331581C761169FB,SHA256=B98A42E7E75A66429BF21F48D54033A6083EAF101BD296B5FE5A63134C2B6565,IMPHASH=7E1BB5052CA27D2F6966A385BEE943A3", "ParentProcessGuid": "{FE25F74B-F0B2-ECEE-104F-7C24F82ABA33}", "ParentProcessId": 4012, "ParentImage": "C:\\Windows\\explorer.exe", "ParentCommandLine": "C:\\Windows\\Explorer.EXE", "ParentUser": "CORP\\j.okafor", "UtcTime": "2024-11-05 08:13:06.000", "Channel": "Microsoft-Windows-Sysmon/Operational", "Computer": "FIN-WIN11-07.corp.northwind.internal"}
{"EventID": 3, "RuleName": "-", "ProcessGuid": "{677C31FB-51D8-1217-52E7-B32951574873}", "ProcessId": 908, "Image": "C:\\Windows\\System32\\svchost.exe", "User": "NT AUTHORITY\\SYSTEM", "Protocol": "tcp", "Initiated": "true", "SourceIsIpv6": "false", "SourceIp": "10.20.14.37", "SourcePort": 65416, "DestinationIsIpv6": "false", "DestinationIp": "88.221.93.19", "DestinationPort": 443, "DestinationHostname": "ctldl.windowsupdate.com", "DestinationPortName": "-", "UtcTime": "2024-11-05 08:13:06.000", "Channel": "Microsoft-Windows-Sysmon/Operational", "Computer": "FIN-WIN11-07.corp.northwind.internal"}
{"EventID": 1, "RuleName": "-", "ProcessGuid": "{EBBBA40A-8162-B53D-11AA-0447B70EBB4D}", "ProcessId": 6310, "Image": "C:\\Program Files\\Google\\Chrome\\Application\\chrome.exe", "FileVersion": "10.0.22621.1 (WinBuild.160101.0800)", "Description": "chrome.exe", "Product": "Microsoft® Windows® Operating System", "Company": "Microsoft Corporation", "OriginalFileName": "chrome.exe", "CommandLine": "\"C:\\Program Files\\Google\\Chrome\\Application\\chrome.exe\" --type=gpu-process --lang=en-US", "CurrentDirectory": "C:\\Users\\j.okafor\\", "User": "CORP\\j.okafor", "LogonGuid": "{EBBBA40A-8162-B53D-11AA-0447B70EBB4D}", "LogonId": "0x3f9a21", "TerminalSessionId": 1, "IntegrityLevel": "Medium", "Hashes": "MD5=43D5D300D710001CC331581C761169FB,SHA256=B98A42E7E75A66429BF21F48D54033A6083EAF101BD296B5FE5A63134C2B6565,IMPHASH=7E1BB5052CA27D2F6966A385BEE943A3", "ParentProcessGuid": "{D75BDBDA-4E3A-47F7-F5DF-3731BAB9E2D0}", "ParentProcessId": 6782, "ParentImage": "C:\\Program Files\\Google\\Chrome\\Application\\chrome.exe", "ParentCommandLine": "\"C:\\Program Files\\Google\\Chrome\\Application\\chrome.exe\"", "ParentUser": "CORP\\j.okafor", "UtcTime": "2024-11-05 08:13:07.000", "Channel": "Microsoft-Windows-Sysmon/Operational", "Computer": "FIN-WIN11-07.corp.northwind.internal"}
{"EventID": 1, "RuleName": "-", "ProcessGuid": "{F49BE548-B276-473D-93AF-9F9EBD074A26}", "ProcessId": 1714, "Image": "C:\\Program Files\\Google\\Chrome\\Application\\chrome.exe", "FileVersion": "10.0.22621.1 (WinBuild.160101.0800)", "Description": "chrome.exe", "Product": "Microsoft® Windows® Operating System", "Company": "Microsoft Corporation", "OriginalFileName": "chrome.exe", "CommandLine": "\"C:\\Program Files\\Google\\Chrome\\Application\\chrome.exe\" --type=crashpad-handler --lang=en-US", "CurrentDirectory": "C:\\Users\\j.okafor\\", "User": "CORP\\j.okafor", "LogonGuid": "{F49BE548-B276-473D-93AF-9F9EBD074A26}", "LogonId": "0x3f9a21", "TerminalSessionId": 1, "IntegrityLevel": "Medium", "Hashes": "MD5=43D5D300D710001CC331581C761169FB,SHA256=B98A42E7E75A66429BF21F48D54033A6083EAF101BD296B5FE5A63134C2B6565,IMPHASH=7E1BB5052CA27D2F6966A385BEE943A3", "ParentProcessGuid": "{D75BDBDA-4E3A-47F7-F5DF-3731BAB9E2D0}", "ParentProcessId": 6782, "ParentImage": "C:\\Program Files\\Google\\Chrome\\Application\\chrome.exe", "ParentCommandLine": "\"C:\\Program Files\\Google\\Chrome\\Application\\chrome.exe\"", "ParentUser": "CORP\\j.okafor", "UtcTime": "2024-11-05 08:13:11.000", "Channel": "Microsoft-Windows-Sysmon/Operational", "Computer": "FIN-WIN11-07.corp.northwind.internal"}
{"EventID": 3, "RuleName": "-", "ProcessGuid": "{968680C3-E30A-9C04-B98F-1AB0610FEECA}", "ProcessId": 900, "Image": "C:\\Windows\\System32\\svchost.exe", "User": "NT AUTHORITY\\SYSTEM", "Protocol": "tcp", "Initiated": "true", "SourceIsIpv6": "false", "SourceIp": "10.20.14.37", "SourcePort": 49428, "DestinationIsIpv6": "false", "DestinationIp": "23.203.248.58", "DestinationPort": 443, "DestinationHostname": "nvd.nist.gov", "DestinationPortName": "-", "UtcTime": "2024-11-05 08:13:13.000", "Channel": "Microsoft-Windows-Sysmon/Operational", "Computer": "FIN-WIN11-07.corp.northwind.internal"}
{"EventID": 1, "RuleName": "-", "ProcessGuid": "{E2617918-0450-EA48-4495-4D449D065CF2}", "ProcessId": 6982, "Image": "C:\\Program Files (x86)\\Microsoft\\Edge\\Application\\msedge.exe", "FileVersion": "10.0.22621.1 (WinBuild.160101.0800)", "Description": "msedge.exe", "Product": "Microsoft® Windows® Operating System", "Company": "Microsoft Corporation", "OriginalFileName": "msedge.exe", "CommandLine": "\"C:\\Program Files (x86)\\Microsoft\\Edge\\Application\\msedge.exe\"", "CurrentDirectory": "C:\\Users\\j.okafor\\", "User": "CORP\\j.okafor", "LogonGuid": "{E2617918-0450-EA48-4495-4D449D065CF2}", "LogonId": "0x3f9a21", "TerminalSessionId": 1, "IntegrityLevel": "Medium", "Hashes": "MD5=D015C9902F2B501FD9C3BBEB657D20F8,SHA256=0647CF87E7E9C48A3365BA6027B5198CA2AF39BDA170D95B22AD6FF01B04E2A8,IMPHASH=BF1413DFD741253BD104D08C03AEB160", "ParentProcessGuid": "{FE25F74B-F0B2-ECEE-104F-7C24F82ABA33}", "ParentProcessId": 4012, "ParentImage": "C:\\Windows\\explorer.exe", "ParentCommandLine": "C:\\Windows\\Explorer.EXE", "ParentUser": "CORP\\j.okafor", "UtcTime": "2024-11-05 08:13:15.000", "Channel": "Microsoft-Windows-Sysmon/Operational", "Computer": "FIN-WIN11-07.corp.northwind.internal"}
{"EventID": 7, "RuleName": "-", "ProcessGuid": "{D75BDBDA-4E3A-47F7-F5DF-3731BAB9E2D0}", "ProcessId": 6782, "Image": "C:\\Program Files\\Google\\Chrome\\Application\\chrome.exe", "ImageLoaded": "C:\\Windows\\System32\\rpcrt4.dll", "FileVersion": "10.0.22621.1", "Description": "rpcrt4.dll", "Product": "Microsoft® Windows® Operating System", "Company": "Microsoft Corporation", "OriginalFileName": "rpcrt4.dll", "Hashes": "MD5=9EF24EA4797B2DD0770BB7217AB0D0D1,SHA256=B3C89AFE1AF2BD9189C42840B21566EC7CFCFF421C874ECA26806512D5B66A4F,IMPHASH=AC838DD7D38F3D3BB96F9F194AA534EE", "Signed": "true", "Signature": "Microsoft Corporation", "SignatureStatus": "Valid", "User": "CORP\\j.okafor", "UtcTime": "2024-11-05 08:13:16.000", "Channel": "Microsoft-Windows-Sysmon/Operational", "Computer": "FIN-WIN11-07.corp.northwind.internal"}
{"EventID": 3, "RuleName": "-", "ProcessGuid": "{AA7FD302-FB6B-B79E-6AA9-CE312DBD94F1}", "ProcessId": 920, "Image": "C:\\Windows\\System32\\svchost.exe", "User": "NT AUTHORITY\\NETWORK SERVICE", "Protocol": "tcp", "Initiated": "true", "SourceIsIpv6": "false", "SourceIp": "10.20.14.37", "SourcePort": 60565, "DestinationIsIpv6": "false", "DestinationIp": "140.82.113.4", "DestinationPort": 443, "DestinationHostname": "github.com", "DestinationPortName": "-", "UtcTime": "2024-11-05 08:13:16.000", "Channel": "Microsoft-Windows-Sysmon/Operational", "Computer": "FIN-WIN11-07.corp.northwind.internal"}
{"EventID": 1, "RuleName": "-", "ProcessGuid": "{FAD37F96-D230-9D6B-CB80-47BBB134EE2E}", "ProcessId": 9036, "Image": "C:\\Windows\\System32\\backgroundTaskHost.exe", "FileVersion": "10.0.22621.1 (WinBuild.160101.0800)", "Description": "backgroundTaskHost.exe", "Product": "Microsoft® Windows® Operating System", "Company": "Microsoft Corporation", "OriginalFileName": "backgroundTaskHost.exe", "CommandLine": "\"C:\\Windows\\system32\\backgroundTaskHost.exe\" -ServerName:App.AppXbp.mca", "CurrentDirectory": "C:\\Windows\\system32\\", "User": "NT AUTHORITY\\NETWORK SERVICE", "LogonGuid": "{FAD37F96-D230-9D6B-CB80-47BBB134EE2E}", "LogonId": "0x3f9a21", "TerminalSessionId": 0, "IntegrityLevel": "System", "Hashes": "MD5=E4D97319C0B8CC47867294C9F8ECF427,SHA256=290242D7B8FB826C24C48208819149C9C1651234601116B6EB80086C49291930,IMPHASH=78721E96CCCAB871801931EBD20329C2", "ParentProcessGuid": "{2373C90A-E6AF-36CD-CFAE-E208539B72F0}", "ParentProcessId": 928, "ParentImage": "C:\\Windows\\System32\\svchost.exe", "ParentCommandLine": "C:\\Windows\\system32\\svchost.exe -k WbioSvcGroup", "ParentUser": "NT AUTHORITY\\NETWORK SERVICE", "UtcTime": "2024-11-05 08:13:16.750", "Channel": "Microsoft-Windows-Sysmon/Operational", "Computer": "FIN-WIN11-07.corp.northwind.internal"}
{"EventID": 1, "RuleName": "-", "ProcessGuid": "{796FE29B-14F6-A3DA-0012-838DA87ED7E0}", "ProcessId": 4677, "Image": "C:\\Program Files\\Microsoft Office\\root\\Office16\\OUTLOOK.EXE", "FileVersion": "10.0.22621.1 (WinBuild.160101.0800)", "Description": "OUTLOOK.EXE", "Product": "Microsoft® Windows® Operating System", "Company": "Microsoft Corporation", "OriginalFileName": "OUTLOOK.EXE", "CommandLine": "\"C:\\Program Files\\Microsoft Office\\root\\Office16\\OUTLOOK.EXE\"", "CurrentDirectory": "C:\\Users\\j.okafor\\", "User": "CORP\\j.okafor", "LogonGuid": "{796FE29B-14F6-A3DA-0012-838DA87ED7E0}", "LogonId": "0x3f9a21", "TerminalSessionId": 1, "IntegrityLevel": "Medium", "Hashes": "MD5=3A29F76ADD030CC8A82ACCC1809643E9,SHA256=D25566003433C51441C6E3C14EF3881FFB63A3D54985E661295960B277858FDD,IMPHASH=F3851A877703BDE4CD3A34F04D992C4A", "ParentProcessGuid": "{FE25F74B-F0B2-ECEE-104F-7C24F82ABA33}", "ParentProcessId": 4012, "ParentImage": "C:\\Windows\\explorer.exe", "ParentCommandLine": "C:\\Windows\\Explorer.EXE", "ParentUser": "CORP\\j.okafor", "UtcTime": "2024-11-05 08:13:17.000", "Channel": "Microsoft-Windows-Sysmon/Operational", "Computer": "FIN-WIN11-07.corp.northwind.internal"}
{"EventID": 3, "RuleName": "-", "ProcessGuid": "{8D1EFC33-E31B-D256-FF6E-F105096FA2E8}", "ProcessId": 916, "Image": "C:\\Windows\\System32\\svchost.exe", "User": "NT AUTHORITY\\NETWORK SERVICE", "Protocol": "tcp", "Initiated": "true", "SourceIsIpv6": "false", "SourceIp": "10.20.14.37", "SourcePort": 55492, "DestinationIsIpv6": "false", "DestinationIp": "23.35.229.160", "DestinationPort": 443, "DestinationHostname": "crl.microsoft.com", "DestinationPortName": "-", "UtcTime": "2024-11-05 08:13:17.000", "Channel": "Microsoft-Windows-Sysmon/Operational", "Computer": "FIN-WIN11-07.corp.northwind.internal"}
{"EventID": 7, "RuleName": "-", "ProcessGuid": "{FAD37F96-D230-9D6B-CB80-47BBB134EE2E}", "ProcessId": 9036, "Image": "C:\\Windows\\System32\\backgroundTaskHost.exe", "ImageLoaded": "C:\\Windows\\System32\\rpcrt4.dll", "FileVersion": "10.0.22621.1", "Description": "rpcrt4.dll", "Product": "Microsoft® Windows® Operating System", "Company": "Microsoft Corporation", "OriginalFileName": "rpcrt4.dll", "Hashes": "MD5=9EF24EA4797B2DD0770BB7217AB0D0D1,SHA256=B3C89AFE1AF2BD9189C42840B21566EC7CFCFF421C874ECA26806512D5B66A4F,IMPHASH=AC838DD7D38F3D3BB96F9F194AA534EE", "Signed": "true", "Signature": "Microsoft Corporation", "SignatureStatus": "Valid", "User": "NT AUTHORITY\\NETWORK SERVICE", "UtcTime": "2024-11-05 08:13:17.361", "Channel": "Microsoft-Windows-Sysmon/Operational", "Computer": "FIN-WIN11-07.corp.northwind.internal"}
{"EventID": 7, "RuleName": "-", "ProcessGuid": "{FAD37F96-D230-9D6B-CB80-47BBB134EE2E}", "ProcessId": 9036, "Image": "C:\\Windows\\System32\\backgroundTaskHost.exe", "ImageLoaded": "C:\\Windows\\System32\\gdi32.dll", "FileVersion": "10.0.22621.1", "Description": "gdi32.dll", "Product": "Microsoft® Windows® Operating System", "Company": "Microsoft Corporation", "OriginalFileName": "gdi32.dll", "Hashes": "MD5=C65C6F49DC7837D8ADB5C4EDF3B2DDE0,SHA256=F1D72F8DE2B12803E0F918384AE09876D95F73A9ECC32E361931BED381F9F926,IMPHASH=C04A198B98E2034D0C612D60258DEF35", "Signed": "true", "Signature": "Microsoft Corporation", "SignatureStatus": "Valid", "User": "NT AUTHORITY\\NETWORK SERVICE", "UtcTime": "2024-11-05 08:13:17.377", "Channel": "Microsoft-Windows-Sysmon/Operational", "Computer": "FIN-WIN11-07.corp.northwind.internal"}
{"EventID": 7, "RuleName": "-", "ProcessGuid": "{FAD37F96-D230-9D6B-CB80-47BBB134EE2E}", "ProcessId": 9036, "Image": "C:\\Windows\\System32\\backgroundTaskHost.exe", "ImageLoaded": "C:\\Windows\\System32\\wininet.dll", "FileVersion": "10.0.22621.1", "Description": "wininet.dll", "Product": "Microsoft® Windows® Operating System", "Company": "Microsoft Corporation", "OriginalFileName": "wininet.dll", "Hashes": "MD5=86F7A2B3A3CA87EED3EB7A389D1ADC15,SHA256=813C1C6C6F2814355EF6CBFAF302C9E579175B1C0CD6B0B21B83984223E6030C,IMPHASH=9CE291D82729FAE26C904012F386796A", "Signed": "true", "Signature": "Microsoft Corporation", "SignatureStatus": "Valid", "User": "NT AUTHORITY\\NETWORK SERVICE", "UtcTime": "2024-11-05 08:13:17.646", "Channel": "Microsoft-Windows-Sysmon/Operational", "Computer": "FIN-WIN11-07.corp.northwind.internal"}
{"EventID": 1, "RuleName": "-", "ProcessGuid": "{EB720588-CA65-9846-0C71-E54AC5BCF0E6}", "ProcessId": 3656, "Image": "C:\\Program Files (x86)\\Microsoft\\Edge\\Application\\msedge.exe", "FileVersion": "10.0.22621.1 (WinBuild.160101.0800)", "Description": "msedge.exe", "Product": "Microsoft® Windows® Operating System", "Company": "Microsoft Corporation", "OriginalFileName": "msedge.exe", "CommandLine": "\"C:\\Program Files (x86)\\Microsoft\\Edge\\Application\\msedge.exe\" --type=gpu-process --lang=en-US", "CurrentDirectory": "C:\\Users\\j.okafor\\", "User": "CORP\\j.okafor", "LogonGuid": "{EB720588-CA65-9846-0C71-E54AC5BCF0E6}", "LogonId": "0x3f9a21", "TerminalSessionId": 1, "IntegrityLevel": "Medium", "Hashes": "MD5=D015C9902F2B501FD9C3BBEB657D20F8,SHA256=0647CF87E7E9C48A3365BA6027B5198CA2AF39BDA170D95B22AD6FF01B04E2A8,IMPHASH=BF1413DFD741253BD104D08C03AEB160", "ParentProcessGuid": "{E2617918-0450-EA48-4495-4D449D065CF2}", "ParentProcessId": 6982, "ParentImage": "C:\\Program Files (x86)\\Microsoft\\Edge\\Application\\msedge.exe", "ParentCommandLine": "\"C:\\Program Files (x86)\\Microsoft\\Edge\\Application\\msedge.exe\"", "ParentUser": "CORP\\j.okafor", "UtcTime": "2024-11-05 08:13:18.000", "Channel": "Microsoft-Windows-Sysmon/Operational", "Computer": "FIN-WIN11-07.corp.northwind.internal"}
{"EventID": 3, "RuleName": "-", "ProcessGuid": "{2373C90A-E6AF-36CD-CFAE-E208539B72F0}", "ProcessId": 928, "Image": "C:\\Windows\\System32\\svchost.exe", "User": "NT AUTHORITY\\NETWORK SERVICE", "Protocol": "tcp", "Initiated": "true", "SourceIsIpv6": "false", "SourceIp": "10.20.14.37", "SourcePort": 51979, "DestinationIsIpv6": "false", "DestinationIp": "88.221.93.19", "DestinationPort": 443, "DestinationHostname": "ctldl.windowsupdate.com", "DestinationPortName": "-", "UtcTime": "2024-11-05 08:13:18.000", "Channel": "Microsoft-Windows-Sysmon/Operational", "Computer": "FIN-WIN11-07.corp.northwind.internal"}
{"EventID": 3, "RuleName": "-", "ProcessGuid": "{49C3F86C-19AD-FB4F-C743-9876996767D6}", "ProcessId": 912, "Image": "C:\\Windows\\System32\\svchost.exe", "User": "NT AUTHORITY\\LOCAL SERVICE", "Protocol": "tcp", "Initiated": "true", "SourceIsIpv6": "false", "SourceIp": "10.20.14.37", "SourcePort": 59771, "DestinationIsIpv6": "false", "DestinationIp": "88.221.93.19", "DestinationPort": 443, "DestinationHostname": "ctldl.windowsupdate.com", "DestinationPortName": "-", "UtcTime": "2024-11-05 08:13:19.000", "Channel": "Microsoft-Windows-Sysmon/Operational", "Computer": "FIN-WIN11-07.corp.northwind.internal"}
{"EventID": 5, "RuleName": "-", "ProcessGuid": "{FAD37F96-D230-9D6B-CB80-47BBB134EE2E}", "ProcessId": 9036, "Image": "C:\\Windows\\System32\\backgroundTaskHost.exe", "User": "NT AUTHORITY\\NETWORK SERVICE", "UtcTime": "2024-11-05 08:13:19.750", "Channel": "Microsoft-Windows-Sysmon/Operational", "Computer": "FIN-WIN11-07.corp.northwind.internal"}
{"EventID": 7, "RuleName": "-", "ProcessGuid": "{E2617918-0450-EA48-4495-4D449D065CF2}", "ProcessId": 6982, "Image": "C:\\Program Files (x86)\\Microsoft\\Edge\\Application\\msedge.exe", "ImageLoaded": "C:\\Windows\\System32\\ntdll.dll", "FileVersion": "10.0.22621.1", "Description": "ntdll.dll", "Product": "Microsoft® Windows® Operating System", "Company": "Microsoft Corporation", "OriginalFileName": "ntdll.dll", "Hashes": "MD5=00D56D6B13A6F8F705071FD1E509602A,SHA256=10A7949A67B3658998DA2966045490E09CA516C0DBDCDCAAC9D1FC61849E35DE,IMPHASH=1432B204E543E79B50DE359A7F163F26", "Signed": "true", "Signature": "Microsoft Corporation", "SignatureStatus": "Valid", "User": "CORP\\j.okafor", "UtcTime": "2024-11-05 08:13:20.000", "Channel": "Microsoft-Windows-Sysmon/Operational", "Computer": "FIN-WIN11-07.corp.northwind.internal"}
{"EventID": 1, "RuleName": "-", "ProcessGuid": "{127394D6-424D-82CC-04CA-3ECDAEF0080B}", "ProcessId": 1888, "Image": "C:\\Program Files (x86)\\Microsoft\\Edge\\Application\\msedge.exe", "FileVersion": "10.0.22621.1 (WinBuild.160101.0800)", "Description": "msedge.exe", "Product": "Microsoft® Windows® Operating System", "Company": "Microsoft Corporation", "OriginalFileName": "msedge.exe", "CommandLine": "\"C:\\Program Files (x86)\\Microsoft\\Edge\\Application\\msedge.exe\" --type=renderer --lang=en-US", "CurrentDirectory": "C:\\Users\\j.okafor\\", "User": "CORP\\j.okafor", "LogonGuid": "{127394D6-424D-82CC-04CA-3ECDAEF0080B}", "LogonId": "0x3f9a21", "TerminalSessionId": 1, "IntegrityLevel": "Medium", "Hashes": "MD5=D015C9902F2B501FD9C3BBEB657D20F8,SHA256=0647CF87E7E9C48A3365BA6027B5198CA2AF39BDA170D95B22AD6FF01B04E2A8,IMPHASH=BF1413DFD741253BD104D08C03AEB160", "ParentProcessGuid": "{E2617918-0450-EA48-4495-4D449D065CF2}", "ParentProcessId": 6982, "ParentImage": "C:\\Program Files (x86)\\Microsoft\\Edge\\Application\\msedge.exe", "ParentCommandLine": "\"C:\\Program Files (x86)\\Microsoft\\Edge\\Application\\msedge.exe\"", "ParentUser": "CORP\\j.okafor", "UtcTime": "2024-11-05 08:13:21.000", "Channel": "Microsoft-Windows-Sysmon/Operational", "Computer": "FIN-WIN11-07.corp.northwind.internal"}
{"EventID": 7, "RuleName": "-", "ProcessGuid": "{796FE29B-14F6-A3DA-0012-838DA87ED7E0}", "ProcessId": 4677, "Image": "C:\\Program Files\\Microsoft Office\\root\\Office16\\OUTLOOK.EXE", "ImageLoaded": "C:\\Windows\\System32\\crypt32.dll", "FileVersion": "10.0.22621.1", "Description": "crypt32.dll", "Product": "Microsoft® Windows® Operating System", "Company": "Microsoft Corporation", "OriginalFileName": "crypt32.dll", "Hashes": "MD5=2C9AC0BA41556865BDA9F69F855490F5,SHA256=FE9D19718BC80D9898EDE8DD5F12FC6443D27CBDDC4E8F95879B295C1ADB9926,IMPHASH=3CAC074585050F4B842ED7790F75AD92", "Signed": "true", "Signature": "Microsoft Corporation", "SignatureStatus": "Valid", "User": "CORP\\j.okafor", "UtcTime": "2024-11-05 08:13:21.000", "Channel": "Microsoft-Windows-Sysmon/Operational", "Computer": "FIN-WIN11-07.corp.northwind.internal"}
{"EventID": 22, "RuleName": "-", "ProcessGuid": "{E2617918-0450-EA48-4495-4D449D065CF2}", "ProcessId": 6982, "QueryName": "ctldl.windowsupdate.com", "QueryStatus": "0", "QueryResults": "88.221.93.19", "Image": "C:\\Program Files (x86)\\Microsoft\\Edge\\Application\\msedge.exe", "User": "CORP\\j.okafor", "UtcTime": "2024-11-05 08:13:21.000", "Channel": "Microsoft-Windows-Sysmon/Operational", "Computer": "FIN-WIN11-07.corp.northwind.internal"}
{"EventID": 3, "RuleName": "-", "ProcessGuid": "{E2617918-0450-EA48-4495-4D449D065CF2}", "ProcessId": 6982, "Image": "C:\\Program Files (x86)\\Microsoft\\Edge\\Application\\msedge.exe", "User": "CORP\\j.okafor", "Protocol": "tcp", "Initiated": "true", "SourceIsIpv6": "false", "SourceIp": "10.20.14.37", "SourcePort": 52690, "DestinationIsIpv6": "false", "DestinationIp": "88.221.93.19", "DestinationPort": 443, "DestinationHostname": "ctldl.windowsupdate.com", "DestinationPortName": "-", "UtcTime": "2024-11-05 08:13:21.247", "Channel": "Microsoft-Windows-Sysmon/Operational", "Computer": "FIN-WIN11-07.corp.northwind.internal"}
{"EventID": 1, "RuleName": "-", "ProcessGuid": "{85BC1FBC-C1D8-59B4-5847-BEC3455FB3C1}", "ProcessId": 8482, "Image": "C:\\Windows\\System32\\backgroundTaskHost.exe", "FileVersion": "10.0.22621.1 (WinBuild.160101.0800)", "Description": "backgroundTaskHost.exe", "Product": "Microsoft® Windows® Operating System", "Company": "Microsoft Corporation", "OriginalFileName": "backgroundTaskHost.exe", "CommandLine": "\"C:\\Windows\\system32\\backgroundTaskHost.exe\" -ServerName:App.AppXbp.mca", "CurrentDirectory": "C:\\Windows\\system32\\", "User": "NT AUTHORITY\\SYSTEM", "LogonGuid": "{85BC1FBC-C1D8-59B4-5847-BEC3455FB3C1}", "LogonId": "0x3f9a21", "TerminalSessionId": 0, "IntegrityLevel": "System", "Hashes": "MD5=E4D97319C0B8CC47867294C9F8ECF427,SHA256=290242D7B8FB826C24C48208819149C9C1651234601116B6EB80086C49291930,IMPHASH=78721E96CCCAB871801931EBD20329C2", "ParentProcessGuid": "{B74A351C-3793-2B5C-A7E7-38F7328A81D5}", "ParentProcessId": 924, "ParentImage": "C:\\Windows\\System32\\svchost.exe", "ParentCommandLine": "C:\\Windows\\system32\\svchost.exe -k LocalSystemNetworkRestricted -p", "ParentUser": "NT AUTHORITY\\SYSTEM", "UtcTime": "2024-11-05 08:13:25.921", "Channel": "Microsoft-Windows-Sysmon/Operational", "Computer": "FIN-WIN11-07.corp.northwind.internal"}
{"EventID": 1, "RuleName": "-", "ProcessGuid": "{A463E400-7D85-8167-522C-1587AE2386DF}", "ProcessId": 1959, "Image": "C:\\Program Files\\Google\\Chrome\\Application\\chrome.exe", "FileVersion": "10.0.22621.1 (WinBuild.160101.0800)", "Description": "chrome.exe", "Product": "Microsoft® Windows® Operating System", "Company": "Microsoft Corporation", "OriginalFileName": "chrome.exe", "CommandLine": "\"C:\\Program Files\\Google\\Chrome\\Application\\chrome.exe\" --type=gpu-process --lang=en-US", "CurrentDirectory": "C:\\Users\\j.okafor\\", "User": "CORP\\j.okafor", "LogonGuid": "{A463E400-7D85-8167-522C-1587AE2386DF}", "LogonId": "0x3f9a21", "TerminalSessionId": 1, "IntegrityLevel": "Medium", "Hashes": "MD5=43D5D300D710001CC331581C761169FB,SHA256=B98A42E7E75A66429BF21F48D54033A6083EAF101BD296B5FE5A63134C2B6565,IMPHASH=7E1BB5052CA27D2F6966A385BEE943A3", "ParentProcessGuid": "{D75BDBDA-4E3A-47F7-F5DF-3731BAB9E2D0}", "ParentProcessId": 6782, "ParentImage": "C:\\Program Files\\Google\\Chrome\\Application\\chrome.exe", "ParentCommandLine": "\"C:\\Program Files\\Google\\Chrome\\Application\\chrome.exe\"", "ParentUser": "CORP\\j.okafor", "UtcTime": "2024-11-05 08:13:26.000", "Channel": "Microsoft-Windows-Sysmon/Operational", "Computer": "FIN-WIN11-07.corp.northwind.internal"}
{"EventID": 7, "RuleName": "-", "ProcessGuid": "{796FE29B-14F6-A3DA-0012-838DA87ED7E0}", "ProcessId": 4677, "Image": "C:\\Program Files\\Microsoft Office\\root\\Office16\\OUTLOOK.EXE", "ImageLoaded": "C:\\Windows\\System32\\shcore.dll", "FileVersion": "10.0.22621.1", "Description": "shcore.dll", "Product": "Microsoft® Windows® Operating System", "Company": "Microsoft Corporation", "OriginalFileName": "shcore.dll", "Hashes": "MD5=7707B9A494691A2106EAA088ADC409C7,SHA256=A4758B4425AA2753CD4FC0617E3380149E531F0A644E3D8B859FD5478E7DAC91,IMPHASH=2DA77CA815D35A4F593AEC962A571DA6", "Signed": "true", "Signature": "Microsoft Corporation", "SignatureStatus": "Valid", "User": "CORP\\j.okafor", "UtcTime": "2024-11-05 08:13:26.000", "Channel": "Microsoft-Windows-Sysmon/Operational", "Computer": "FIN-WIN11-07.corp.northwind.internal"}
{"EventID": 7, "RuleName": "-", "ProcessGuid": "{85BC1FBC-C1D8-59B4-5847-BEC3455FB3C1}", "ProcessId": 8482, "Image": "C:\\Windows\\System32\\backgroundTaskHost.exe", "ImageLoaded": "C:\\Windows\\System32\\rpcrt4.dll", "FileVersion": "10.0.22621.1", "Description": "rpcrt4.dll", "Product": "Microsoft® Windows® Operating System", "Company": "Microsoft Corporation", "OriginalFileName": "rpcrt4.dll", "Hashes": "MD5=9EF24EA4797B2DD0770BB7217AB0D0D1,SHA256=B3C89AFE1AF2BD9189C42840B21566EC7CFCFF421C874ECA26806512D5B66A4F,IMPHASH=AC838DD7D38F3D3BB96F9F194AA534EE", "Signed": "true", "Signature": "Microsoft Corporation", "SignatureStatus": "Valid", "User": "NT AUTHORITY\\SYSTEM", "UtcTime": "2024-11-05 08:13:26.189", "Channel": "Microsoft-Windows-Sysmon/Operational", "Computer": "FIN-WIN11-07.corp.northwind.internal"}
{"EventID": 7, "RuleName": "-", "ProcessGuid": "{85BC1FBC-C1D8-59B4-5847-BEC3455FB3C1}", "ProcessId": 8482, "Image": "C:\\Windows\\System32\\backgroundTaskHost.exe", "ImageLoaded": "C:\\Windows\\System32\\winhttp.dll", "FileVersion": "10.0.22621.1", "Description": "winhttp.dll", "Product": "Microsoft® Windows® Operating System", "Company": "Microsoft Corporation", "OriginalFileName": "winhttp.dll", "Hashes": "MD5=1CD7A815824DF33A0B00FC25948BB859,SHA256=11CF54D9A3E24F94115C734772A6B21C670D903498186ACA35F285F15869C0BD,IMPHASH=7EDDD38AEA1C1D899C1697F52074850F", "Signed": "true", "Signature": "Microsoft Corporation", "SignatureStatus": "Valid", "User": "NT AUTHORITY\\SYSTEM", "UtcTime": "2024-11-05 08:13:26.338", "Channel": "Microsoft-Windows-Sysmon/Operational", "Computer": "FIN-WIN11-07.corp.northwind.internal"}
{"EventID": 7, "RuleName": "-", "ProcessGuid": "{85BC1FBC-C1D8-59B4-5847-BEC3455FB3C1}", "ProcessId": 8482, "Image": "C:\\Windows\\System32\\backgroundTaskHost.exe", "ImageLoaded": "C:\\Windows\\System32\\ntdll.dll", "FileVersion": "10.0.22621.1", "Description": "ntdll.dll", "Product": "Microsoft® Windows® Operating System", "Company": "Microsoft Corporation", "OriginalFileName": "ntdll.dll", "Hashes": "MD5=00D56D6B13A6F8F705071FD1E509602A,SHA256=10A7949A67B3658998DA2966045490E09CA516C0DBDCDCAAC9D1FC61849E35DE,IMPHASH=1432B204E543E79B50DE359A7F163F26", "Signed": "true", "Signature": "Microsoft Corporation", "SignatureStatus": "Valid", "User": "NT AUTHORITY\\SYSTEM", "UtcTime": "2024-11-05 08:13:26.443", "Channel": "Microsoft-Windows-Sysmon/Operational", "Computer": "FIN-WIN11-07.corp.northwind.internal"}
{"EventID": 7, "RuleName": "-", "ProcessGuid": "{85BC1FBC-C1D8-59B4-5847-BEC3455FB3C1}", "ProcessId": 8482, "Image": "C:\\Windows\\System32\\backgroundTaskHost.exe", "ImageLoaded": "C:\\Windows\\System32\\ole32.dll", "FileVersion": "10.0.22621.1", "Description": "ole32.dll", "Product": "Microsoft® Windows® Operating System", "Company": "Microsoft Corporation", "OriginalFileName": "ole32.dll", "Hashes": "MD5=F0BE416B51C5FB47AB11724010BC0552,SHA256=F245FE196BF4E32347EB826671DBFA2AE75FC0F73E3DDDD0ED96FA97ED29A527,IMPHASH=31BD25CFB290FD2A8F9272465EA53EB4", "Signed": "true", "Signature": "Microsoft Corporation", "SignatureStatus": "Valid", "User": "NT AUTHORITY\\SYSTEM", "UtcTime": "2024-11-05 08:13:26.618", "Channel": "Microsoft-Windows-Sysmon/Operational", "Computer": "FIN-WIN11-07.corp.northwind.internal"}
{"EventID": 5, "RuleName": "-", "ProcessGuid": "{85BC1FBC-C1D8-59B4-5847-BEC3455FB3C1}", "ProcessId": 8482, "Image": "C:\\Windows\\System32\\backgroundTaskHost.exe", "User": "NT AUTHORITY\\SYSTEM", "UtcTime": "2024-11-05 08:13:26.921", "Channel": "Microsoft-Windows-Sysmon/Operational", "Computer": "FIN-WIN11-07.corp.northwind.internal"}
{"EventID": 1, "RuleName": "-", "ProcessGuid": "{2B7A41A6-0255-9237-53B4-4B52CB7603AA}", "ProcessId": 5849, "Image": "C:\\Program Files\\Google\\Chrome\\Application\\chrome.exe", "FileVersion": "10.0.22621.1 (WinBuild.160101.0800)", "Description": "chrome.exe", "Product": "Microsoft® Windows® Operating System", "Company": "Microsoft Corporation", "OriginalFileName": "chrome.exe", "CommandLine": "\"C:\\Program Files\\Google\\Chrome\\Application\\chrome.exe\" --type=crashpad-handler --lang=en-US", "CurrentDirectory": "C:\\Users\\j.okafor\\", "User": "CORP\\j.okafor", "LogonGuid": "{2B7A41A6-0255-9237-53B4-4B52CB7603AA}", "LogonId": "0x3f9a21", "TerminalSessionId": 1, "IntegrityLevel": "Medium", "Hashes": "MD5=43D5D300D710001CC331581C761169FB,SHA256=B98A42E7E75A66429BF21F48D54033A6083EAF101BD296B5FE5A63134C2B6565,IMPHASH=7E1BB5052CA27D2F6966A385BEE943A3", "ParentProcessGuid": "{D75BDBDA-4E3A-47F7-F5DF-3731BAB9E2D0}", "ParentProcessId": 6782, "ParentImage": "C:\\Program Files\\Google\\Chrome\\Application\\chrome.exe", "ParentCommandLine": "\"C:\\Program Files\\Google\\Chrome\\Application\\chrome.exe\"", "ParentUser": "CORP\\j.okafor", "UtcTime": "2024-11-05 08:13:29.000", "Channel": "Microsoft-Windows-Sysmon/Operational", "Computer": "FIN-WIN11-07.corp.northwind.internal"}
