{"EventID": 1, "RuleName": "-", "ProcessGuid": "{984F3045-A3F6-B272-7EB5-2A6591A62EA9}", "ProcessId": 4595, "Image": "C:\\Windows\\System32\\taskhostw.exe", "FileVersion": "10.0.22621.1 (WinBuild.160101.0800)", "Description": "taskhostw.exe", "Product": "Microsoft® Windows® Operating System", "Company": "Microsoft Corporation", "OriginalFileName": "taskhostw.exe", "CommandLine": "taskhostw.exe {DE1B2C6A}", "CurrentDirectory": "C:\\Windows\\system32\\", "User": "NT AUTHORITY\\NETWORK SERVICE", "LogonGuid": "{984F3045-A3F6-B272-7EB5-2A6591A62EA9}", "LogonId": "0x3f9a21", "TerminalSessionId": 0, "IntegrityLevel": "System", "Hashes": "MD5=6913C574C95575338A5B0D0544F280FC,SHA256=EADE2CD8C84CE631A2A6917151557D03D7BCF704B2A911E5910025FA412EE1D7,IMPHASH=7D87941CE922082AF40212328D9C0654", "ParentProcessGuid": "{8D1EFC33-E31B-D256-FF6E-F105096FA2E8}", "ParentProcessId": 916, "ParentImage": "C:\\Windows\\System32\\svchost.exe", "ParentCommandLine": "C:\\Windows\\system32\\svchost.exe -k NetworkService -p", "ParentUser": "NT AUTHORITY\\NETWORK SERVICE", "UtcTime": "2024-11-05 08:19:49.029", "Channel": "Microsoft-Windows-Sysmon/Operational", "Computer": "FIN-WIN11-07.corp.northwind.internal"}
{"EventID": 7, "RuleName": "-", "ProcessGuid": "{984F3045-A3F6-B272-7EB5-2A6591A62EA9}", "ProcessId": 4595, "Image": "C:\\Windows\\System32\\taskhostw.exe", "ImageLoaded": "C:\\Windows\\System32\\wininet.dll", "FileVersion": "10.0.22621.1", "Description": "wininet.dll", "Product": "Microsoft® Windows® Operating System", "Company": "Microsoft Corporation", "OriginalFileName": "wininet.dll", "Hashes": "MD5=86F7A2B3A3CA87EED3EB7A389D1ADC15,SHA256=813C1C6C6F2814355EF6CBFAF302C9E579175B1C0CD6B0B21B83984223E6030C,IMPHASH=9CE291D82729FAE26C904012F386796A", "Signed": "true", "Signature": "Microsoft Corporation", "SignatureStatus": "Valid", "User": "NT AUTHORITY\\NETWORK SERVICE", "UtcTime": "2024-11-05 08:19:49.087", "Channel": "Microsoft-Windows-Sysmon/Operational", "Computer": "FIN-WIN11-07.corp.northwind.internal"}
{"EventID": 7, "RuleName": "-", "ProcessGuid": "{984F3045-A3F6-B272-7EB5-2A6591A62EA9}", "ProcessId": 4595, "Image": "C:\\Windows\\System32\\taskhostw.exe", "ImageLoaded": "C:\\Windows\\System32\\ntdll.dll", "FileVersion": "10.0.22621.1", "Description": "ntdll.dll", "Product": "Microsoft® Windows® Operating System", "Company": "Microsoft Corporation", "OriginalFileName": "ntdll.dll", "Hashes": "MD5=00D56D6B13A6F8F705071FD1E509602A,SHA256=10A7949A67B3658998DA2966045490E09CA516C0DBDCDCAAC9D1FC61849E35DE,IMPHASH=1432B204E543E79B50DE359A7F163F26", "Signed": "true", "Signature": "Microsoft Corporation", "SignatureStatus": "Valid", "User": "NT AUTHORITY\\NETWORK SERVICE", "UtcTime": "2024-11-05 08:19:49.090", "Channel": "Microsoft-Windows-Sysmon/Operational", "Computer": "FIN-WIN11-07.corp.northwind.internal"}
{"EventID": 7, "RuleName": "-", "ProcessGuid": "{984F3045-A3F6-B272-7EB5-2A6591A62EA9}", "ProcessId": 4595, "Image": "C:\\Windows\\System32\\taskhostw.exe", "ImageLoaded": "C:\\Windows\\System32\\combase.dll", "FileVersion": "10.0.22621.1", "Description": "combase.dll", "Product": "Microsoft® Windows® Operating System", "Company": "Microsoft Corporation", "OriginalFileName": "combase.dll", "Hashes": "MD5=FE07706B2DD8D099202F7BDF3DF7974A,SHA256=624B15B6A05DCF062AADB64855C130E118F675BD63E9AE2303D186887D1DF314,IMPHASH=229D5BEE920EBDCBA72EA713EB134399", "Signed": "true", "Signature": "Microsoft Corporation", "SignatureStatus": "Valid", "User": "NT AUTHORITY\\NETWORK SERVICE", "UtcTime": "2024-11-05 08:19:49.783", "Channel": "Microsoft-Windows-Sysmon/Operational", "Computer": "FIN-WIN11-07.corp.northwind.internal"}
{"EventID": 1, "RuleName": "-", "ProcessGuid": "{26AFA0E7-495D-6B55-8A7D-C4EB16D76083}", "ProcessId": 2296, "Image": "C:\\Windows\\System32\\conhost.exe", "FileVersion": "10.0.22621.1 (WinBuild.160101.0800)", "Description": "conhost.exe", "Product": "Microsoft® Windows® Operating System", "Company": "Microsoft Corporation", "OriginalFileName": "conhost.exe", "CommandLine": "\\??\\C:\\Windows\\system32\\conhost.exe 0x4", "CurrentDirectory": "C:\\Windows\\system32\\", "User": "NT AUTHORITY\\NETWORK SERVICE", "LogonGuid": "{26AFA0E7-495D-6B55-8A7D-C4EB16D76083}", "LogonId": "0x3f9a21", "TerminalSessionId": 0, "IntegrityLevel": "System", "Hashes": "MD5=32874429CF50E04D3AB9C3A4CDF13D62,SHA256=AA03BE48D56288B3C3E98EA99E43843CDF93E54C1A37BA31C1CE8583EEEF5222,IMPHASH=C0DE032A341FF539CE0785067B3AAD01", "ParentProcessGuid": "{C3EAA59F-18F7-9ECA-0C50-48DEF2F8DD33}", "ParentProcessId": 932, "ParentImage": "C:\\Windows\\System32\\svchost.exe", "ParentCommandLine": "C:\\Windows\\system32\\svchost.exe -k appmodel -p", "ParentUser": "NT AUTHORITY\\NETWORK SERVICE", "UtcTime": "2024-11-05 08:19:50.211", "Channel": "Microsoft-Windows-Sysmon/Operational", "Computer": "FIN-WIN11-07.corp.northwind.internal"}
{"EventID": 7, "RuleName": "-", "ProcessGuid": "{26AFA0E7-495D-6B55-8A7D-C4EB16D76083}", "ProcessId": 2296, "Image": "C:\\Windows\\System32\\conhost.exe", "ImageLoaded": "C:\\Windows\\System32\\user32.dll", "FileVersion": "10.0.22621.1", "Description": "user32.dll", "Product": "Microsoft® Windows® Operating System", "Company": "Microsoft Corporation", "OriginalFileName": "user32.dll", "Hashes": "MD5=95722714424049ED3C6C4AC774230C52,SHA256=37D3EBE4373A04EA276A5B0A04D533A84A0BDCFF861D13C4CA3FFA02E433F57C,IMPHASH=B76EDE99A97920A23A1E388516467EED", "Signed": "true", "Signature": "Microsoft Corporation", "SignatureStatus": "Valid", "User": "NT AUTHORITY\\NETWORK SERVICE", "UtcTime": "2024-11-05 08:19:50.555", "Channel": "Microsoft-Windows-Sysmon/Operational", "Computer": "FIN-WIN11-07.corp.northwind.internal"}
{"EventID": 7, "RuleName": "-", "ProcessGuid": "{26AFA0E7-495D-6B55-8A7D-C4EB16D76083}", "ProcessId": 2296, "Image": "C:\\Windows\\System32\\conhost.exe", "ImageLoaded": "C:\\Windows\\System32\\shcore.dll", "FileVersion": "10.0.22621.1", "Description": "shcore.dll", "Product": "Microsoft® Windows® Operating System", "Company": "Microsoft Corporation", "OriginalFileName": "shcore.dll", "Hashes": "MD5=7707B9A494691A2106EAA088ADC409C7,SHA256=A4758B4425AA2753CD4FC0617E3380149E531F0A644E3D8B859FD5478E7DAC91,IMPHASH=2DA77CA815D35A4F593AEC962A571DA6", "Signed": "true", "Signature": "Microsoft Corporation", "SignatureStatus": "Valid", "User": "NT AUTHORITY\\NETWORK SERVICE", "UtcTime": "2024-11-05 08:19:50.771", "Channel": "Microsoft-Windows-Sysmon/Operational", "Computer": "FIN-WIN11-07.corp.northwind.internal"}
{"EventID": 7, "RuleName": "-", "ProcessGuid": "{26AFA0E7-495D-6B55-8A7D-C4EB16D76083}", "ProcessId": 2296, "Image": "C:\\Windows\\System32\\conhost.exe", "ImageLoaded": "C:\\Windows\\System32\\user32.dll", "FileVersion": "10.0.22621.1", "Description": "user32.dll", "Product": "Microsoft® Windows® Operating System", "Company": "Microsoft Corporation", "OriginalFileName": "user32.dll", "Hashes": "MD5=95722714424049ED3C6C4AC774230C52,SHA256=37D3EBE4373A04EA276A5B0A04D533A84A0BDCFF861D13C4CA3FFA02E433F57C,IMPHASH=B76EDE99A97920A23A1E388516467EED", "Signed": "true", "Signature": "Microsoft Corporation", "SignatureStatus": "Valid", "User": "NT AUTHORITY\\NETWORK SERVICE", "UtcTime": "2024-11-05 08:19:50.943", "Channel": "Microsoft-Windows-Sysmon/Operational", "Computer": "FIN-WIN11-07.corp.northwind.internal"}
{"EventID": 7, "RuleName": "-", "ProcessGuid": "{E2617918-0450-EA48-4495-4D449D065CF2}", "ProcessId": 6982, "Image": "C:\\Program Files (x86)\\Microsoft\\Edge\\Application\\msedge.exe", "ImageLoaded": "C:\\Windows\\System32\\rpcrt4.dll", "FileVersion": "10.0.22621.1", "Description": "rpcrt4.dll", "Product": "Microsoft® Windows® Operating System", "Company": "Microsoft Corporation", "OriginalFileName": "rpcrt4.dll", "Hashes": "MD5=9EF24EA4797B2DD0770BB7217AB0D0D1,SHA256=B3C89AFE1AF2BD9189C42840B21566EC7CFCFF421C874ECA26806512D5B66A4F,IMPHASH=AC838DD7D38F3D3BB96F9F194AA534EE", "Signed": "true", "Signature": "Microsoft Corporation", "SignatureStatus": "Valid", "User": "CORP\\j.okafor", "UtcTime": "2024-11-05 08:19:51.000", "Channel": "Microsoft-Windows-Sysmon/Operational", "Computer": "FIN-WIN11-07.corp.northwind.internal"}
{"EventID": 7, "RuleName": "-", "ProcessGuid": "{26AFA0E7-495D-6B55-8A7D-C4EB16D76083}", "ProcessId": 2296, "Image": "C:\\Windows\\System32\\conhost.exe", "ImageLoaded": "C:\\Windows\\System32\\ntdll.dll", "FileVersion": "10.0.22621.1", "Description": "ntdll.dll", "Product": "Microsoft® Windows® Operating System", "Company": "Microsoft Corporation", "OriginalFileName": "ntdll.dll", "Hashes": "MD5=00D56D6B13A6F8F705071FD1E509602A,SHA256=10A7949A67B3658998DA2966045490E09CA516C0DBDCDCAAC9D1FC61849E35DE,IMPHASH=1432B204E543E79B50DE359A7F163F26", "Signed": "true", "Signature": "Microsoft Corporation", "SignatureStatus": "Valid", "User": "NT AUTHORITY\\NETWORK SERVICE", "UtcTime": "2024-11-05 08:19:51.089", "Channel": "Microsoft-Windows-Sysmon/Operational", "Computer": "FIN-WIN11-07.corp.northwind.internal"}
{"EventID": 22, "RuleName": "-", "ProcessGuid": "{E2617918-0450-EA48-4495-4D449D065CF2}", "ProcessId": 6982, "QueryName": "outlook.office365.com", "QueryStatus": "0", "QueryResults": "52.96.104.34", "Image": "C:\\Program Files (x86)\\Microsoft\\Edge\\Application\\msedge.exe", "User": "CORP\\j.okafor", "UtcTime": "2024-11-05 08:19:56.000", "Channel": "Microsoft-Windows-Sysmon/Operational", "Computer": "FIN-WIN11-07.corp.northwind.internal"}
{"EventID": 11, "RuleName": "-", "ProcessGuid": "{E2617918-0450-EA48-4495-4D449D065CF2}", "ProcessId": 6982, "Image": "C:\\Program Files (x86)\\Microsoft\\Edge\\Application\\msedge.exe", "TargetFilename": "C:\\Users\\j.okafor\\AppData\\Local\\Microsoft\\Windows\\INetCache\\IE\\cache_76.dat", "CreationUtcTime": "2024-11-05 08:19:56.000", "User": "CORP\\j.okafor", "UtcTime": "2024-11-05 08:19:56.000", "Channel": "Microsoft-Windows-Sysmon/Operational", "Computer": "FIN-WIN11-07.corp.northwind.internal"}
{"EventID": 3, "RuleName": "-", "ProcessGuid": "{E2617918-0450-EA48-4495-4D449D065CF2}", "ProcessId": 6982, "Image": "C:\\Program Files (x86)\\Microsoft\\Edge\\Application\\msedge.exe", "User": "CORP\\j.okafor", "Protocol": "tcp", "Initiated": "true", "SourceIsIpv6": "false", "SourceIp": "10.20.14.37", "SourcePort": 58074, "DestinationIsIpv6": "false", "DestinationIp": "52.96.104.34", "DestinationPort": 443, "DestinationHostname": "outlook.office365.com", "DestinationPortName": "-", "UtcTime": "2024-11-05 08:19:56.075", "Channel": "Microsoft-Windows-Sysmon/Operational", "Computer": "FIN-WIN11-07.corp.northwind.internal"}
{"EventID": 22, "RuleName": "-", "ProcessGuid": "{D75BDBDA-4E3A-47F7-F5DF-3731BAB9E2D0}", "ProcessId": 6782, "QueryName": "clients2.google.com", "QueryStatus": "0", "QueryResults": "172.217.16.174", "Image": "C:\\Program Files\\Google\\Chrome\\Application\\chrome.exe", "User": "CORP\\j.okafor", "UtcTime": "2024-11-05 08:19:58.000", "Channel": "Microsoft-Windows-Sysmon/Operational", "Computer": "FIN-WIN11-07.corp.northwind.internal"}
{"EventID": 13, "RuleName": "-", "EventType": "SetValue", "ProcessGuid": "{677C31FB-51D8-1217-52E7-B32951574873}", "ProcessId": 908, "Image": "C:\\Windows\\System32\\svchost.exe", "TargetObject": "HKLM\\SYSTEM\\CurrentControlSet\\Services\\bam\\State\\UserSettings", "Details": "Binary Data", "User": "NT AUTHORITY\\SYSTEM", "UtcTime": "2024-11-05 08:19:58.000", "Channel": "Microsoft-Windows-Sysmon/Operational", "Computer": "FIN-WIN11-07.corp.northwind.internal"}
{"EventID": 3, "RuleName": "-", "ProcessGuid": "{D75BDBDA-4E3A-47F7-F5DF-3731BAB9E2D0}", "ProcessId": 6782, "Image": "C:\\Program Files\\Google\\Chrome\\Application\\chrome.exe", "User": "CORP\\j.okafor", "Protocol": "tcp", "Initiated": "true", "SourceIsIpv6": "false", "SourceIp": "10.20.14.37", "SourcePort": 50044, "DestinationIsIpv6": "false", "DestinationIp": "172.217.16.174", "DestinationPort": 443, "DestinationHostname": "clients2.google.com", "DestinationPortName": "-", "UtcTime": "2024-11-05 08:19:58.491", "Channel": "Microsoft-Windows-Sysmon/Operational", "Computer": "FIN-WIN11-07.corp.northwind.internal"}
{"EventID": 11, "RuleName": "-", "ProcessGuid": "{856BE6A9-AED0-D69D-FC68-627A1B28317B}", "ProcessId": 9025, "Image": "C:\\Users\\j.okafor\\AppData\\Local\\Microsoft\\Teams\\current\\Teams.exe", "TargetFilename": "C:\\Users\\j.okafor\\AppData\\Local\\Microsoft\\Windows\\INetCache\\IE\\cache_69.dat", "CreationUtcTime": "2024-11-05 08:19:59.000", "User": "CORP\\j.okafor", "UtcTime": "2024-11-05 08:19:59.000", "Channel": "Microsoft-Windows-Sysmon/Operational", "Computer": "FIN-WIN11-07.corp.northwind.internal"}
{"EventID": 22, "RuleName": "-", "ProcessGuid": "{856BE6A9-AED0-D69D-FC68-627A1B28317B}", "ProcessId": 9025, "QueryName": "crl.microsoft.com", "QueryStatus": "0", "QueryResults": "23.35.229.160", "Image": "C:\\Users\\j.okafor\\AppData\\Local\\Microsoft\\Teams\\current\\Teams.exe", "User": "CORP\\j.okafor", "UtcTime": "2024-11-05 08:20:00.000", "Channel": "Microsoft-Windows-Sysmon/Operational", "Computer": "FIN-WIN11-07.corp.northwind.internal"}
{"EventID": 3, "RuleName": "-", "ProcessGuid": "{676D6033-C919-357D-55B1-B3DABE2088FA}", "ProcessId": 904, "Image": "C:\\Windows\\System32\\svchost.exe", "User": "NT AUTHORITY\\NETWORK SERVICE", "Protocol": "tcp", "Initiated": "true", "SourceIsIpv6": "false", "SourceIp": "10.20.14.37", "SourcePort": 64489, "DestinationIsIpv6": "false", "DestinationIp": "140.82.113.4", "DestinationPort": 443, "DestinationHostname": "github.com", "DestinationPortName": "-", "UtcTime": "2024-11-05 08:20:00.000", "Channel": "Microsoft-Windows-Sysmon/Operational", "Computer": "FIN-WIN11-07.corp.northwind.internal"}
{"EventID": 11, "RuleName": "-", "ProcessGuid": "{796FE29B-14F6-A3DA-0012-838DA87ED7E0}", "ProcessId": 4677, "Image": "C:\\Program Files\\Microsoft Office\\root\\Office16\\OUTLOOK.EXE", "TargetFilename": "C:\\Users\\j.okafor\\AppData\\Local\\Microsoft\\Windows\\INetCache\\IE\\cache_60.dat", "CreationUtcTime": "2024-11-05 08:20:00.000", "User": "CORP\\j.okafor", "UtcTime": "2024-11-05 08:20:00.000", "Channel": "Microsoft-Windows-Sysmon/Operational", "Computer": "FIN-WIN11-07.corp.northwind.internal"}
{"EventID": 3, "RuleName": "-", "ProcessGuid": "{856BE6A9-AED0-D69D-FC68-627A1B28317B}", "ProcessId": 9025, "Image": "C:\\Users\\j.okafor\\AppData\\Local\\Microsoft\\Teams\\current\\Teams.exe", "User": "CORP\\j.okafor", "Protocol": "tcp", "Initiated": "true", "SourceIsIpv6": "false", "SourceIp": "10.20.14.37", "SourcePort": 62689, "DestinationIsIpv6": "false", "DestinationIp": "23.35.229.160", "DestinationPort": 443, "DestinationHostname": "crl.microsoft.com", "DestinationPortName": "-", "UtcTime": "2024-11-05 08:20:00.131", "Channel": "Microsoft-Windows-Sysmon/Operational", "Computer": "FIN-WIN11-07.corp.northwind.internal"}
{"EventID": 7, "RuleName": "-", "ProcessGuid": "{7AA1D7C0-BBB1-E2C6-822D-EE9AAFD09531}", "ProcessId": 6802, "Image": "C:\\Users\\j.okafor\\AppData\\Local\\Programs\\Microsoft VS Code\\Code.exe", "ImageLoaded": "C:\\Windows\\System32\\advapi32.dll", "FileVersion": "10.0.22621.1", "Description": "advapi32.dll", "Product": "Microsoft® Windows® Operating System", "Company": "Microsoft Corporation", "OriginalFileName": "advapi32.dll", "Hashes": "MD5=C410267AEE73627FCC97D458CC07B704,SHA256=710137EDECA7E0959E59CD8930BB80C7ECC16348F711E39436CB57EA45CD1749,IMPHASH=1BA262EF34A4578109B93C297B3F4E5F", "Signed": "true", "Signature": "Microsoft Corporation", "SignatureStatus": "Valid", "User": "CORP\\j.okafor", "UtcTime": "2024-11-05 08:20:01.000", "Channel": "Microsoft-Windows-Sysmon/Operational", "Computer": "FIN-WIN11-07.corp.northwind.internal"}
{"EventID": 3, "RuleName": "-", "ProcessGuid": "{2373C90A-E6AF-36CD-CFAE-E208539B72F0}", "ProcessId": 928, "Image": "C:\\Windows\\System32\\svchost.exe", "User": "NT AUTHORITY\\NETWORK SERVICE", "Protocol": "tcp", "Initiated": "true", "SourceIsIpv6": "false", "SourceIp": "10.20.14.37", "SourcePort": 60902, "DestinationIsIpv6": "false", "DestinationIp": "151.101.0.223", "DestinationPort": 443, "DestinationHostname": "pypi.org", "DestinationPortName": "-", "UtcTime": "2024-11-05 08:20:01.000", "Channel": "Microsoft-Windows-Sysmon/Operational", "Computer": "FIN-WIN11-07.corp.northwind.internal"}
{"EventID": 5, "RuleName": "-", "ProcessGuid": "{A2ABC34E-2EEF-E0CC-9302-12D0F48DC942}", "ProcessId": 1766, "Image": "C:\\Windows\\System32\\backgroundTaskHost.exe", "User": "NT AUTHORITY\\SYSTEM", "UtcTime": "2024-11-05 08:20:01.563", "Channel": "Microsoft-Windows-Sysmon/Operational", "Computer": "FIN-WIN11-07.corp.northwind.internal"}
{"EventID": 7, "RuleName": "-", "ProcessGuid": "{7AA1D7C0-BBB1-E2C6-822D-EE9AAFD09531}", "ProcessId": 6802, "Image": "C:\\Users\\j.okafor\\AppData\\Local\\Programs\\Microsoft VS Code\\Code.exe", "ImageLoaded": "C:\\Windows\\System32\\combase.dll", "FileVersion": "10.0.22621.1", "Description": "combase.dll", "Product": "Microsoft® Windows® Operating System", "Company": "Microsoft Corporation", "OriginalFileName": "combase.dll", "Hashes": "MD5=FE07706B2DD8D099202F7BDF3DF7974A,SHA256=624B15B6A05DCF062AADB64855C130E118F675BD63E9AE2303D186887D1DF314,IMPHASH=229D5BEE920EBDCBA72EA713EB134399", "Signed": "true", "Signature": "Microsoft Corporation", "SignatureStatus": "Valid", "User": "CORP\\j.okafor", "UtcTime": "2024-11-05 08:20:02.000", "Channel": "Microsoft-Windows-Sysmon/Operational", "Computer": "FIN-WIN11-07.corp.northwind.internal"}
{"EventID": 5, "RuleName": "-", "ProcessGuid": "{984F3045-A3F6-B272-7EB5-2A6591A62EA9}", "ProcessId": 4595, "Image": "C:\\Windows\\System32\\taskhostw.exe", "User": "NT AUTHORITY\\NETWORK SERVICE", "UtcTime": "2024-11-05 08:20:02.029", "Channel": "Microsoft-Windows-Sysmon/Operational", "Computer": "FIN-WIN11-07.corp.northwind.internal"}
{"EventID": 1, "RuleName": "-", "ProcessGuid": "{8F6F6164-4E67-59E3-A4AA-CFA9EF902AE5}", "ProcessId": 1914, "Image": "C:\\Windows\\System32\\backgroundTaskHost.exe", "FileVersion": "10.0.22621.1 (WinBuild.160101.0800)", "Description": "backgroundTaskHost.exe", "Product": "Microsoft® Windows® Operating System", "Company": "Microsoft Corporation", "OriginalFileName": "backgroundTaskHost.exe", "CommandLine": "\"C:\\Windows\\system32\\backgroundTaskHost.exe\" -ServerName:App.AppXbp.mca", "CurrentDirectory": "C:\\Windows\\system32\\", "User": "NT AUTHORITY\\LOCAL SERVICE", "LogonGuid": "{8F6F6164-4E67-59E3-A4AA-CFA9EF902AE5}", "LogonId": "0x3f9a21", "TerminalSessionId": 0, "IntegrityLevel": "System", "Hashes": "MD5=E4D97319C0B8CC47867294C9F8ECF427,SHA256=290242D7B8FB826C24C48208819149C9C1651234601116B6EB80086C49291930,IMPHASH=78721E96CCCAB871801931EBD20329C2", "ParentProcessGuid": "{49C3F86C-19AD-FB4F-C743-9876996767D6}", "ParentProcessId": 912, "ParentImage": "C:\\Windows\\System32\\svchost.exe", "ParentCommandLine": "C:\\Windows\\system32\\svchost.exe -k LocalService", "ParentUser": "NT AUTHORITY\\LOCAL SERVICE", "UtcTime": "2024-11-05 08:20:03.331", "Channel": "Microsoft-Windows-Sysmon/Operational", "Computer": "FIN-WIN11-07.corp.northwind.internal"}
{"EventID": 7, "RuleName": "-", "ProcessGuid": "{8F6F6164-4E67-59E3-A4AA-CFA9EF902AE5}", "ProcessId": 1914, "Image": "C:\\Windows\\System32\\backgroundTaskHost.exe", "ImageLoaded": "C:\\Windows\\System32\\user32.dll", "FileVersion": "10.0.22621.1", "Description": "user32.dll", "Product": "Microsoft® Windows® Operating System", "Company": "Microsoft Corporation", "OriginalFileName": "user32.dll", "Hashes": "MD5=95722714424049ED3C6C4AC774230C52,SHA256=37D3EBE4373A04EA276A5B0A04D533A84A0BDCFF861D13C4CA3FFA02E433F57C,IMPHASH=B76EDE99A97920A23A1E388516467EED", "Signed": "true", "Signature": "Microsoft Corporation", "SignatureStatus": "Valid", "User": "NT AUTHORITY\\LOCAL SERVICE", "UtcTime": "2024-11-05 08:20:03.459", "Channel": "Microsoft-Windows-Sysmon/Operational", "Computer": "FIN-WIN11-07.corp.northwind.internal"}
{"EventID": 13, "RuleName": "-", "EventType": "SetValue", "ProcessGuid": "{B74A351C-3793-2B5C-A7E7-38F7328A81D5}", "ProcessId": 924, "Image": "C:\\Windows\\System32\\svchost.exe", "TargetObject": "HKU\\S-1-5-21-99\\Software\\Google\\Chrome\\PreferenceMACs", "Details": "Binary Data", "User": "NT AUTHORITY\\SYSTEM", "UtcTime": "2024-11-05 08:20:04.000", "Channel": "Microsoft-Windows-Sysmon/Operational", "Computer": "FIN-WIN11-07.corp.northwind.internal"}
{"EventID": 5, "RuleName": "-", "ProcessGuid": "{26AFA0E7-495D-6B55-8A7D-C4EB16D76083}", "ProcessId": 2296, "Image": "C:\\Windows\\System32\\conhost.exe", "User": "NT AUTHORITY\\NETWORK SERVICE", "UtcTime": "2024-11-05 08:20:07.211", "Channel": "Microsoft-Windows-Sysmon/Operational", "Computer": "FIN-WIN11-07.corp.northwind.internal"}
{"EventID": 7, "RuleName": "-", "ProcessGuid": "{856BE6A9-AED0-D69D-FC68-627A1B28317B}", "ProcessId": 9025, "Image": "C:\\Users\\j.okafor\\AppData\\Local\\Microsoft\\Teams\\current\\Teams.exe", "ImageLoaded": "C:\\Windows\\System32\\kernel32.dll", "FileVersion": "10.0.22621.1", "Description": "kernel32.dll", "Product": "Microsoft® Windows® Operating System", "Company": "Microsoft Corporation", "OriginalFileName": "kernel32.dll", "Hashes": "MD5=0AB4EA0E4D6453AA778557EA48A08D64,SHA256=9CFF62CD296F6EFDBB9B5622D676BA00427ABD304150B5B1C27F0AA9385BB344,IMPHASH=316A1DF7CA24080C1A54042C5E549E4D", "Signed": "true", "Signature": "Microsoft Corporation", "SignatureStatus": "Valid", "User": "CORP\\j.okafor", "UtcTime": "2024-11-05 08:20:08.000", "Channel": "Microsoft-Windows-Sysmon/Operational", "Computer": "FIN-WIN11-07.corp.northwind.internal"}
{"EventID": 13, "RuleName": "-", "EventType": "SetValue", "ProcessGuid": "{7AA1D7C0-BBB1-E2C6-822D-EE9AAFD09531}", "ProcessId": 6802, "Image": "C:\\Users\\j.okafor\\AppData\\Local\\Programs\\Microsoft VS Code\\Code.exe", "TargetObject": "HKLM\\SYSTEM\\CurrentControlSet\\Services\\bam\\State\\UserSettings", "Details": "Binary Data", "User": "CORP\\j.okafor", "UtcTime": "2024-11-05 08:20:08.000", "Channel": "Microsoft-Windows-Sysmon/Operational", "Computer": "FIN-WIN11-07.corp.northwind.internal"}
{"EventID": 1, "RuleName": "-", "ProcessGuid": "{3FDD527F-2B5F-DBFB-F73E-25873694962D}", "ProcessId": 5352, "Image": "C:\\Windows\\System32\\taskhostw.exe", "FileVersion": "10.0.22621.1 (WinBuild.160101.0800)", "Description": "taskhostw.exe", "Product": "Microsoft® Windows® Operating System", "Company": "Microsoft Corporation", "OriginalFileName": "taskhostw.exe", "CommandLine": "taskhostw.exe {DE1B2C6A}", "CurrentDirectory": "C:\\Windows\\system32\\", "User": "NT AUTHORITY\\SYSTEM", "LogonGuid": "{3FDD527F-2B5F-DBFB-F73E-25873694962D}", "LogonId": "0x3f9a21", "TerminalSessionId": 0, "IntegrityLevel": "System", "Hashes": "MD5=6913C574C95575338A5B0D0544F280FC,SHA256=EADE2CD8C84CE631A2A6917151557D03D7BCF704B2A911E5910025FA412EE1D7,IMPHASH=7D87941CE922082AF40212328D9C0654", "ParentProcessGuid": "{B74A351C-3793-2B5C-A7E7-38F7328A81D5}", "ParentProcessId": 924, "ParentImage": "C:\\Windows\\System32\\svchost.exe", "ParentCommandLine": "C:\\Windows\\system32\\svchost.exe -k LocalSystemNetworkRestricted -p", "ParentUser": "NT AUTHORITY\\SYSTEM", "UtcTime": "2024-11-05 08:20:08.469", "Channel": "Microsoft-Windows-Sysmon/Operational", "Computer": "FIN-WIN11-07.corp.northwind.internal"}
{"EventID": 7, "RuleName": "-", "ProcessGuid": "{3FDD527F-2B5F-DBFB-F73E-25873694962D}", "ProcessId": 5352, "Image": "C:\\Windows\\System32\\taskhostw.exe", "ImageLoaded": "C:\\Windows\\System32\\crypt32.dll", "FileVersion": "10.0.22621.1", "Description": "crypt32.dll", "Product": "Microsoft® Windows® Operating System", "Company": "Microsoft Corporation", "OriginalFileName": "crypt32.dll", "Hashes": "MD5=2C9AC0BA41556865BDA9F69F855490F5,SHA256=FE9D19718BC80D9898EDE8DD5F12FC6443D27CBDDC4E8F95879B295C1ADB9926,IMPHASH=3CAC074585050F4B842ED7790F75AD92", "Signed": "true", "Signature": "Microsoft Corporation", "SignatureStatus": "Valid", "User": "NT AUTHORITY\\SYSTEM", "UtcTime": "2024-11-05 08:20:08.536", "Channel": "Microsoft-Windows-Sysmon/Operational", "Computer": "FIN-WIN11-07.corp.northwind.internal"}
{"EventID": 7, "RuleName": "-", "ProcessGuid": "{3FDD527F-2B5F-DBFB-F73E-25873694962D}", "ProcessId": 5352, "Image": "C:\\Windows\\System32\\taskhostw.exe", "ImageLoaded": "C:\\Windows\\System32\\ntdll.dll", "FileVersion": "10.0.22621.1", "Description": "ntdll.dll", "Product": "Microsoft® Windows® Operating System", "Company": "Microsoft Corporation", "OriginalFileName": "ntdll.dll", "Hashes": "MD5=00D56D6B13A6F8F705071FD1E509602A,SHA256=10A7949A67B3658998DA2966045490E09CA516C0DBDCDCAAC9D1FC61849E35DE,IMPHASH=1432B204E543E79B50DE359A7F163F26", "Signed": "true", "Signature": "Microsoft Corporation", "SignatureStatus": "Valid", "User": "NT AUTHORITY\\SYSTEM", "UtcTime": "2024-11-05 08:20:08.674", "Channel": "Microsoft-Windows-Sysmon/Operational", "Computer": "FIN-WIN11-07.corp.northwind.internal"}
{"EventID": 13, "RuleName": "-", "EventType": "SetValue", "ProcessGuid": "{856BE6A9-AED0-D69D-FC68-627A1B28317B}", "ProcessId": 9025, "Image": "C:\\Users\\j.okafor\\AppData\\Local\\Microsoft\\Teams\\current\\Teams.exe", "TargetObject": "HKLM\\SYSTEM\\CurrentControlSet\\Services\\bam\\State\\UserSettings", "Details": "Binary Data", "User": "CORP\\j.okafor", "UtcTime": "2024-11-05 08:20:10.000", "Channel": "Microsoft-Windows-Sysmon/Operational", "Computer": "FIN-WIN11-07.corp.northwind.internal"}
{"EventID": 3, "RuleName": "-", "ProcessGuid": "{2373C90A-E6AF-36CD-CFAE-E208539B72F0}", "ProcessId": 928, "Image": "C:\\Windows\\System32\\svchost.exe", "User": "NT AUTHORITY\\NETWORK SERVICE", "Protocol": "tcp", "Initiated": "true", "SourceIsIpv6": "false", "SourceIp": "10.20.14.37", "SourcePort": 57796, "DestinationIsIpv6": "false", "DestinationIp": "140.82.113.4", "DestinationPort": 443, "DestinationHostname": "github.com", "DestinationPortName": "-", "UtcTime": "2024-11-05 08:20:15.000", "Channel": "Microsoft-Windows-Sysmon/Operational", "Computer": "FIN-WIN11-07.corp.northwind.internal"}
{"EventID": 7, "RuleName": "-", "ProcessGuid": "{7AA1D7C0-BBB1-E2C6-822D-EE9AAFD09531}", "ProcessId": 6802, "Image": "C:\\Users\\j.okafor\\AppData\\Local\\Programs\\Microsoft VS Code\\Code.exe", "ImageLoaded": "C:\\Windows\\System32\\advapi32.dll", "FileVersion": "10.0.22621.1", "Description": "advapi32.dll", "Product": "Microsoft® Windows® Operating System", "Company": "Microsoft Corporation", "OriginalFileName": "advapi32.dll", "Hashes": "MD5=C410267AEE73627FCC97D458CC07B704,SHA256=710137EDECA7E0959E59CD8930BB80C7ECC16348F711E39436CB57EA45CD1749,IMPHASH=1BA262EF34A4578109B93C297B3F4E5F", "Signed": "true", "Signature": "Microsoft Corporation", "SignatureStatus": "Valid", "User": "CORP\\j.okafor", "UtcTime": "2024-11-05 08:20:16.000", "Channel": "Microsoft-Windows-Sysmon/Operational", "Computer": "FIN-WIN11-07.corp.northwind.internal"}
{"EventID": 7, "RuleName": "-", "ProcessGuid": "{796FE29B-14F6-A3DA-0012-838DA87ED7E0}", "ProcessId": 4677, "Image": "C:\\Program Files\\Microsoft Office\\root\\Office16\\OUTLOOK.EXE", "ImageLoaded": "C:\\Windows\\System32\\winhttp.dll", "FileVersion": "10.0.22621.1", "Description": "winhttp.dll", "Product": "Microsoft® Windows® Operating System", "Company": "Microsoft Corporation", "OriginalFileName": "winhttp.dll", "Hashes": "MD5=1CD7A815824DF33A0B00FC25948BB859,SHA256=11CF54D9A3E24F94115C734772A6B21C670D903498186ACA35F285F15869C0BD,IMPHASH=7EDDD38AEA1C1D899C1697F52074850F", "Signed": "true", "Signature": "Microsoft Corporation", "SignatureStatus": "Valid", "User": "CORP\\j.okafor", "UtcTime": "2024-11-05 08:20:19.000", "Channel": "Microsoft-Windows-Sysmon/Operational", "Computer": "FIN-WIN11-07.corp.northwind.internal"}
{"EventID": 7, "RuleName": "-", "ProcessGuid": "{E2617918-0450-EA48-4495-4D449D065CF2}", "ProcessId": 6982, "Image": "C:\\Program Files (x86)\\Microsoft\\Edge\\Application\\msedge.exe", "ImageLoaded": "C:\\Windows\\System32\\wininet.dll", "FileVersion": "10.0.22621.1", "Description": "wininet.dll", "Product": "Microsoft® Windows® Operating System", "Company": "Microsoft Corporation", "OriginalFileName": "wininet.dll", "Hashes": "MD5=86F7A2B3A3CA87EED3EB7A389D1ADC15,SHA256=813C1C6C6F2814355EF6CBFAF302C9E579175B1C0CD6B0B21B83984223E6030C,IMPHASH=9CE291D82729FAE26C904012F386796A", "Signed": "true", "Signature": "Microsoft Corporation", "SignatureStatus": "Valid", "User": "CORP\\j.okafor", "UtcTime": "2024-11-05 08:20:20.000", "Channel": "Microsoft-Windows-Sysmon/Operational", "Computer": "FIN-WIN11-07.corp.northwind.internal"}
{"EventID": 3, "RuleName": "-", "ProcessGuid": "{C3EAA59F-18F7-9ECA-0C50-48DEF2F8DD33}", "ProcessId": 932, "Image": "C:\\Windows\\System32\\svchost.exe", "User": "NT AUTHORITY\\NETWORK SERVICE", "Protocol": "tcp", "Initiated": "true", "SourceIsIpv6": "false", "SourceIp": "10.20.14.37", "SourcePort": 57359, "DestinationIsIpv6": "false", "DestinationIp": "23.35.229.160", "DestinationPort": 443, "DestinationHostname": "crl.microsoft.com", "DestinationPortName": "-", "UtcTime": "2024-11-05 08:20:20.000", "Channel": "Microsoft-Windows-Sysmon/Operational", "Computer": "FIN-WIN11-07.corp.northwind.internal"}
{"EventID": 11, "RuleName": "-", "ProcessGuid": "{D75BDBDA-4E3A-47F7-F5DF-3731BAB9E2D0}", "ProcessId": 6782, "Image": "C:\\Program Files\\Google\\Chrome\\Application\\chrome.exe", "TargetFilename": "C:\\Users\\j.okafor\\AppData\\Local\\Temp\\1345.tmp", "CreationUtcTime": "2024-11-05 08:20:22.000", "User": "CORP\\j.okafor", "UtcTime": "2024-11-05 08:20:22.000", "Channel": "Microsoft-Windows-Sysmon/Operational", "Computer": "FIN-WIN11-07.corp.northwind.internal"}
{"EventID": 13, "RuleName": "-", "EventType": "SetValue", "ProcessGuid": "{968680C3-E30A-9C04-B98F-1AB0610FEECA}", "ProcessId": 900, "Image": "C:\\Windows\\System32\\svchost.exe", "TargetObject": "HKLM\\SYSTEM\\CurrentControlSet\\Services\\bam\\State\\UserSettings", "Details": "Binary Data", "User": "NT AUTHORITY\\SYSTEM", "UtcTime": "2024-11-05 08:20:22.000", "Channel": "Microsoft-Windows-Sysmon/Operational", "Computer": "FIN-WIN11-07.corp.northwind.internal"}
{"EventID": 1, "RuleName": "-", "ProcessGuid": "{BC7564EB-286E-520B-C724-15D3C0CDADED}", "ProcessId": 5704, "Image": "C:\\Windows\\System32\\taskhostw.exe", "FileVersion": "10.0.22621.1 (WinBuild.160101.0800)", "Description": "taskhostw.exe", "Product": "Microsoft® Windows® Operating System", "Company": "Microsoft Corporation", "OriginalFileName": "taskhostw.exe", "CommandLine": "taskhostw.exe {DE1B2C6A}", "CurrentDirectory": "C:\\Windows\\system32\\", "User": "NT AUTHORITY\\LOCAL SERVICE", "LogonGuid": "{BC7564EB-286E-520B-C724-15D3C0CDADED}", "LogonId": "0x3f9a21", "TerminalSessionId": 0, "IntegrityLevel": "System", "Hashes": "MD5=6913C574C95575338A5B0D0544F280FC,SHA256=EADE2CD8C84CE631A2A6917151557D03D7BCF704B2A911E5910025FA412EE1D7,IMPHASH=7D87941CE922082AF40212328D9C0654", "ParentProcessGuid": "{49C3F86C-19AD-FB4F-C743-9876996767D6}", "ParentProcessId": 912, "ParentImage": "C:\\Windows\\System32\\svchost.exe", "ParentCommandLine": "C:\\Windows\\system32\\svchost.exe -k LocalService", "ParentUser": "NT AUTHORITY\\LOCAL SERVICE", "UtcTime": "2024-11-05 08:20:25.170", "Channel": "Microsoft-Windows-Sysmon/Operational", "Computer": "FIN-WIN11-07.corp.northwind.internal"}
{"EventID": 7, "RuleName": "-", "ProcessGuid": "{BC7564EB-286E-520B-C724-15D3C0CDADED}", "ProcessId": 5704, "Image": "C:\\Windows\\System32\\taskhostw.exe", "ImageLoaded": "C:\\Windows\\System32\\kernel32.dll", "FileVersion": "10.0.22621.1", "Description": "kernel32.dll", "Product": "Microsoft® Windows® Operating System", "Company": "Microsoft Corporation", "OriginalFileName": "kernel32.dll", "Hashes": "MD5=0AB4EA0E4D6453AA778557EA48A08D64,SHA256=9CFF62CD296F6EFDBB9B5622D676BA00427ABD304150B5B1C27F0AA9385BB344,IMPHASH=316A1DF7CA24080C1A54042C5E549E4D", "Signed": "true", "Signature": "Microsoft Corporation", "SignatureStatus": "Valid", "User": "NT AUTHORITY\\LOCAL SERVICE", "UtcTime": "2024-11-05 08:20:25.542", "Channel": "Microsoft-Windows-Sysmon/Operational", "Computer": "FIN-WIN11-07.corp.northwind.internal"}
{"EventID": 22, "RuleName": "-", "ProcessGuid": "{796FE29B-14F6-A3DA-0012-838DA87ED7E0}", "ProcessId": 4677, "QueryName": "clients2.google.com", "QueryStatus": "0", "QueryResults": "172.217.16.174", "Image": "C:\\Program Files\\Microsoft Office\\root\\Office16\\OUTLOOK.EXE", "User": "CORP\\j.okafor", "UtcTime": "2024-11-05 08:20:27.000", "Channel": "Microsoft-Windows-Sysmon/Operational", "Computer": "FIN-WIN11-07.corp.northwind.internal"}
{"EventID": 3, "RuleName": "-", "ProcessGuid": "{796FE29B-14F6-A3DA-0012-838DA87ED7E0}", "ProcessId": 4677, "Image": "C:\\Program Files\\Microsoft Office\\root\\Office16\\OUTLOOK.EXE", "User": "CORP\\j.okafor", "Protocol": "tcp", "Initiated": "true", "SourceIsIpv6": "false", "SourceIp": "10.20.14.37", "SourcePort": 55260, "DestinationIsIpv6": "false", "DestinationIp": "172.217.16.174", "DestinationPort": 443, "DestinationHostname": "clients2.google.com", "DestinationPortName": "-", "UtcTime": "2024-11-05 08:20:27.263", "Channel": "Microsoft-Windows-Sysmon/Operational", "Computer": "FIN-WIN11-07.corp.northwind.internal"}
{"EventID": 1, "RuleName": "-", "ProcessGuid": "{D807257B-BBED-6AD1-22CA-36BA64236DD2}", "ProcessId": 2460, "Image": "C:\\Windows\\System32\\conhost.exe", "FileVersion": "10.0.22621.1 (WinBuild.160101.0800)", "Description": "conhost.exe", "Product": "Microsoft® Windows® Operating System", "Company": "Microsoft Corporation", "OriginalFileName": "conhost.exe", "CommandLine": "\\??\\C:\\Windows\\system32\\conhost.exe 0x4", "CurrentDirectory": "C:\\Windows\\system32\\", "User": "NT AUTHORITY\\NETWORK SERVICE", "LogonGuid": "{D807257B-BBED-6AD1-22CA-36BA64236DD2}", "LogonId": "0x3f9a21", "TerminalSessionId": 0, "IntegrityLevel": "System", "Hashes": "MD5=32874429CF50E04D3AB9C3A4CDF13D62,SHA256=AA03BE48D56288B3C3E98EA99E43843CDF93E54C1A37BA31C1CE8583EEEF5222,IMPHASH=C0DE032A341FF539CE0785067B3AAD01", "ParentProcessGuid": "{8D1EFC33-E31B-D256-FF6E-F105096FA2E8}", "ParentProcessId": 916, "ParentImage": "C:\\Windows\\System32\\svchost.exe", "ParentCommandLine": "C:\\Windows\\system32\\svchost.exe -k NetworkService -p", "ParentUser": "NT AUTHORITY\\NETWORK SERVICE", "UtcTime": "2024-11-05 08:20:27.872", "Channel": "Microsoft-Windows-Sysmon/Operational", "Computer": "FIN-WIN11-07.corp.northwind.internal"}
{"EventID": 13, "RuleName": "-", "EventType": "SetValue", "ProcessGuid": "{856BE6A9-AED0-D69D-FC68-627A1B28317B}", "ProcessId": 9025, "Image": "C:\\Users\\j.okafor\\AppData\\Local\\Microsoft\\Teams\\current\\Teams.exe", "TargetObject": "HKU\\S-1-5-21-99\\Software\\Microsoft\\Windows\\CurrentVersion\\Explorer\\RecentDocs", "Details": "Binary Data", "User": "CORP\\j.okafor", "UtcTime": "2024-11-05 08:20:28.000", "Channel": "Microsoft-Windows-Sysmon/Operational", "Computer": "FIN-WIN11-07.corp.northwind.internal"}
{"EventID": 7, "RuleName": "-", "ProcessGuid": "{D807257B-BBED-6AD1-22CA-36BA64236DD2}", "ProcessId": 2460, "Image": "C:\\Windows\\System32\\conhost.exe", "ImageLoaded": "C:\\Windows\\System32\\advapi32.dll", "FileVersion": "10.0.22621.1", "Description": "advapi32.dll", "Product": "Microsoft® Windows® Operating System", "Company": "Microsoft Corporation", "OriginalFileName": "advapi32.dll", "Hashes": "MD5=C410267AEE73627FCC97D458CC07B704,SHA256=710137EDECA7E0959E59CD8930BB80C7ECC16348F711E39436CB57EA45CD1749,IMPHASH=1BA262EF34A4578109B93C297B3F4E5F", "Signed": "true", "Signature": "Microsoft Corporation", "SignatureStatus": "Valid", "User": "NT AUTHORITY\\NETWORK SERVICE", "UtcTime": "2024-11-05 08:20:28.099", "Channel": "Microsoft-Windows-Sysmon/Operational", "Computer": "FIN-WIN11-07.corp.northwind.internal"}
{"EventID": 7, "RuleName": "-", "ProcessGuid": "{D807257B-BBED-6AD1-22CA-36BA64236DD2}", "ProcessId": 2460, "Image": "C:\\Windows\\System32\\conhost.exe", "ImageLoaded": "C:\\Windows\\System32\\user32.dll", "FileVersion": "10.0.22621.1", "Description": "user32.dll", "Product": "Microsoft® Windows® Operating System", "Company": "Microsoft Corporation", "OriginalFileName": "user32.dll", "Hashes": "MD5=95722714424049ED3C6C4AC774230C52,SHA256=37D3EBE4373A04EA276A5B0A04D533A84A0BDCFF861D13C4CA3FFA02E433F57C,IMPHASH=B76EDE99A97920A23A1E388516467EED", "Signed": "true", "Signature": "Microsoft Corporation", "SignatureStatus": "Valid", "User": "NT AUTHORITY\\NETWORK SERVICE", "UtcTime": "2024-11-05 08:20:28.254", "Channel": "Microsoft-Windows-Sysmon/Operational", "Computer": "FIN-WIN11-07.corp.northwind.internal"}
{"EventID": 7, "RuleName": "-", "ProcessGuid": "{D807257B-BBED-6AD1-22CA-36BA64236DD2}", "ProcessId": 2460, "Image": "C:\\Windows\\System32\\conhost.exe", "ImageLoaded": "C:\\Windows\\System32\\wininet.dll", "FileVersion": "10.0.22621.1", "Description": "wininet.dll", "Product": "Microsoft® Windows® Operating System", "Company": "Microsoft Corporation", "OriginalFileName": "wininet.dll", "Hashes": "MD5=86F7A2B3A3CA87EED3EB7A389D1ADC15,SHA256=813C1C6C6F2814355EF6CBFAF302C9E579175B1C0CD6B0B21B83984223E6030C,IMPHASH=9CE291D82729FAE26C904012F386796A", "Signed": "true", "Signature": "Microsoft Corporation", "SignatureStatus": "Valid", "User": "NT AUTHORITY\\NETWORK SERVICE", "UtcTime": "2024-11-05 08:20:28.551", "Channel": "Microsoft-Windows-Sysmon/Operational", "Computer": "FIN-WIN11-07.corp.northwind.internal"}
{"EventID": 3, "RuleName": "-", "ProcessGuid": "{8D1EFC33-E31B-D256-FF6E-F105096FA2E8}", "ProcessId": 916, "Image": "C:\\Windows\\System32\\svchost.exe", "User": "NT AUTHORITY\\NETWORK SERVICE", "Protocol": "tcp", "Initiated": "true", "SourceIsIpv6": "false", "SourceIp": "10.20.14.37", "SourcePort": 63740, "DestinationIsIpv6": "false", "DestinationIp": "20.190.159.73", "DestinationPort": 443, "DestinationHostname": "login.microsoftonline.com", "DestinationPortName": "-", "UtcTime": "2024-11-05 08:20:29.000", "Channel": "Microsoft-Windows-Sysmon/Operational", "Computer": "FIN-WIN11-07.corp.northwind.internal"}
{"EventID": 11, "RuleName": "-", "ProcessGuid": "{796FE29B-14F6-A3DA-0012-838DA87ED7E0}", "ProcessId": 4677, "Image": "C:\\Program Files\\Microsoft Office\\root\\Office16\\OUTLOOK.EXE", "TargetFilename": "C:\\Users\\j.okafor\\AppData\\Roaming\\Microsoft\\Teams\\logs.txt", "CreationUtcTime": "2024-11-05 08:20:29.000", "User": "CORP\\j.okafor", "UtcTime": "2024-11-05 08:20:29.000", "Channel": "Microsoft-Windows-Sysmon/Operational", "Computer": "FIN-WIN11-07.corp.northwind.internal"}
{"EventID": 1, "RuleName": "-", "ProcessGuid": "{038CA862-9E21-6B8E-1834-111D3FA4A939}", "ProcessId": 7228, "Image": "C:\\Windows\\System32\\conhost.exe", "FileVersion": "10.0.22621.1 (WinBuild.160101.0800)", "Description": "conhost.exe", "Product": "Microsoft® Windows® Operating System", "Company": "Microsoft Corporation", "OriginalFileName": "conhost.exe", "CommandLine": "\\??\\C:\\Windows\\system32\\conhost.exe 0x4", "CurrentDirectory": "C:\\Windows\\system32\\", "User": "CORP\\j.okafor", "LogonGuid": "{038CA862-9E21-6B8E-1834-111D3FA4A939}", "LogonId": "0x3f9a21", "TerminalSessionId": 1, "IntegrityLevel": "Medium", "Hashes": "MD5=32874429CF50E04D3AB9C3A4CDF13D62,SHA256=AA03BE48D56288B3C3E98EA99E43843CDF93E54C1A37BA31C1CE8583EEEF5222,IMPHASH=C0DE032A341FF539CE0785067B3AAD01", "ParentProcessGuid": "{FE25F74B-F0B2-ECEE-104F-7C24F82ABA33}", "ParentProcessId": 4012, "ParentImage": "C:\\Windows\\explorer.exe", "ParentCommandLine": "C:\\Windows\\Explorer.EXE", "ParentUser": "CORP\\j.okafor", "UtcTime": "2024-11-05 08:20:30.247", "Channel": "Microsoft-Windows-Sysmon/Operational", "Computer": "FIN-WIN11-07.corp.northwind.internal"}
{"EventID": 7, "RuleName": "-", "ProcessGuid": "{038CA862-9E21-6B8E-1834-111D3FA4A939}", "ProcessId": 7228, "Image": "C:\\Windows\\System32\\conhost.exe", "ImageLoaded": "C:\\Windows\\System32\\rpcrt4.dll", "FileVersion": "10.0.22621.1", "Description": "rpcrt4.dll", "Product": "Microsoft® Windows® Operating System", "Company": "Microsoft Corporation", "OriginalFileName": "rpcrt4.dll", "Hashes": "MD5=9EF24EA4797B2DD0770BB7217AB0D0D1,SHA256=B3C89AFE1AF2BD9189C42840B21566EC7CFCFF421C874ECA26806512D5B66A4F,IMPHASH=AC838DD7D38F3D3BB96F9F194AA534EE", "Signed": "true", "Signature": "Microsoft Corporation", "SignatureStatus": "Valid", "User": "CORP\\j.okafor", "UtcTime": "2024-11-05 08:20:30.624", "Channel": "Microsoft-Windows-Sysmon/Operational", "Computer": "FIN-WIN11-07.corp.northwind.internal"}
{"EventID": 22, "RuleName": "-", "ProcessGuid": "{796FE29B-14F6-A3DA-0012-838DA87ED7E0}", "ProcessId": 4677, "QueryName": "login.microsoftonline.com", "QueryStatus": "0", "QueryResults": "20.190.159.73", "Image": "C:\\Program Files\\Microsoft Office\\root\\Office16\\OUTLOOK.EXE", "User": "CORP\\j.okafor", "UtcTime": "2024-11-05 08:20:31.000", "Channel": "Microsoft-Windows-Sysmon/Operational", "Computer": "FIN-WIN11-07.corp.northwind.internal"}
{"EventID": 22, "RuleName": "-", "ProcessGuid": "{7AA1D7C0-BBB1-E2C6-822D-EE9AAFD09531}", "ProcessId": 6802, "QueryName": "update.code.visualstudio.com", "QueryStatus": "0", "QueryResults": "13.107.42.16", "Image": "C:\\Users\\j.okafor\\AppData\\Local\\Programs\\Microsoft VS Code\\Code.exe", "User": "CORP\\j.okafor", "UtcTime": "2024-11-05 08:20:31.000", "Channel": "Microsoft-Windows-Sysmon/Operational", "Computer": "FIN-WIN11-07.corp.northwind.internal"}
{"EventID": 7, "RuleName": "-", "ProcessGuid": "{038CA862-9E21-6B8E-1834-111D3FA4A939}", "ProcessId": 7228, "Image": "C:\\Windows\\System32\\conhost.exe", "ImageLoaded": "C:\\Windows\\System32\\rpcrt4.dll", "FileVersion": "10.0.22621.1", "Description": "rpcrt4.dll", "Product": "Microsoft® Windows® Operating System", "Company": "Microsoft Corporation", "OriginalFileName": "rpcrt4.dll", "Hashes": "MD5=9EF24EA4797B2DD0770BB7217AB0D0D1,SHA256=B3C89AFE1AF2BD9189C42840B21566EC7CFCFF421C874ECA26806512D5B66A4F,IMPHASH=AC838DD7D38F3D3BB96F9F194AA534EE", "Signed": "true", "Signature": "Microsoft Corporation", "SignatureStatus": "Valid", "User": "CORP\\j.okafor", "UtcTime": "2024-11-05 08:20:31.028", "Channel": "Microsoft-Windows-Sysmon/Operational", "Computer": "FIN-WIN11-07.corp.northwind.internal"}
{"EventID": 3, "RuleName": "-", "ProcessGuid": "{796FE29B-14F6-A3DA-0012-838DA87ED7E0}", "ProcessId": 4677, "Image": "C:\\Program Files\\Microsoft Office\\root\\Office16\\OUTLOOK.EXE", "User": "CORP\\j.okafor", "Protocol": "tcp", "Initiated": "true", "SourceIsIpv6": "false", "SourceIp": "10.20.14.37", "SourcePort": 55514, "DestinationIsIpv6": "false", "DestinationIp": "20.190.159.73", "DestinationPort": 80, "DestinationHostname": "login.microsoftonline.com", "DestinationPortName": "-", "UtcTime": "2024-11-05 08:20:31.072", "Channel": "Microsoft-Windows-Sysmon/Operational", "Computer": "FIN-WIN11-07.corp.northwind.internal"}
{"EventID": 3, "RuleName": "-", "ProcessGuid": "{7AA1D7C0-BBB1-E2C6-822D-EE9AAFD09531}", "ProcessId": 6802, "Image": "C:\\Users\\j.okafor\\AppData\\Local\\Programs\\Microsoft VS Code\\Code.exe", "User": "CORP\\j.okafor", "Protocol": "tcp", "Initiated": "true", "SourceIsIpv6": "false", "SourceIp": "10.20.14.37", "SourcePort": 49529, "DestinationIsIpv6": "false", "DestinationIp": "13.107.42.16", "DestinationPort": 443, "DestinationHostname": "update.code.visualstudio.com", "DestinationPortName": "-", "UtcTime": "2024-11-05 08:20:31.537", "Channel": "Microsoft-Windows-Sysmon/Operational", "Computer": "FIN-WIN11-07.corp.northwind.internal"}
{"EventID": 7, "RuleName": "-", "ProcessGuid": "{E2617918-0450-EA48-4495-4D449D065CF2}", "ProcessId": 6982, "Image": "C:\\Program Files (x86)\\Microsoft\\Edge\\Application\\msedge.exe", "ImageLoaded": "C:\\Windows\\System32\\winhttp.dll", "FileVersion": "10.0.22621.1", "Description": "winhttp.dll", "Product": "Microsoft® Windows® Operating System", "Company": "Microsoft Corporation", "OriginalFileName": "winhttp.dll", "Hashes": "MD5=1CD7A815824DF33A0B00FC25948BB859,SHA256=11CF54D9A3E24F94115C734772A6B21C670D903498186ACA35F285F15869C0BD,IMPHASH=7EDDD38AEA1C1D899C1697F52074850F", "Signed": "true", "Signature": "Microsoft Corporation", "SignatureStatus": "Valid", "User": "CORP\\j.okafor", "UtcTime": "2024-11-05 08:20:32.000", "Channel": "Microsoft-Windows-Sysmon/Operational", "Computer": "FIN-WIN11-07.corp.northwind.internal"}
{"EventID": 22, "RuleName": "-", "ProcessGuid": "{D75BDBDA-4E3A-47F7-F5DF-3731BAB9E2D0}", "ProcessId": 6782, "QueryName": "outlook.office365.com", "QueryStatus": "0", "QueryResults": "52.96.104.34", "Image": "C:\\Program Files\\Google\\Chrome\\Application\\chrome.exe", "User": "CORP\\j.okafor", "UtcTime": "2024-11-05 08:20:32.000", "Channel": "Microsoft-Windows-Sysmon/Operational", "Computer": "FIN-WIN11-07.corp.northwind.internal"}
{"EventID": 3, "RuleName": "-", "ProcessGuid": "{968680C3-E30A-9C04-B98F-1AB0610FEECA}", "ProcessId": 900, "Image": "C:\\Windows\\System32\\svchost.exe", "User": "NT AUTHORITY\\SYSTEM", "Protocol": "tcp", "Initiated": "true", "SourceIsIpv6": "false", "SourceIp": "10.20.14.37", "SourcePort": 56077, "DestinationIsIpv6": "false", "DestinationIp": "151.101.0.223", "DestinationPort": 443, "DestinationHostname": "pypi.org", "DestinationPortName": "-", "UtcTime": "2024-11-05 08:20:32.000", "Channel": "Microsoft-Windows-Sysmon/Operational", "Computer": "FIN-WIN11-07.corp.northwind.internal"}
{"EventID": 3, "RuleName": "-", "ProcessGuid": "{2373C90A-E6AF-36CD-CFAE-E208539B72F0}", "ProcessId": 928, "Image": "C:\\Windows\\System32\\svchost.exe", "User": "NT AUTHORITY\\NETWORK SERVICE", "Protocol": "tcp", "Initiated": "true", "SourceIsIpv6": "false", "SourceIp": "10.20.14.37", "SourcePort": 63401, "DestinationIsIpv6": "false", "DestinationIp": "140.82.113.4", "DestinationPort": 443, "DestinationHostname": "github.com", "DestinationPortName": "-", "UtcTime": "2024-11-05 08:20:32.000", "Channel": "Microsoft-Windows-Sysmon/Operational", "Computer": "FIN-WIN11-07.corp.northwind.internal"}
{"EventID": 11, "RuleName": "-", "ProcessGuid": "{856BE6A9-AED0-D69D-FC68-627A1B28317B}", "ProcessId": 9025, "Image": "C:\\Users\\j.okafor\\AppData\\Local\\Microsoft\\Teams\\current\\Teams.exe", "TargetFilename": "C:\\Users\\j.okafor\\AppData\\Roaming\\Microsoft\\Teams\\logs.txt", "CreationUtcTime": "2024-11-05 08:20:32.000", "User": "CORP\\j.okafor", "UtcTime": "2024-11-05 08:20:32.000", "Channel": "Microsoft-Windows-Sysmon/Operational", "Computer": "FIN-WIN11-07.corp.northwind.internal"}
{"EventID": 3, "RuleName": "-", "ProcessGuid": "{D75BDBDA-4E3A-47F7-F5DF-3731BAB9E2D0}", "ProcessId": 6782, "Image": "C:\\Program Files\\Google\\Chrome\\Application\\chrome.exe", "User": "CORP\\j.okafor", "Protocol": "tcp", "Initiated": "true", "SourceIsIpv6": "false", "SourceIp": "10.20.14.37", "SourcePort": 57794, "DestinationIsIpv6": "false", "DestinationIp": "52.96.104.34", "DestinationPort": 443, "DestinationHostname": "outlook.office365.com", "DestinationPortName": "-", "UtcTime": "2024-11-05 08:20:32.556", "Channel": "Microsoft-Windows-Sysmon/Operational", "Computer": "FIN-WIN11-07.corp.northwind.internal"}
{"EventID": 3, "RuleName": "-", "ProcessGuid": "{70DBEDA6-4436-CD2F-A60E-43C1D89851E1}", "ProcessId": 936, "Image": "C:\\Windows\\System32\\svchost.exe", "User": "NT AUTHORITY\\NETWORK SERVICE", "Protocol": "tcp", "Initiated": "true", "SourceIsIpv6": "false", "SourceIp": "10.20.14.37", "SourcePort": 50852, "DestinationIsIpv6": "false", "DestinationIp": "13.107.42.16", "DestinationPort": 443, "DestinationHostname": "update.code.visualstudio.com", "DestinationPortName": "-", "UtcTime": "2024-11-05 08:20:33.000", "Channel": "Microsoft-Windows-Sysmon/Operational", "Computer": "FIN-WIN11-07.corp.northwind.internal"}
{"EventID": 1, "RuleName": "-", "ProcessGuid": "{3AD31E39-BDD0-E143-D301-BBB223642E64}", "ProcessId": 6584, "Image": "C:\\Windows\\System32\\conhost.exe", "FileVersion": "10.0.22621.1 (WinBuild.160101.0800)", "Description": "conhost.exe", "Product": "Microsoft® Windows® Operating System", "Company": "Microsoft Corporation", "OriginalFileName": "conhost.exe", "CommandLine": "\\??\\C:\\Windows\\system32\\conhost.exe 0x4", "CurrentDirectory": "C:\\Windows\\system32\\", "User": "NT AUTHORITY\\SYSTEM", "LogonGuid": "{3AD31E39-BDD0-E143-D301-BBB223642E64}", "LogonId": "0x3f9a21", "TerminalSessionId": 0, "IntegrityLevel": "System", "Hashes": "MD5=32874429CF50E04D3AB9C3A4CDF13D62,SHA256=AA03BE48D56288B3C3E98EA99E43843CDF93E54C1A37BA31C1CE8583EEEF5222,IMPHASH=C0DE032A341FF539CE0785067B3AAD01", "ParentProcessGuid": "{968680C3-E30A-9C04-B98F-1AB0610FEECA}", "ParentProcessId": 900, "ParentImage": "C:\\Windows\\System32\\svchost.exe", "ParentCommandLine": "C:\\Windows\\system32\\svchost.exe -k DcomLaunch -p", "ParentUser": "NT AUTHORITY\\SYSTEM", "UtcTime": "2024-11-05 08:20:33.226", "Channel": "Microsoft-Windows-Sysmon/Operational", "Computer": "FIN-WIN11-07.corp.northwind.internal"}
{"EventID": 5, "RuleName": "-", "ProcessGuid": "{3FDD527F-2B5F-DBFB-F73E-25873694962D}", "ProcessId": 5352, "Image": "C:\\Windows\\System32\\taskhostw.exe", "User": "NT AUTHORITY\\SYSTEM", "UtcTime": "2024-11-05 08:20:33.469", "Channel": "Microsoft-Windows-Sysmon/Operational", "Computer": "FIN-WIN11-07.corp.northwind.internal"}
{"EventID": 7, "RuleName": "-", "ProcessGuid": "{3AD31E39-BDD0-E143-D301-BBB223642E64}", "ProcessId": 6584, "Image": "C:\\Windows\\System32\\conhost.exe", "ImageLoaded": "C:\\Windows\\System32\\rpcrt4.dll", "FileVersion": "10.0.22621.1", "Description": "rpcrt4.dll", "Product": "Microsoft® Windows® Operating System", "Company": "Microsoft Corporation", "OriginalFileName": "rpcrt4.dll", "Hashes": "MD5=9EF24EA4797B2DD0770BB7217AB0D0D1,SHA256=B3C89AFE1AF2BD9189C42840B21566EC7CFCFF421C874ECA26806512D5B66A4F,IMPHASH=AC838DD7D38F3D3BB96F9F194AA534EE", "Signed": "true", "Signature": "Microsoft Corporation", "SignatureStatus": "Valid", "User": "NT AUTHORITY\\SYSTEM", "UtcTime": "2024-11-05 08:20:33.774", "Channel": "Microsoft-Windows-Sysmon/Operational", "Computer": "FIN-WIN11-07.corp.northwind.internal"}
