{"EventID": 3, "RuleName": "-", "ProcessGuid": "{E2617918-0450-EA48-4495-4D449D065CF2}", "ProcessId": 6982, "Image": "C:\\Program Files (x86)\\Microsoft\\Edge\\Application\\msedge.exe", "User": "CORP\\j.okafor", "Protocol": "tcp", "Initiated": "true", "SourceIsIpv6": "false", "SourceIp": "10.20.14.37", "SourcePort": 60537, "DestinationIsIpv6": "false", "DestinationIp": "23.203.248.58", "DestinationPort": 80, "DestinationHostname": "nvd.nist.gov", "DestinationPortName": "-", "UtcTime": "2024-11-05 08:14:11.132", "Channel": "Microsoft-Windows-Sysmon/Operational", "Computer": "FIN-WIN11-07.corp.northwind.internal"}
{"EventID": 11, "RuleName": "-", "ProcessGuid": "{796FE29B-14F6-A3DA-0012-838DA87ED7E0}", "ProcessId": 4677, "Image": "C:\\Program Files\\Microsoft Office\\root\\Office16\\OUTLOOK.EXE", "TargetFilename": "C:\\Users\\j.okafor\\AppData\\Local\\Microsoft\\Windows\\INetCache\\IE\\cache_39.dat", "CreationUtcTime": "2024-11-05 08:14:12.000", "User": "CORP\\j.okafor", "UtcTime": "2024-11-05 08:14:12.000", "Channel": "Microsoft-Windows-Sysmon/Operational", "Computer": "FIN-WIN11-07.corp.northwind.internal"}
{"EventID": 7, "RuleName": "-", "ProcessGuid": "{856BE6A9-AED0-D69D-FC68-627A1B28317B}", "ProcessId": 9025, "Image": "C:\\Users\\j.okafor\\AppData\\Local\\Microsoft\\Teams\\current\\Teams.exe", "ImageLoaded": "C:\\Windows\\System32\\gdi32.dll", "FileVersion": "10.0.22621.1", "Description": "gdi32.dll", "Product": "Microsoft® Windows® Operating System", "Company": "Microsoft Corporation", "OriginalFileName": "gdi32.dll", "Hashes": "MD5=C65C6F49DC7837D8ADB5C4EDF3B2DDE0,SHA256=F1D72F8DE2B12803E0F918384AE09876D95F73A9ECC32E361931BED381F9F926,IMPHASH=C04A198B98E2034D0C612D60258DEF35", "Signed": "true", "Signature": "Microsoft Corporation", "SignatureStatus": "Valid", "User": "CORP\\j.okafor", "UtcTime": "2024-11-05 08:14:13.000", "Channel": "Microsoft-Windows-Sysmon/Operational", "Computer": "FIN-WIN11-07.corp.northwind.internal"}
{"EventID": 11, "RuleName": "-", "ProcessGuid": "{E2617918-0450-EA48-4495-4D449D065CF2}", "ProcessId": 6982, "Image": "C:\\Program Files (x86)\\Microsoft\\Edge\\Application\\msedge.exe", "TargetFilename": "C:\\Users\\j.okafor\\AppData\\Local\\Temp\\1217.tmp", "CreationUtcTime": "2024-11-05 08:14:13.000", "User": "CORP\\j.okafor", "UtcTime": "2024-11-05 08:14:13.000", "Channel": "Microsoft-Windows-Sysmon/Operational", "Computer": "FIN-WIN11-07.corp.northwind.internal"}
{"EventID": 7, "RuleName": "-", "ProcessGuid": "{796FE29B-14F6-A3DA-0012-838DA87ED7E0}", "ProcessId": 4677, "Image": "C:\\Program Files\\Microsoft Office\\root\\Office16\\OUTLOOK.EXE", "ImageLoaded": "C:\\Windows\\System32\\shcore.dll", "FileVersion": "10.0.22621.1", "Description": "shcore.dll", "Product": "Microsoft® Windows® Operating System", "Company": "Microsoft Corporation", "OriginalFileName": "shcore.dll", "Hashes": "MD5=7707B9A494691A2106EAA088ADC409C7,SHA256=A4758B4425AA2753CD4FC0617E3380149E531F0A644E3D8B859FD5478E7DAC91,IMPHASH=2DA77CA815D35A4F593AEC962A571DA6", "Signed": "true", "Signature": "Microsoft Corporation", "SignatureStatus": "Valid", "User": "CORP\\j.okafor", "UtcTime": "2024-11-05 08:14:15.000", "Channel": "Microsoft-Windows-Sysmon/Operational", "Computer": "FIN-WIN11-07.corp.northwind.internal"}
{"EventID": 7, "RuleName": "-", "ProcessGuid": "{7AA1D7C0-BBB1-E2C6-822D-EE9AAFD09531}", "ProcessId": 6802, "Image": "C:\\Users\\j.okafor\\AppData\\Local\\Programs\\Microsoft VS Code\\Code.exe", "ImageLoaded": "C:\\Windows\\System32\\shcore.dll", "FileVersion": "10.0.22621.1", "Description": "shcore.dll", "Product": "Microsoft® Windows® Operating System", "Company": "Microsoft Corporation", "OriginalFileName": "shcore.dll", "Hashes": "MD5=7707B9A494691A2106EAA088ADC409C7,SHA256=A4758B4425AA2753CD4FC0617E3380149E531F0A644E3D8B859FD5478E7DAC91,IMPHASH=2DA77CA815D35A4F593AEC962A571DA6", "Signed": "true", "Signature": "Microsoft Corporation", "SignatureStatus": "Valid", "User": "CORP\\j.okafor", "UtcTime": "2024-11-05 08:14:15.000", "Channel": "Microsoft-Windows-Sysmon/Operational", "Computer": "FIN-WIN11-07.corp.northwind.internal"}
{"EventID": 11, "RuleName": "-", "ProcessGuid": "{856BE6A9-AED0-D69D-FC68-627A1B28317B}", "ProcessId": 9025, "Image": "C:\\Users\\j.okafor\\AppData\\Local\\Microsoft\\Teams\\current\\Teams.exe", "TargetFilename": "C:\\Users\\j.okafor\\AppData\\Local\\Temp\\8804.tmp", "CreationUtcTime": "2024-11-05 08:14:16.000", "User": "CORP\\j.okafor", "UtcTime": "2024-11-05 08:14:16.000", "Channel": "Microsoft-Windows-Sysmon/Operational", "Computer": "FIN-WIN11-07.corp.northwind.internal"}
{"EventID": 5, "RuleName": "-", "ProcessGuid": "{CB44590D-AE7C-BECF-7414-9FCA302ACF96}", "ProcessId": 4446, "Image": "C:\\Windows\\System32\\conhost.exe", "User": "NT AUTHORITY\\NETWORK SERVICE", "UtcTime": "2024-11-05 08:14:16.321", "Channel": "Microsoft-Windows-Sysmon/Operational", "Computer": "FIN-WIN11-07.corp.northwind.internal"}
{"EventID": 3, "RuleName": "-", "ProcessGuid": "{8D1EFC33-E31B-D256-FF6E-F105096FA2E8}", "ProcessId": 916, "Image": "C:\\Windows\\System32\\svchost.exe", "User": "NT AUTHORITY\\NETWORK SERVICE", "Protocol": "tcp", "Initiated": "true", "SourceIsIpv6": "false", "SourceIp": "10.20.14.37", "SourcePort": 52589, "DestinationIsIpv6": "false", "DestinationIp": "23.35.229.160", "DestinationPort": 443, "DestinationHostname": "crl.microsoft.com", "DestinationPortName": "-", "UtcTime": "2024-11-05 08:14:17.000", "Channel": "Microsoft-Windows-Sysmon/Operational", "Computer": "FIN-WIN11-07.corp.northwind.internal"}
{"EventID": 3, "RuleName": "-", "ProcessGuid": "{2373C90A-E6AF-36CD-CFAE-E208539B72F0}", "ProcessId": 928, "Image": "C:\\Windows\\System32\\svchost.exe", "User": "NT AUTHORITY\\NETWORK SERVICE", "Protocol": "tcp", "Initiated": "true", "SourceIsIpv6": "false", "SourceIp": "10.20.14.37", "SourcePort": 54257, "DestinationIsIpv6": "false", "DestinationIp": "13.107.42.16", "DestinationPort": 443, "DestinationHostname": "update.code.visualstudio.com", "DestinationPortName": "-", "UtcTime": "2024-11-05 08:14:18.000", "Channel": "Microsoft-Windows-Sysmon/Operational", "Computer": "FIN-WIN11-07.corp.northwind.internal"}
{"EventID": 13, "RuleName": "-", "EventType": "SetValue", "ProcessGuid": "{49C3F86C-19AD-FB4F-C743-9876996767D6}", "ProcessId": 912, "Image": "C:\\Windows\\System32\\svchost.exe", "TargetObject": "HKLM\\SYSTEM\\CurrentControlSet\\Services\\bam\\State\\UserSettings", "Details": "Binary Data", "User": "NT AUTHORITY\\LOCAL SERVICE", "UtcTime": "2024-11-05 08:14:19.000", "Channel": "Microsoft-Windows-Sysmon/Operational", "Computer": "FIN-WIN11-07.corp.northwind.internal"}
{"EventID": 7, "RuleName": "-", "ProcessGuid": "{D75BDBDA-4E3A-47F7-F5DF-3731BAB9E2D0}", "ProcessId": 6782, "Image": "C:\\Program Files\\Google\\Chrome\\Application\\chrome.exe", "ImageLoaded": "C:\\Windows\\System32\\user32.dll", "FileVersion": "10.0.22621.1", "Description": "user32.dll", "Product": "Microsoft® Windows® Operating System", "Company": "Microsoft Corporation", "OriginalFileName": "user32.dll", "Hashes": "MD5=95722714424049ED3C6C4AC774230C52,SHA256=37D3EBE4373A04EA276A5B0A04D533A84A0BDCFF861D13C4CA3FFA02E433F57C,IMPHASH=B76EDE99A97920A23A1E388516467EED", "Signed": "true", "Signature": "Microsoft Corporation", "SignatureStatus": "Valid", "User": "CORP\\j.okafor", "UtcTime": "2024-11-05 08:14:20.000", "Channel": "Microsoft-Windows-Sysmon/Operational", "Computer": "FIN-WIN11-07.corp.northwind.internal"}
{"EventID": 3, "RuleName": "-", "ProcessGuid": "{B74A351C-3793-2B5C-A7E7-38F7328A81D5}", "ProcessId": 924, "Image": "C:\\Windows\\System32\\svchost.exe", "User": "NT AUTHORITY\\SYSTEM", "Protocol": "tcp", "Initiated": "true", "SourceIsIpv6": "false", "SourceIp": "10.20.14.37", "SourcePort": 51778, "DestinationIsIpv6": "false", "DestinationIp": "140.82.113.4", "DestinationPort": 443, "DestinationHostname": "github.com", "DestinationPortName": "-", "UtcTime": "2024-11-05 08:14:20.000", "Channel": "Microsoft-Windows-Sysmon/Operational", "Computer": "FIN-WIN11-07.corp.northwind.internal"}
{"EventID": 13, "RuleName": "-", "EventType": "SetValue", "ProcessGuid": "{676D6033-C919-357D-55B1-B3DABE2088FA}", "ProcessId": 904, "Image": "C:\\Windows\\System32\\svchost.exe", "TargetObject": "HKU\\S-1-5-21-99\\Software\\Google\\Chrome\\PreferenceMACs", "Details": "Binary Data", "User": "NT AUTHORITY\\NETWORK SERVICE", "UtcTime": "2024-11-05 08:14:20.000", "Channel": "Microsoft-Windows-Sysmon/Operational", "Computer": "FIN-WIN11-07.corp.northwind.internal"}
{"EventID": 13, "RuleName": "-", "EventType": "SetValue", "ProcessGuid": "{677C31FB-51D8-1217-52E7-B32951574873}", "ProcessId": 908, "Image": "C:\\Windows\\System32\\svchost.exe", "TargetObject": "HKU\\S-1-5-21-99\\Software\\Microsoft\\Windows\\CurrentVersion\\Explorer\\RecentDocs", "Details": "Binary Data", "User": "NT AUTHORITY\\SYSTEM", "UtcTime": "2024-11-05 08:14:20.000", "Channel": "Microsoft-Windows-Sysmon/Operational", "Computer": "FIN-WIN11-07.corp.northwind.internal"}
{"EventID": 1, "RuleName": "-", "ProcessGuid": "{4455BD87-8E04-94A8-05C1-91526300121B}", "ProcessId": 6715, "Image": "C:\\Program Files\\Google\\Chrome\\Application\\chrome.exe", "FileVersion": "10.0.22621.1 (WinBuild.160101.0800)", "Description": "chrome.exe", "Product": "Microsoft® Windows® Operating System", "Company": "Microsoft Corporation", "OriginalFileName": "chrome.exe", "CommandLine": "\"C:\\Program Files\\Google\\Chrome\\Application\\chrome.exe\" --type=gpu-process --lang=en-US", "CurrentDirectory": "C:\\Users\\j.okafor\\", "User": "CORP\\j.okafor", "LogonGuid": "{4455BD87-8E04-94A8-05C1-91526300121B}", "LogonId": "0x3f9a21", "TerminalSessionId": 1, "IntegrityLevel": "Medium", "Hashes": "MD5=43D5D300D710001CC331581C761169FB,SHA256=B98A42E7E75A66429BF21F48D54033A6083EAF101BD296B5FE5A63134C2B6565,IMPHASH=7E1BB5052CA27D2F6966A385BEE943A3", "ParentProcessGuid": "{D75BDBDA-4E3A-47F7-F5DF-3731BAB9E2D0}", "ParentProcessId": 6782, "ParentImage": "C:\\Program Files\\Google\\Chrome\\Application\\chrome.exe", "ParentCommandLine": "\"C:\\Program Files\\Google\\Chrome\\Application\\chrome.exe\"", "ParentUser": "CORP\\j.okafor", "UtcTime": "2024-11-05 08:14:22.000", "Channel": "Microsoft-Windows-Sysmon/Operational", "Computer": "FIN-WIN11-07.corp.northwind.internal"}
{"EventID": 7, "RuleName": "-", "ProcessGuid": "{D75BDBDA-4E3A-47F7-F5DF-3731BAB9E2D0}", "ProcessId": 6782, "Image": "C:\\Program Files\\Google\\Chrome\\Application\\chrome.exe", "ImageLoaded": "C:\\Windows\\System32\\crypt32.dll", "FileVersion": "10.0.22621.1", "Description": "crypt32.dll", "Product": "Microsoft® Windows® Operating System", "Company": "Microsoft Corporation", "OriginalFileName": "crypt32.dll", "Hashes": "MD5=2C9AC0BA41556865BDA9F69F855490F5,SHA256=FE9D19718BC80D9898EDE8DD5F12FC6443D27CBDDC4E8F95879B295C1ADB9926,IMPHASH=3CAC074585050F4B842ED7790F75AD92", "Signed": "true", "Signature": "Microsoft Corporation", "SignatureStatus": "Valid", "User": "CORP\\j.okafor", "UtcTime": "2024-11-05 08:14:26.000", "Channel": "Microsoft-Windows-Sysmon/Operational", "Computer": "FIN-WIN11-07.corp.northwind.internal"}
{"EventID": 3, "RuleName": "-", "ProcessGuid": "{49C3F86C-19AD-FB4F-C743-9876996767D6}", "ProcessId": 912, "Image": "C:\\Windows\\System32\\svchost.exe", "User": "NT AUTHORITY\\LOCAL SERVICE", "Protocol": "tcp", "Initiated": "true", "SourceIsIpv6": "false", "SourceIp": "10.20.14.37", "SourcePort": 56133, "DestinationIsIpv6": "false", "DestinationIp": "20.190.159.73", "DestinationPort": 443, "DestinationHostname": "login.microsoftonline.com", "DestinationPortName": "-", "UtcTime": "2024-11-05 08:14:26.000", "Channel": "Microsoft-Windows-Sysmon/Operational", "Computer": "FIN-WIN11-07.corp.northwind.internal"}
{"EventID": 13, "RuleName": "-", "EventType": "SetValue", "ProcessGuid": "{D75BDBDA-4E3A-47F7-F5DF-3731BAB9E2D0}", "ProcessId": 6782, "Image": "C:\\Program Files\\Google\\Chrome\\Application\\chrome.exe", "TargetObject": "HKU\\S-1-5-21-99\\Software\\Microsoft\\Windows\\CurrentVersion\\Explorer\\RecentDocs", "Details": "Binary Data", "User": "CORP\\j.okafor", "UtcTime": "2024-11-05 08:14:26.000", "Channel": "Microsoft-Windows-Sysmon/Operational", "Computer": "FIN-WIN11-07.corp.northwind.internal"}
{"EventID": 22, "RuleName": "-", "ProcessGuid": "{7AA1D7C0-BBB1-E2C6-822D-EE9AAFD09531}", "ProcessId": 6802, "QueryName": "clients2.google.com", "QueryStatus": "0", "QueryResults": "172.217.16.174", "Image": "C:\\Users\\j.okafor\\AppData\\Local\\Programs\\Microsoft VS Code\\Code.exe", "User": "CORP\\j.okafor", "UtcTime": "2024-11-05 08:14:28.000", "Channel": "Microsoft-Windows-Sysmon/Operational", "Computer": "FIN-WIN11-07.corp.northwind.internal"}
{"EventID": 3, "RuleName": "-", "ProcessGuid": "{7AA1D7C0-BBB1-E2C6-822D-EE9AAFD09531}", "ProcessId": 6802, "Image": "C:\\Users\\j.okafor\\AppData\\Local\\Programs\\Microsoft VS Code\\Code.exe", "User": "CORP\\j.okafor", "Protocol": "tcp", "Initiated": "true", "SourceIsIpv6": "false", "SourceIp": "10.20.14.37", "SourcePort": 56559, "DestinationIsIpv6": "false", "DestinationIp": "172.217.16.174", "DestinationPort": 443, "DestinationHostname": "clients2.google.com", "DestinationPortName": "-", "UtcTime": "2024-11-05 08:14:28.381", "Channel": "Microsoft-Windows-Sysmon/Operational", "Computer": "FIN-WIN11-07.corp.northwind.internal"}
{"EventID": 22, "RuleName": "-", "ProcessGuid": "{7AA1D7C0-BBB1-E2C6-822D-EE9AAFD09531}", "ProcessId": 6802, "QueryName": "github.com", "QueryStatus": "0", "QueryResults": "140.82.113.4", "Image": "C:\\Users\\j.okafor\\AppData\\Local\\Programs\\Microsoft VS Code\\Code.exe", "User": "CORP\\j.okafor", "UtcTime": "2024-11-05 08:14:29.000", "Channel": "Microsoft-Windows-Sysmon/Operational", "Computer": "FIN-WIN11-07.corp.northwind.internal"}
{"EventID": 3, "RuleName": "-", "ProcessGuid": "{7AA1D7C0-BBB1-E2C6-822D-EE9AAFD09531}", "ProcessId": 6802, "Image": "C:\\Users\\j.okafor\\AppData\\Local\\Programs\\Microsoft VS Code\\Code.exe", "User": "CORP\\j.okafor", "Protocol": "tcp", "Initiated": "true", "SourceIsIpv6": "false", "SourceIp": "10.20.14.37", "SourcePort": 53981, "DestinationIsIpv6": "false", "DestinationIp": "140.82.113.4", "DestinationPort": 80, "DestinationHostname": "github.com", "DestinationPortName": "-", "UtcTime": "2024-11-05 08:14:29.202", "Channel": "Microsoft-Windows-Sysmon/Operational", "Computer": "FIN-WIN11-07.corp.northwind.internal"}
{"EventID": 7, "RuleName": "-", "ProcessGuid": "{796FE29B-14F6-A3DA-0012-838DA87ED7E0}", "ProcessId": 4677, "Image": "C:\\Program Files\\Microsoft Office\\root\\Office16\\OUTLOOK.EXE", "ImageLoaded": "C:\\Windows\\System32\\crypt32.dll", "FileVersion": "10.0.22621.1", "Description": "crypt32.dll", "Product": "Microsoft® Windows® Operating System", "Company": "Microsoft Corporation", "OriginalFileName": "crypt32.dll", "Hashes": "MD5=2C9AC0BA41556865BDA9F69F855490F5,SHA256=FE9D19718BC80D9898EDE8DD5F12FC6443D27CBDDC4E8F95879B295C1ADB9926,IMPHASH=3CAC074585050F4B842ED7790F75AD92", "Signed": "true", "Signature": "Microsoft Corporation", "SignatureStatus": "Valid", "User": "CORP\\j.okafor", "UtcTime": "2024-11-05 08:14:31.000", "Channel": "Microsoft-Windows-Sysmon/Operational", "Computer": "FIN-WIN11-07.corp.northwind.internal"}
{"EventID": 22, "RuleName": "-", "ProcessGuid": "{796FE29B-14F6-A3DA-0012-838DA87ED7E0}", "ProcessId": 4677, "QueryName": "crl.microsoft.com", "QueryStatus": "0", "QueryResults": "23.35.229.160", "Image": "C:\\Program Files\\Microsoft Office\\root\\Office16\\OUTLOOK.EXE", "User": "CORP\\j.okafor", "UtcTime": "2024-11-05 08:14:32.000", "Channel": "Microsoft-Windows-Sysmon/Operational", "Computer": "FIN-WIN11-07.corp.northwind.internal"}
{"EventID": 3, "RuleName": "-", "ProcessGuid": "{796FE29B-14F6-A3DA-0012-838DA87ED7E0}", "ProcessId": 4677, "Image": "C:\\Program Files\\Microsoft Office\\root\\Office16\\OUTLOOK.EXE", "User": "CORP\\j.okafor", "Protocol": "tcp", "Initiated": "true", "SourceIsIpv6": "false", "SourceIp": "10.20.14.37", "SourcePort": 57589, "DestinationIsIpv6": "false", "DestinationIp": "23.35.229.160", "DestinationPort": 80, "DestinationHostname": "crl.microsoft.com", "DestinationPortName": "-", "UtcTime": "2024-11-05 08:14:32.091", "Channel": "Microsoft-Windows-Sysmon/Operational", "Computer": "FIN-WIN11-07.corp.northwind.internal"}
{"EventID": 7, "RuleName": "-", "ProcessGuid": "{E2617918-0450-EA48-4495-4D449D065CF2}", "ProcessId": 6982, "Image": "C:\\Program Files (x86)\\Microsoft\\Edge\\Application\\msedge.exe", "ImageLoaded": "C:\\Windows\\System32\\wininet.dll", "FileVersion": "10.0.22621.1", "Description": "wininet.dll", "Product": "Microsoft® Windows® Operating System", "Company": "Microsoft Corporation", "OriginalFileName": "wininet.dll", "Hashes": "MD5=86F7A2B3A3CA87EED3EB7A389D1ADC15,SHA256=813C1C6C6F2814355EF6CBFAF302C9E579175B1C0CD6B0B21B83984223E6030C,IMPHASH=9CE291D82729FAE26C904012F386796A", "Signed": "true", "Signature": "Microsoft Corporation", "SignatureStatus": "Valid", "User": "CORP\\j.okafor", "UtcTime": "2024-11-05 08:14:33.000", "Channel": "Microsoft-Windows-Sysmon/Operational", "Computer": "FIN-WIN11-07.corp.northwind.internal"}
{"EventID": 7, "RuleName": "-", "ProcessGuid": "{E2617918-0450-EA48-4495-4D449D065CF2}", "ProcessId": 6982, "Image": "C:\\Program Files (x86)\\Microsoft\\Edge\\Application\\msedge.exe", "ImageLoaded": "C:\\Windows\\System32\\rpcrt4.dll", "FileVersion": "10.0.22621.1", "Description": "rpcrt4.dll", "Product": "Microsoft® Windows® Operating System", "Company": "Microsoft Corporation", "OriginalFileName": "rpcrt4.dll", "Hashes": "MD5=9EF24EA4797B2DD0770BB7217AB0D0D1,SHA256=B3C89AFE1AF2BD9189C42840B21566EC7CFCFF421C874ECA26806512D5B66A4F,IMPHASH=AC838DD7D38F3D3BB96F9F194AA534EE", "Signed": "true", "Signature": "Microsoft Corporation", "SignatureStatus": "Valid", "User": "CORP\\j.okafor", "UtcTime": "2024-11-05 08:14:34.000", "Channel": "Microsoft-Windows-Sysmon/Operational", "Computer": "FIN-WIN11-07.corp.northwind.internal"}
{"EventID": 7, "RuleName": "-", "ProcessGuid": "{D75BDBDA-4E3A-47F7-F5DF-3731BAB9E2D0}", "ProcessId": 6782, "Image": "C:\\Program Files\\Google\\Chrome\\Application\\chrome.exe", "ImageLoaded": "C:\\Windows\\System32\\ntdll.dll", "FileVersion": "10.0.22621.1", "Description": "ntdll.dll", "Product": "Microsoft® Windows® Operating System", "Company": "Microsoft Corporation", "OriginalFileName": "ntdll.dll", "Hashes": "MD5=00D56D6B13A6F8F705071FD1E509602A,SHA256=10A7949A67B3658998DA2966045490E09CA516C0DBDCDCAAC9D1FC61849E35DE,IMPHASH=1432B204E543E79B50DE359A7F163F26", "Signed": "true", "Signature": "Microsoft Corporation", "SignatureStatus": "Valid", "User": "CORP\\j.okafor", "UtcTime": "2024-11-05 08:14:35.000", "Channel": "Microsoft-Windows-Sysmon/Operational", "Computer": "FIN-WIN11-07.corp.northwind.internal"}
{"EventID": 7, "RuleName": "-", "ProcessGuid": "{7AA1D7C0-BBB1-E2C6-822D-EE9AAFD09531}", "ProcessId": 6802, "Image": "C:\\Users\\j.okafor\\AppData\\Local\\Programs\\Microsoft VS Code\\Code.exe", "ImageLoaded": "C:\\Windows\\System32\\ole32.dll", "FileVersion": "10.0.22621.1", "Description": "ole32.dll", "Product": "Microsoft® Windows® Operating System", "Company": "Microsoft Corporation", "OriginalFileName": "ole32.dll", "Hashes": "MD5=F0BE416B51C5FB47AB11724010BC0552,SHA256=F245FE196BF4E32347EB826671DBFA2AE75FC0F73E3DDDD0ED96FA97ED29A527,IMPHASH=31BD25CFB290FD2A8F9272465EA53EB4", "Signed": "true", "Signature": "Microsoft Corporation", "SignatureStatus": "Valid", "User": "CORP\\j.okafor", "UtcTime": "2024-11-05 08:14:35.000", "Channel": "Microsoft-Windows-Sysmon/Operational", "Computer": "FIN-WIN11-07.corp.northwind.internal"}
{"EventID": 1, "RuleName": "-", "ProcessGuid": "{ABD70EB9-3403-A272-7E29-09CD8EBBBC60}", "ProcessId": 7900, "Image": "C:\\Program Files\\Google\\Chrome\\Application\\chrome.exe", "FileVersion": "10.0.22621.1 (WinBuild.160101.0800)", "Description": "chrome.exe", "Product": "Microsoft® Windows® Operating System", "Company": "Microsoft Corporation", "OriginalFileName": "chrome.exe", "CommandLine": "\"C:\\Program Files\\Google\\Chrome\\Application\\chrome.exe\" --type=renderer --lang=en-US", "CurrentDirectory": "C:\\Users\\j.okafor\\", "User": "CORP\\j.okafor", "LogonGuid": "{ABD70EB9-3403-A272-7E29-09CD8EBBBC60}", "LogonId": "0x3f9a21", "TerminalSessionId": 1, "IntegrityLevel": "Medium", "Hashes": "MD5=43D5D300D710001CC331581C761169FB,SHA256=B98A42E7E75A66429BF21F48D54033A6083EAF101BD296B5FE5A63134C2B6565,IMPHASH=7E1BB5052CA27D2F6966A385BEE943A3", "ParentProcessGuid": "{D75BDBDA-4E3A-47F7-F5DF-3731BAB9E2D0}", "ParentProcessId": 6782, "ParentImage": "C:\\Program Files\\Google\\Chrome\\Application\\chrome.exe", "ParentCommandLine": "\"C:\\Program Files\\Google\\Chrome\\Application\\chrome.exe\"", "ParentUser": "CORP\\j.okafor", "UtcTime": "2024-11-05 08:14:36.000", "Channel": "Microsoft-Windows-Sysmon/Operational", "Computer": "FIN-WIN11-07.corp.northwind.internal"}
{"EventID": 1, "RuleName": "-", "ProcessGuid": "{4A0772AC-2683-58DF-8619-FB1C22D2004A}", "ProcessId": 3955, "Image": "C:\\Program Files (x86)\\Microsoft\\Edge\\Application\\msedge.exe", "FileVersion": "10.0.22621.1 (WinBuild.160101.0800)", "Description": "msedge.exe", "Product": "Microsoft® Windows® Operating System", "Company": "Microsoft Corporation", "OriginalFileName": "msedge.exe", "CommandLine": "\"C:\\Program Files (x86)\\Microsoft\\Edge\\Application\\msedge.exe\" --type=renderer --lang=en-US", "CurrentDirectory": "C:\\Users\\j.okafor\\", "User": "CORP\\j.okafor", "LogonGuid": "{4A0772AC-2683-58DF-8619-FB1C22D2004A}", "LogonId": "0x3f9a21", "TerminalSessionId": 1, "IntegrityLevel": "Medium", "Hashes": "MD5=D015C9902F2B501FD9C3BBEB657D20F8,SHA256=0647CF87E7E9C48A3365BA6027B5198CA2AF39BDA170D95B22AD6FF01B04E2A8,IMPHASH=BF1413DFD741253BD104D08C03AEB160", "ParentProcessGuid": "{E2617918-0450-EA48-4495-4D449D065CF2}", "ParentProcessId": 6982, "ParentImage": "C:\\Program Files (x86)\\Microsoft\\Edge\\Application\\msedge.exe", "ParentCommandLine": "\"C:\\Program Files (x86)\\Microsoft\\Edge\\Application\\msedge.exe\"", "ParentUser": "CORP\\j.okafor", "UtcTime": "2024-11-05 08:14:37.000", "Channel": "Microsoft-Windows-Sysmon/Operational", "Computer": "FIN-WIN11-07.corp.northwind.internal"}
{"EventID": 13, "RuleName": "-", "EventType": "SetValue", "ProcessGuid": "{B74A351C-3793-2B5C-A7E7-38F7328A81D5}", "ProcessId": 924, "Image": "C:\\Windows\\System32\\svchost.exe", "TargetObject": "HKU\\S-1-5-21-99\\Software\\Google\\Chrome\\PreferenceMACs", "Details": "Binary Data", "User": "NT AUTHORITY\\SYSTEM", "UtcTime": "2024-11-05 08:14:37.000", "Channel": "Microsoft-Windows-Sysmon/Operational", "Computer": "FIN-WIN11-07.corp.northwind.internal"}
{"EventID": 1, "RuleName": "-", "ProcessGuid": "{749A572F-5F7C-9673-FAAE-60BBCC30C040}", "ProcessId": 2632, "Image": "C:\\Windows\\System32\\conhost.exe", "FileVersion": "10.0.22621.1 (WinBuild.160101.0800)", "Description": "conhost.exe", "Product": "Microsoft® Windows® Operating System", "Company": "Microsoft Corporation", "OriginalFileName": "conhost.exe", "CommandLine": "\\??\\C:\\Windows\\system32\\conhost.exe 0x4", "CurrentDirectory": "C:\\Windows\\system32\\", "User": "NT AUTHORITY\\NETWORK SERVICE", "LogonGuid": "{749A572F-5F7C-9673-FAAE-60BBCC30C040}", "LogonId": "0x3f9a21", "TerminalSessionId": 0, "IntegrityLevel": "System", "Hashes": "MD5=32874429CF50E04D3AB9C3A4CDF13D62,SHA256=AA03BE48D56288B3C3E98EA99E43843CDF93E54C1A37BA31C1CE8583EEEF5222,IMPHASH=C0DE032A341FF539CE0785067B3AAD01", "ParentProcessGuid": "{AA7FD302-FB6B-B79E-6AA9-CE312DBD94F1}", "ParentProcessId": 920, "ParentImage": "C:\\Windows\\System32\\svchost.exe", "ParentCommandLine": "C:\\Windows\\system32\\svchost.exe -k termsvcs", "ParentUser": "NT AUTHORITY\\NETWORK SERVICE", "UtcTime": "2024-11-05 08:14:38.410", "Channel": "Microsoft-Windows-Sysmon/Operational", "Computer": "FIN-WIN11-07.corp.northwind.internal"}
{"EventID": 7, "RuleName": "-", "ProcessGuid": "{749A572F-5F7C-9673-FAAE-60BBCC30C040}", "ProcessId": 2632, "Image": "C:\\Windows\\System32\\conhost.exe", "ImageLoaded": "C:\\Windows\\System32\\ole32.dll", "FileVersion": "10.0.22621.1", "Description": "ole32.dll", "Product": "Microsoft® Windows® Operating System", "Company": "Microsoft Corporation", "OriginalFileName": "ole32.dll", "Hashes": "MD5=F0BE416B51C5FB47AB11724010BC0552,SHA256=F245FE196BF4E32347EB826671DBFA2AE75FC0F73E3DDDD0ED96FA97ED29A527,IMPHASH=31BD25CFB290FD2A8F9272465EA53EB4", "Signed": "true", "Signature": "Microsoft Corporation", "SignatureStatus": "Valid", "User": "NT AUTHORITY\\NETWORK SERVICE", "UtcTime": "2024-11-05 08:14:38.982", "Channel": "Microsoft-Windows-Sysmon/Operational", "Computer": "FIN-WIN11-07.corp.northwind.internal"}
{"EventID": 1, "RuleName": "-", "ProcessGuid": "{777F536F-5C29-6F38-16F9-02B88B5E4623}", "ProcessId": 7397, "Image": "C:\\Program Files (x86)\\Microsoft\\Edge\\Application\\msedge.exe", "FileVersion": "10.0.22621.1 (WinBuild.160101.0800)", "Description": "msedge.exe", "Product": "Microsoft® Windows® Operating System", "Company": "Microsoft Corporation", "OriginalFileName": "msedge.exe", "CommandLine": "\"C:\\Program Files (x86)\\Microsoft\\Edge\\Application\\msedge.exe\" --type=gpu-process --lang=en-US", "CurrentDirectory": "C:\\Users\\j.okafor\\", "User": "CORP\\j.okafor", "LogonGuid": "{777F536F-5C29-6F38-16F9-02B88B5E4623}", "LogonId": "0x3f9a21", "TerminalSessionId": 1, "IntegrityLevel": "Medium", "Hashes": "MD5=D015C9902F2B501FD9C3BBEB657D20F8,SHA256=0647CF87E7E9C48A3365BA6027B5198CA2AF39BDA170D95B22AD6FF01B04E2A8,IMPHASH=BF1413DFD741253BD104D08C03AEB160", "ParentProcessGuid": "{E2617918-0450-EA48-4495-4D449D065CF2}", "ParentProcessId": 6982, "ParentImage": "C:\\Program Files (x86)\\Microsoft\\Edge\\Application\\msedge.exe", "ParentCommandLine": "\"C:\\Program Files (x86)\\Microsoft\\Edge\\Application\\msedge.exe\"", "ParentUser": "CORP\\j.okafor", "UtcTime": "2024-11-05 08:14:40.000", "Channel": "Microsoft-Windows-Sysmon/Operational", "Computer": "FIN-WIN11-07.corp.northwind.internal"}
{"EventID": 22, "RuleName": "-", "ProcessGuid": "{856BE6A9-AED0-D69D-FC68-627A1B28317B}", "ProcessId": 9025, "QueryName": "github.com", "QueryStatus": "0", "QueryResults": "140.82.113.4", "Image": "C:\\Users\\j.okafor\\AppData\\Local\\Microsoft\\Teams\\current\\Teams.exe", "User": "CORP\\j.okafor", "UtcTime": "2024-11-05 08:14:45.000", "Channel": "Microsoft-Windows-Sysmon/Operational", "Computer": "FIN-WIN11-07.corp.northwind.internal"}
{"EventID": 3, "RuleName": "-", "ProcessGuid": "{856BE6A9-AED0-D69D-FC68-627A1B28317B}", "ProcessId": 9025, "Image": "C:\\Users\\j.okafor\\AppData\\Local\\Microsoft\\Teams\\current\\Teams.exe", "User": "CORP\\j.okafor", "Protocol": "tcp", "Initiated": "true", "SourceIsIpv6": "false", "SourceIp": "10.20.14.37", "SourcePort": 63474, "DestinationIsIpv6": "false", "DestinationIp": "140.82.113.4", "DestinationPort": 443, "DestinationHostname": "github.com", "DestinationPortName": "-", "UtcTime": "2024-11-05 08:14:45.219", "Channel": "Microsoft-Windows-Sysmon/Operational", "Computer": "FIN-WIN11-07.corp.northwind.internal"}
{"EventID": 1, "RuleName": "-", "ProcessGuid": "{CAF4C51B-0344-4631-7113-02155C70F7DD}", "ProcessId": 6617, "Image": "C:\\Program Files\\Google\\Chrome\\Application\\chrome.exe", "FileVersion": "10.0.22621.1 (WinBuild.160101.0800)", "Description": "chrome.exe", "Product": "Microsoft® Windows® Operating System", "Company": "Microsoft Corporation", "OriginalFileName": "chrome.exe", "CommandLine": "\"C:\\Program Files\\Google\\Chrome\\Application\\chrome.exe\" --type=renderer --lang=en-US", "CurrentDirectory": "C:\\Users\\j.okafor\\", "User": "CORP\\j.okafor", "LogonGuid": "{CAF4C51B-0344-4631-7113-02155C70F7DD}", "LogonId": "0x3f9a21", "TerminalSessionId": 1, "IntegrityLevel": "Medium", "Hashes": "MD5=43D5D300D710001CC331581C761169FB,SHA256=B98A42E7E75A66429BF21F48D54033A6083EAF101BD296B5FE5A63134C2B6565,IMPHASH=7E1BB5052CA27D2F6966A385BEE943A3", "ParentProcessGuid": "{D75BDBDA-4E3A-47F7-F5DF-3731BAB9E2D0}", "ParentProcessId": 6782, "ParentImage": "C:\\Program Files\\Google\\Chrome\\Application\\chrome.exe", "ParentCommandLine": "\"C:\\Program Files\\Google\\Chrome\\Application\\chrome.exe\"", "ParentUser": "CORP\\j.okafor", "UtcTime": "2024-11-05 08:14:48.000", "Channel": "Microsoft-Windows-Sysmon/Operational", "Computer": "FIN-WIN11-07.corp.northwind.internal"}
{"EventID": 1, "RuleName": "-", "ProcessGuid": "{54018556-65CD-252B-F1EB-1ED980E76F0E}", "ProcessId": 3654, "Image": "C:\\Program Files (x86)\\Google\\Update\\GoogleUpdate.exe", "FileVersion": "10.0.22621.1 (WinBuild.160101.0800)", "Description": "GoogleUpdate.exe", "Product": "Microsoft® Windows® Operating System", "Company": "Microsoft Corporation", "OriginalFileName": "GoogleUpdate.exe", "CommandLine": "\"C:\\Program Files (x86)\\Google\\Update\\GoogleUpdate.exe\" /ua /installsource scheduler", "CurrentDirectory": "C:\\Windows\\system32\\", "User": "NT AUTHORITY\\SYSTEM", "LogonGuid": "{54018556-65CD-252B-F1EB-1ED980E76F0E}", "LogonId": "0x3f9a21", "TerminalSessionId": 0, "IntegrityLevel": "System", "Hashes": "MD5=56AD116E4950A5DF2E0682B5CD05C3E0,SHA256=84D87D45045DA22DFBF5EA7E16E1D9108F89286FB583754CFFAB97501B4A79A7,IMPHASH=2AA1C6662BD046B49F21AC2A722B7E15", "ParentProcessGuid": "{968680C3-E30A-9C04-B98F-1AB0610FEECA}", "ParentProcessId": 900, "ParentImage": "C:\\Windows\\System32\\svchost.exe", "ParentCommandLine": "C:\\Windows\\system32\\svchost.exe -k DcomLaunch -p", "ParentUser": "NT AUTHORITY\\SYSTEM", "UtcTime": "2024-11-05 08:14:48.000", "Channel": "Microsoft-Windows-Sysmon/Operational", "Computer": "FIN-WIN11-07.corp.northwind.internal"}
{"EventID": 3, "RuleName": "-", "ProcessGuid": "{54018556-65CD-252B-F1EB-1ED980E76F0E}", "ProcessId": 3654, "Image": "C:\\Program Files (x86)\\Google\\Update\\GoogleUpdate.exe", "User": "NT AUTHORITY\\SYSTEM", "Protocol": "tcp", "Initiated": "true", "SourceIsIpv6": "false", "SourceIp": "10.20.14.37", "SourcePort": 52859, "DestinationIsIpv6": "false", "DestinationIp": "142.250.72.131", "DestinationPort": 443, "DestinationHostname": "update.googleapis.com", "DestinationPortName": "-", "UtcTime": "2024-11-05 08:14:49.000", "Channel": "Microsoft-Windows-Sysmon/Operational", "Computer": "FIN-WIN11-07.corp.northwind.internal"}
{"EventID": 7, "RuleName": "-", "ProcessGuid": "{796FE29B-14F6-A3DA-0012-838DA87ED7E0}", "ProcessId": 4677, "Image": "C:\\Program Files\\Microsoft Office\\root\\Office16\\OUTLOOK.EXE", "ImageLoaded": "C:\\Windows\\System32\\advapi32.dll", "FileVersion": "10.0.22621.1", "Description": "advapi32.dll", "Product": "Microsoft® Windows® Operating System", "Company": "Microsoft Corporation", "OriginalFileName": "advapi32.dll", "Hashes": "MD5=C410267AEE73627FCC97D458CC07B704,SHA256=710137EDECA7E0959E59CD8930BB80C7ECC16348F711E39436CB57EA45CD1749,IMPHASH=1BA262EF34A4578109B93C297B3F4E5F", "Signed": "true", "Signature": "Microsoft Corporation", "SignatureStatus": "Valid", "User": "CORP\\j.okafor", "UtcTime": "2024-11-05 08:14:52.000", "Channel": "Microsoft-Windows-Sysmon/Operational", "Computer": "FIN-WIN11-07.corp.northwind.internal"}
{"EventID": 22, "RuleName": "-", "ProcessGuid": "{D75BDBDA-4E3A-47F7-F5DF-3731BAB9E2D0}", "ProcessId": 6782, "QueryName": "teams.microsoft.com", "QueryStatus": "0", "QueryResults": "52.113.194.132", "Image": "C:\\Program Files\\Google\\Chrome\\Application\\chrome.exe", "User": "CORP\\j.okafor", "UtcTime": "2024-11-05 08:14:52.000", "Channel": "Microsoft-Windows-Sysmon/Operational", "Computer": "FIN-WIN11-07.corp.northwind.internal"}
{"EventID": 3, "RuleName": "-", "ProcessGuid": "{49C3F86C-19AD-FB4F-C743-9876996767D6}", "ProcessId": 912, "Image": "C:\\Windows\\System32\\svchost.exe", "User": "NT AUTHORITY\\LOCAL SERVICE", "Protocol": "tcp", "Initiated": "true", "SourceIsIpv6": "false", "SourceIp": "10.20.14.37", "SourcePort": 56277, "DestinationIsIpv6": "false", "DestinationIp": "20.190.159.73", "DestinationPort": 443, "DestinationHostname": "login.microsoftonline.com", "DestinationPortName": "-", "UtcTime": "2024-11-05 08:14:52.000", "Channel": "Microsoft-Windows-Sysmon/Operational", "Computer": "FIN-WIN11-07.corp.northwind.internal"}
{"EventID": 3, "RuleName": "-", "ProcessGuid": "{D75BDBDA-4E3A-47F7-F5DF-3731BAB9E2D0}", "ProcessId": 6782, "Image": "C:\\Program Files\\Google\\Chrome\\Application\\chrome.exe", "User": "CORP\\j.okafor", "Protocol": "tcp", "Initiated": "true", "SourceIsIpv6": "false", "SourceIp": "10.20.14.37", "SourcePort": 52791, "DestinationIsIpv6": "false", "DestinationIp": "52.113.194.132", "DestinationPort": 443, "DestinationHostname": "teams.microsoft.com", "DestinationPortName": "-", "UtcTime": "2024-11-05 08:14:52.098", "Channel": "Microsoft-Windows-Sysmon/Operational", "Computer": "FIN-WIN11-07.corp.northwind.internal"}
{"EventID": 3, "RuleName": "-", "ProcessGuid": "{676D6033-C919-357D-55B1-B3DABE2088FA}", "ProcessId": 904, "Image": "C:\\Windows\\System32\\svchost.exe", "User": "NT AUTHORITY\\NETWORK SERVICE", "Protocol": "tcp", "Initiated": "true", "SourceIsIpv6": "false", "SourceIp": "10.20.14.37", "SourcePort": 51894, "DestinationIsIpv6": "false", "DestinationIp": "23.203.248.58", "DestinationPort": 443, "DestinationHostname": "nvd.nist.gov", "DestinationPortName": "-", "UtcTime": "2024-11-05 08:14:53.000", "Channel": "Microsoft-Windows-Sysmon/Operational", "Computer": "FIN-WIN11-07.corp.northwind.internal"}
{"EventID": 1, "RuleName": "-", "ProcessGuid": "{34FA8D2F-486C-FC9E-E4A8-8E989FEB09B8}", "ProcessId": 8445, "Image": "C:\\Windows\\System32\\dllhost.exe", "FileVersion": "10.0.22621.1 (WinBuild.160101.0800)", "Description": "dllhost.exe", "Product": "Microsoft® Windows® Operating System", "Company": "Microsoft Corporation", "OriginalFileName": "dllhost.exe", "CommandLine": "C:\\Windows\\system32\\DllHost.exe /Processid:{AB8902B4}", "CurrentDirectory": "C:\\Windows\\system32\\", "User": "NT AUTHORITY\\NETWORK SERVICE", "LogonGuid": "{34FA8D2F-486C-FC9E-E4A8-8E989FEB09B8}", "LogonId": "0x3f9a21", "TerminalSessionId": 0, "IntegrityLevel": "System", "Hashes": "MD5=D132D91F3D4003F2340CC9C7F2DBE3CD,SHA256=A51D583DDEFDD4BA25B1D4DA6F65637439880F0758EBC4F48FE2583514A065CC,IMPHASH=EC7539CF0764730B8701D7C1BD8D83EE", "ParentProcessGuid": "{8D1EFC33-E31B-D256-FF6E-F105096FA2E8}", "ParentProcessId": 916, "ParentImage": "C:\\Windows\\System32\\svchost.exe", "ParentCommandLine": "C:\\Windows\\system32\\svchost.exe -k NetworkService -p", "ParentUser": "NT AUTHORITY\\NETWORK SERVICE", "UtcTime": "2024-11-05 08:14:53.478", "Channel": "Microsoft-Windows-Sysmon/Operational", "Computer": "FIN-WIN11-07.corp.northwind.internal"}
{"EventID": 7, "RuleName": "-", "ProcessGuid": "{34FA8D2F-486C-FC9E-E4A8-8E989FEB09B8}", "ProcessId": 8445, "Image": "C:\\Windows\\System32\\dllhost.exe", "ImageLoaded": "C:\\Windows\\System32\\winhttp.dll", "FileVersion": "10.0.22621.1", "Description": "winhttp.dll", "Product": "Microsoft® Windows® Operating System", "Company": "Microsoft Corporation", "OriginalFileName": "winhttp.dll", "Hashes": "MD5=1CD7A815824DF33A0B00FC25948BB859,SHA256=11CF54D9A3E24F94115C734772A6B21C670D903498186ACA35F285F15869C0BD,IMPHASH=7EDDD38AEA1C1D899C1697F52074850F", "Signed": "true", "Signature": "Microsoft Corporation", "SignatureStatus": "Valid", "User": "NT AUTHORITY\\NETWORK SERVICE", "UtcTime": "2024-11-05 08:14:53.699", "Channel": "Microsoft-Windows-Sysmon/Operational", "Computer": "FIN-WIN11-07.corp.northwind.internal"}
{"EventID": 5, "RuleName": "-", "ProcessGuid": "{54018556-65CD-252B-F1EB-1ED980E76F0E}", "ProcessId": 3654, "Image": "C:\\Program Files (x86)\\Google\\Update\\GoogleUpdate.exe", "User": "NT AUTHORITY\\SYSTEM", "UtcTime": "2024-11-05 08:14:54.000", "Channel": "Microsoft-Windows-Sysmon/Operational", "Computer": "FIN-WIN11-07.corp.northwind.internal"}
{"EventID": 7, "RuleName": "-", "ProcessGuid": "{34FA8D2F-486C-FC9E-E4A8-8E989FEB09B8}", "ProcessId": 8445, "Image": "C:\\Windows\\System32\\dllhost.exe", "ImageLoaded": "C:\\Windows\\System32\\gdi32.dll", "FileVersion": "10.0.22621.1", "Description": "gdi32.dll", "Product": "Microsoft® Windows® Operating System", "Company": "Microsoft Corporation", "OriginalFileName": "gdi32.dll", "Hashes": "MD5=C65C6F49DC7837D8ADB5C4EDF3B2DDE0,SHA256=F1D72F8DE2B12803E0F918384AE09876D95F73A9ECC32E361931BED381F9F926,IMPHASH=C04A198B98E2034D0C612D60258DEF35", "Signed": "true", "Signature": "Microsoft Corporation", "SignatureStatus": "Valid", "User": "NT AUTHORITY\\NETWORK SERVICE", "UtcTime": "2024-11-05 08:14:54.176", "Channel": "Microsoft-Windows-Sysmon/Operational", "Computer": "FIN-WIN11-07.corp.northwind.internal"}
{"EventID": 7, "RuleName": "-", "ProcessGuid": "{E2617918-0450-EA48-4495-4D449D065CF2}", "ProcessId": 6982, "Image": "C:\\Program Files (x86)\\Microsoft\\Edge\\Application\\msedge.exe", "ImageLoaded": "C:\\Windows\\System32\\rpcrt4.dll", "FileVersion": "10.0.22621.1", "Description": "rpcrt4.dll", "Product": "Microsoft® Windows® Operating System", "Company": "Microsoft Corporation", "OriginalFileName": "rpcrt4.dll", "Hashes": "MD5=9EF24EA4797B2DD0770BB7217AB0D0D1,SHA256=B3C89AFE1AF2BD9189C42840B21566EC7CFCFF421C874ECA26806512D5B66A4F,IMPHASH=AC838DD7D38F3D3BB96F9F194AA534EE", "Signed": "true", "Signature": "Microsoft Corporation", "SignatureStatus": "Valid", "User": "CORP\\j.okafor", "UtcTime": "2024-11-05 08:14:55.000", "Channel": "Microsoft-Windows-Sysmon/Operational", "Computer": "FIN-WIN11-07.corp.northwind.internal"}
{"EventID": 1, "RuleName": "-", "ProcessGuid": "{03ACA12D-D6ED-97E9-DE02-2426BB13D025}", "ProcessId": 3930, "Image": "C:\\Windows\\System32\\RuntimeBroker.exe", "FileVersion": "10.0.22621.1 (WinBuild.160101.0800)", "Description": "RuntimeBroker.exe", "Product": "Microsoft® Windows® Operating System", "Company": "Microsoft Corporation", "OriginalFileName": "RuntimeBroker.exe", "CommandLine": "C:\\Windows\\System32\\RuntimeBroker.exe -Embedding", "CurrentDirectory": "C:\\Windows\\system32\\", "User": "NT AUTHORITY\\NETWORK SERVICE", "LogonGuid": "{03ACA12D-D6ED-97E9-DE02-2426BB13D025}", "LogonId": "0x3f9a21", "TerminalSessionId": 0, "IntegrityLevel": "System", "Hashes": "MD5=9C3408CF0EF5A8FB9B9543FBC382114C,SHA256=6E06B06ABB69086464746156B313BB85E792314EF5BB5F92FAEC74E6F48A66F1,IMPHASH=B10EE41285E4BD36C58EB97831D12707", "ParentProcessGuid": "{70DBEDA6-4436-CD2F-A60E-43C1D89851E1}", "ParentProcessId": 936, "ParentImage": "C:\\Windows\\System32\\svchost.exe", "ParentCommandLine": "C:\\Windows\\system32\\svchost.exe -k utcsvc -p", "ParentUser": "NT AUTHORITY\\NETWORK SERVICE", "UtcTime": "2024-11-05 08:14:56.374", "Channel": "Microsoft-Windows-Sysmon/Operational", "Computer": "FIN-WIN11-07.corp.northwind.internal"}
{"EventID": 7, "RuleName": "-", "ProcessGuid": "{03ACA12D-D6ED-97E9-DE02-2426BB13D025}", "ProcessId": 3930, "Image": "C:\\Windows\\System32\\RuntimeBroker.exe", "ImageLoaded": "C:\\Windows\\System32\\winhttp.dll", "FileVersion": "10.0.22621.1", "Description": "winhttp.dll", "Product": "Microsoft® Windows® Operating System", "Company": "Microsoft Corporation", "OriginalFileName": "winhttp.dll", "Hashes": "MD5=1CD7A815824DF33A0B00FC25948BB859,SHA256=11CF54D9A3E24F94115C734772A6B21C670D903498186ACA35F285F15869C0BD,IMPHASH=7EDDD38AEA1C1D899C1697F52074850F", "Signed": "true", "Signature": "Microsoft Corporation", "SignatureStatus": "Valid", "User": "NT AUTHORITY\\NETWORK SERVICE", "UtcTime": "2024-11-05 08:14:57.057", "Channel": "Microsoft-Windows-Sysmon/Operational", "Computer": "FIN-WIN11-07.corp.northwind.internal"}
{"EventID": 5, "RuleName": "-", "ProcessGuid": "{749A572F-5F7C-9673-FAAE-60BBCC30C040}", "ProcessId": 2632, "Image": "C:\\Windows\\System32\\conhost.exe", "User": "NT AUTHORITY\\NETWORK SERVICE", "UtcTime": "2024-11-05 08:14:57.410", "Channel": "Microsoft-Windows-Sysmon/Operational", "Computer": "FIN-WIN11-07.corp.northwind.internal"}
{"EventID": 22, "RuleName": "-", "ProcessGuid": "{856BE6A9-AED0-D69D-FC68-627A1B28317B}", "ProcessId": 9025, "QueryName": "nvd.nist.gov", "QueryStatus": "0", "QueryResults": "23.203.248.58", "Image": "C:\\Users\\j.okafor\\AppData\\Local\\Microsoft\\Teams\\current\\Teams.exe", "User": "CORP\\j.okafor", "UtcTime": "2024-11-05 08:14:58.000", "Channel": "Microsoft-Windows-Sysmon/Operational", "Computer": "FIN-WIN11-07.corp.northwind.internal"}
{"EventID": 22, "RuleName": "-", "ProcessGuid": "{7AA1D7C0-BBB1-E2C6-822D-EE9AAFD09531}", "ProcessId": 6802, "QueryName": "teams.microsoft.com", "QueryStatus": "0", "QueryResults": "52.113.194.132", "Image": "C:\\Users\\j.okafor\\AppData\\Local\\Programs\\Microsoft VS Code\\Code.exe", "User": "CORP\\j.okafor", "UtcTime": "2024-11-05 08:14:58.000", "Channel": "Microsoft-Windows-Sysmon/Operational", "Computer": "FIN-WIN11-07.corp.northwind.internal"}
{"EventID": 22, "RuleName": "-", "ProcessGuid": "{7AA1D7C0-BBB1-E2C6-822D-EE9AAFD09531}", "ProcessId": 6802, "QueryName": "nvd.nist.gov", "QueryStatus": "0", "QueryResults": "23.203.248.58", "Image": "C:\\Users\\j.okafor\\AppData\\Local\\Programs\\Microsoft VS Code\\Code.exe", "User": "CORP\\j.okafor", "UtcTime": "2024-11-05 08:14:58.000", "Channel": "Microsoft-Windows-Sysmon/Operational", "Computer": "FIN-WIN11-07.corp.northwind.internal"}
{"EventID": 3, "RuleName": "-", "ProcessGuid": "{7AA1D7C0-BBB1-E2C6-822D-EE9AAFD09531}", "ProcessId": 6802, "Image": "C:\\Users\\j.okafor\\AppData\\Local\\Programs\\Microsoft VS Code\\Code.exe", "User": "CORP\\j.okafor", "Protocol": "tcp", "Initiated": "true", "SourceIsIpv6": "false", "SourceIp": "10.20.14.37", "SourcePort": 59293, "DestinationIsIpv6": "false", "DestinationIp": "52.113.194.132", "DestinationPort": 80, "DestinationHostname": "teams.microsoft.com", "DestinationPortName": "-", "UtcTime": "2024-11-05 08:14:58.253", "Channel": "Microsoft-Windows-Sysmon/Operational", "Computer": "FIN-WIN11-07.corp.northwind.internal"}
{"EventID": 3, "RuleName": "-", "ProcessGuid": "{7AA1D7C0-BBB1-E2C6-822D-EE9AAFD09531}", "ProcessId": 6802, "Image": "C:\\Users\\j.okafor\\AppData\\Local\\Programs\\Microsoft VS Code\\Code.exe", "User": "CORP\\j.okafor", "Protocol": "tcp", "Initiated": "true", "SourceIsIpv6": "false", "SourceIp": "10.20.14.37", "SourcePort": 51201, "DestinationIsIpv6": "false", "DestinationIp": "23.203.248.58", "DestinationPort": 80, "DestinationHostname": "nvd.nist.gov", "DestinationPortName": "-", "UtcTime": "2024-11-05 08:14:58.423", "Channel": "Microsoft-Windows-Sysmon/Operational", "Computer": "FIN-WIN11-07.corp.northwind.internal"}
{"EventID": 3, "RuleName": "-", "ProcessGuid": "{856BE6A9-AED0-D69D-FC68-627A1B28317B}", "ProcessId": 9025, "Image": "C:\\Users\\j.okafor\\AppData\\Local\\Microsoft\\Teams\\current\\Teams.exe", "User": "CORP\\j.okafor", "Protocol": "tcp", "Initiated": "true", "SourceIsIpv6": "false", "SourceIp": "10.20.14.37", "SourcePort": 53523, "DestinationIsIpv6": "false", "DestinationIp": "23.203.248.58", "DestinationPort": 443, "DestinationHostname": "nvd.nist.gov", "DestinationPortName": "-", "UtcTime": "2024-11-05 08:14:58.460", "Channel": "Microsoft-Windows-Sysmon/Operational", "Computer": "FIN-WIN11-07.corp.northwind.internal"}
{"EventID": 1, "RuleName": "-", "ProcessGuid": "{0895658F-FB00-0CB8-FEA7-8C7544A74873}", "ProcessId": 6062, "Image": "C:\\Windows\\System32\\taskhostw.exe", "FileVersion": "10.0.22621.1 (WinBuild.160101.0800)", "Description": "taskhostw.exe", "Product": "Microsoft® Windows® Operating System", "Company": "Microsoft Corporation", "OriginalFileName": "taskhostw.exe", "CommandLine": "taskhostw.exe {DE1B2C6A}", "CurrentDirectory": "C:\\Windows\\system32\\", "User": "NT AUTHORITY\\SYSTEM", "LogonGuid": "{0895658F-FB00-0CB8-FEA7-8C7544A74873}", "LogonId": "0x3f9a21", "TerminalSessionId": 0, "IntegrityLevel": "System", "Hashes": "MD5=6913C574C95575338A5B0D0544F280FC,SHA256=EADE2CD8C84CE631A2A6917151557D03D7BCF704B2A911E5910025FA412EE1D7,IMPHASH=7D87941CE922082AF40212328D9C0654", "ParentProcessGuid": "{677C31FB-51D8-1217-52E7-B32951574873}", "ParentProcessId": 908, "ParentImage": "C:\\Windows\\System32\\svchost.exe", "ParentCommandLine": "C:\\Windows\\system32\\svchost.exe -k netsvcs -p", "ParentUser": "NT AUTHORITY\\SYSTEM", "UtcTime": "2024-11-05 08:15:00.804", "Channel": "Microsoft-Windows-Sysmon/Operational", "Computer": "FIN-WIN11-07.corp.northwind.internal"}
{"EventID": 7, "RuleName": "-", "ProcessGuid": "{0895658F-FB00-0CB8-FEA7-8C7544A74873}", "ProcessId": 6062, "Image": "C:\\Windows\\System32\\taskhostw.exe", "ImageLoaded": "C:\\Windows\\System32\\rpcrt4.dll", "FileVersion": "10.0.22621.1", "Description": "rpcrt4.dll", "Product": "Microsoft® Windows® Operating System", "Company": "Microsoft Corporation", "OriginalFileName": "rpcrt4.dll", "Hashes": "MD5=9EF24EA4797B2DD0770BB7217AB0D0D1,SHA256=B3C89AFE1AF2BD9189C42840B21566EC7CFCFF421C874ECA26806512D5B66A4F,IMPHASH=AC838DD7D38F3D3BB96F9F194AA534EE", "Signed": "true", "Signature": "Microsoft Corporation", "SignatureStatus": "Valid", "User": "NT AUTHORITY\\SYSTEM", "UtcTime": "2024-11-05 08:15:01.091", "Channel": "Microsoft-Windows-Sysmon/Operational", "Computer": "FIN-WIN11-07.corp.northwind.internal"}
{"EventID": 7, "RuleName": "-", "ProcessGuid": "{0895658F-FB00-0CB8-FEA7-8C7544A74873}", "ProcessId": 6062, "Image": "C:\\Windows\\System32\\taskhostw.exe", "ImageLoaded": "C:\\Windows\\System32\\wininet.dll", "FileVersion": "10.0.22621.1", "Description": "wininet.dll", "Product": "Microsoft® Windows® Operating System", "Company": "Microsoft Corporation", "OriginalFileName": "wininet.dll", "Hashes": "MD5=86F7A2B3A3CA87EED3EB7A389D1ADC15,SHA256=813C1C6C6F2814355EF6CBFAF302C9E579175B1C0CD6B0B21B83984223E6030C,IMPHASH=9CE291D82729FAE26C904012F386796A", "Signed": "true", "Signature": "Microsoft Corporation", "SignatureStatus": "Valid", "User": "NT AUTHORITY\\SYSTEM", "UtcTime": "2024-11-05 08:15:01.680", "Channel": "Microsoft-Windows-Sysmon/Operational", "Computer": "FIN-WIN11-07.corp.northwind.internal"}
{"EventID": 7, "RuleName": "-", "ProcessGuid": "{7AA1D7C0-BBB1-E2C6-822D-EE9AAFD09531}", "ProcessId": 6802, "Image": "C:\\Users\\j.okafor\\AppData\\Local\\Programs\\Microsoft VS Code\\Code.exe", "ImageLoaded": "C:\\Windows\\System32\\ole32.dll", "FileVersion": "10.0.22621.1", "Description": "ole32.dll", "Product": "Microsoft® Windows® Operating System", "Company": "Microsoft Corporation", "OriginalFileName": "ole32.dll", "Hashes": "MD5=F0BE416B51C5FB47AB11724010BC0552,SHA256=F245FE196BF4E32347EB826671DBFA2AE75FC0F73E3DDDD0ED96FA97ED29A527,IMPHASH=31BD25CFB290FD2A8F9272465EA53EB4", "Signed": "true", "Signature": "Microsoft Corporation", "SignatureStatus": "Valid", "User": "CORP\\j.okafor", "UtcTime": "2024-11-05 08:15:02.000", "Channel": "Microsoft-Windows-Sysmon/Operational", "Computer": "FIN-WIN11-07.corp.northwind.internal"}
{"EventID": 5, "RuleName": "-", "ProcessGuid": "{34FA8D2F-486C-FC9E-E4A8-8E989FEB09B8}", "ProcessId": 8445, "Image": "C:\\Windows\\System32\\dllhost.exe", "User": "NT AUTHORITY\\NETWORK SERVICE", "UtcTime": "2024-11-05 08:15:02.478", "Channel": "Microsoft-Windows-Sysmon/Operational", "Computer": "FIN-WIN11-07.corp.northwind.internal"}
{"EventID": 22, "RuleName": "-", "ProcessGuid": "{E2617918-0450-EA48-4495-4D449D065CF2}", "ProcessId": 6982, "QueryName": "pypi.org", "QueryStatus": "0", "QueryResults": "151.101.0.223", "Image": "C:\\Program Files (x86)\\Microsoft\\Edge\\Application\\msedge.exe", "User": "CORP\\j.okafor", "UtcTime": "2024-11-05 08:15:05.000", "Channel": "Microsoft-Windows-Sysmon/Operational", "Computer": "FIN-WIN11-07.corp.northwind.internal"}
{"EventID": 3, "RuleName": "-", "ProcessGuid": "{E2617918-0450-EA48-4495-4D449D065CF2}", "ProcessId": 6982, "Image": "C:\\Program Files (x86)\\Microsoft\\Edge\\Application\\msedge.exe", "User": "CORP\\j.okafor", "Protocol": "tcp", "Initiated": "true", "SourceIsIpv6": "false", "SourceIp": "10.20.14.37", "SourcePort": 58352, "DestinationIsIpv6": "false", "DestinationIp": "151.101.0.223", "DestinationPort": 443, "DestinationHostname": "pypi.org", "DestinationPortName": "-", "UtcTime": "2024-11-05 08:15:05.176", "Channel": "Microsoft-Windows-Sysmon/Operational", "Computer": "FIN-WIN11-07.corp.northwind.internal"}
{"EventID": 1, "RuleName": "-", "ProcessGuid": "{79C0B6C6-6389-2C3F-4C45-0B76BDA26BD3}", "ProcessId": 2920, "Image": "C:\\Windows\\System32\\RuntimeBroker.exe", "FileVersion": "10.0.22621.1 (WinBuild.160101.0800)", "Description": "RuntimeBroker.exe", "Product": "Microsoft® Windows® Operating System", "Company": "Microsoft Corporation", "OriginalFileName": "RuntimeBroker.exe", "CommandLine": "C:\\Windows\\System32\\RuntimeBroker.exe -Embedding", "CurrentDirectory": "C:\\Windows\\system32\\", "User": "NT AUTHORITY\\NETWORK SERVICE", "LogonGuid": "{79C0B6C6-6389-2C3F-4C45-0B76BDA26BD3}", "LogonId": "0x3f9a21", "TerminalSessionId": 0, "IntegrityLevel": "System", "Hashes": "MD5=9C3408CF0EF5A8FB9B9543FBC382114C,SHA256=6E06B06ABB69086464746156B313BB85E792314EF5BB5F92FAEC74E6F48A66F1,IMPHASH=B10EE41285E4BD36C58EB97831D12707", "ParentProcessGuid": "{2373C90A-E6AF-36CD-CFAE-E208539B72F0}", "ParentProcessId": 928, "ParentImage": "C:\\Windows\\System32\\svchost.exe", "ParentCommandLine": "C:\\Windows\\system32\\svchost.exe -k WbioSvcGroup", "ParentUser": "NT AUTHORITY\\NETWORK SERVICE", "UtcTime": "2024-11-05 08:15:05.367", "Channel": "Microsoft-Windows-Sysmon/Operational", "Computer": "FIN-WIN11-07.corp.northwind.internal"}
{"EventID": 5, "RuleName": "-", "ProcessGuid": "{03ACA12D-D6ED-97E9-DE02-2426BB13D025}", "ProcessId": 3930, "Image": "C:\\Windows\\System32\\RuntimeBroker.exe", "User": "NT AUTHORITY\\NETWORK SERVICE", "UtcTime": "2024-11-05 08:15:05.374", "Channel": "Microsoft-Windows-Sysmon/Operational", "Computer": "FIN-WIN11-07.corp.northwind.internal"}
