{"EventID": 7, "RuleName": "-", "ProcessGuid": "{3E39A964-2892-E2F9-3748-D593218F1CE4}", "ProcessId": 5858, "Image": "C:\\Windows\\System32\\RuntimeBroker.exe", "ImageLoaded": "C:\\Windows\\System32\\winhttp.dll", "FileVersion": "10.0.22621.1", "Description": "winhttp.dll", "Product": "Microsoft® Windows® Operating System", "Company": "Microsoft Corporation", "OriginalFileName": "winhttp.dll", "Hashes": "MD5=1CD7A815824DF33A0B00FC25948BB859,SHA256=11CF54D9A3E24F94115C734772A6B21C670D903498186ACA35F285F15869C0BD,IMPHASH=7EDDD38AEA1C1D899C1697F52074850F", "Signed": "true", "Signature": "Microsoft Corporation", "SignatureStatus": "Valid", "User": "NT AUTHORITY\\SYSTEM", "UtcTime": "2024-11-05 08:45:26.848", "Channel": "Microsoft-Windows-Sysmon/Operational", "Computer": "FIN-WIN11-07.corp.northwind.internal"}
{"EventID": 13, "RuleName": "-", "EventType": "SetValue", "ProcessGuid": "{E2617918-0450-EA48-4495-4D449D065CF2}", "ProcessId": 6982, "Image": "C:\\Program Files (x86)\\Microsoft\\Edge\\Application\\msedge.exe", "TargetObject": "HKU\\S-1-5-21-99\\Software\\Microsoft\\Windows\\CurrentVersion\\Explorer\\RecentDocs", "Details": "Binary Data", "User": "CORP\\j.okafor", "UtcTime": "2024-11-05 08:45:28.000", "Channel": "Microsoft-Windows-Sysmon/Operational", "Computer": "FIN-WIN11-07.corp.northwind.internal"}
{"EventID": 1, "RuleName": "-", "ProcessGuid": "{9DE9B445-1242-37B3-244F-0B473AB5D6E2}", "ProcessId": 4150, "Image": "C:\\Windows\\System32\\RuntimeBroker.exe", "FileVersion": "10.0.22621.1 (WinBuild.160101.0800)", "Description": "RuntimeBroker.exe", "Product": "Microsoft® Windows® Operating System", "Company": "Microsoft Corporation", "OriginalFileName": "RuntimeBroker.exe", "CommandLine": "C:\\Windows\\System32\\RuntimeBroker.exe -Embedding", "CurrentDirectory": "C:\\Windows\\system32\\", "User": "NT AUTHORITY\\NETWORK SERVICE", "LogonGuid": "{9DE9B445-1242-37B3-244F-0B473AB5D6E2}", "LogonId": "0x3f9a21", "TerminalSessionId": 0, "IntegrityLevel": "System", "Hashes": "MD5=9C3408CF0EF5A8FB9B9543FBC382114C,SHA256=6E06B06ABB69086464746156B313BB85E792314EF5BB5F92FAEC74E6F48A66F1,IMPHASH=B10EE41285E4BD36C58EB97831D12707", "ParentProcessGuid": "{C3EAA59F-18F7-9ECA-0C50-48DEF2F8DD33}", "ParentProcessId": 932, "ParentImage": "C:\\Windows\\System32\\svchost.exe", "ParentCommandLine": "C:\\Windows\\system32\\svchost.exe -k appmodel -p", "ParentUser": "NT AUTHORITY\\NETWORK SERVICE", "UtcTime": "2024-11-05 08:45:30.766", "Channel": "Microsoft-Windows-Sysmon/Operational", "Computer": "FIN-WIN11-07.corp.northwind.internal"}
{"EventID": 7, "RuleName": "-", "ProcessGuid": "{9DE9B445-1242-37B3-244F-0B473AB5D6E2}", "ProcessId": 4150, "Image": "C:\\Windows\\System32\\RuntimeBroker.exe", "ImageLoaded": "C:\\Windows\\System32\\user32.dll", "FileVersion": "10.0.22621.1", "Description": "user32.dll", "Product": "Microsoft® Windows® Operating System", "Company": "Microsoft Corporation", "OriginalFileName": "user32.dll", "Hashes": "MD5=95722714424049ED3C6C4AC774230C52,SHA256=37D3EBE4373A04EA276A5B0A04D533A84A0BDCFF861D13C4CA3FFA02E433F57C,IMPHASH=B76EDE99A97920A23A1E388516467EED", "Signed": "true", "Signature": "Microsoft Corporation", "SignatureStatus": "Valid", "User": "NT AUTHORITY\\NETWORK SERVICE", "UtcTime": "2024-11-05 08:45:31.040", "Channel": "Microsoft-Windows-Sysmon/Operational", "Computer": "FIN-WIN11-07.corp.northwind.internal"}
{"EventID": 5, "RuleName": "-", "ProcessGuid": "{A0675F01-B834-F73C-8229-C0A4994DDBDC}", "ProcessId": 1651, "Image": "C:\\Windows\\System32\\backgroundTaskHost.exe", "User": "CORP\\j.okafor", "UtcTime": "2024-11-05 08:45:31.403", "Channel": "Microsoft-Windows-Sysmon/Operational", "Computer": "FIN-WIN11-07.corp.northwind.internal"}
{"EventID": 3, "RuleName": "-", "ProcessGuid": "{968680C3-E30A-9C04-B98F-1AB0610FEECA}", "ProcessId": 900, "Image": "C:\\Windows\\System32\\svchost.exe", "User": "NT AUTHORITY\\SYSTEM", "Protocol": "tcp", "Initiated": "true", "SourceIsIpv6": "false", "SourceIp": "10.20.14.37", "SourcePort": 57098, "DestinationIsIpv6": "false", "DestinationIp": "151.101.0.223", "DestinationPort": 443, "DestinationHostname": "pypi.org", "DestinationPortName": "-", "UtcTime": "2024-11-05 08:45:32.000", "Channel": "Microsoft-Windows-Sysmon/Operational", "Computer": "FIN-WIN11-07.corp.northwind.internal"}
{"EventID": 5, "RuleName": "-", "ProcessGuid": "{8BFA19DA-1358-EAAD-5CEE-4C7E37A3F190}", "ProcessId": 4882, "Image": "C:\\Windows\\System32\\dllhost.exe", "User": "CORP\\j.okafor", "UtcTime": "2024-11-05 08:45:32.599", "Channel": "Microsoft-Windows-Sysmon/Operational", "Computer": "FIN-WIN11-07.corp.northwind.internal"}
{"EventID": 13, "RuleName": "-", "EventType": "SetValue", "ProcessGuid": "{70DBEDA6-4436-CD2F-A60E-43C1D89851E1}", "ProcessId": 936, "Image": "C:\\Windows\\System32\\svchost.exe", "TargetObject": "HKU\\S-1-5-21-99\\Software\\Google\\Chrome\\PreferenceMACs", "Details": "Binary Data", "User": "NT AUTHORITY\\NETWORK SERVICE", "UtcTime": "2024-11-05 08:45:34.000", "Channel": "Microsoft-Windows-Sysmon/Operational", "Computer": "FIN-WIN11-07.corp.northwind.internal"}
{"EventID": 5, "RuleName": "-", "ProcessGuid": "{3E39A964-2892-E2F9-3748-D593218F1CE4}", "ProcessId": 5858, "Image": "C:\\Windows\\System32\\RuntimeBroker.exe", "User": "NT AUTHORITY\\SYSTEM", "UtcTime": "2024-11-05 08:45:37.129", "Channel": "Microsoft-Windows-Sysmon/Operational", "Computer": "FIN-WIN11-07.corp.northwind.internal"}
{"EventID": 5, "RuleName": "-", "ProcessGuid": "{9DE9B445-1242-37B3-244F-0B473AB5D6E2}", "ProcessId": 4150, "Image": "C:\\Windows\\System32\\RuntimeBroker.exe", "User": "NT AUTHORITY\\NETWORK SERVICE", "UtcTime": "2024-11-05 08:45:38.766", "Channel": "Microsoft-Windows-Sysmon/Operational", "Computer": "FIN-WIN11-07.corp.northwind.internal"}
{"EventID": 1, "RuleName": "-", "ProcessGuid": "{66A6FFED-58CB-88B9-FB7B-3DC6ABE6D8CA}", "ProcessId": 2797, "Image": "C:\\Windows\\System32\\RuntimeBroker.exe", "FileVersion": "10.0.22621.1 (WinBuild.160101.0800)", "Description": "RuntimeBroker.exe", "Product": "Microsoft® Windows® Operating System", "Company": "Microsoft Corporation", "OriginalFileName": "RuntimeBroker.exe", "CommandLine": "C:\\Windows\\System32\\RuntimeBroker.exe -Embedding", "CurrentDirectory": "C:\\Windows\\system32\\", "User": "NT AUTHORITY\\NETWORK SERVICE", "LogonGuid": "{66A6FFED-58CB-88B9-FB7B-3DC6ABE6D8CA}", "LogonId": "0x3f9a21", "TerminalSessionId": 0, "IntegrityLevel": "System", "Hashes": "MD5=9C3408CF0EF5A8FB9B9543FBC382114C,SHA256=6E06B06ABB69086464746156B313BB85E792314EF5BB5F92FAEC74E6F48A66F1,IMPHASH=B10EE41285E4BD36C58EB97831D12707", "ParentProcessGuid": "{8D1EFC33-E31B-D256-FF6E-F105096FA2E8}", "ParentProcessId": 916, "ParentImage": "C:\\Windows\\System32\\svchost.exe", "ParentCommandLine": "C:\\Windows\\system32\\svchost.exe -k NetworkService -p", "ParentUser": "NT AUTHORITY\\NETWORK SERVICE", "UtcTime": "2024-11-05 08:45:39.311", "Channel": "Microsoft-Windows-Sysmon/Operational", "Computer": "FIN-WIN11-07.corp.northwind.internal"}
{"EventID": 7, "RuleName": "-", "ProcessGuid": "{66A6FFED-58CB-88B9-FB7B-3DC6ABE6D8CA}", "ProcessId": 2797, "Image": "C:\\Windows\\System32\\RuntimeBroker.exe", "ImageLoaded": "C:\\Windows\\System32\\ntdll.dll", "FileVersion": "10.0.22621.1", "Description": "ntdll.dll", "Product": "Microsoft® Windows® Operating System", "Company": "Microsoft Corporation", "OriginalFileName": "ntdll.dll", "Hashes": "MD5=00D56D6B13A6F8F705071FD1E509602A,SHA256=10A7949A67B3658998DA2966045490E09CA516C0DBDCDCAAC9D1FC61849E35DE,IMPHASH=1432B204E543E79B50DE359A7F163F26", "Signed": "true", "Signature": "Microsoft Corporation", "SignatureStatus": "Valid", "User": "NT AUTHORITY\\NETWORK SERVICE", "UtcTime": "2024-11-05 08:45:39.696", "Channel": "Microsoft-Windows-Sysmon/Operational", "Computer": "FIN-WIN11-07.corp.northwind.internal"}
{"EventID": 7, "RuleName": "-", "ProcessGuid": "{66A6FFED-58CB-88B9-FB7B-3DC6ABE6D8CA}", "ProcessId": 2797, "Image": "C:\\Windows\\System32\\RuntimeBroker.exe", "ImageLoaded": "C:\\Windows\\System32\\crypt32.dll", "FileVersion": "10.0.22621.1", "Description": "crypt32.dll", "Product": "Microsoft® Windows® Operating System", "Company": "Microsoft Corporation", "OriginalFileName": "crypt32.dll", "Hashes": "MD5=2C9AC0BA41556865BDA9F69F855490F5,SHA256=FE9D19718BC80D9898EDE8DD5F12FC6443D27CBDDC4E8F95879B295C1ADB9926,IMPHASH=3CAC074585050F4B842ED7790F75AD92", "Signed": "true", "Signature": "Microsoft Corporation", "SignatureStatus": "Valid", "User": "NT AUTHORITY\\NETWORK SERVICE", "UtcTime": "2024-11-05 08:45:39.708", "Channel": "Microsoft-Windows-Sysmon/Operational", "Computer": "FIN-WIN11-07.corp.northwind.internal"}
{"EventID": 7, "RuleName": "-", "ProcessGuid": "{66A6FFED-58CB-88B9-FB7B-3DC6ABE6D8CA}", "ProcessId": 2797, "Image": "C:\\Windows\\System32\\RuntimeBroker.exe", "ImageLoaded": "C:\\Windows\\System32\\gdi32.dll", "FileVersion": "10.0.22621.1", "Description": "gdi32.dll", "Product": "Microsoft® Windows® Operating System", "Company": "Microsoft Corporation", "OriginalFileName": "gdi32.dll", "Hashes": "MD5=C65C6F49DC7837D8ADB5C4EDF3B2DDE0,SHA256=F1D72F8DE2B12803E0F918384AE09876D95F73A9ECC32E361931BED381F9F926,IMPHASH=C04A198B98E2034D0C612D60258DEF35", "Signed": "true", "Signature": "Microsoft Corporation", "SignatureStatus": "Valid", "User": "NT AUTHORITY\\NETWORK SERVICE", "UtcTime": "2024-11-05 08:45:39.865", "Channel": "Microsoft-Windows-Sysmon/Operational", "Computer": "FIN-WIN11-07.corp.northwind.internal"}
{"EventID": 7, "RuleName": "-", "ProcessGuid": "{66A6FFED-58CB-88B9-FB7B-3DC6ABE6D8CA}", "ProcessId": 2797, "Image": "C:\\Windows\\System32\\RuntimeBroker.exe", "ImageLoaded": "C:\\Windows\\System32\\kernel32.dll", "FileVersion": "10.0.22621.1", "Description": "kernel32.dll", "Product": "Microsoft® Windows® Operating System", "Company": "Microsoft Corporation", "OriginalFileName": "kernel32.dll", "Hashes": "MD5=0AB4EA0E4D6453AA778557EA48A08D64,SHA256=9CFF62CD296F6EFDBB9B5622D676BA00427ABD304150B5B1C27F0AA9385BB344,IMPHASH=316A1DF7CA24080C1A54042C5E549E4D", "Signed": "true", "Signature": "Microsoft Corporation", "SignatureStatus": "Valid", "User": "NT AUTHORITY\\NETWORK SERVICE", "UtcTime": "2024-11-05 08:45:39.872", "Channel": "Microsoft-Windows-Sysmon/Operational", "Computer": "FIN-WIN11-07.corp.northwind.internal"}
{"EventID": 1, "RuleName": "-", "ProcessGuid": "{8FE233F9-83DE-9B99-5566-B88A992FBB58}", "ProcessId": 6365, "Image": "C:\\Windows\\System32\\RuntimeBroker.exe", "FileVersion": "10.0.22621.1 (WinBuild.160101.0800)", "Description": "RuntimeBroker.exe", "Product": "Microsoft® Windows® Operating System", "Company": "Microsoft Corporation", "OriginalFileName": "RuntimeBroker.exe", "CommandLine": "C:\\Windows\\System32\\RuntimeBroker.exe -Embedding", "CurrentDirectory": "C:\\Windows\\system32\\", "User": "NT AUTHORITY\\NETWORK SERVICE", "LogonGuid": "{8FE233F9-83DE-9B99-5566-B88A992FBB58}", "LogonId": "0x3f9a21", "TerminalSessionId": 0, "IntegrityLevel": "System", "Hashes": "MD5=9C3408CF0EF5A8FB9B9543FBC382114C,SHA256=6E06B06ABB69086464746156B313BB85E792314EF5BB5F92FAEC74E6F48A66F1,IMPHASH=B10EE41285E4BD36C58EB97831D12707", "ParentProcessGuid": "{8D1EFC33-E31B-D256-FF6E-F105096FA2E8}", "ParentProcessId": 916, "ParentImage": "C:\\Windows\\System32\\svchost.exe", "ParentCommandLine": "C:\\Windows\\system32\\svchost.exe -k NetworkService -p", "ParentUser": "NT AUTHORITY\\NETWORK SERVICE", "UtcTime": "2024-11-05 08:45:40.689", "Channel": "Microsoft-Windows-Sysmon/Operational", "Computer": "FIN-WIN11-07.corp.northwind.internal"}
{"EventID": 7, "RuleName": "-", "ProcessGuid": "{8FE233F9-83DE-9B99-5566-B88A992FBB58}", "ProcessId": 6365, "Image": "C:\\Windows\\System32\\RuntimeBroker.exe", "ImageLoaded": "C:\\Windows\\System32\\ntdll.dll", "FileVersion": "10.0.22621.1", "Description": "ntdll.dll", "Product": "Microsoft® Windows® Operating System", "Company": "Microsoft Corporation", "OriginalFileName": "ntdll.dll", "Hashes": "MD5=00D56D6B13A6F8F705071FD1E509602A,SHA256=10A7949A67B3658998DA2966045490E09CA516C0DBDCDCAAC9D1FC61849E35DE,IMPHASH=1432B204E543E79B50DE359A7F163F26", "Signed": "true", "Signature": "Microsoft Corporation", "SignatureStatus": "Valid", "User": "NT AUTHORITY\\NETWORK SERVICE", "UtcTime": "2024-11-05 08:45:40.815", "Channel": "Microsoft-Windows-Sysmon/Operational", "Computer": "FIN-WIN11-07.corp.northwind.internal"}
{"EventID": 7, "RuleName": "-", "ProcessGuid": "{8FE233F9-83DE-9B99-5566-B88A992FBB58}", "ProcessId": 6365, "Image": "C:\\Windows\\System32\\RuntimeBroker.exe", "ImageLoaded": "C:\\Windows\\System32\\combase.dll", "FileVersion": "10.0.22621.1", "Description": "combase.dll", "Product": "Microsoft® Windows® Operating System", "Company": "Microsoft Corporation", "OriginalFileName": "combase.dll", "Hashes": "MD5=FE07706B2DD8D099202F7BDF3DF7974A,SHA256=624B15B6A05DCF062AADB64855C130E118F675BD63E9AE2303D186887D1DF314,IMPHASH=229D5BEE920EBDCBA72EA713EB134399", "Signed": "true", "Signature": "Microsoft Corporation", "SignatureStatus": "Valid", "User": "NT AUTHORITY\\NETWORK SERVICE", "UtcTime": "2024-11-05 08:45:41.047", "Channel": "Microsoft-Windows-Sysmon/Operational", "Computer": "FIN-WIN11-07.corp.northwind.internal"}
{"EventID": 7, "RuleName": "-", "ProcessGuid": "{8FE233F9-83DE-9B99-5566-B88A992FBB58}", "ProcessId": 6365, "Image": "C:\\Windows\\System32\\RuntimeBroker.exe", "ImageLoaded": "C:\\Windows\\System32\\advapi32.dll", "FileVersion": "10.0.22621.1", "Description": "advapi32.dll", "Product": "Microsoft® Windows® Operating System", "Company": "Microsoft Corporation", "OriginalFileName": "advapi32.dll", "Hashes": "MD5=C410267AEE73627FCC97D458CC07B704,SHA256=710137EDECA7E0959E59CD8930BB80C7ECC16348F711E39436CB57EA45CD1749,IMPHASH=1BA262EF34A4578109B93C297B3F4E5F", "Signed": "true", "Signature": "Microsoft Corporation", "SignatureStatus": "Valid", "User": "NT AUTHORITY\\NETWORK SERVICE", "UtcTime": "2024-11-05 08:45:41.364", "Channel": "Microsoft-Windows-Sysmon/Operational", "Computer": "FIN-WIN11-07.corp.northwind.internal"}
{"EventID": 7, "RuleName": "-", "ProcessGuid": "{8FE233F9-83DE-9B99-5566-B88A992FBB58}", "ProcessId": 6365, "Image": "C:\\Windows\\System32\\RuntimeBroker.exe", "ImageLoaded": "C:\\Windows\\System32\\winhttp.dll", "FileVersion": "10.0.22621.1", "Description": "winhttp.dll", "Product": "Microsoft® Windows® Operating System", "Company": "Microsoft Corporation", "OriginalFileName": "winhttp.dll", "Hashes": "MD5=1CD7A815824DF33A0B00FC25948BB859,SHA256=11CF54D9A3E24F94115C734772A6B21C670D903498186ACA35F285F15869C0BD,IMPHASH=7EDDD38AEA1C1D899C1697F52074850F", "Signed": "true", "Signature": "Microsoft Corporation", "SignatureStatus": "Valid", "User": "NT AUTHORITY\\NETWORK SERVICE", "UtcTime": "2024-11-05 08:45:41.482", "Channel": "Microsoft-Windows-Sysmon/Operational", "Computer": "FIN-WIN11-07.corp.northwind.internal"}
{"EventID": 3, "RuleName": "-", "ProcessGuid": "{677C31FB-51D8-1217-52E7-B32951574873}", "ProcessId": 908, "Image": "C:\\Windows\\System32\\svchost.exe", "User": "NT AUTHORITY\\SYSTEM", "Protocol": "tcp", "Initiated": "true", "SourceIsIpv6": "false", "SourceIp": "10.20.14.37", "SourcePort": 55422, "DestinationIsIpv6": "false", "DestinationIp": "23.35.229.160", "DestinationPort": 443, "DestinationHostname": "crl.microsoft.com", "DestinationPortName": "-", "UtcTime": "2024-11-05 08:45:43.000", "Channel": "Microsoft-Windows-Sysmon/Operational", "Computer": "FIN-WIN11-07.corp.northwind.internal"}
{"EventID": 5, "RuleName": "-", "ProcessGuid": "{E36A528A-A923-326E-AAAC-F7926AF0DF78}", "ProcessId": 5014, "Image": "C:\\Windows\\System32\\taskhostw.exe", "User": "NT AUTHORITY\\SYSTEM", "UtcTime": "2024-11-05 08:45:44.583", "Channel": "Microsoft-Windows-Sysmon/Operational", "Computer": "FIN-WIN11-07.corp.northwind.internal"}
{"EventID": 1, "RuleName": "-", "ProcessGuid": "{B67EE9F3-3FEE-6C30-8099-BAF66A292D98}", "ProcessId": 9932, "Image": "C:\\Windows\\System32\\backgroundTaskHost.exe", "FileVersion": "10.0.22621.1 (WinBuild.160101.0800)", "Description": "backgroundTaskHost.exe", "Product": "Microsoft® Windows® Operating System", "Company": "Microsoft Corporation", "OriginalFileName": "backgroundTaskHost.exe", "CommandLine": "\"C:\\Windows\\system32\\backgroundTaskHost.exe\" -ServerName:App.AppXbp.mca", "CurrentDirectory": "C:\\Windows\\system32\\", "User": "NT AUTHORITY\\NETWORK SERVICE", "LogonGuid": "{B67EE9F3-3FEE-6C30-8099-BAF66A292D98}", "LogonId": "0x3f9a21", "TerminalSessionId": 0, "IntegrityLevel": "System", "Hashes": "MD5=E4D97319C0B8CC47867294C9F8ECF427,SHA256=290242D7B8FB826C24C48208819149C9C1651234601116B6EB80086C49291930,IMPHASH=78721E96CCCAB871801931EBD20329C2", "ParentProcessGuid": "{676D6033-C919-357D-55B1-B3DABE2088FA}", "ParentProcessId": 904, "ParentImage": "C:\\Windows\\System32\\svchost.exe", "ParentCommandLine": "C:\\Windows\\system32\\svchost.exe -k RPCSS -p", "ParentUser": "NT AUTHORITY\\NETWORK SERVICE", "UtcTime": "2024-11-05 08:45:45.142", "Channel": "Microsoft-Windows-Sysmon/Operational", "Computer": "FIN-WIN11-07.corp.northwind.internal"}
{"EventID": 7, "RuleName": "-", "ProcessGuid": "{B67EE9F3-3FEE-6C30-8099-BAF66A292D98}", "ProcessId": 9932, "Image": "C:\\Windows\\System32\\backgroundTaskHost.exe", "ImageLoaded": "C:\\Windows\\System32\\ole32.dll", "FileVersion": "10.0.22621.1", "Description": "ole32.dll", "Product": "Microsoft® Windows® Operating System", "Company": "Microsoft Corporation", "OriginalFileName": "ole32.dll", "Hashes": "MD5=F0BE416B51C5FB47AB11724010BC0552,SHA256=F245FE196BF4E32347EB826671DBFA2AE75FC0F73E3DDDD0ED96FA97ED29A527,IMPHASH=31BD25CFB290FD2A8F9272465EA53EB4", "Signed": "true", "Signature": "Microsoft Corporation", "SignatureStatus": "Valid", "User": "NT AUTHORITY\\NETWORK SERVICE", "UtcTime": "2024-11-05 08:45:45.404", "Channel": "Microsoft-Windows-Sysmon/Operational", "Computer": "FIN-WIN11-07.corp.northwind.internal"}
{"EventID": 7, "RuleName": "-", "ProcessGuid": "{B67EE9F3-3FEE-6C30-8099-BAF66A292D98}", "ProcessId": 9932, "Image": "C:\\Windows\\System32\\backgroundTaskHost.exe", "ImageLoaded": "C:\\Windows\\System32\\winhttp.dll", "FileVersion": "10.0.22621.1", "Description": "winhttp.dll", "Product": "Microsoft® Windows® Operating System", "Company": "Microsoft Corporation", "OriginalFileName": "winhttp.dll", "Hashes": "MD5=1CD7A815824DF33A0B00FC25948BB859,SHA256=11CF54D9A3E24F94115C734772A6B21C670D903498186ACA35F285F15869C0BD,IMPHASH=7EDDD38AEA1C1D899C1697F52074850F", "Signed": "true", "Signature": "Microsoft Corporation", "SignatureStatus": "Valid", "User": "NT AUTHORITY\\NETWORK SERVICE", "UtcTime": "2024-11-05 08:45:45.566", "Channel": "Microsoft-Windows-Sysmon/Operational", "Computer": "FIN-WIN11-07.corp.northwind.internal"}
{"EventID": 7, "RuleName": "-", "ProcessGuid": "{B67EE9F3-3FEE-6C30-8099-BAF66A292D98}", "ProcessId": 9932, "Image": "C:\\Windows\\System32\\backgroundTaskHost.exe", "ImageLoaded": "C:\\Windows\\System32\\rpcrt4.dll", "FileVersion": "10.0.22621.1", "Description": "rpcrt4.dll", "Product": "Microsoft® Windows® Operating System", "Company": "Microsoft Corporation", "OriginalFileName": "rpcrt4.dll", "Hashes": "MD5=9EF24EA4797B2DD0770BB7217AB0D0D1,SHA256=B3C89AFE1AF2BD9189C42840B21566EC7CFCFF421C874ECA26806512D5B66A4F,IMPHASH=AC838DD7D38F3D3BB96F9F194AA534EE", "Signed": "true", "Signature": "Microsoft Corporation", "SignatureStatus": "Valid", "User": "NT AUTHORITY\\NETWORK SERVICE", "UtcTime": "2024-11-05 08:45:45.818", "Channel": "Microsoft-Windows-Sysmon/Operational", "Computer": "FIN-WIN11-07.corp.northwind.internal"}
{"EventID": 7, "RuleName": "-", "ProcessGuid": "{B67EE9F3-3FEE-6C30-8099-BAF66A292D98}", "ProcessId": 9932, "Image": "C:\\Windows\\System32\\backgroundTaskHost.exe", "ImageLoaded": "C:\\Windows\\System32\\ntdll.dll", "FileVersion": "10.0.22621.1", "Description": "ntdll.dll", "Product": "Microsoft® Windows® Operating System", "Company": "Microsoft Corporation", "OriginalFileName": "ntdll.dll", "Hashes": "MD5=00D56D6B13A6F8F705071FD1E509602A,SHA256=10A7949A67B3658998DA2966045490E09CA516C0DBDCDCAAC9D1FC61849E35DE,IMPHASH=1432B204E543E79B50DE359A7F163F26", "Signed": "true", "Signature": "Microsoft Corporation", "SignatureStatus": "Valid", "User": "NT AUTHORITY\\NETWORK SERVICE", "UtcTime": "2024-11-05 08:45:45.839", "Channel": "Microsoft-Windows-Sysmon/Operational", "Computer": "FIN-WIN11-07.corp.northwind.internal"}
{"EventID": 3, "RuleName": "-", "ProcessGuid": "{B74A351C-3793-2B5C-A7E7-38F7328A81D5}", "ProcessId": 924, "Image": "C:\\Windows\\System32\\svchost.exe", "User": "NT AUTHORITY\\SYSTEM", "Protocol": "tcp", "Initiated": "true", "SourceIsIpv6": "false", "SourceIp": "10.20.14.37", "SourcePort": 52069, "DestinationIsIpv6": "false", "DestinationIp": "20.190.159.73", "DestinationPort": 443, "DestinationHostname": "login.microsoftonline.com", "DestinationPortName": "-", "UtcTime": "2024-11-05 08:45:47.000", "Channel": "Microsoft-Windows-Sysmon/Operational", "Computer": "FIN-WIN11-07.corp.northwind.internal"}
{"EventID": 3, "RuleName": "-", "ProcessGuid": "{2373C90A-E6AF-36CD-CFAE-E208539B72F0}", "ProcessId": 928, "Image": "C:\\Windows\\System32\\svchost.exe", "User": "NT AUTHORITY\\NETWORK SERVICE", "Protocol": "tcp", "Initiated": "true", "SourceIsIpv6": "false", "SourceIp": "10.20.14.37", "SourcePort": 62715, "DestinationIsIpv6": "false", "DestinationIp": "23.35.229.160", "DestinationPort": 443, "DestinationHostname": "crl.microsoft.com", "DestinationPortName": "-", "UtcTime": "2024-11-05 08:45:48.000", "Channel": "Microsoft-Windows-Sysmon/Operational", "Computer": "FIN-WIN11-07.corp.northwind.internal"}
{"EventID": 1, "RuleName": "-", "ProcessGuid": "{6A49D191-1C80-9468-A3C5-AD1C452A6242}", "ProcessId": 9088, "Image": "C:\\Windows\\System32\\taskhostw.exe", "FileVersion": "10.0.22621.1 (WinBuild.160101.0800)", "Description": "taskhostw.exe", "Product": "Microsoft® Windows® Operating System", "Company": "Microsoft Corporation", "OriginalFileName": "taskhostw.exe", "CommandLine": "taskhostw.exe {DE1B2C6A}", "CurrentDirectory": "C:\\Windows\\system32\\", "User": "NT AUTHORITY\\NETWORK SERVICE", "LogonGuid": "{6A49D191-1C80-9468-A3C5-AD1C452A6242}", "LogonId": "0x3f9a21", "TerminalSessionId": 0, "IntegrityLevel": "System", "Hashes": "MD5=6913C574C95575338A5B0D0544F280FC,SHA256=EADE2CD8C84CE631A2A6917151557D03D7BCF704B2A911E5910025FA412EE1D7,IMPHASH=7D87941CE922082AF40212328D9C0654", "ParentProcessGuid": "{676D6033-C919-357D-55B1-B3DABE2088FA}", "ParentProcessId": 904, "ParentImage": "C:\\Windows\\System32\\svchost.exe", "ParentCommandLine": "C:\\Windows\\system32\\svchost.exe -k RPCSS -p", "ParentUser": "NT AUTHORITY\\NETWORK SERVICE", "UtcTime": "2024-11-05 08:45:50.390", "Channel": "Microsoft-Windows-Sysmon/Operational", "Computer": "FIN-WIN11-07.corp.northwind.internal"}
{"EventID": 7, "RuleName": "-", "ProcessGuid": "{6A49D191-1C80-9468-A3C5-AD1C452A6242}", "ProcessId": 9088, "Image": "C:\\Windows\\System32\\taskhostw.exe", "ImageLoaded": "C:\\Windows\\System32\\shcore.dll", "FileVersion": "10.0.22621.1", "Description": "shcore.dll", "Product": "Microsoft® Windows® Operating System", "Company": "Microsoft Corporation", "OriginalFileName": "shcore.dll", "Hashes": "MD5=7707B9A494691A2106EAA088ADC409C7,SHA256=A4758B4425AA2753CD4FC0617E3380149E531F0A644E3D8B859FD5478E7DAC91,IMPHASH=2DA77CA815D35A4F593AEC962A571DA6", "Signed": "true", "Signature": "Microsoft Corporation", "SignatureStatus": "Valid", "User": "NT AUTHORITY\\NETWORK SERVICE", "UtcTime": "2024-11-05 08:45:50.713", "Channel": "Microsoft-Windows-Sysmon/Operational", "Computer": "FIN-WIN11-07.corp.northwind.internal"}
{"EventID": 7, "RuleName": "-", "ProcessGuid": "{6A49D191-1C80-9468-A3C5-AD1C452A6242}", "ProcessId": 9088, "Image": "C:\\Windows\\System32\\taskhostw.exe", "ImageLoaded": "C:\\Windows\\System32\\ntdll.dll", "FileVersion": "10.0.22621.1", "Description": "ntdll.dll", "Product": "Microsoft® Windows® Operating System", "Company": "Microsoft Corporation", "OriginalFileName": "ntdll.dll", "Hashes": "MD5=00D56D6B13A6F8F705071FD1E509602A,SHA256=10A7949A67B3658998DA2966045490E09CA516C0DBDCDCAAC9D1FC61849E35DE,IMPHASH=1432B204E543E79B50DE359A7F163F26", "Signed": "true", "Signature": "Microsoft Corporation", "SignatureStatus": "Valid", "User": "NT AUTHORITY\\NETWORK SERVICE", "UtcTime": "2024-11-05 08:45:50.805", "Channel": "Microsoft-Windows-Sysmon/Operational", "Computer": "FIN-WIN11-07.corp.northwind.internal"}
{"EventID": 7, "RuleName": "-", "ProcessGuid": "{6A49D191-1C80-9468-A3C5-AD1C452A6242}", "ProcessId": 9088, "Image": "C:\\Windows\\System32\\taskhostw.exe", "ImageLoaded": "C:\\Windows\\System32\\combase.dll", "FileVersion": "10.0.22621.1", "Description": "combase.dll", "Product": "Microsoft® Windows® Operating System", "Company": "Microsoft Corporation", "OriginalFileName": "combase.dll", "Hashes": "MD5=FE07706B2DD8D099202F7BDF3DF7974A,SHA256=624B15B6A05DCF062AADB64855C130E118F675BD63E9AE2303D186887D1DF314,IMPHASH=229D5BEE920EBDCBA72EA713EB134399", "Signed": "true", "Signature": "Microsoft Corporation", "SignatureStatus": "Valid", "User": "NT AUTHORITY\\NETWORK SERVICE", "UtcTime": "2024-11-05 08:45:50.823", "Channel": "Microsoft-Windows-Sysmon/Operational", "Computer": "FIN-WIN11-07.corp.northwind.internal"}
{"EventID": 13, "RuleName": "-", "EventType": "SetValue", "ProcessGuid": "{676D6033-C919-357D-55B1-B3DABE2088FA}", "ProcessId": 904, "Image": "C:\\Windows\\System32\\svchost.exe", "TargetObject": "HKLM\\SYSTEM\\CurrentControlSet\\Services\\bam\\State\\UserSettings", "Details": "Binary Data", "User": "NT AUTHORITY\\NETWORK SERVICE", "UtcTime": "2024-11-05 08:45:53.000", "Channel": "Microsoft-Windows-Sysmon/Operational", "Computer": "FIN-WIN11-07.corp.northwind.internal"}
{"EventID": 3, "RuleName": "-", "ProcessGuid": "{70DBEDA6-4436-CD2F-A60E-43C1D89851E1}", "ProcessId": 936, "Image": "C:\\Windows\\System32\\svchost.exe", "User": "NT AUTHORITY\\NETWORK SERVICE", "Protocol": "tcp", "Initiated": "true", "SourceIsIpv6": "false", "SourceIp": "10.20.14.37", "SourcePort": 61367, "DestinationIsIpv6": "false", "DestinationIp": "23.35.229.160", "DestinationPort": 443, "DestinationHostname": "crl.microsoft.com", "DestinationPortName": "-", "UtcTime": "2024-11-05 08:45:57.000", "Channel": "Microsoft-Windows-Sysmon/Operational", "Computer": "FIN-WIN11-07.corp.northwind.internal"}
{"EventID": 13, "RuleName": "-", "EventType": "SetValue", "ProcessGuid": "{676D6033-C919-357D-55B1-B3DABE2088FA}", "ProcessId": 904, "Image": "C:\\Windows\\System32\\svchost.exe", "TargetObject": "HKU\\S-1-5-21-99\\Software\\Google\\Chrome\\PreferenceMACs", "Details": "Binary Data", "User": "NT AUTHORITY\\NETWORK SERVICE", "UtcTime": "2024-11-05 08:45:58.000", "Channel": "Microsoft-Windows-Sysmon/Operational", "Computer": "FIN-WIN11-07.corp.northwind.internal"}
{"EventID": 13, "RuleName": "-", "EventType": "SetValue", "ProcessGuid": "{8D1EFC33-E31B-D256-FF6E-F105096FA2E8}", "ProcessId": 916, "Image": "C:\\Windows\\System32\\svchost.exe", "TargetObject": "HKU\\S-1-5-21-99\\Software\\Google\\Chrome\\PreferenceMACs", "Details": "Binary Data", "User": "NT AUTHORITY\\NETWORK SERVICE", "UtcTime": "2024-11-05 08:45:58.000", "Channel": "Microsoft-Windows-Sysmon/Operational", "Computer": "FIN-WIN11-07.corp.northwind.internal"}
{"EventID": 5, "RuleName": "-", "ProcessGuid": "{6A49D191-1C80-9468-A3C5-AD1C452A6242}", "ProcessId": 9088, "Image": "C:\\Windows\\System32\\taskhostw.exe", "User": "NT AUTHORITY\\NETWORK SERVICE", "UtcTime": "2024-11-05 08:45:58.390", "Channel": "Microsoft-Windows-Sysmon/Operational", "Computer": "FIN-WIN11-07.corp.northwind.internal"}
{"EventID": 1, "RuleName": "-", "ProcessGuid": "{C75DE622-9693-BC42-EE60-BBA5C6028F0B}", "ProcessId": 6796, "Image": "C:\\Windows\\System32\\dllhost.exe", "FileVersion": "10.0.22621.1 (WinBuild.160101.0800)", "Description": "dllhost.exe", "Product": "Microsoft® Windows® Operating System", "Company": "Microsoft Corporation", "OriginalFileName": "dllhost.exe", "CommandLine": "C:\\Windows\\system32\\DllHost.exe /Processid:{AB8902B4}", "CurrentDirectory": "C:\\Windows\\system32\\", "User": "NT AUTHORITY\\SYSTEM", "LogonGuid": "{C75DE622-9693-BC42-EE60-BBA5C6028F0B}", "LogonId": "0x3f9a21", "TerminalSessionId": 0, "IntegrityLevel": "System", "Hashes": "MD5=D132D91F3D4003F2340CC9C7F2DBE3CD,SHA256=A51D583DDEFDD4BA25B1D4DA6F65637439880F0758EBC4F48FE2583514A065CC,IMPHASH=EC7539CF0764730B8701D7C1BD8D83EE", "ParentProcessGuid": "{677C31FB-51D8-1217-52E7-B32951574873}", "ParentProcessId": 908, "ParentImage": "C:\\Windows\\System32\\svchost.exe", "ParentCommandLine": "C:\\Windows\\system32\\svchost.exe -k netsvcs -p", "ParentUser": "NT AUTHORITY\\SYSTEM", "UtcTime": "2024-11-05 08:45:59.513", "Channel": "Microsoft-Windows-Sysmon/Operational", "Computer": "FIN-WIN11-07.corp.northwind.internal"}
{"EventID": 7, "RuleName": "-", "ProcessGuid": "{C75DE622-9693-BC42-EE60-BBA5C6028F0B}", "ProcessId": 6796, "Image": "C:\\Windows\\System32\\dllhost.exe", "ImageLoaded": "C:\\Windows\\System32\\advapi32.dll", "FileVersion": "10.0.22621.1", "Description": "advapi32.dll", "Product": "Microsoft® Windows® Operating System", "Company": "Microsoft Corporation", "OriginalFileName": "advapi32.dll", "Hashes": "MD5=C410267AEE73627FCC97D458CC07B704,SHA256=710137EDECA7E0959E59CD8930BB80C7ECC16348F711E39436CB57EA45CD1749,IMPHASH=1BA262EF34A4578109B93C297B3F4E5F", "Signed": "true", "Signature": "Microsoft Corporation", "SignatureStatus": "Valid", "User": "NT AUTHORITY\\SYSTEM", "UtcTime": "2024-11-05 08:45:59.954", "Channel": "Microsoft-Windows-Sysmon/Operational", "Computer": "FIN-WIN11-07.corp.northwind.internal"}
{"EventID": 7, "RuleName": "-", "ProcessGuid": "{C75DE622-9693-BC42-EE60-BBA5C6028F0B}", "ProcessId": 6796, "Image": "C:\\Windows\\System32\\dllhost.exe", "ImageLoaded": "C:\\Windows\\System32\\ole32.dll", "FileVersion": "10.0.22621.1", "Description": "ole32.dll", "Product": "Microsoft® Windows® Operating System", "Company": "Microsoft Corporation", "OriginalFileName": "ole32.dll", "Hashes": "MD5=F0BE416B51C5FB47AB11724010BC0552,SHA256=F245FE196BF4E32347EB826671DBFA2AE75FC0F73E3DDDD0ED96FA97ED29A527,IMPHASH=31BD25CFB290FD2A8F9272465EA53EB4", "Signed": "true", "Signature": "Microsoft Corporation", "SignatureStatus": "Valid", "User": "NT AUTHORITY\\SYSTEM", "UtcTime": "2024-11-05 08:46:00.012", "Channel": "Microsoft-Windows-Sysmon/Operational", "Computer": "FIN-WIN11-07.corp.northwind.internal"}
{"EventID": 7, "RuleName": "-", "ProcessGuid": "{C75DE622-9693-BC42-EE60-BBA5C6028F0B}", "ProcessId": 6796, "Image": "C:\\Windows\\System32\\dllhost.exe", "ImageLoaded": "C:\\Windows\\System32\\gdi32.dll", "FileVersion": "10.0.22621.1", "Description": "gdi32.dll", "Product": "Microsoft® Windows® Operating System", "Company": "Microsoft Corporation", "OriginalFileName": "gdi32.dll", "Hashes": "MD5=C65C6F49DC7837D8ADB5C4EDF3B2DDE0,SHA256=F1D72F8DE2B12803E0F918384AE09876D95F73A9ECC32E361931BED381F9F926,IMPHASH=C04A198B98E2034D0C612D60258DEF35", "Signed": "true", "Signature": "Microsoft Corporation", "SignatureStatus": "Valid", "User": "NT AUTHORITY\\SYSTEM", "UtcTime": "2024-11-05 08:46:00.234", "Channel": "Microsoft-Windows-Sysmon/Operational", "Computer": "FIN-WIN11-07.corp.northwind.internal"}
{"EventID": 7, "RuleName": "-", "ProcessGuid": "{C75DE622-9693-BC42-EE60-BBA5C6028F0B}", "ProcessId": 6796, "Image": "C:\\Windows\\System32\\dllhost.exe", "ImageLoaded": "C:\\Windows\\System32\\combase.dll", "FileVersion": "10.0.22621.1", "Description": "combase.dll", "Product": "Microsoft® Windows® Operating System", "Company": "Microsoft Corporation", "OriginalFileName": "combase.dll", "Hashes": "MD5=FE07706B2DD8D099202F7BDF3DF7974A,SHA256=624B15B6A05DCF062AADB64855C130E118F675BD63E9AE2303D186887D1DF314,IMPHASH=229D5BEE920EBDCBA72EA713EB134399", "Signed": "true", "Signature": "Microsoft Corporation", "SignatureStatus": "Valid", "User": "NT AUTHORITY\\SYSTEM", "UtcTime": "2024-11-05 08:46:00.318", "Channel": "Microsoft-Windows-Sysmon/Operational", "Computer": "FIN-WIN11-07.corp.northwind.internal"}
{"EventID": 5, "RuleName": "-", "ProcessGuid": "{66A6FFED-58CB-88B9-FB7B-3DC6ABE6D8CA}", "ProcessId": 2797, "Image": "C:\\Windows\\System32\\RuntimeBroker.exe", "User": "NT AUTHORITY\\NETWORK SERVICE", "UtcTime": "2024-11-05 08:46:15.311", "Channel": "Microsoft-Windows-Sysmon/Operational", "Computer": "FIN-WIN11-07.corp.northwind.internal"}
{"EventID": 5, "RuleName": "-", "ProcessGuid": "{8FE233F9-83DE-9B99-5566-B88A992FBB58}", "ProcessId": 6365, "Image": "C:\\Windows\\System32\\RuntimeBroker.exe", "User": "NT AUTHORITY\\NETWORK SERVICE", "UtcTime": "2024-11-05 08:46:20.689", "Channel": "Microsoft-Windows-Sysmon/Operational", "Computer": "FIN-WIN11-07.corp.northwind.internal"}
{"EventID": 5, "RuleName": "-", "ProcessGuid": "{B67EE9F3-3FEE-6C30-8099-BAF66A292D98}", "ProcessId": 9932, "Image": "C:\\Windows\\System32\\backgroundTaskHost.exe", "User": "NT AUTHORITY\\NETWORK SERVICE", "UtcTime": "2024-11-05 08:46:24.142", "Channel": "Microsoft-Windows-Sysmon/Operational", "Computer": "FIN-WIN11-07.corp.northwind.internal"}
{"EventID": 5, "RuleName": "-", "ProcessGuid": "{C75DE622-9693-BC42-EE60-BBA5C6028F0B}", "ProcessId": 6796, "Image": "C:\\Windows\\System32\\dllhost.exe", "User": "NT AUTHORITY\\SYSTEM", "UtcTime": "2024-11-05 08:46:33.513", "Channel": "Microsoft-Windows-Sysmon/Operational", "Computer": "FIN-WIN11-07.corp.northwind.internal"}
