{"EventID": 5, "RuleName": "-", "ProcessGuid": "{DD2C26A6-C5E9-83D2-FC7B-E1F13E0C1405}", "ProcessId": 1650, "Image": "C:\\Windows\\System32\\conhost.exe", "User": "NT AUTHORITY\\NETWORK SERVICE", "UtcTime": "2024-11-05 08:35:58.441", "Channel": "Microsoft-Windows-Sysmon/Operational", "Computer": "FIN-WIN11-07.corp.northwind.internal"}
{"EventID": 22, "RuleName": "-", "ProcessGuid": "{796FE29B-14F6-A3DA-0012-838DA87ED7E0}", "ProcessId": 4677, "QueryName": "update.code.visualstudio.com", "QueryStatus": "0", "QueryResults": "13.107.42.16", "Image": "C:\\Program Files\\Microsoft Office\\root\\Office16\\OUTLOOK.EXE", "User": "CORP\\j.okafor", "UtcTime": "2024-11-05 08:36:00.000", "Channel": "Microsoft-Windows-Sysmon/Operational", "Computer": "FIN-WIN11-07.corp.northwind.internal"}
{"EventID": 3, "RuleName": "-", "ProcessGuid": "{796FE29B-14F6-A3DA-0012-838DA87ED7E0}", "ProcessId": 4677, "Image": "C:\\Program Files\\Microsoft Office\\root\\Office16\\OUTLOOK.EXE", "User": "CORP\\j.okafor", "Protocol": "tcp", "Initiated": "true", "SourceIsIpv6": "false", "SourceIp": "10.20.14.37", "SourcePort": 52504, "DestinationIsIpv6": "false", "DestinationIp": "13.107.42.16", "DestinationPort": 443, "DestinationHostname": "update.code.visualstudio.com", "DestinationPortName": "-", "UtcTime": "2024-11-05 08:36:00.491", "Channel": "Microsoft-Windows-Sysmon/Operational", "Computer": "FIN-WIN11-07.corp.northwind.internal"}
{"EventID": 1, "RuleName": "-", "ProcessGuid": "{7D19A711-0268-40F3-71DF-6E4867AD5D53}", "ProcessId": 6546, "Image": "C:\\Windows\\System32\\backgroundTaskHost.exe", "FileVersion": "10.0.22621.1 (WinBuild.160101.0800)", "Description": "backgroundTaskHost.exe", "Product": "Microsoft® Windows® Operating System", "Company": "Microsoft Corporation", "OriginalFileName": "backgroundTaskHost.exe", "CommandLine": "\"C:\\Windows\\system32\\backgroundTaskHost.exe\" -ServerName:App.AppXbp.mca", "CurrentDirectory": "C:\\Windows\\system32\\", "User": "NT AUTHORITY\\NETWORK SERVICE", "LogonGuid": "{7D19A711-0268-40F3-71DF-6E4867AD5D53}", "LogonId": "0x3f9a21", "TerminalSessionId": 0, "IntegrityLevel": "System", "Hashes": "MD5=E4D97319C0B8CC47867294C9F8ECF427,SHA256=290242D7B8FB826C24C48208819149C9C1651234601116B6EB80086C49291930,IMPHASH=78721E96CCCAB871801931EBD20329C2", "ParentProcessGuid": "{676D6033-C919-357D-55B1-B3DABE2088FA}", "ParentProcessId": 904, "ParentImage": "C:\\Windows\\System32\\svchost.exe", "ParentCommandLine": "C:\\Windows\\system32\\svchost.exe -k RPCSS -p", "ParentUser": "NT AUTHORITY\\NETWORK SERVICE", "UtcTime": "2024-11-05 08:36:01.280", "Channel": "Microsoft-Windows-Sysmon/Operational", "Computer": "FIN-WIN11-07.corp.northwind.internal"}
{"EventID": 7, "RuleName": "-", "ProcessGuid": "{7D19A711-0268-40F3-71DF-6E4867AD5D53}", "ProcessId": 6546, "Image": "C:\\Windows\\System32\\backgroundTaskHost.exe", "ImageLoaded": "C:\\Windows\\System32\\ntdll.dll", "FileVersion": "10.0.22621.1", "Description": "ntdll.dll", "Product": "Microsoft® Windows® Operating System", "Company": "Microsoft Corporation", "OriginalFileName": "ntdll.dll", "Hashes": "MD5=00D56D6B13A6F8F705071FD1E509602A,SHA256=10A7949A67B3658998DA2966045490E09CA516C0DBDCDCAAC9D1FC61849E35DE,IMPHASH=1432B204E543E79B50DE359A7F163F26", "Signed": "true", "Signature": "Microsoft Corporation", "SignatureStatus": "Valid", "User": "NT AUTHORITY\\NETWORK SERVICE", "UtcTime": "2024-11-05 08:36:01.449", "Channel": "Microsoft-Windows-Sysmon/Operational", "Computer": "FIN-WIN11-07.corp.northwind.internal"}
{"EventID": 5, "RuleName": "-", "ProcessGuid": "{45E1F3E4-EEBF-105D-5960-36EF8767CB5B}", "ProcessId": 6786, "Image": "C:\\Windows\\System32\\RuntimeBroker.exe", "User": "NT AUTHORITY\\SYSTEM", "UtcTime": "2024-11-05 08:36:01.546", "Channel": "Microsoft-Windows-Sysmon/Operational", "Computer": "FIN-WIN11-07.corp.northwind.internal"}
{"EventID": 7, "RuleName": "-", "ProcessGuid": "{7D19A711-0268-40F3-71DF-6E4867AD5D53}", "ProcessId": 6546, "Image": "C:\\Windows\\System32\\backgroundTaskHost.exe", "ImageLoaded": "C:\\Windows\\System32\\ole32.dll", "FileVersion": "10.0.22621.1", "Description": "ole32.dll", "Product": "Microsoft® Windows® Operating System", "Company": "Microsoft Corporation", "OriginalFileName": "ole32.dll", "Hashes": "MD5=F0BE416B51C5FB47AB11724010BC0552,SHA256=F245FE196BF4E32347EB826671DBFA2AE75FC0F73E3DDDD0ED96FA97ED29A527,IMPHASH=31BD25CFB290FD2A8F9272465EA53EB4", "Signed": "true", "Signature": "Microsoft Corporation", "SignatureStatus": "Valid", "User": "NT AUTHORITY\\NETWORK SERVICE", "UtcTime": "2024-11-05 08:36:01.564", "Channel": "Microsoft-Windows-Sysmon/Operational", "Computer": "FIN-WIN11-07.corp.northwind.internal"}
{"EventID": 22, "RuleName": "-", "ProcessGuid": "{796FE29B-14F6-A3DA-0012-838DA87ED7E0}", "ProcessId": 4677, "QueryName": "teams.microsoft.com", "QueryStatus": "0", "QueryResults": "52.113.194.132", "Image": "C:\\Program Files\\Microsoft Office\\root\\Office16\\OUTLOOK.EXE", "User": "CORP\\j.okafor", "UtcTime": "2024-11-05 08:36:06.000", "Channel": "Microsoft-Windows-Sysmon/Operational", "Computer": "FIN-WIN11-07.corp.northwind.internal"}
{"EventID": 3, "RuleName": "-", "ProcessGuid": "{796FE29B-14F6-A3DA-0012-838DA87ED7E0}", "ProcessId": 4677, "Image": "C:\\Program Files\\Microsoft Office\\root\\Office16\\OUTLOOK.EXE", "User": "CORP\\j.okafor", "Protocol": "tcp", "Initiated": "true", "SourceIsIpv6": "false", "SourceIp": "10.20.14.37", "SourcePort": 52481, "DestinationIsIpv6": "false", "DestinationIp": "52.113.194.132", "DestinationPort": 443, "DestinationHostname": "teams.microsoft.com", "DestinationPortName": "-", "UtcTime": "2024-11-05 08:36:06.059", "Channel": "Microsoft-Windows-Sysmon/Operational", "Computer": "FIN-WIN11-07.corp.northwind.internal"}
{"EventID": 5, "RuleName": "-", "ProcessGuid": "{7D19A711-0268-40F3-71DF-6E4867AD5D53}", "ProcessId": 6546, "Image": "C:\\Windows\\System32\\backgroundTaskHost.exe", "User": "NT AUTHORITY\\NETWORK SERVICE", "UtcTime": "2024-11-05 08:36:07.280", "Channel": "Microsoft-Windows-Sysmon/Operational", "Computer": "FIN-WIN11-07.corp.northwind.internal"}
{"EventID": 22, "RuleName": "-", "ProcessGuid": "{796FE29B-14F6-A3DA-0012-838DA87ED7E0}", "ProcessId": 4677, "QueryName": "nvd.nist.gov", "QueryStatus": "0", "QueryResults": "23.203.248.58", "Image": "C:\\Program Files\\Microsoft Office\\root\\Office16\\OUTLOOK.EXE", "User": "CORP\\j.okafor", "UtcTime": "2024-11-05 08:36:08.000", "Channel": "Microsoft-Windows-Sysmon/Operational", "Computer": "FIN-WIN11-07.corp.northwind.internal"}
{"EventID": 3, "RuleName": "-", "ProcessGuid": "{796FE29B-14F6-A3DA-0012-838DA87ED7E0}", "ProcessId": 4677, "Image": "C:\\Program Files\\Microsoft Office\\root\\Office16\\OUTLOOK.EXE", "User": "CORP\\j.okafor", "Protocol": "tcp", "Initiated": "true", "SourceIsIpv6": "false", "SourceIp": "10.20.14.37", "SourcePort": 63557, "DestinationIsIpv6": "false", "DestinationIp": "23.203.248.58", "DestinationPort": 443, "DestinationHostname": "nvd.nist.gov", "DestinationPortName": "-", "UtcTime": "2024-11-05 08:36:08.525", "Channel": "Microsoft-Windows-Sysmon/Operational", "Computer": "FIN-WIN11-07.corp.northwind.internal"}
{"EventID": 1, "RuleName": "-", "ProcessGuid": "{29757960-1DF4-9FC7-B863-C5877AFB5D7F}", "ProcessId": 7890, "Image": "C:\\Windows\\System32\\taskhostw.exe", "FileVersion": "10.0.22621.1 (WinBuild.160101.0800)", "Description": "taskhostw.exe", "Product": "Microsoft® Windows® Operating System", "Company": "Microsoft Corporation", "OriginalFileName": "taskhostw.exe", "CommandLine": "taskhostw.exe {DE1B2C6A}", "CurrentDirectory": "C:\\Windows\\system32\\", "User": "NT AUTHORITY\\SYSTEM", "LogonGuid": "{29757960-1DF4-9FC7-B863-C5877AFB5D7F}", "LogonId": "0x3f9a21", "TerminalSessionId": 0, "IntegrityLevel": "System", "Hashes": "MD5=6913C574C95575338A5B0D0544F280FC,SHA256=EADE2CD8C84CE631A2A6917151557D03D7BCF704B2A911E5910025FA412EE1D7,IMPHASH=7D87941CE922082AF40212328D9C0654", "ParentProcessGuid": "{B74A351C-3793-2B5C-A7E7-38F7328A81D5}", "ParentProcessId": 924, "ParentImage": "C:\\Windows\\System32\\svchost.exe", "ParentCommandLine": "C:\\Windows\\system32\\svchost.exe -k LocalSystemNetworkRestricted -p", "ParentUser": "NT AUTHORITY\\SYSTEM", "UtcTime": "2024-11-05 08:36:11.567", "Channel": "Microsoft-Windows-Sysmon/Operational", "Computer": "FIN-WIN11-07.corp.northwind.internal"}
{"EventID": 7, "RuleName": "-", "ProcessGuid": "{29757960-1DF4-9FC7-B863-C5877AFB5D7F}", "ProcessId": 7890, "Image": "C:\\Windows\\System32\\taskhostw.exe", "ImageLoaded": "C:\\Windows\\System32\\rpcrt4.dll", "FileVersion": "10.0.22621.1", "Description": "rpcrt4.dll", "Product": "Microsoft® Windows® Operating System", "Company": "Microsoft Corporation", "OriginalFileName": "rpcrt4.dll", "Hashes": "MD5=9EF24EA4797B2DD0770BB7217AB0D0D1,SHA256=B3C89AFE1AF2BD9189C42840B21566EC7CFCFF421C874ECA26806512D5B66A4F,IMPHASH=AC838DD7D38F3D3BB96F9F194AA534EE", "Signed": "true", "Signature": "Microsoft Corporation", "SignatureStatus": "Valid", "User": "NT AUTHORITY\\SYSTEM", "UtcTime": "2024-11-05 08:36:12.088", "Channel": "Microsoft-Windows-Sysmon/Operational", "Computer": "FIN-WIN11-07.corp.northwind.internal"}
{"EventID": 7, "RuleName": "-", "ProcessGuid": "{29757960-1DF4-9FC7-B863-C5877AFB5D7F}", "ProcessId": 7890, "Image": "C:\\Windows\\System32\\taskhostw.exe", "ImageLoaded": "C:\\Windows\\System32\\ntdll.dll", "FileVersion": "10.0.22621.1", "Description": "ntdll.dll", "Product": "Microsoft® Windows® Operating System", "Company": "Microsoft Corporation", "OriginalFileName": "ntdll.dll", "Hashes": "MD5=00D56D6B13A6F8F705071FD1E509602A,SHA256=10A7949A67B3658998DA2966045490E09CA516C0DBDCDCAAC9D1FC61849E35DE,IMPHASH=1432B204E543E79B50DE359A7F163F26", "Signed": "true", "Signature": "Microsoft Corporation", "SignatureStatus": "Valid", "User": "NT AUTHORITY\\SYSTEM", "UtcTime": "2024-11-05 08:36:12.250", "Channel": "Microsoft-Windows-Sysmon/Operational", "Computer": "FIN-WIN11-07.corp.northwind.internal"}
{"EventID": 7, "RuleName": "-", "ProcessGuid": "{29757960-1DF4-9FC7-B863-C5877AFB5D7F}", "ProcessId": 7890, "Image": "C:\\Windows\\System32\\taskhostw.exe", "ImageLoaded": "C:\\Windows\\System32\\rpcrt4.dll", "FileVersion": "10.0.22621.1", "Description": "rpcrt4.dll", "Product": "Microsoft® Windows® Operating System", "Company": "Microsoft Corporation", "OriginalFileName": "rpcrt4.dll", "Hashes": "MD5=9EF24EA4797B2DD0770BB7217AB0D0D1,SHA256=B3C89AFE1AF2BD9189C42840B21566EC7CFCFF421C874ECA26806512D5B66A4F,IMPHASH=AC838DD7D38F3D3BB96F9F194AA534EE", "Signed": "true", "Signature": "Microsoft Corporation", "SignatureStatus": "Valid", "User": "NT AUTHORITY\\SYSTEM", "UtcTime": "2024-11-05 08:36:12.467", "Channel": "Microsoft-Windows-Sysmon/Operational", "Computer": "FIN-WIN11-07.corp.northwind.internal"}
{"EventID": 22, "RuleName": "-", "ProcessGuid": "{D75BDBDA-4E3A-47F7-F5DF-3731BAB9E2D0}", "ProcessId": 6782, "QueryName": "ctldl.windowsupdate.com", "QueryStatus": "0", "QueryResults": "88.221.93.19", "Image": "C:\\Program Files\\Google\\Chrome\\Application\\chrome.exe", "User": "CORP\\j.okafor", "UtcTime": "2024-11-05 08:36:13.000", "Channel": "Microsoft-Windows-Sysmon/Operational", "Computer": "FIN-WIN11-07.corp.northwind.internal"}
{"EventID": 3, "RuleName": "-", "ProcessGuid": "{D75BDBDA-4E3A-47F7-F5DF-3731BAB9E2D0}", "ProcessId": 6782, "Image": "C:\\Program Files\\Google\\Chrome\\Application\\chrome.exe", "User": "CORP\\j.okafor", "Protocol": "tcp", "Initiated": "true", "SourceIsIpv6": "false", "SourceIp": "10.20.14.37", "SourcePort": 52061, "DestinationIsIpv6": "false", "DestinationIp": "88.221.93.19", "DestinationPort": 443, "DestinationHostname": "ctldl.windowsupdate.com", "DestinationPortName": "-", "UtcTime": "2024-11-05 08:36:13.508", "Channel": "Microsoft-Windows-Sysmon/Operational", "Computer": "FIN-WIN11-07.corp.northwind.internal"}
{"EventID": 3, "RuleName": "-", "ProcessGuid": "{677C31FB-51D8-1217-52E7-B32951574873}", "ProcessId": 908, "Image": "C:\\Windows\\System32\\svchost.exe", "User": "NT AUTHORITY\\SYSTEM", "Protocol": "tcp", "Initiated": "true", "SourceIsIpv6": "false", "SourceIp": "10.20.14.37", "SourcePort": 50955, "DestinationIsIpv6": "false", "DestinationIp": "88.221.93.19", "DestinationPort": 443, "DestinationHostname": "ctldl.windowsupdate.com", "DestinationPortName": "-", "UtcTime": "2024-11-05 08:36:14.000", "Channel": "Microsoft-Windows-Sysmon/Operational", "Computer": "FIN-WIN11-07.corp.northwind.internal"}
{"EventID": 1, "RuleName": "-", "ProcessGuid": "{00E0F397-95A7-B29C-AD21-C11ACDA525A4}", "ProcessId": 6593, "Image": "C:\\Windows\\System32\\backgroundTaskHost.exe", "FileVersion": "10.0.22621.1 (WinBuild.160101.0800)", "Description": "backgroundTaskHost.exe", "Product": "Microsoft® Windows® Operating System", "Company": "Microsoft Corporation", "OriginalFileName": "backgroundTaskHost.exe", "CommandLine": "\"C:\\Windows\\system32\\backgroundTaskHost.exe\" -ServerName:App.AppXbp.mca", "CurrentDirectory": "C:\\Windows\\system32\\", "User": "NT AUTHORITY\\NETWORK SERVICE", "LogonGuid": "{00E0F397-95A7-B29C-AD21-C11ACDA525A4}", "LogonId": "0x3f9a21", "TerminalSessionId": 0, "IntegrityLevel": "System", "Hashes": "MD5=E4D97319C0B8CC47867294C9F8ECF427,SHA256=290242D7B8FB826C24C48208819149C9C1651234601116B6EB80086C49291930,IMPHASH=78721E96CCCAB871801931EBD20329C2", "ParentProcessGuid": "{676D6033-C919-357D-55B1-B3DABE2088FA}", "ParentProcessId": 904, "ParentImage": "C:\\Windows\\System32\\svchost.exe", "ParentCommandLine": "C:\\Windows\\system32\\svchost.exe -k RPCSS -p", "ParentUser": "NT AUTHORITY\\NETWORK SERVICE", "UtcTime": "2024-11-05 08:36:18.043", "Channel": "Microsoft-Windows-Sysmon/Operational", "Computer": "FIN-WIN11-07.corp.northwind.internal"}
{"EventID": 7, "RuleName": "-", "ProcessGuid": "{00E0F397-95A7-B29C-AD21-C11ACDA525A4}", "ProcessId": 6593, "Image": "C:\\Windows\\System32\\backgroundTaskHost.exe", "ImageLoaded": "C:\\Windows\\System32\\advapi32.dll", "FileVersion": "10.0.22621.1", "Description": "advapi32.dll", "Product": "Microsoft® Windows® Operating System", "Company": "Microsoft Corporation", "OriginalFileName": "advapi32.dll", "Hashes": "MD5=C410267AEE73627FCC97D458CC07B704,SHA256=710137EDECA7E0959E59CD8930BB80C7ECC16348F711E39436CB57EA45CD1749,IMPHASH=1BA262EF34A4578109B93C297B3F4E5F", "Signed": "true", "Signature": "Microsoft Corporation", "SignatureStatus": "Valid", "User": "NT AUTHORITY\\NETWORK SERVICE", "UtcTime": "2024-11-05 08:36:18.267", "Channel": "Microsoft-Windows-Sysmon/Operational", "Computer": "FIN-WIN11-07.corp.northwind.internal"}
{"EventID": 7, "RuleName": "-", "ProcessGuid": "{00E0F397-95A7-B29C-AD21-C11ACDA525A4}", "ProcessId": 6593, "Image": "C:\\Windows\\System32\\backgroundTaskHost.exe", "ImageLoaded": "C:\\Windows\\System32\\combase.dll", "FileVersion": "10.0.22621.1", "Description": "combase.dll", "Product": "Microsoft® Windows® Operating System", "Company": "Microsoft Corporation", "OriginalFileName": "combase.dll", "Hashes": "MD5=FE07706B2DD8D099202F7BDF3DF7974A,SHA256=624B15B6A05DCF062AADB64855C130E118F675BD63E9AE2303D186887D1DF314,IMPHASH=229D5BEE920EBDCBA72EA713EB134399", "Signed": "true", "Signature": "Microsoft Corporation", "SignatureStatus": "Valid", "User": "NT AUTHORITY\\NETWORK SERVICE", "UtcTime": "2024-11-05 08:36:18.458", "Channel": "Microsoft-Windows-Sysmon/Operational", "Computer": "FIN-WIN11-07.corp.northwind.internal"}
{"EventID": 7, "RuleName": "-", "ProcessGuid": "{00E0F397-95A7-B29C-AD21-C11ACDA525A4}", "ProcessId": 6593, "Image": "C:\\Windows\\System32\\backgroundTaskHost.exe", "ImageLoaded": "C:\\Windows\\System32\\ole32.dll", "FileVersion": "10.0.22621.1", "Description": "ole32.dll", "Product": "Microsoft® Windows® Operating System", "Company": "Microsoft Corporation", "OriginalFileName": "ole32.dll", "Hashes": "MD5=F0BE416B51C5FB47AB11724010BC0552,SHA256=F245FE196BF4E32347EB826671DBFA2AE75FC0F73E3DDDD0ED96FA97ED29A527,IMPHASH=31BD25CFB290FD2A8F9272465EA53EB4", "Signed": "true", "Signature": "Microsoft Corporation", "SignatureStatus": "Valid", "User": "NT AUTHORITY\\NETWORK SERVICE", "UtcTime": "2024-11-05 08:36:18.495", "Channel": "Microsoft-Windows-Sysmon/Operational", "Computer": "FIN-WIN11-07.corp.northwind.internal"}
{"EventID": 5, "RuleName": "-", "ProcessGuid": "{FDF0ED19-CA8F-7E86-75CE-ABB62452E5A0}", "ProcessId": 7463, "Image": "C:\\Windows\\System32\\taskhostw.exe", "User": "NT AUTHORITY\\NETWORK SERVICE", "UtcTime": "2024-11-05 08:36:18.649", "Channel": "Microsoft-Windows-Sysmon/Operational", "Computer": "FIN-WIN11-07.corp.northwind.internal"}
{"EventID": 7, "RuleName": "-", "ProcessGuid": "{00E0F397-95A7-B29C-AD21-C11ACDA525A4}", "ProcessId": 6593, "Image": "C:\\Windows\\System32\\backgroundTaskHost.exe", "ImageLoaded": "C:\\Windows\\System32\\crypt32.dll", "FileVersion": "10.0.22621.1", "Description": "crypt32.dll", "Product": "Microsoft® Windows® Operating System", "Company": "Microsoft Corporation", "OriginalFileName": "crypt32.dll", "Hashes": "MD5=2C9AC0BA41556865BDA9F69F855490F5,SHA256=FE9D19718BC80D9898EDE8DD5F12FC6443D27CBDDC4E8F95879B295C1ADB9926,IMPHASH=3CAC074585050F4B842ED7790F75AD92", "Signed": "true", "Signature": "Microsoft Corporation", "SignatureStatus": "Valid", "User": "NT AUTHORITY\\NETWORK SERVICE", "UtcTime": "2024-11-05 08:36:18.712", "Channel": "Microsoft-Windows-Sysmon/Operational", "Computer": "FIN-WIN11-07.corp.northwind.internal"}
{"EventID": 3, "RuleName": "-", "ProcessGuid": "{49C3F86C-19AD-FB4F-C743-9876996767D6}", "ProcessId": 912, "Image": "C:\\Windows\\System32\\svchost.exe", "User": "NT AUTHORITY\\LOCAL SERVICE", "Protocol": "tcp", "Initiated": "true", "SourceIsIpv6": "false", "SourceIp": "10.20.14.37", "SourcePort": 50890, "DestinationIsIpv6": "false", "DestinationIp": "88.221.93.19", "DestinationPort": 443, "DestinationHostname": "ctldl.windowsupdate.com", "DestinationPortName": "-", "UtcTime": "2024-11-05 08:36:19.000", "Channel": "Microsoft-Windows-Sysmon/Operational", "Computer": "FIN-WIN11-07.corp.northwind.internal"}
{"EventID": 5, "RuleName": "-", "ProcessGuid": "{0A26B6F2-E29B-0AFD-4A84-67470E45CFD7}", "ProcessId": 4829, "Image": "C:\\Windows\\System32\\conhost.exe", "User": "NT AUTHORITY\\NETWORK SERVICE", "UtcTime": "2024-11-05 08:36:19.861", "Channel": "Microsoft-Windows-Sysmon/Operational", "Computer": "FIN-WIN11-07.corp.northwind.internal"}
{"EventID": 3, "RuleName": "-", "ProcessGuid": "{8D1EFC33-E31B-D256-FF6E-F105096FA2E8}", "ProcessId": 916, "Image": "C:\\Windows\\System32\\svchost.exe", "User": "NT AUTHORITY\\NETWORK SERVICE", "Protocol": "tcp", "Initiated": "true", "SourceIsIpv6": "false", "SourceIp": "10.20.14.37", "SourcePort": 60958, "DestinationIsIpv6": "false", "DestinationIp": "23.203.248.58", "DestinationPort": 443, "DestinationHostname": "nvd.nist.gov", "DestinationPortName": "-", "UtcTime": "2024-11-05 08:36:20.000", "Channel": "Microsoft-Windows-Sysmon/Operational", "Computer": "FIN-WIN11-07.corp.northwind.internal"}
{"EventID": 5, "RuleName": "-", "ProcessGuid": "{F2171D2E-66C9-6109-FB0B-4580CF06E05C}", "ProcessId": 8139, "Image": "C:\\Windows\\System32\\conhost.exe", "User": "NT AUTHORITY\\NETWORK SERVICE", "UtcTime": "2024-11-05 08:36:21.971", "Channel": "Microsoft-Windows-Sysmon/Operational", "Computer": "FIN-WIN11-07.corp.northwind.internal"}
{"EventID": 1, "RuleName": "-", "ProcessGuid": "{9C6155E1-B8BA-042E-38B1-63E4A3711954}", "ProcessId": 9882, "Image": "C:\\Windows\\System32\\dllhost.exe", "FileVersion": "10.0.22621.1 (WinBuild.160101.0800)", "Description": "dllhost.exe", "Product": "Microsoft® Windows® Operating System", "Company": "Microsoft Corporation", "OriginalFileName": "dllhost.exe", "CommandLine": "C:\\Windows\\system32\\DllHost.exe /Processid:{AB8902B4}", "CurrentDirectory": "C:\\Windows\\system32\\", "User": "NT AUTHORITY\\NETWORK SERVICE", "LogonGuid": "{9C6155E1-B8BA-042E-38B1-63E4A3711954}", "LogonId": "0x3f9a21", "TerminalSessionId": 0, "IntegrityLevel": "System", "Hashes": "MD5=D132D91F3D4003F2340CC9C7F2DBE3CD,SHA256=A51D583DDEFDD4BA25B1D4DA6F65637439880F0758EBC4F48FE2583514A065CC,IMPHASH=EC7539CF0764730B8701D7C1BD8D83EE", "ParentProcessGuid": "{AA7FD302-FB6B-B79E-6AA9-CE312DBD94F1}", "ParentProcessId": 920, "ParentImage": "C:\\Windows\\System32\\svchost.exe", "ParentCommandLine": "C:\\Windows\\system32\\svchost.exe -k termsvcs", "ParentUser": "NT AUTHORITY\\NETWORK SERVICE", "UtcTime": "2024-11-05 08:36:24.195", "Channel": "Microsoft-Windows-Sysmon/Operational", "Computer": "FIN-WIN11-07.corp.northwind.internal"}
{"EventID": 7, "RuleName": "-", "ProcessGuid": "{9C6155E1-B8BA-042E-38B1-63E4A3711954}", "ProcessId": 9882, "Image": "C:\\Windows\\System32\\dllhost.exe", "ImageLoaded": "C:\\Windows\\System32\\kernel32.dll", "FileVersion": "10.0.22621.1", "Description": "kernel32.dll", "Product": "Microsoft® Windows® Operating System", "Company": "Microsoft Corporation", "OriginalFileName": "kernel32.dll", "Hashes": "MD5=0AB4EA0E4D6453AA778557EA48A08D64,SHA256=9CFF62CD296F6EFDBB9B5622D676BA00427ABD304150B5B1C27F0AA9385BB344,IMPHASH=316A1DF7CA24080C1A54042C5E549E4D", "Signed": "true", "Signature": "Microsoft Corporation", "SignatureStatus": "Valid", "User": "NT AUTHORITY\\NETWORK SERVICE", "UtcTime": "2024-11-05 08:36:24.448", "Channel": "Microsoft-Windows-Sysmon/Operational", "Computer": "FIN-WIN11-07.corp.northwind.internal"}
{"EventID": 7, "RuleName": "-", "ProcessGuid": "{9C6155E1-B8BA-042E-38B1-63E4A3711954}", "ProcessId": 9882, "Image": "C:\\Windows\\System32\\dllhost.exe", "ImageLoaded": "C:\\Windows\\System32\\shcore.dll", "FileVersion": "10.0.22621.1", "Description": "shcore.dll", "Product": "Microsoft® Windows® Operating System", "Company": "Microsoft Corporation", "OriginalFileName": "shcore.dll", "Hashes": "MD5=7707B9A494691A2106EAA088ADC409C7,SHA256=A4758B4425AA2753CD4FC0617E3380149E531F0A644E3D8B859FD5478E7DAC91,IMPHASH=2DA77CA815D35A4F593AEC962A571DA6", "Signed": "true", "Signature": "Microsoft Corporation", "SignatureStatus": "Valid", "User": "NT AUTHORITY\\NETWORK SERVICE", "UtcTime": "2024-11-05 08:36:24.625", "Channel": "Microsoft-Windows-Sysmon/Operational", "Computer": "FIN-WIN11-07.corp.northwind.internal"}
{"EventID": 7, "RuleName": "-", "ProcessGuid": "{9C6155E1-B8BA-042E-38B1-63E4A3711954}", "ProcessId": 9882, "Image": "C:\\Windows\\System32\\dllhost.exe", "ImageLoaded": "C:\\Windows\\System32\\advapi32.dll", "FileVersion": "10.0.22621.1", "Description": "advapi32.dll", "Product": "Microsoft® Windows® Operating System", "Company": "Microsoft Corporation", "OriginalFileName": "advapi32.dll", "Hashes": "MD5=C410267AEE73627FCC97D458CC07B704,SHA256=710137EDECA7E0959E59CD8930BB80C7ECC16348F711E39436CB57EA45CD1749,IMPHASH=1BA262EF34A4578109B93C297B3F4E5F", "Signed": "true", "Signature": "Microsoft Corporation", "SignatureStatus": "Valid", "User": "NT AUTHORITY\\NETWORK SERVICE", "UtcTime": "2024-11-05 08:36:24.806", "Channel": "Microsoft-Windows-Sysmon/Operational", "Computer": "FIN-WIN11-07.corp.northwind.internal"}
{"EventID": 1, "RuleName": "-", "ProcessGuid": "{D2834C68-BD87-22B9-D61D-C11384F2F050}", "ProcessId": 5386, "Image": "C:\\Windows\\System32\\dllhost.exe", "FileVersion": "10.0.22621.1 (WinBuild.160101.0800)", "Description": "dllhost.exe", "Product": "Microsoft® Windows® Operating System", "Company": "Microsoft Corporation", "OriginalFileName": "dllhost.exe", "CommandLine": "C:\\Windows\\system32\\DllHost.exe /Processid:{AB8902B4}", "CurrentDirectory": "C:\\Windows\\system32\\", "User": "NT AUTHORITY\\NETWORK SERVICE", "LogonGuid": "{D2834C68-BD87-22B9-D61D-C11384F2F050}", "LogonId": "0x3f9a21", "TerminalSessionId": 0, "IntegrityLevel": "System", "Hashes": "MD5=D132D91F3D4003F2340CC9C7F2DBE3CD,SHA256=A51D583DDEFDD4BA25B1D4DA6F65637439880F0758EBC4F48FE2583514A065CC,IMPHASH=EC7539CF0764730B8701D7C1BD8D83EE", "ParentProcessGuid": "{676D6033-C919-357D-55B1-B3DABE2088FA}", "ParentProcessId": 904, "ParentImage": "C:\\Windows\\System32\\svchost.exe", "ParentCommandLine": "C:\\Windows\\system32\\svchost.exe -k RPCSS -p", "ParentUser": "NT AUTHORITY\\NETWORK SERVICE", "UtcTime": "2024-11-05 08:36:25.650", "Channel": "Microsoft-Windows-Sysmon/Operational", "Computer": "FIN-WIN11-07.corp.northwind.internal"}
{"EventID": 7, "RuleName": "-", "ProcessGuid": "{D2834C68-BD87-22B9-D61D-C11384F2F050}", "ProcessId": 5386, "Image": "C:\\Windows\\System32\\dllhost.exe", "ImageLoaded": "C:\\Windows\\System32\\advapi32.dll", "FileVersion": "10.0.22621.1", "Description": "advapi32.dll", "Product": "Microsoft® Windows® Operating System", "Company": "Microsoft Corporation", "OriginalFileName": "advapi32.dll", "Hashes": "MD5=C410267AEE73627FCC97D458CC07B704,SHA256=710137EDECA7E0959E59CD8930BB80C7ECC16348F711E39436CB57EA45CD1749,IMPHASH=1BA262EF34A4578109B93C297B3F4E5F", "Signed": "true", "Signature": "Microsoft Corporation", "SignatureStatus": "Valid", "User": "NT AUTHORITY\\NETWORK SERVICE", "UtcTime": "2024-11-05 08:36:25.892", "Channel": "Microsoft-Windows-Sysmon/Operational", "Computer": "FIN-WIN11-07.corp.northwind.internal"}
{"EventID": 13, "RuleName": "-", "EventType": "SetValue", "ProcessGuid": "{49C3F86C-19AD-FB4F-C743-9876996767D6}", "ProcessId": 912, "Image": "C:\\Windows\\System32\\svchost.exe", "TargetObject": "HKU\\S-1-5-21-99\\Software\\Google\\Chrome\\PreferenceMACs", "Details": "Binary Data", "User": "NT AUTHORITY\\LOCAL SERVICE", "UtcTime": "2024-11-05 08:36:26.000", "Channel": "Microsoft-Windows-Sysmon/Operational", "Computer": "FIN-WIN11-07.corp.northwind.internal"}
{"EventID": 7, "RuleName": "-", "ProcessGuid": "{D2834C68-BD87-22B9-D61D-C11384F2F050}", "ProcessId": 5386, "Image": "C:\\Windows\\System32\\dllhost.exe", "ImageLoaded": "C:\\Windows\\System32\\user32.dll", "FileVersion": "10.0.22621.1", "Description": "user32.dll", "Product": "Microsoft® Windows® Operating System", "Company": "Microsoft Corporation", "OriginalFileName": "user32.dll", "Hashes": "MD5=95722714424049ED3C6C4AC774230C52,SHA256=37D3EBE4373A04EA276A5B0A04D533A84A0BDCFF861D13C4CA3FFA02E433F57C,IMPHASH=B76EDE99A97920A23A1E388516467EED", "Signed": "true", "Signature": "Microsoft Corporation", "SignatureStatus": "Valid", "User": "NT AUTHORITY\\NETWORK SERVICE", "UtcTime": "2024-11-05 08:36:26.106", "Channel": "Microsoft-Windows-Sysmon/Operational", "Computer": "FIN-WIN11-07.corp.northwind.internal"}
{"EventID": 7, "RuleName": "-", "ProcessGuid": "{D2834C68-BD87-22B9-D61D-C11384F2F050}", "ProcessId": 5386, "Image": "C:\\Windows\\System32\\dllhost.exe", "ImageLoaded": "C:\\Windows\\System32\\ntdll.dll", "FileVersion": "10.0.22621.1", "Description": "ntdll.dll", "Product": "Microsoft® Windows® Operating System", "Company": "Microsoft Corporation", "OriginalFileName": "ntdll.dll", "Hashes": "MD5=00D56D6B13A6F8F705071FD1E509602A,SHA256=10A7949A67B3658998DA2966045490E09CA516C0DBDCDCAAC9D1FC61849E35DE,IMPHASH=1432B204E543E79B50DE359A7F163F26", "Signed": "true", "Signature": "Microsoft Corporation", "SignatureStatus": "Valid", "User": "NT AUTHORITY\\NETWORK SERVICE", "UtcTime": "2024-11-05 08:36:26.120", "Channel": "Microsoft-Windows-Sysmon/Operational", "Computer": "FIN-WIN11-07.corp.northwind.internal"}
{"EventID": 7, "RuleName": "-", "ProcessGuid": "{D2834C68-BD87-22B9-D61D-C11384F2F050}", "ProcessId": 5386, "Image": "C:\\Windows\\System32\\dllhost.exe", "ImageLoaded": "C:\\Windows\\System32\\ole32.dll", "FileVersion": "10.0.22621.1", "Description": "ole32.dll", "Product": "Microsoft® Windows® Operating System", "Company": "Microsoft Corporation", "OriginalFileName": "ole32.dll", "Hashes": "MD5=F0BE416B51C5FB47AB11724010BC0552,SHA256=F245FE196BF4E32347EB826671DBFA2AE75FC0F73E3DDDD0ED96FA97ED29A527,IMPHASH=31BD25CFB290FD2A8F9272465EA53EB4", "Signed": "true", "Signature": "Microsoft Corporation", "SignatureStatus": "Valid", "User": "NT AUTHORITY\\NETWORK SERVICE", "UtcTime": "2024-11-05 08:36:26.207", "Channel": "Microsoft-Windows-Sysmon/Operational", "Computer": "FIN-WIN11-07.corp.northwind.internal"}
{"EventID": 5, "RuleName": "-", "ProcessGuid": "{F624D711-7C50-FE4F-CA32-D0E331667549}", "ProcessId": 2921, "Image": "C:\\Windows\\System32\\RuntimeBroker.exe", "User": "NT AUTHORITY\\SYSTEM", "UtcTime": "2024-11-05 08:36:26.307", "Channel": "Microsoft-Windows-Sysmon/Operational", "Computer": "FIN-WIN11-07.corp.northwind.internal"}
{"EventID": 1, "RuleName": "-", "ProcessGuid": "{500EC7D2-FD1A-4DD7-F7B0-3D010C8559F6}", "ProcessId": 3593, "Image": "C:\\Windows\\System32\\RuntimeBroker.exe", "FileVersion": "10.0.22621.1 (WinBuild.160101.0800)", "Description": "RuntimeBroker.exe", "Product": "Microsoft® Windows® Operating System", "Company": "Microsoft Corporation", "OriginalFileName": "RuntimeBroker.exe", "CommandLine": "C:\\Windows\\System32\\RuntimeBroker.exe -Embedding", "CurrentDirectory": "C:\\Windows\\system32\\", "User": "CORP\\j.okafor", "LogonGuid": "{500EC7D2-FD1A-4DD7-F7B0-3D010C8559F6}", "LogonId": "0x3f9a21", "TerminalSessionId": 1, "IntegrityLevel": "Medium", "Hashes": "MD5=9C3408CF0EF5A8FB9B9543FBC382114C,SHA256=6E06B06ABB69086464746156B313BB85E792314EF5BB5F92FAEC74E6F48A66F1,IMPHASH=B10EE41285E4BD36C58EB97831D12707", "ParentProcessGuid": "{FE25F74B-F0B2-ECEE-104F-7C24F82ABA33}", "ParentProcessId": 4012, "ParentImage": "C:\\Windows\\explorer.exe", "ParentCommandLine": "C:\\Windows\\Explorer.EXE", "ParentUser": "CORP\\j.okafor", "UtcTime": "2024-11-05 08:36:27.230", "Channel": "Microsoft-Windows-Sysmon/Operational", "Computer": "FIN-WIN11-07.corp.northwind.internal"}
{"EventID": 7, "RuleName": "-", "ProcessGuid": "{500EC7D2-FD1A-4DD7-F7B0-3D010C8559F6}", "ProcessId": 3593, "Image": "C:\\Windows\\System32\\RuntimeBroker.exe", "ImageLoaded": "C:\\Windows\\System32\\shcore.dll", "FileVersion": "10.0.22621.1", "Description": "shcore.dll", "Product": "Microsoft® Windows® Operating System", "Company": "Microsoft Corporation", "OriginalFileName": "shcore.dll", "Hashes": "MD5=7707B9A494691A2106EAA088ADC409C7,SHA256=A4758B4425AA2753CD4FC0617E3380149E531F0A644E3D8B859FD5478E7DAC91,IMPHASH=2DA77CA815D35A4F593AEC962A571DA6", "Signed": "true", "Signature": "Microsoft Corporation", "SignatureStatus": "Valid", "User": "CORP\\j.okafor", "UtcTime": "2024-11-05 08:36:27.605", "Channel": "Microsoft-Windows-Sysmon/Operational", "Computer": "FIN-WIN11-07.corp.northwind.internal"}
{"EventID": 7, "RuleName": "-", "ProcessGuid": "{500EC7D2-FD1A-4DD7-F7B0-3D010C8559F6}", "ProcessId": 3593, "Image": "C:\\Windows\\System32\\RuntimeBroker.exe", "ImageLoaded": "C:\\Windows\\System32\\shcore.dll", "FileVersion": "10.0.22621.1", "Description": "shcore.dll", "Product": "Microsoft® Windows® Operating System", "Company": "Microsoft Corporation", "OriginalFileName": "shcore.dll", "Hashes": "MD5=7707B9A494691A2106EAA088ADC409C7,SHA256=A4758B4425AA2753CD4FC0617E3380149E531F0A644E3D8B859FD5478E7DAC91,IMPHASH=2DA77CA815D35A4F593AEC962A571DA6", "Signed": "true", "Signature": "Microsoft Corporation", "SignatureStatus": "Valid", "User": "CORP\\j.okafor", "UtcTime": "2024-11-05 08:36:27.881", "Channel": "Microsoft-Windows-Sysmon/Operational", "Computer": "FIN-WIN11-07.corp.northwind.internal"}
{"EventID": 7, "RuleName": "-", "ProcessGuid": "{500EC7D2-FD1A-4DD7-F7B0-3D010C8559F6}", "ProcessId": 3593, "Image": "C:\\Windows\\System32\\RuntimeBroker.exe", "ImageLoaded": "C:\\Windows\\System32\\crypt32.dll", "FileVersion": "10.0.22621.1", "Description": "crypt32.dll", "Product": "Microsoft® Windows® Operating System", "Company": "Microsoft Corporation", "OriginalFileName": "crypt32.dll", "Hashes": "MD5=2C9AC0BA41556865BDA9F69F855490F5,SHA256=FE9D19718BC80D9898EDE8DD5F12FC6443D27CBDDC4E8F95879B295C1ADB9926,IMPHASH=3CAC074585050F4B842ED7790F75AD92", "Signed": "true", "Signature": "Microsoft Corporation", "SignatureStatus": "Valid", "User": "CORP\\j.okafor", "UtcTime": "2024-11-05 08:36:28.063", "Channel": "Microsoft-Windows-Sysmon/Operational", "Computer": "FIN-WIN11-07.corp.northwind.internal"}
{"EventID": 5, "RuleName": "-", "ProcessGuid": "{500EC7D2-FD1A-4DD7-F7B0-3D010C8559F6}", "ProcessId": 3593, "Image": "C:\\Windows\\System32\\RuntimeBroker.exe", "User": "CORP\\j.okafor", "UtcTime": "2024-11-05 08:36:28.230", "Channel": "Microsoft-Windows-Sysmon/Operational", "Computer": "FIN-WIN11-07.corp.northwind.internal"}
{"EventID": 5, "RuleName": "-", "ProcessGuid": "{29757960-1DF4-9FC7-B863-C5877AFB5D7F}", "ProcessId": 7890, "Image": "C:\\Windows\\System32\\taskhostw.exe", "User": "NT AUTHORITY\\SYSTEM", "UtcTime": "2024-11-05 08:36:31.567", "Channel": "Microsoft-Windows-Sysmon/Operational", "Computer": "FIN-WIN11-07.corp.northwind.internal"}
{"EventID": 13, "RuleName": "-", "EventType": "SetValue", "ProcessGuid": "{676D6033-C919-357D-55B1-B3DABE2088FA}", "ProcessId": 904, "Image": "C:\\Windows\\System32\\svchost.exe", "TargetObject": "HKU\\S-1-5-21-99\\Software\\Google\\Chrome\\PreferenceMACs", "Details": "Binary Data", "User": "NT AUTHORITY\\NETWORK SERVICE", "UtcTime": "2024-11-05 08:36:33.000", "Channel": "Microsoft-Windows-Sysmon/Operational", "Computer": "FIN-WIN11-07.corp.northwind.internal"}
{"EventID": 22, "RuleName": "-", "ProcessGuid": "{856BE6A9-AED0-D69D-FC68-627A1B28317B}", "ProcessId": 9025, "QueryName": "crl.microsoft.com", "QueryStatus": "0", "QueryResults": "23.35.229.160", "Image": "C:\\Users\\j.okafor\\AppData\\Local\\Microsoft\\Teams\\current\\Teams.exe", "User": "CORP\\j.okafor", "UtcTime": "2024-11-05 08:36:35.000", "Channel": "Microsoft-Windows-Sysmon/Operational", "Computer": "FIN-WIN11-07.corp.northwind.internal"}
{"EventID": 3, "RuleName": "-", "ProcessGuid": "{856BE6A9-AED0-D69D-FC68-627A1B28317B}", "ProcessId": 9025, "Image": "C:\\Users\\j.okafor\\AppData\\Local\\Microsoft\\Teams\\current\\Teams.exe", "User": "CORP\\j.okafor", "Protocol": "tcp", "Initiated": "true", "SourceIsIpv6": "false", "SourceIp": "10.20.14.37", "SourcePort": 52934, "DestinationIsIpv6": "false", "DestinationIp": "23.35.229.160", "DestinationPort": 443, "DestinationHostname": "crl.microsoft.com", "DestinationPortName": "-", "UtcTime": "2024-11-05 08:36:35.525", "Channel": "Microsoft-Windows-Sysmon/Operational", "Computer": "FIN-WIN11-07.corp.northwind.internal"}
{"EventID": 3, "RuleName": "-", "ProcessGuid": "{70DBEDA6-4436-CD2F-A60E-43C1D89851E1}", "ProcessId": 936, "Image": "C:\\Windows\\System32\\svchost.exe", "User": "NT AUTHORITY\\NETWORK SERVICE", "Protocol": "tcp", "Initiated": "true", "SourceIsIpv6": "false", "SourceIp": "10.20.14.37", "SourcePort": 51255, "DestinationIsIpv6": "false", "DestinationIp": "140.82.113.4", "DestinationPort": 443, "DestinationHostname": "github.com", "DestinationPortName": "-", "UtcTime": "2024-11-05 08:36:36.000", "Channel": "Microsoft-Windows-Sysmon/Operational", "Computer": "FIN-WIN11-07.corp.northwind.internal"}
{"EventID": 5, "RuleName": "-", "ProcessGuid": "{9C6155E1-B8BA-042E-38B1-63E4A3711954}", "ProcessId": 9882, "Image": "C:\\Windows\\System32\\dllhost.exe", "User": "NT AUTHORITY\\NETWORK SERVICE", "UtcTime": "2024-11-05 08:36:36.195", "Channel": "Microsoft-Windows-Sysmon/Operational", "Computer": "FIN-WIN11-07.corp.northwind.internal"}
{"EventID": 3, "RuleName": "-", "ProcessGuid": "{676D6033-C919-357D-55B1-B3DABE2088FA}", "ProcessId": 904, "Image": "C:\\Windows\\System32\\svchost.exe", "User": "NT AUTHORITY\\NETWORK SERVICE", "Protocol": "tcp", "Initiated": "true", "SourceIsIpv6": "false", "SourceIp": "10.20.14.37", "SourcePort": 49225, "DestinationIsIpv6": "false", "DestinationIp": "88.221.93.19", "DestinationPort": 443, "DestinationHostname": "ctldl.windowsupdate.com", "DestinationPortName": "-", "UtcTime": "2024-11-05 08:36:37.000", "Channel": "Microsoft-Windows-Sysmon/Operational", "Computer": "FIN-WIN11-07.corp.northwind.internal"}
{"EventID": 3, "RuleName": "-", "ProcessGuid": "{C3EAA59F-18F7-9ECA-0C50-48DEF2F8DD33}", "ProcessId": 932, "Image": "C:\\Windows\\System32\\svchost.exe", "User": "NT AUTHORITY\\NETWORK SERVICE", "Protocol": "tcp", "Initiated": "true", "SourceIsIpv6": "false", "SourceIp": "10.20.14.37", "SourcePort": 56081, "DestinationIsIpv6": "false", "DestinationIp": "23.35.229.160", "DestinationPort": 443, "DestinationHostname": "crl.microsoft.com", "DestinationPortName": "-", "UtcTime": "2024-11-05 08:36:38.000", "Channel": "Microsoft-Windows-Sysmon/Operational", "Computer": "FIN-WIN11-07.corp.northwind.internal"}
{"EventID": 11, "RuleName": "-", "ProcessGuid": "{7AA1D7C0-BBB1-E2C6-822D-EE9AAFD09531}", "ProcessId": 6802, "Image": "C:\\Users\\j.okafor\\AppData\\Local\\Programs\\Microsoft VS Code\\Code.exe", "TargetFilename": "C:\\Users\\j.okafor\\AppData\\Local\\Microsoft\\Windows\\INetCache\\IE\\cache_11.dat", "CreationUtcTime": "2024-11-05 08:36:38.000", "User": "CORP\\j.okafor", "UtcTime": "2024-11-05 08:36:38.000", "Channel": "Microsoft-Windows-Sysmon/Operational", "Computer": "FIN-WIN11-07.corp.northwind.internal"}
{"EventID": 5, "RuleName": "-", "ProcessGuid": "{78E5ECC6-BBF7-044D-18D3-11A96E52FED4}", "ProcessId": 9095, "Image": "C:\\Program Files (x86)\\Microsoft\\Edge\\Application\\msedge.exe", "User": "CORP\\j.okafor", "UtcTime": "2024-11-05 08:36:39.000", "Channel": "Microsoft-Windows-Sysmon/Operational", "Computer": "FIN-WIN11-07.corp.northwind.internal"}
{"EventID": 5, "RuleName": "-", "ProcessGuid": "{00E0F397-95A7-B29C-AD21-C11ACDA525A4}", "ProcessId": 6593, "Image": "C:\\Windows\\System32\\backgroundTaskHost.exe", "User": "NT AUTHORITY\\NETWORK SERVICE", "UtcTime": "2024-11-05 08:36:39.043", "Channel": "Microsoft-Windows-Sysmon/Operational", "Computer": "FIN-WIN11-07.corp.northwind.internal"}
{"EventID": 22, "RuleName": "-", "ProcessGuid": "{856BE6A9-AED0-D69D-FC68-627A1B28317B}", "ProcessId": 9025, "QueryName": "update.code.visualstudio.com", "QueryStatus": "0", "QueryResults": "13.107.42.16", "Image": "C:\\Users\\j.okafor\\AppData\\Local\\Microsoft\\Teams\\current\\Teams.exe", "User": "CORP\\j.okafor", "UtcTime": "2024-11-05 08:36:40.000", "Channel": "Microsoft-Windows-Sysmon/Operational", "Computer": "FIN-WIN11-07.corp.northwind.internal"}
{"EventID": 3, "RuleName": "-", "ProcessGuid": "{856BE6A9-AED0-D69D-FC68-627A1B28317B}", "ProcessId": 9025, "Image": "C:\\Users\\j.okafor\\AppData\\Local\\Microsoft\\Teams\\current\\Teams.exe", "User": "CORP\\j.okafor", "Protocol": "tcp", "Initiated": "true", "SourceIsIpv6": "false", "SourceIp": "10.20.14.37", "SourcePort": 53181, "DestinationIsIpv6": "false", "DestinationIp": "13.107.42.16", "DestinationPort": 80, "DestinationHostname": "update.code.visualstudio.com", "DestinationPortName": "-", "UtcTime": "2024-11-05 08:36:40.127", "Channel": "Microsoft-Windows-Sysmon/Operational", "Computer": "FIN-WIN11-07.corp.northwind.internal"}
{"EventID": 22, "RuleName": "-", "ProcessGuid": "{856BE6A9-AED0-D69D-FC68-627A1B28317B}", "ProcessId": 9025, "QueryName": "login.microsoftonline.com", "QueryStatus": "0", "QueryResults": "20.190.159.73", "Image": "C:\\Users\\j.okafor\\AppData\\Local\\Microsoft\\Teams\\current\\Teams.exe", "User": "CORP\\j.okafor", "UtcTime": "2024-11-05 08:36:41.000", "Channel": "Microsoft-Windows-Sysmon/Operational", "Computer": "FIN-WIN11-07.corp.northwind.internal"}
{"EventID": 3, "RuleName": "-", "ProcessGuid": "{C3EAA59F-18F7-9ECA-0C50-48DEF2F8DD33}", "ProcessId": 932, "Image": "C:\\Windows\\System32\\svchost.exe", "User": "NT AUTHORITY\\NETWORK SERVICE", "Protocol": "tcp", "Initiated": "true", "SourceIsIpv6": "false", "SourceIp": "10.20.14.37", "SourcePort": 53551, "DestinationIsIpv6": "false", "DestinationIp": "140.82.113.4", "DestinationPort": 443, "DestinationHostname": "github.com", "DestinationPortName": "-", "UtcTime": "2024-11-05 08:36:41.000", "Channel": "Microsoft-Windows-Sysmon/Operational", "Computer": "FIN-WIN11-07.corp.northwind.internal"}
{"EventID": 3, "RuleName": "-", "ProcessGuid": "{856BE6A9-AED0-D69D-FC68-627A1B28317B}", "ProcessId": 9025, "Image": "C:\\Users\\j.okafor\\AppData\\Local\\Microsoft\\Teams\\current\\Teams.exe", "User": "CORP\\j.okafor", "Protocol": "tcp", "Initiated": "true", "SourceIsIpv6": "false", "SourceIp": "10.20.14.37", "SourcePort": 63773, "DestinationIsIpv6": "false", "DestinationIp": "20.190.159.73", "DestinationPort": 443, "DestinationHostname": "login.microsoftonline.com", "DestinationPortName": "-", "UtcTime": "2024-11-05 08:36:41.357", "Channel": "Microsoft-Windows-Sysmon/Operational", "Computer": "FIN-WIN11-07.corp.northwind.internal"}
{"EventID": 3, "RuleName": "-", "ProcessGuid": "{677C31FB-51D8-1217-52E7-B32951574873}", "ProcessId": 908, "Image": "C:\\Windows\\System32\\svchost.exe", "User": "NT AUTHORITY\\SYSTEM", "Protocol": "tcp", "Initiated": "true", "SourceIsIpv6": "false", "SourceIp": "10.20.14.37", "SourcePort": 63944, "DestinationIsIpv6": "false", "DestinationIp": "151.101.0.223", "DestinationPort": 443, "DestinationHostname": "pypi.org", "DestinationPortName": "-", "UtcTime": "2024-11-05 08:36:46.000", "Channel": "Microsoft-Windows-Sysmon/Operational", "Computer": "FIN-WIN11-07.corp.northwind.internal"}
{"EventID": 22, "RuleName": "-", "ProcessGuid": "{7AA1D7C0-BBB1-E2C6-822D-EE9AAFD09531}", "ProcessId": 6802, "QueryName": "update.code.visualstudio.com", "QueryStatus": "0", "QueryResults": "13.107.42.16", "Image": "C:\\Users\\j.okafor\\AppData\\Local\\Programs\\Microsoft VS Code\\Code.exe", "User": "CORP\\j.okafor", "UtcTime": "2024-11-05 08:36:47.000", "Channel": "Microsoft-Windows-Sysmon/Operational", "Computer": "FIN-WIN11-07.corp.northwind.internal"}
{"EventID": 3, "RuleName": "-", "ProcessGuid": "{7AA1D7C0-BBB1-E2C6-822D-EE9AAFD09531}", "ProcessId": 6802, "Image": "C:\\Users\\j.okafor\\AppData\\Local\\Programs\\Microsoft VS Code\\Code.exe", "User": "CORP\\j.okafor", "Protocol": "tcp", "Initiated": "true", "SourceIsIpv6": "false", "SourceIp": "10.20.14.37", "SourcePort": 61858, "DestinationIsIpv6": "false", "DestinationIp": "13.107.42.16", "DestinationPort": 443, "DestinationHostname": "update.code.visualstudio.com", "DestinationPortName": "-", "UtcTime": "2024-11-05 08:36:47.583", "Channel": "Microsoft-Windows-Sysmon/Operational", "Computer": "FIN-WIN11-07.corp.northwind.internal"}
{"EventID": 22, "RuleName": "-", "ProcessGuid": "{7AA1D7C0-BBB1-E2C6-822D-EE9AAFD09531}", "ProcessId": 6802, "QueryName": "pypi.org", "QueryStatus": "0", "QueryResults": "151.101.0.223", "Image": "C:\\Users\\j.okafor\\AppData\\Local\\Programs\\Microsoft VS Code\\Code.exe", "User": "CORP\\j.okafor", "UtcTime": "2024-11-05 08:36:48.000", "Channel": "Microsoft-Windows-Sysmon/Operational", "Computer": "FIN-WIN11-07.corp.northwind.internal"}
{"EventID": 3, "RuleName": "-", "ProcessGuid": "{7AA1D7C0-BBB1-E2C6-822D-EE9AAFD09531}", "ProcessId": 6802, "Image": "C:\\Users\\j.okafor\\AppData\\Local\\Programs\\Microsoft VS Code\\Code.exe", "User": "CORP\\j.okafor", "Protocol": "tcp", "Initiated": "true", "SourceIsIpv6": "false", "SourceIp": "10.20.14.37", "SourcePort": 60257, "DestinationIsIpv6": "false", "DestinationIp": "151.101.0.223", "DestinationPort": 443, "DestinationHostname": "pypi.org", "DestinationPortName": "-", "UtcTime": "2024-11-05 08:36:48.169", "Channel": "Microsoft-Windows-Sysmon/Operational", "Computer": "FIN-WIN11-07.corp.northwind.internal"}
{"EventID": 22, "RuleName": "-", "ProcessGuid": "{D75BDBDA-4E3A-47F7-F5DF-3731BAB9E2D0}", "ProcessId": 6782, "QueryName": "nvd.nist.gov", "QueryStatus": "0", "QueryResults": "23.203.248.58", "Image": "C:\\Program Files\\Google\\Chrome\\Application\\chrome.exe", "User": "CORP\\j.okafor", "UtcTime": "2024-11-05 08:36:49.000", "Channel": "Microsoft-Windows-Sysmon/Operational", "Computer": "FIN-WIN11-07.corp.northwind.internal"}
{"EventID": 22, "RuleName": "-", "ProcessGuid": "{796FE29B-14F6-A3DA-0012-838DA87ED7E0}", "ProcessId": 4677, "QueryName": "github.com", "QueryStatus": "0", "QueryResults": "140.82.113.4", "Image": "C:\\Program Files\\Microsoft Office\\root\\Office16\\OUTLOOK.EXE", "User": "CORP\\j.okafor", "UtcTime": "2024-11-05 08:36:49.000", "Channel": "Microsoft-Windows-Sysmon/Operational", "Computer": "FIN-WIN11-07.corp.northwind.internal"}
{"EventID": 3, "RuleName": "-", "ProcessGuid": "{796FE29B-14F6-A3DA-0012-838DA87ED7E0}", "ProcessId": 4677, "Image": "C:\\Program Files\\Microsoft Office\\root\\Office16\\OUTLOOK.EXE", "User": "CORP\\j.okafor", "Protocol": "tcp", "Initiated": "true", "SourceIsIpv6": "false", "SourceIp": "10.20.14.37", "SourcePort": 49600, "DestinationIsIpv6": "false", "DestinationIp": "140.82.113.4", "DestinationPort": 443, "DestinationHostname": "github.com", "DestinationPortName": "-", "UtcTime": "2024-11-05 08:36:49.395", "Channel": "Microsoft-Windows-Sysmon/Operational", "Computer": "FIN-WIN11-07.corp.northwind.internal"}
{"EventID": 3, "RuleName": "-", "ProcessGuid": "{D75BDBDA-4E3A-47F7-F5DF-3731BAB9E2D0}", "ProcessId": 6782, "Image": "C:\\Program Files\\Google\\Chrome\\Application\\chrome.exe", "User": "CORP\\j.okafor", "Protocol": "tcp", "Initiated": "true", "SourceIsIpv6": "false", "SourceIp": "10.20.14.37", "SourcePort": 53375, "DestinationIsIpv6": "false", "DestinationIp": "23.203.248.58", "DestinationPort": 80, "DestinationHostname": "nvd.nist.gov", "DestinationPortName": "-", "UtcTime": "2024-11-05 08:36:49.532", "Channel": "Microsoft-Windows-Sysmon/Operational", "Computer": "FIN-WIN11-07.corp.northwind.internal"}
{"EventID": 22, "RuleName": "-", "ProcessGuid": "{856BE6A9-AED0-D69D-FC68-627A1B28317B}", "ProcessId": 9025, "QueryName": "outlook.office365.com", "QueryStatus": "0", "QueryResults": "52.96.104.34", "Image": "C:\\Users\\j.okafor\\AppData\\Local\\Microsoft\\Teams\\current\\Teams.exe", "User": "CORP\\j.okafor", "UtcTime": "2024-11-05 08:36:50.000", "Channel": "Microsoft-Windows-Sysmon/Operational", "Computer": "FIN-WIN11-07.corp.northwind.internal"}
{"EventID": 3, "RuleName": "-", "ProcessGuid": "{856BE6A9-AED0-D69D-FC68-627A1B28317B}", "ProcessId": 9025, "Image": "C:\\Users\\j.okafor\\AppData\\Local\\Microsoft\\Teams\\current\\Teams.exe", "User": "CORP\\j.okafor", "Protocol": "tcp", "Initiated": "true", "SourceIsIpv6": "false", "SourceIp": "10.20.14.37", "SourcePort": 49783, "DestinationIsIpv6": "false", "DestinationIp": "52.96.104.34", "DestinationPort": 443, "DestinationHostname": "outlook.office365.com", "DestinationPortName": "-", "UtcTime": "2024-11-05 08:36:50.392", "Channel": "Microsoft-Windows-Sysmon/Operational", "Computer": "FIN-WIN11-07.corp.northwind.internal"}
{"EventID": 22, "RuleName": "-", "ProcessGuid": "{D75BDBDA-4E3A-47F7-F5DF-3731BAB9E2D0}", "ProcessId": 6782, "QueryName": "github.com", "QueryStatus": "0", "QueryResults": "140.82.113.4", "Image": "C:\\Program Files\\Google\\Chrome\\Application\\chrome.exe", "User": "CORP\\j.okafor", "UtcTime": "2024-11-05 08:36:52.000", "Channel": "Microsoft-Windows-Sysmon/Operational", "Computer": "FIN-WIN11-07.corp.northwind.internal"}
{"EventID": 22, "RuleName": "-", "ProcessGuid": "{856BE6A9-AED0-D69D-FC68-627A1B28317B}", "ProcessId": 9025, "QueryName": "pypi.org", "QueryStatus": "0", "QueryResults": "151.101.0.223", "Image": "C:\\Users\\j.okafor\\AppData\\Local\\Microsoft\\Teams\\current\\Teams.exe", "User": "CORP\\j.okafor", "UtcTime": "2024-11-05 08:36:52.000", "Channel": "Microsoft-Windows-Sysmon/Operational", "Computer": "FIN-WIN11-07.corp.northwind.internal"}
{"EventID": 3, "RuleName": "-", "ProcessGuid": "{856BE6A9-AED0-D69D-FC68-627A1B28317B}", "ProcessId": 9025, "Image": "C:\\Users\\j.okafor\\AppData\\Local\\Microsoft\\Teams\\current\\Teams.exe", "User": "CORP\\j.okafor", "Protocol": "tcp", "Initiated": "true", "SourceIsIpv6": "false", "SourceIp": "10.20.14.37", "SourcePort": 63883, "DestinationIsIpv6": "false", "DestinationIp": "151.101.0.223", "DestinationPort": 443, "DestinationHostname": "pypi.org", "DestinationPortName": "-", "UtcTime": "2024-11-05 08:36:52.309", "Channel": "Microsoft-Windows-Sysmon/Operational", "Computer": "FIN-WIN11-07.corp.northwind.internal"}
{"EventID": 3, "RuleName": "-", "ProcessGuid": "{D75BDBDA-4E3A-47F7-F5DF-3731BAB9E2D0}", "ProcessId": 6782, "Image": "C:\\Program Files\\Google\\Chrome\\Application\\chrome.exe", "User": "CORP\\j.okafor", "Protocol": "tcp", "Initiated": "true", "SourceIsIpv6": "false", "SourceIp": "10.20.14.37", "SourcePort": 61055, "DestinationIsIpv6": "false", "DestinationIp": "140.82.113.4", "DestinationPort": 443, "DestinationHostname": "github.com", "DestinationPortName": "-", "UtcTime": "2024-11-05 08:36:52.521", "Channel": "Microsoft-Windows-Sysmon/Operational", "Computer": "FIN-WIN11-07.corp.northwind.internal"}
{"EventID": 1, "RuleName": "-", "ProcessGuid": "{124F4012-F233-990B-B5AE-6C130942D028}", "ProcessId": 2696, "Image": "C:\\Windows\\System32\\taskhostw.exe", "FileVersion": "10.0.22621.1 (WinBuild.160101.0800)", "Description": "taskhostw.exe", "Product": "Microsoft® Windows® Operating System", "Company": "Microsoft Corporation", "OriginalFileName": "taskhostw.exe", "CommandLine": "taskhostw.exe {DE1B2C6A}", "CurrentDirectory": "C:\\Windows\\system32\\", "User": "NT AUTHORITY\\NETWORK SERVICE", "LogonGuid": "{124F4012-F233-990B-B5AE-6C130942D028}", "LogonId": "0x3f9a21", "TerminalSessionId": 0, "IntegrityLevel": "System", "Hashes": "MD5=6913C574C95575338A5B0D0544F280FC,SHA256=EADE2CD8C84CE631A2A6917151557D03D7BCF704B2A911E5910025FA412EE1D7,IMPHASH=7D87941CE922082AF40212328D9C0654", "ParentProcessGuid": "{8D1EFC33-E31B-D256-FF6E-F105096FA2E8}", "ParentProcessId": 916, "ParentImage": "C:\\Windows\\System32\\svchost.exe", "ParentCommandLine": "C:\\Windows\\system32\\svchost.exe -k NetworkService -p", "ParentUser": "NT AUTHORITY\\NETWORK SERVICE", "UtcTime": "2024-11-05 08:36:52.968", "Channel": "Microsoft-Windows-Sysmon/Operational", "Computer": "FIN-WIN11-07.corp.northwind.internal"}
