{"EventID": 1, "RuleName": "-", "ProcessGuid": "{346135C4-3BAB-8D89-674E-04089AD9A6C5}", "ProcessId": 2157, "Image": "C:\\Windows\\System32\\backgroundTaskHost.exe", "FileVersion": "10.0.22621.1 (WinBuild.160101.0800)", "Description": "backgroundTaskHost.exe", "Product": "Microsoft® Windows® Operating System", "Company": "Microsoft Corporation", "OriginalFileName": "backgroundTaskHost.exe", "CommandLine": "\"C:\\Windows\\system32\\backgroundTaskHost.exe\" -ServerName:App.AppXbp.mca", "CurrentDirectory": "C:\\Windows\\system32\\", "User": "NT AUTHORITY\\SYSTEM", "LogonGuid": "{346135C4-3BAB-8D89-674E-04089AD9A6C5}", "LogonId": "0x3f9a21", "TerminalSessionId": 0, "IntegrityLevel": "System", "Hashes": "MD5=E4D97319C0B8CC47867294C9F8ECF427,SHA256=290242D7B8FB826C24C48208819149C9C1651234601116B6EB80086C49291930,IMPHASH=78721E96CCCAB871801931EBD20329C2", "ParentProcessGuid": "{677C31FB-51D8-1217-52E7-B32951574873}", "ParentProcessId": 908, "ParentImage": "C:\\Windows\\System32\\svchost.exe", "ParentCommandLine": "C:\\Windows\\system32\\svchost.exe -k netsvcs -p", "ParentUser": "NT AUTHORITY\\SYSTEM", "UtcTime": "2024-11-05 08:35:04.712", "Channel": "Microsoft-Windows-Sysmon/Operational", "Computer": "FIN-WIN11-07.corp.northwind.internal"}
{"EventID": 7, "RuleName": "-", "ProcessGuid": "{346135C4-3BAB-8D89-674E-04089AD9A6C5}", "ProcessId": 2157, "Image": "C:\\Windows\\System32\\backgroundTaskHost.exe", "ImageLoaded": "C:\\Windows\\System32\\user32.dll", "FileVersion": "10.0.22621.1", "Description": "user32.dll", "Product": "Microsoft® Windows® Operating System", "Company": "Microsoft Corporation", "OriginalFileName": "user32.dll", "Hashes": "MD5=95722714424049ED3C6C4AC774230C52,SHA256=37D3EBE4373A04EA276A5B0A04D533A84A0BDCFF861D13C4CA3FFA02E433F57C,IMPHASH=B76EDE99A97920A23A1E388516467EED", "Signed": "true", "Signature": "Microsoft Corporation", "SignatureStatus": "Valid", "User": "NT AUTHORITY\\SYSTEM", "UtcTime": "2024-11-05 08:35:05.192", "Channel": "Microsoft-Windows-Sysmon/Operational", "Computer": "FIN-WIN11-07.corp.northwind.internal"}
{"EventID": 7, "RuleName": "-", "ProcessGuid": "{346135C4-3BAB-8D89-674E-04089AD9A6C5}", "ProcessId": 2157, "Image": "C:\\Windows\\System32\\backgroundTaskHost.exe", "ImageLoaded": "C:\\Windows\\System32\\combase.dll", "FileVersion": "10.0.22621.1", "Description": "combase.dll", "Product": "Microsoft® Windows® Operating System", "Company": "Microsoft Corporation", "OriginalFileName": "combase.dll", "Hashes": "MD5=FE07706B2DD8D099202F7BDF3DF7974A,SHA256=624B15B6A05DCF062AADB64855C130E118F675BD63E9AE2303D186887D1DF314,IMPHASH=229D5BEE920EBDCBA72EA713EB134399", "Signed": "true", "Signature": "Microsoft Corporation", "SignatureStatus": "Valid", "User": "NT AUTHORITY\\SYSTEM", "UtcTime": "2024-11-05 08:35:05.225", "Channel": "Microsoft-Windows-Sysmon/Operational", "Computer": "FIN-WIN11-07.corp.northwind.internal"}
{"EventID": 5, "RuleName": "-", "ProcessGuid": "{BD9A9B35-63A0-B3C5-7E85-E9FE85A7847B}", "ProcessId": 6176, "Image": "C:\\Windows\\System32\\conhost.exe", "User": "NT AUTHORITY\\NETWORK SERVICE", "UtcTime": "2024-11-05 08:35:07.451", "Channel": "Microsoft-Windows-Sysmon/Operational", "Computer": "FIN-WIN11-07.corp.northwind.internal"}
{"EventID": 3, "RuleName": "-", "ProcessGuid": "{8D1EFC33-E31B-D256-FF6E-F105096FA2E8}", "ProcessId": 916, "Image": "C:\\Windows\\System32\\svchost.exe", "User": "NT AUTHORITY\\NETWORK SERVICE", "Protocol": "tcp", "Initiated": "true", "SourceIsIpv6": "false", "SourceIp": "10.20.14.37", "SourcePort": 62300, "DestinationIsIpv6": "false", "DestinationIp": "151.101.0.223", "DestinationPort": 443, "DestinationHostname": "pypi.org", "DestinationPortName": "-", "UtcTime": "2024-11-05 08:35:08.000", "Channel": "Microsoft-Windows-Sysmon/Operational", "Computer": "FIN-WIN11-07.corp.northwind.internal"}
{"EventID": 3, "RuleName": "-", "ProcessGuid": "{70DBEDA6-4436-CD2F-A60E-43C1D89851E1}", "ProcessId": 936, "Image": "C:\\Windows\\System32\\svchost.exe", "User": "NT AUTHORITY\\NETWORK SERVICE", "Protocol": "tcp", "Initiated": "true", "SourceIsIpv6": "false", "SourceIp": "10.20.14.37", "SourcePort": 56935, "DestinationIsIpv6": "false", "DestinationIp": "88.221.93.19", "DestinationPort": 443, "DestinationHostname": "ctldl.windowsupdate.com", "DestinationPortName": "-", "UtcTime": "2024-11-05 08:35:08.000", "Channel": "Microsoft-Windows-Sysmon/Operational", "Computer": "FIN-WIN11-07.corp.northwind.internal"}
{"EventID": 5, "RuleName": "-", "ProcessGuid": "{9C249D21-F7D8-B430-F23F-09BE3907EFE3}", "ProcessId": 4065, "Image": "C:\\Windows\\System32\\RuntimeBroker.exe", "User": "NT AUTHORITY\\NETWORK SERVICE", "UtcTime": "2024-11-05 08:35:08.120", "Channel": "Microsoft-Windows-Sysmon/Operational", "Computer": "FIN-WIN11-07.corp.northwind.internal"}
{"EventID": 22, "RuleName": "-", "ProcessGuid": "{7AA1D7C0-BBB1-E2C6-822D-EE9AAFD09531}", "ProcessId": 6802, "QueryName": "update.code.visualstudio.com", "QueryStatus": "0", "QueryResults": "13.107.42.16", "Image": "C:\\Users\\j.okafor\\AppData\\Local\\Programs\\Microsoft VS Code\\Code.exe", "User": "CORP\\j.okafor", "UtcTime": "2024-11-05 08:35:09.000", "Channel": "Microsoft-Windows-Sysmon/Operational", "Computer": "FIN-WIN11-07.corp.northwind.internal"}
{"EventID": 11, "RuleName": "-", "ProcessGuid": "{E2617918-0450-EA48-4495-4D449D065CF2}", "ProcessId": 6982, "Image": "C:\\Program Files (x86)\\Microsoft\\Edge\\Application\\msedge.exe", "TargetFilename": "C:\\Users\\j.okafor\\AppData\\Local\\Temp\\1092.tmp", "CreationUtcTime": "2024-11-05 08:35:09.000", "User": "CORP\\j.okafor", "UtcTime": "2024-11-05 08:35:09.000", "Channel": "Microsoft-Windows-Sysmon/Operational", "Computer": "FIN-WIN11-07.corp.northwind.internal"}
{"EventID": 3, "RuleName": "-", "ProcessGuid": "{7AA1D7C0-BBB1-E2C6-822D-EE9AAFD09531}", "ProcessId": 6802, "Image": "C:\\Users\\j.okafor\\AppData\\Local\\Programs\\Microsoft VS Code\\Code.exe", "User": "CORP\\j.okafor", "Protocol": "tcp", "Initiated": "true", "SourceIsIpv6": "false", "SourceIp": "10.20.14.37", "SourcePort": 51957, "DestinationIsIpv6": "false", "DestinationIp": "13.107.42.16", "DestinationPort": 80, "DestinationHostname": "update.code.visualstudio.com", "DestinationPortName": "-", "UtcTime": "2024-11-05 08:35:09.224", "Channel": "Microsoft-Windows-Sysmon/Operational", "Computer": "FIN-WIN11-07.corp.northwind.internal"}
{"EventID": 5, "RuleName": "-", "ProcessGuid": "{346135C4-3BAB-8D89-674E-04089AD9A6C5}", "ProcessId": 2157, "Image": "C:\\Windows\\System32\\backgroundTaskHost.exe", "User": "NT AUTHORITY\\SYSTEM", "UtcTime": "2024-11-05 08:35:09.712", "Channel": "Microsoft-Windows-Sysmon/Operational", "Computer": "FIN-WIN11-07.corp.northwind.internal"}
{"EventID": 11, "RuleName": "-", "ProcessGuid": "{796FE29B-14F6-A3DA-0012-838DA87ED7E0}", "ProcessId": 4677, "Image": "C:\\Program Files\\Microsoft Office\\root\\Office16\\OUTLOOK.EXE", "TargetFilename": "C:\\Users\\j.okafor\\AppData\\Local\\Temp\\3879.tmp", "CreationUtcTime": "2024-11-05 08:35:11.000", "User": "CORP\\j.okafor", "UtcTime": "2024-11-05 08:35:11.000", "Channel": "Microsoft-Windows-Sysmon/Operational", "Computer": "FIN-WIN11-07.corp.northwind.internal"}
{"EventID": 22, "RuleName": "-", "ProcessGuid": "{796FE29B-14F6-A3DA-0012-838DA87ED7E0}", "ProcessId": 4677, "QueryName": "nvd.nist.gov", "QueryStatus": "0", "QueryResults": "23.203.248.58", "Image": "C:\\Program Files\\Microsoft Office\\root\\Office16\\OUTLOOK.EXE", "User": "CORP\\j.okafor", "UtcTime": "2024-11-05 08:35:12.000", "Channel": "Microsoft-Windows-Sysmon/Operational", "Computer": "FIN-WIN11-07.corp.northwind.internal"}
{"EventID": 13, "RuleName": "-", "EventType": "SetValue", "ProcessGuid": "{AA7FD302-FB6B-B79E-6AA9-CE312DBD94F1}", "ProcessId": 920, "Image": "C:\\Windows\\System32\\svchost.exe", "TargetObject": "HKLM\\SYSTEM\\CurrentControlSet\\Services\\bam\\State\\UserSettings", "Details": "Binary Data", "User": "NT AUTHORITY\\NETWORK SERVICE", "UtcTime": "2024-11-05 08:35:12.000", "Channel": "Microsoft-Windows-Sysmon/Operational", "Computer": "FIN-WIN11-07.corp.northwind.internal"}
{"EventID": 3, "RuleName": "-", "ProcessGuid": "{796FE29B-14F6-A3DA-0012-838DA87ED7E0}", "ProcessId": 4677, "Image": "C:\\Program Files\\Microsoft Office\\root\\Office16\\OUTLOOK.EXE", "User": "CORP\\j.okafor", "Protocol": "tcp", "Initiated": "true", "SourceIsIpv6": "false", "SourceIp": "10.20.14.37", "SourcePort": 58964, "DestinationIsIpv6": "false", "DestinationIp": "23.203.248.58", "DestinationPort": 443, "DestinationHostname": "nvd.nist.gov", "DestinationPortName": "-", "UtcTime": "2024-11-05 08:35:12.528", "Channel": "Microsoft-Windows-Sysmon/Operational", "Computer": "FIN-WIN11-07.corp.northwind.internal"}
{"EventID": 22, "RuleName": "-", "ProcessGuid": "{D75BDBDA-4E3A-47F7-F5DF-3731BAB9E2D0}", "ProcessId": 6782, "QueryName": "teams.microsoft.com", "QueryStatus": "0", "QueryResults": "52.113.194.132", "Image": "C:\\Program Files\\Google\\Chrome\\Application\\chrome.exe", "User": "CORP\\j.okafor", "UtcTime": "2024-11-05 08:35:15.000", "Channel": "Microsoft-Windows-Sysmon/Operational", "Computer": "FIN-WIN11-07.corp.northwind.internal"}
{"EventID": 3, "RuleName": "-", "ProcessGuid": "{D75BDBDA-4E3A-47F7-F5DF-3731BAB9E2D0}", "ProcessId": 6782, "Image": "C:\\Program Files\\Google\\Chrome\\Application\\chrome.exe", "User": "CORP\\j.okafor", "Protocol": "tcp", "Initiated": "true", "SourceIsIpv6": "false", "SourceIp": "10.20.14.37", "SourcePort": 58131, "DestinationIsIpv6": "false", "DestinationIp": "52.113.194.132", "DestinationPort": 443, "DestinationHostname": "teams.microsoft.com", "DestinationPortName": "-", "UtcTime": "2024-11-05 08:35:15.215", "Channel": "Microsoft-Windows-Sysmon/Operational", "Computer": "FIN-WIN11-07.corp.northwind.internal"}
{"EventID": 22, "RuleName": "-", "ProcessGuid": "{7AA1D7C0-BBB1-E2C6-822D-EE9AAFD09531}", "ProcessId": 6802, "QueryName": "clients2.google.com", "QueryStatus": "0", "QueryResults": "172.217.16.174", "Image": "C:\\Users\\j.okafor\\AppData\\Local\\Programs\\Microsoft VS Code\\Code.exe", "User": "CORP\\j.okafor", "UtcTime": "2024-11-05 08:35:16.000", "Channel": "Microsoft-Windows-Sysmon/Operational", "Computer": "FIN-WIN11-07.corp.northwind.internal"}
{"EventID": 3, "RuleName": "-", "ProcessGuid": "{7AA1D7C0-BBB1-E2C6-822D-EE9AAFD09531}", "ProcessId": 6802, "Image": "C:\\Users\\j.okafor\\AppData\\Local\\Programs\\Microsoft VS Code\\Code.exe", "User": "CORP\\j.okafor", "Protocol": "tcp", "Initiated": "true", "SourceIsIpv6": "false", "SourceIp": "10.20.14.37", "SourcePort": 60475, "DestinationIsIpv6": "false", "DestinationIp": "172.217.16.174", "DestinationPort": 80, "DestinationHostname": "clients2.google.com", "DestinationPortName": "-", "UtcTime": "2024-11-05 08:35:16.292", "Channel": "Microsoft-Windows-Sysmon/Operational", "Computer": "FIN-WIN11-07.corp.northwind.internal"}
{"EventID": 3, "RuleName": "-", "ProcessGuid": "{8D1EFC33-E31B-D256-FF6E-F105096FA2E8}", "ProcessId": 916, "Image": "C:\\Windows\\System32\\svchost.exe", "User": "NT AUTHORITY\\NETWORK SERVICE", "Protocol": "tcp", "Initiated": "true", "SourceIsIpv6": "false", "SourceIp": "10.20.14.37", "SourcePort": 62603, "DestinationIsIpv6": "false", "DestinationIp": "88.221.93.19", "DestinationPort": 443, "DestinationHostname": "ctldl.windowsupdate.com", "DestinationPortName": "-", "UtcTime": "2024-11-05 08:35:17.000", "Channel": "Microsoft-Windows-Sysmon/Operational", "Computer": "FIN-WIN11-07.corp.northwind.internal"}
{"EventID": 11, "RuleName": "-", "ProcessGuid": "{E2617918-0450-EA48-4495-4D449D065CF2}", "ProcessId": 6982, "Image": "C:\\Program Files (x86)\\Microsoft\\Edge\\Application\\msedge.exe", "TargetFilename": "C:\\Users\\j.okafor\\AppData\\Local\\Microsoft\\Windows\\INetCache\\IE\\cache_35.dat", "CreationUtcTime": "2024-11-05 08:35:18.000", "User": "CORP\\j.okafor", "UtcTime": "2024-11-05 08:35:18.000", "Channel": "Microsoft-Windows-Sysmon/Operational", "Computer": "FIN-WIN11-07.corp.northwind.internal"}
{"EventID": 3, "RuleName": "-", "ProcessGuid": "{677C31FB-51D8-1217-52E7-B32951574873}", "ProcessId": 908, "Image": "C:\\Windows\\System32\\svchost.exe", "User": "NT AUTHORITY\\SYSTEM", "Protocol": "tcp", "Initiated": "true", "SourceIsIpv6": "false", "SourceIp": "10.20.14.37", "SourcePort": 63590, "DestinationIsIpv6": "false", "DestinationIp": "140.82.113.4", "DestinationPort": 443, "DestinationHostname": "github.com", "DestinationPortName": "-", "UtcTime": "2024-11-05 08:35:19.000", "Channel": "Microsoft-Windows-Sysmon/Operational", "Computer": "FIN-WIN11-07.corp.northwind.internal"}
{"EventID": 22, "RuleName": "-", "ProcessGuid": "{856BE6A9-AED0-D69D-FC68-627A1B28317B}", "ProcessId": 9025, "QueryName": "nvd.nist.gov", "QueryStatus": "0", "QueryResults": "23.203.248.58", "Image": "C:\\Users\\j.okafor\\AppData\\Local\\Microsoft\\Teams\\current\\Teams.exe", "User": "CORP\\j.okafor", "UtcTime": "2024-11-05 08:35:21.000", "Channel": "Microsoft-Windows-Sysmon/Operational", "Computer": "FIN-WIN11-07.corp.northwind.internal"}
{"EventID": 3, "RuleName": "-", "ProcessGuid": "{856BE6A9-AED0-D69D-FC68-627A1B28317B}", "ProcessId": 9025, "Image": "C:\\Users\\j.okafor\\AppData\\Local\\Microsoft\\Teams\\current\\Teams.exe", "User": "CORP\\j.okafor", "Protocol": "tcp", "Initiated": "true", "SourceIsIpv6": "false", "SourceIp": "10.20.14.37", "SourcePort": 64338, "DestinationIsIpv6": "false", "DestinationIp": "23.203.248.58", "DestinationPort": 443, "DestinationHostname": "nvd.nist.gov", "DestinationPortName": "-", "UtcTime": "2024-11-05 08:35:21.159", "Channel": "Microsoft-Windows-Sysmon/Operational", "Computer": "FIN-WIN11-07.corp.northwind.internal"}
{"EventID": 22, "RuleName": "-", "ProcessGuid": "{E2617918-0450-EA48-4495-4D449D065CF2}", "ProcessId": 6982, "QueryName": "update.code.visualstudio.com", "QueryStatus": "0", "QueryResults": "13.107.42.16", "Image": "C:\\Program Files (x86)\\Microsoft\\Edge\\Application\\msedge.exe", "User": "CORP\\j.okafor", "UtcTime": "2024-11-05 08:35:25.000", "Channel": "Microsoft-Windows-Sysmon/Operational", "Computer": "FIN-WIN11-07.corp.northwind.internal"}
{"EventID": 3, "RuleName": "-", "ProcessGuid": "{E2617918-0450-EA48-4495-4D449D065CF2}", "ProcessId": 6982, "Image": "C:\\Program Files (x86)\\Microsoft\\Edge\\Application\\msedge.exe", "User": "CORP\\j.okafor", "Protocol": "tcp", "Initiated": "true", "SourceIsIpv6": "false", "SourceIp": "10.20.14.37", "SourcePort": 62087, "DestinationIsIpv6": "false", "DestinationIp": "13.107.42.16", "DestinationPort": 80, "DestinationHostname": "update.code.visualstudio.com", "DestinationPortName": "-", "UtcTime": "2024-11-05 08:35:25.504", "Channel": "Microsoft-Windows-Sysmon/Operational", "Computer": "FIN-WIN11-07.corp.northwind.internal"}
{"EventID": 22, "RuleName": "-", "ProcessGuid": "{856BE6A9-AED0-D69D-FC68-627A1B28317B}", "ProcessId": 9025, "QueryName": "login.microsoftonline.com", "QueryStatus": "0", "QueryResults": "20.190.159.73", "Image": "C:\\Users\\j.okafor\\AppData\\Local\\Microsoft\\Teams\\current\\Teams.exe", "User": "CORP\\j.okafor", "UtcTime": "2024-11-05 08:35:27.000", "Channel": "Microsoft-Windows-Sysmon/Operational", "Computer": "FIN-WIN11-07.corp.northwind.internal"}
{"EventID": 3, "RuleName": "-", "ProcessGuid": "{856BE6A9-AED0-D69D-FC68-627A1B28317B}", "ProcessId": 9025, "Image": "C:\\Users\\j.okafor\\AppData\\Local\\Microsoft\\Teams\\current\\Teams.exe", "User": "CORP\\j.okafor", "Protocol": "tcp", "Initiated": "true", "SourceIsIpv6": "false", "SourceIp": "10.20.14.37", "SourcePort": 51972, "DestinationIsIpv6": "false", "DestinationIp": "20.190.159.73", "DestinationPort": 443, "DestinationHostname": "login.microsoftonline.com", "DestinationPortName": "-", "UtcTime": "2024-11-05 08:35:27.493", "Channel": "Microsoft-Windows-Sysmon/Operational", "Computer": "FIN-WIN11-07.corp.northwind.internal"}
{"EventID": 13, "RuleName": "-", "EventType": "SetValue", "ProcessGuid": "{AA7FD302-FB6B-B79E-6AA9-CE312DBD94F1}", "ProcessId": 920, "Image": "C:\\Windows\\System32\\svchost.exe", "TargetObject": "HKLM\\SYSTEM\\CurrentControlSet\\Services\\bam\\State\\UserSettings", "Details": "Binary Data", "User": "NT AUTHORITY\\NETWORK SERVICE", "UtcTime": "2024-11-05 08:35:34.000", "Channel": "Microsoft-Windows-Sysmon/Operational", "Computer": "FIN-WIN11-07.corp.northwind.internal"}
{"EventID": 3, "RuleName": "-", "ProcessGuid": "{968680C3-E30A-9C04-B98F-1AB0610FEECA}", "ProcessId": 900, "Image": "C:\\Windows\\System32\\svchost.exe", "User": "NT AUTHORITY\\SYSTEM", "Protocol": "tcp", "Initiated": "true", "SourceIsIpv6": "false", "SourceIp": "10.20.14.37", "SourcePort": 57373, "DestinationIsIpv6": "false", "DestinationIp": "151.101.0.223", "DestinationPort": 443, "DestinationHostname": "pypi.org", "DestinationPortName": "-", "UtcTime": "2024-11-05 08:35:36.000", "Channel": "Microsoft-Windows-Sysmon/Operational", "Computer": "FIN-WIN11-07.corp.northwind.internal"}
{"EventID": 3, "RuleName": "-", "ProcessGuid": "{C3EAA59F-18F7-9ECA-0C50-48DEF2F8DD33}", "ProcessId": 932, "Image": "C:\\Windows\\System32\\svchost.exe", "User": "NT AUTHORITY\\NETWORK SERVICE", "Protocol": "tcp", "Initiated": "true", "SourceIsIpv6": "false", "SourceIp": "10.20.14.37", "SourcePort": 57809, "DestinationIsIpv6": "false", "DestinationIp": "23.203.248.58", "DestinationPort": 443, "DestinationHostname": "nvd.nist.gov", "DestinationPortName": "-", "UtcTime": "2024-11-05 08:35:37.000", "Channel": "Microsoft-Windows-Sysmon/Operational", "Computer": "FIN-WIN11-07.corp.northwind.internal"}
{"EventID": 11, "RuleName": "-", "ProcessGuid": "{E2617918-0450-EA48-4495-4D449D065CF2}", "ProcessId": 6982, "Image": "C:\\Program Files (x86)\\Microsoft\\Edge\\Application\\msedge.exe", "TargetFilename": "C:\\Users\\j.okafor\\AppData\\Local\\Microsoft\\Windows\\INetCache\\IE\\cache_56.dat", "CreationUtcTime": "2024-11-05 08:35:37.000", "User": "CORP\\j.okafor", "UtcTime": "2024-11-05 08:35:37.000", "Channel": "Microsoft-Windows-Sysmon/Operational", "Computer": "FIN-WIN11-07.corp.northwind.internal"}
{"EventID": 22, "RuleName": "-", "ProcessGuid": "{856BE6A9-AED0-D69D-FC68-627A1B28317B}", "ProcessId": 9025, "QueryName": "crl.microsoft.com", "QueryStatus": "0", "QueryResults": "23.35.229.160", "Image": "C:\\Users\\j.okafor\\AppData\\Local\\Microsoft\\Teams\\current\\Teams.exe", "User": "CORP\\j.okafor", "UtcTime": "2024-11-05 08:35:38.000", "Channel": "Microsoft-Windows-Sysmon/Operational", "Computer": "FIN-WIN11-07.corp.northwind.internal"}
{"EventID": 22, "RuleName": "-", "ProcessGuid": "{856BE6A9-AED0-D69D-FC68-627A1B28317B}", "ProcessId": 9025, "QueryName": "github.com", "QueryStatus": "0", "QueryResults": "140.82.113.4", "Image": "C:\\Users\\j.okafor\\AppData\\Local\\Microsoft\\Teams\\current\\Teams.exe", "User": "CORP\\j.okafor", "UtcTime": "2024-11-05 08:35:38.000", "Channel": "Microsoft-Windows-Sysmon/Operational", "Computer": "FIN-WIN11-07.corp.northwind.internal"}
{"EventID": 3, "RuleName": "-", "ProcessGuid": "{856BE6A9-AED0-D69D-FC68-627A1B28317B}", "ProcessId": 9025, "Image": "C:\\Users\\j.okafor\\AppData\\Local\\Microsoft\\Teams\\current\\Teams.exe", "User": "CORP\\j.okafor", "Protocol": "tcp", "Initiated": "true", "SourceIsIpv6": "false", "SourceIp": "10.20.14.37", "SourcePort": 61413, "DestinationIsIpv6": "false", "DestinationIp": "23.35.229.160", "DestinationPort": 443, "DestinationHostname": "crl.microsoft.com", "DestinationPortName": "-", "UtcTime": "2024-11-05 08:35:38.467", "Channel": "Microsoft-Windows-Sysmon/Operational", "Computer": "FIN-WIN11-07.corp.northwind.internal"}
{"EventID": 3, "RuleName": "-", "ProcessGuid": "{856BE6A9-AED0-D69D-FC68-627A1B28317B}", "ProcessId": 9025, "Image": "C:\\Users\\j.okafor\\AppData\\Local\\Microsoft\\Teams\\current\\Teams.exe", "User": "CORP\\j.okafor", "Protocol": "tcp", "Initiated": "true", "SourceIsIpv6": "false", "SourceIp": "10.20.14.37", "SourcePort": 56167, "DestinationIsIpv6": "false", "DestinationIp": "140.82.113.4", "DestinationPort": 443, "DestinationHostname": "github.com", "DestinationPortName": "-", "UtcTime": "2024-11-05 08:35:38.498", "Channel": "Microsoft-Windows-Sysmon/Operational", "Computer": "FIN-WIN11-07.corp.northwind.internal"}
{"EventID": 22, "RuleName": "-", "ProcessGuid": "{856BE6A9-AED0-D69D-FC68-627A1B28317B}", "ProcessId": 9025, "QueryName": "ctldl.windowsupdate.com", "QueryStatus": "0", "QueryResults": "88.221.93.19", "Image": "C:\\Users\\j.okafor\\AppData\\Local\\Microsoft\\Teams\\current\\Teams.exe", "User": "CORP\\j.okafor", "UtcTime": "2024-11-05 08:35:41.000", "Channel": "Microsoft-Windows-Sysmon/Operational", "Computer": "FIN-WIN11-07.corp.northwind.internal"}
{"EventID": 3, "RuleName": "-", "ProcessGuid": "{676D6033-C919-357D-55B1-B3DABE2088FA}", "ProcessId": 904, "Image": "C:\\Windows\\System32\\svchost.exe", "User": "NT AUTHORITY\\NETWORK SERVICE", "Protocol": "tcp", "Initiated": "true", "SourceIsIpv6": "false", "SourceIp": "10.20.14.37", "SourcePort": 58690, "DestinationIsIpv6": "false", "DestinationIp": "140.82.113.4", "DestinationPort": 443, "DestinationHostname": "github.com", "DestinationPortName": "-", "UtcTime": "2024-11-05 08:35:41.000", "Channel": "Microsoft-Windows-Sysmon/Operational", "Computer": "FIN-WIN11-07.corp.northwind.internal"}
{"EventID": 3, "RuleName": "-", "ProcessGuid": "{AA7FD302-FB6B-B79E-6AA9-CE312DBD94F1}", "ProcessId": 920, "Image": "C:\\Windows\\System32\\svchost.exe", "User": "NT AUTHORITY\\NETWORK SERVICE", "Protocol": "tcp", "Initiated": "true", "SourceIsIpv6": "false", "SourceIp": "10.20.14.37", "SourcePort": 51935, "DestinationIsIpv6": "false", "DestinationIp": "23.35.229.160", "DestinationPort": 443, "DestinationHostname": "crl.microsoft.com", "DestinationPortName": "-", "UtcTime": "2024-11-05 08:35:41.000", "Channel": "Microsoft-Windows-Sysmon/Operational", "Computer": "FIN-WIN11-07.corp.northwind.internal"}
{"EventID": 3, "RuleName": "-", "ProcessGuid": "{856BE6A9-AED0-D69D-FC68-627A1B28317B}", "ProcessId": 9025, "Image": "C:\\Users\\j.okafor\\AppData\\Local\\Microsoft\\Teams\\current\\Teams.exe", "User": "CORP\\j.okafor", "Protocol": "tcp", "Initiated": "true", "SourceIsIpv6": "false", "SourceIp": "10.20.14.37", "SourcePort": 57237, "DestinationIsIpv6": "false", "DestinationIp": "88.221.93.19", "DestinationPort": 80, "DestinationHostname": "ctldl.windowsupdate.com", "DestinationPortName": "-", "UtcTime": "2024-11-05 08:35:41.212", "Channel": "Microsoft-Windows-Sysmon/Operational", "Computer": "FIN-WIN11-07.corp.northwind.internal"}
{"EventID": 22, "RuleName": "-", "ProcessGuid": "{7AA1D7C0-BBB1-E2C6-822D-EE9AAFD09531}", "ProcessId": 6802, "QueryName": "nvd.nist.gov", "QueryStatus": "0", "QueryResults": "23.203.248.58", "Image": "C:\\Users\\j.okafor\\AppData\\Local\\Programs\\Microsoft VS Code\\Code.exe", "User": "CORP\\j.okafor", "UtcTime": "2024-11-05 08:35:43.000", "Channel": "Microsoft-Windows-Sysmon/Operational", "Computer": "FIN-WIN11-07.corp.northwind.internal"}
{"EventID": 3, "RuleName": "-", "ProcessGuid": "{676D6033-C919-357D-55B1-B3DABE2088FA}", "ProcessId": 904, "Image": "C:\\Windows\\System32\\svchost.exe", "User": "NT AUTHORITY\\NETWORK SERVICE", "Protocol": "tcp", "Initiated": "true", "SourceIsIpv6": "false", "SourceIp": "10.20.14.37", "SourcePort": 57243, "DestinationIsIpv6": "false", "DestinationIp": "23.203.248.58", "DestinationPort": 443, "DestinationHostname": "nvd.nist.gov", "DestinationPortName": "-", "UtcTime": "2024-11-05 08:35:43.000", "Channel": "Microsoft-Windows-Sysmon/Operational", "Computer": "FIN-WIN11-07.corp.northwind.internal"}
{"EventID": 3, "RuleName": "-", "ProcessGuid": "{7AA1D7C0-BBB1-E2C6-822D-EE9AAFD09531}", "ProcessId": 6802, "Image": "C:\\Users\\j.okafor\\AppData\\Local\\Programs\\Microsoft VS Code\\Code.exe", "User": "CORP\\j.okafor", "Protocol": "tcp", "Initiated": "true", "SourceIsIpv6": "false", "SourceIp": "10.20.14.37", "SourcePort": 61678, "DestinationIsIpv6": "false", "DestinationIp": "23.203.248.58", "DestinationPort": 80, "DestinationHostname": "nvd.nist.gov", "DestinationPortName": "-", "UtcTime": "2024-11-05 08:35:43.485", "Channel": "Microsoft-Windows-Sysmon/Operational", "Computer": "FIN-WIN11-07.corp.northwind.internal"}
{"EventID": 22, "RuleName": "-", "ProcessGuid": "{7AA1D7C0-BBB1-E2C6-822D-EE9AAFD09531}", "ProcessId": 6802, "QueryName": "teams.microsoft.com", "QueryStatus": "0", "QueryResults": "52.113.194.132", "Image": "C:\\Users\\j.okafor\\AppData\\Local\\Programs\\Microsoft VS Code\\Code.exe", "User": "CORP\\j.okafor", "UtcTime": "2024-11-05 08:35:45.000", "Channel": "Microsoft-Windows-Sysmon/Operational", "Computer": "FIN-WIN11-07.corp.northwind.internal"}
{"EventID": 3, "RuleName": "-", "ProcessGuid": "{7AA1D7C0-BBB1-E2C6-822D-EE9AAFD09531}", "ProcessId": 6802, "Image": "C:\\Users\\j.okafor\\AppData\\Local\\Programs\\Microsoft VS Code\\Code.exe", "User": "CORP\\j.okafor", "Protocol": "tcp", "Initiated": "true", "SourceIsIpv6": "false", "SourceIp": "10.20.14.37", "SourcePort": 59159, "DestinationIsIpv6": "false", "DestinationIp": "52.113.194.132", "DestinationPort": 443, "DestinationHostname": "teams.microsoft.com", "DestinationPortName": "-", "UtcTime": "2024-11-05 08:35:45.127", "Channel": "Microsoft-Windows-Sysmon/Operational", "Computer": "FIN-WIN11-07.corp.northwind.internal"}
{"EventID": 13, "RuleName": "-", "EventType": "SetValue", "ProcessGuid": "{AA7FD302-FB6B-B79E-6AA9-CE312DBD94F1}", "ProcessId": 920, "Image": "C:\\Windows\\System32\\svchost.exe", "TargetObject": "HKLM\\SYSTEM\\CurrentControlSet\\Services\\bam\\State\\UserSettings", "Details": "Binary Data", "User": "NT AUTHORITY\\NETWORK SERVICE", "UtcTime": "2024-11-05 08:35:46.000", "Channel": "Microsoft-Windows-Sysmon/Operational", "Computer": "FIN-WIN11-07.corp.northwind.internal"}
{"EventID": 1, "RuleName": "-", "ProcessGuid": "{F624D711-7C50-FE4F-CA32-D0E331667549}", "ProcessId": 2921, "Image": "C:\\Windows\\System32\\RuntimeBroker.exe", "FileVersion": "10.0.22621.1 (WinBuild.160101.0800)", "Description": "RuntimeBroker.exe", "Product": "Microsoft® Windows® Operating System", "Company": "Microsoft Corporation", "OriginalFileName": "RuntimeBroker.exe", "CommandLine": "C:\\Windows\\System32\\RuntimeBroker.exe -Embedding", "CurrentDirectory": "C:\\Windows\\system32\\", "User": "NT AUTHORITY\\SYSTEM", "LogonGuid": "{F624D711-7C50-FE4F-CA32-D0E331667549}", "LogonId": "0x3f9a21", "TerminalSessionId": 0, "IntegrityLevel": "System", "Hashes": "MD5=9C3408CF0EF5A8FB9B9543FBC382114C,SHA256=6E06B06ABB69086464746156B313BB85E792314EF5BB5F92FAEC74E6F48A66F1,IMPHASH=B10EE41285E4BD36C58EB97831D12707", "ParentProcessGuid": "{B74A351C-3793-2B5C-A7E7-38F7328A81D5}", "ParentProcessId": 924, "ParentImage": "C:\\Windows\\System32\\svchost.exe", "ParentCommandLine": "C:\\Windows\\system32\\svchost.exe -k LocalSystemNetworkRestricted -p", "ParentUser": "NT AUTHORITY\\SYSTEM", "UtcTime": "2024-11-05 08:35:48.307", "Channel": "Microsoft-Windows-Sysmon/Operational", "Computer": "FIN-WIN11-07.corp.northwind.internal"}
{"EventID": 7, "RuleName": "-", "ProcessGuid": "{F624D711-7C50-FE4F-CA32-D0E331667549}", "ProcessId": 2921, "Image": "C:\\Windows\\System32\\RuntimeBroker.exe", "ImageLoaded": "C:\\Windows\\System32\\shcore.dll", "FileVersion": "10.0.22621.1", "Description": "shcore.dll", "Product": "Microsoft® Windows® Operating System", "Company": "Microsoft Corporation", "OriginalFileName": "shcore.dll", "Hashes": "MD5=7707B9A494691A2106EAA088ADC409C7,SHA256=A4758B4425AA2753CD4FC0617E3380149E531F0A644E3D8B859FD5478E7DAC91,IMPHASH=2DA77CA815D35A4F593AEC962A571DA6", "Signed": "true", "Signature": "Microsoft Corporation", "SignatureStatus": "Valid", "User": "NT AUTHORITY\\SYSTEM", "UtcTime": "2024-11-05 08:35:48.966", "Channel": "Microsoft-Windows-Sysmon/Operational", "Computer": "FIN-WIN11-07.corp.northwind.internal"}
{"EventID": 11, "RuleName": "-", "ProcessGuid": "{856BE6A9-AED0-D69D-FC68-627A1B28317B}", "ProcessId": 9025, "Image": "C:\\Users\\j.okafor\\AppData\\Local\\Microsoft\\Teams\\current\\Teams.exe", "TargetFilename": "C:\\Users\\j.okafor\\AppData\\Local\\Microsoft\\Windows\\INetCache\\IE\\cache_66.dat", "CreationUtcTime": "2024-11-05 08:35:49.000", "User": "CORP\\j.okafor", "UtcTime": "2024-11-05 08:35:49.000", "Channel": "Microsoft-Windows-Sysmon/Operational", "Computer": "FIN-WIN11-07.corp.northwind.internal"}
{"EventID": 7, "RuleName": "-", "ProcessGuid": "{F624D711-7C50-FE4F-CA32-D0E331667549}", "ProcessId": 2921, "Image": "C:\\Windows\\System32\\RuntimeBroker.exe", "ImageLoaded": "C:\\Windows\\System32\\ole32.dll", "FileVersion": "10.0.22621.1", "Description": "ole32.dll", "Product": "Microsoft® Windows® Operating System", "Company": "Microsoft Corporation", "OriginalFileName": "ole32.dll", "Hashes": "MD5=F0BE416B51C5FB47AB11724010BC0552,SHA256=F245FE196BF4E32347EB826671DBFA2AE75FC0F73E3DDDD0ED96FA97ED29A527,IMPHASH=31BD25CFB290FD2A8F9272465EA53EB4", "Signed": "true", "Signature": "Microsoft Corporation", "SignatureStatus": "Valid", "User": "NT AUTHORITY\\SYSTEM", "UtcTime": "2024-11-05 08:35:49.092", "Channel": "Microsoft-Windows-Sysmon/Operational", "Computer": "FIN-WIN11-07.corp.northwind.internal"}
{"EventID": 7, "RuleName": "-", "ProcessGuid": "{F624D711-7C50-FE4F-CA32-D0E331667549}", "ProcessId": 2921, "Image": "C:\\Windows\\System32\\RuntimeBroker.exe", "ImageLoaded": "C:\\Windows\\System32\\gdi32.dll", "FileVersion": "10.0.22621.1", "Description": "gdi32.dll", "Product": "Microsoft® Windows® Operating System", "Company": "Microsoft Corporation", "OriginalFileName": "gdi32.dll", "Hashes": "MD5=C65C6F49DC7837D8ADB5C4EDF3B2DDE0,SHA256=F1D72F8DE2B12803E0F918384AE09876D95F73A9ECC32E361931BED381F9F926,IMPHASH=C04A198B98E2034D0C612D60258DEF35", "Signed": "true", "Signature": "Microsoft Corporation", "SignatureStatus": "Valid", "User": "NT AUTHORITY\\SYSTEM", "UtcTime": "2024-11-05 08:35:49.207", "Channel": "Microsoft-Windows-Sysmon/Operational", "Computer": "FIN-WIN11-07.corp.northwind.internal"}
{"EventID": 1, "RuleName": "-", "ProcessGuid": "{BF614094-40BA-0EF1-88A0-6704385A2C57}", "ProcessId": 8448, "Image": "C:\\Windows\\System32\\taskhostw.exe", "FileVersion": "10.0.22621.1 (WinBuild.160101.0800)", "Description": "taskhostw.exe", "Product": "Microsoft® Windows® Operating System", "Company": "Microsoft Corporation", "OriginalFileName": "taskhostw.exe", "CommandLine": "taskhostw.exe {DE1B2C6A}", "CurrentDirectory": "C:\\Windows\\system32\\", "User": "NT AUTHORITY\\NETWORK SERVICE", "LogonGuid": "{BF614094-40BA-0EF1-88A0-6704385A2C57}", "LogonId": "0x3f9a21", "TerminalSessionId": 0, "IntegrityLevel": "System", "Hashes": "MD5=6913C574C95575338A5B0D0544F280FC,SHA256=EADE2CD8C84CE631A2A6917151557D03D7BCF704B2A911E5910025FA412EE1D7,IMPHASH=7D87941CE922082AF40212328D9C0654", "ParentProcessGuid": "{2373C90A-E6AF-36CD-CFAE-E208539B72F0}", "ParentProcessId": 928, "ParentImage": "C:\\Windows\\System32\\svchost.exe", "ParentCommandLine": "C:\\Windows\\system32\\svchost.exe -k WbioSvcGroup", "ParentUser": "NT AUTHORITY\\NETWORK SERVICE", "UtcTime": "2024-11-05 08:35:49.652", "Channel": "Microsoft-Windows-Sysmon/Operational", "Computer": "FIN-WIN11-07.corp.northwind.internal"}
{"EventID": 13, "RuleName": "-", "EventType": "SetValue", "ProcessGuid": "{E2617918-0450-EA48-4495-4D449D065CF2}", "ProcessId": 6982, "Image": "C:\\Program Files (x86)\\Microsoft\\Edge\\Application\\msedge.exe", "TargetObject": "HKLM\\SYSTEM\\CurrentControlSet\\Services\\bam\\State\\UserSettings", "Details": "Binary Data", "User": "CORP\\j.okafor", "UtcTime": "2024-11-05 08:35:50.000", "Channel": "Microsoft-Windows-Sysmon/Operational", "Computer": "FIN-WIN11-07.corp.northwind.internal"}
{"EventID": 7, "RuleName": "-", "ProcessGuid": "{BF614094-40BA-0EF1-88A0-6704385A2C57}", "ProcessId": 8448, "Image": "C:\\Windows\\System32\\taskhostw.exe", "ImageLoaded": "C:\\Windows\\System32\\rpcrt4.dll", "FileVersion": "10.0.22621.1", "Description": "rpcrt4.dll", "Product": "Microsoft® Windows® Operating System", "Company": "Microsoft Corporation", "OriginalFileName": "rpcrt4.dll", "Hashes": "MD5=9EF24EA4797B2DD0770BB7217AB0D0D1,SHA256=B3C89AFE1AF2BD9189C42840B21566EC7CFCFF421C874ECA26806512D5B66A4F,IMPHASH=AC838DD7D38F3D3BB96F9F194AA534EE", "Signed": "true", "Signature": "Microsoft Corporation", "SignatureStatus": "Valid", "User": "NT AUTHORITY\\NETWORK SERVICE", "UtcTime": "2024-11-05 08:35:50.436", "Channel": "Microsoft-Windows-Sysmon/Operational", "Computer": "FIN-WIN11-07.corp.northwind.internal"}
{"EventID": 1, "RuleName": "-", "ProcessGuid": "{FDF0ED19-CA8F-7E86-75CE-ABB62452E5A0}", "ProcessId": 7463, "Image": "C:\\Windows\\System32\\taskhostw.exe", "FileVersion": "10.0.22621.1 (WinBuild.160101.0800)", "Description": "taskhostw.exe", "Product": "Microsoft® Windows® Operating System", "Company": "Microsoft Corporation", "OriginalFileName": "taskhostw.exe", "CommandLine": "taskhostw.exe {DE1B2C6A}", "CurrentDirectory": "C:\\Windows\\system32\\", "User": "NT AUTHORITY\\NETWORK SERVICE", "LogonGuid": "{FDF0ED19-CA8F-7E86-75CE-ABB62452E5A0}", "LogonId": "0x3f9a21", "TerminalSessionId": 0, "IntegrityLevel": "System", "Hashes": "MD5=6913C574C95575338A5B0D0544F280FC,SHA256=EADE2CD8C84CE631A2A6917151557D03D7BCF704B2A911E5910025FA412EE1D7,IMPHASH=7D87941CE922082AF40212328D9C0654", "ParentProcessGuid": "{8D1EFC33-E31B-D256-FF6E-F105096FA2E8}", "ParentProcessId": 916, "ParentImage": "C:\\Windows\\System32\\svchost.exe", "ParentCommandLine": "C:\\Windows\\system32\\svchost.exe -k NetworkService -p", "ParentUser": "NT AUTHORITY\\NETWORK SERVICE", "UtcTime": "2024-11-05 08:35:50.649", "Channel": "Microsoft-Windows-Sysmon/Operational", "Computer": "FIN-WIN11-07.corp.northwind.internal"}
{"EventID": 7, "RuleName": "-", "ProcessGuid": "{FDF0ED19-CA8F-7E86-75CE-ABB62452E5A0}", "ProcessId": 7463, "Image": "C:\\Windows\\System32\\taskhostw.exe", "ImageLoaded": "C:\\Windows\\System32\\winhttp.dll", "FileVersion": "10.0.22621.1", "Description": "winhttp.dll", "Product": "Microsoft® Windows® Operating System", "Company": "Microsoft Corporation", "OriginalFileName": "winhttp.dll", "Hashes": "MD5=1CD7A815824DF33A0B00FC25948BB859,SHA256=11CF54D9A3E24F94115C734772A6B21C670D903498186ACA35F285F15869C0BD,IMPHASH=7EDDD38AEA1C1D899C1697F52074850F", "Signed": "true", "Signature": "Microsoft Corporation", "SignatureStatus": "Valid", "User": "NT AUTHORITY\\NETWORK SERVICE", "UtcTime": "2024-11-05 08:35:50.706", "Channel": "Microsoft-Windows-Sysmon/Operational", "Computer": "FIN-WIN11-07.corp.northwind.internal"}
{"EventID": 1, "RuleName": "-", "ProcessGuid": "{F2171D2E-66C9-6109-FB0B-4580CF06E05C}", "ProcessId": 8139, "Image": "C:\\Windows\\System32\\conhost.exe", "FileVersion": "10.0.22621.1 (WinBuild.160101.0800)", "Description": "conhost.exe", "Product": "Microsoft® Windows® Operating System", "Company": "Microsoft Corporation", "OriginalFileName": "conhost.exe", "CommandLine": "\\??\\C:\\Windows\\system32\\conhost.exe 0x4", "CurrentDirectory": "C:\\Windows\\system32\\", "User": "NT AUTHORITY\\NETWORK SERVICE", "LogonGuid": "{F2171D2E-66C9-6109-FB0B-4580CF06E05C}", "LogonId": "0x3f9a21", "TerminalSessionId": 0, "IntegrityLevel": "System", "Hashes": "MD5=32874429CF50E04D3AB9C3A4CDF13D62,SHA256=AA03BE48D56288B3C3E98EA99E43843CDF93E54C1A37BA31C1CE8583EEEF5222,IMPHASH=C0DE032A341FF539CE0785067B3AAD01", "ParentProcessGuid": "{676D6033-C919-357D-55B1-B3DABE2088FA}", "ParentProcessId": 904, "ParentImage": "C:\\Windows\\System32\\svchost.exe", "ParentCommandLine": "C:\\Windows\\system32\\svchost.exe -k RPCSS -p", "ParentUser": "NT AUTHORITY\\NETWORK SERVICE", "UtcTime": "2024-11-05 08:35:51.971", "Channel": "Microsoft-Windows-Sysmon/Operational", "Computer": "FIN-WIN11-07.corp.northwind.internal"}
{"EventID": 7, "RuleName": "-", "ProcessGuid": "{F2171D2E-66C9-6109-FB0B-4580CF06E05C}", "ProcessId": 8139, "Image": "C:\\Windows\\System32\\conhost.exe", "ImageLoaded": "C:\\Windows\\System32\\ole32.dll", "FileVersion": "10.0.22621.1", "Description": "ole32.dll", "Product": "Microsoft® Windows® Operating System", "Company": "Microsoft Corporation", "OriginalFileName": "ole32.dll", "Hashes": "MD5=F0BE416B51C5FB47AB11724010BC0552,SHA256=F245FE196BF4E32347EB826671DBFA2AE75FC0F73E3DDDD0ED96FA97ED29A527,IMPHASH=31BD25CFB290FD2A8F9272465EA53EB4", "Signed": "true", "Signature": "Microsoft Corporation", "SignatureStatus": "Valid", "User": "NT AUTHORITY\\NETWORK SERVICE", "UtcTime": "2024-11-05 08:35:52.050", "Channel": "Microsoft-Windows-Sysmon/Operational", "Computer": "FIN-WIN11-07.corp.northwind.internal"}
{"EventID": 7, "RuleName": "-", "ProcessGuid": "{F2171D2E-66C9-6109-FB0B-4580CF06E05C}", "ProcessId": 8139, "Image": "C:\\Windows\\System32\\conhost.exe", "ImageLoaded": "C:\\Windows\\System32\\wininet.dll", "FileVersion": "10.0.22621.1", "Description": "wininet.dll", "Product": "Microsoft® Windows® Operating System", "Company": "Microsoft Corporation", "OriginalFileName": "wininet.dll", "Hashes": "MD5=86F7A2B3A3CA87EED3EB7A389D1ADC15,SHA256=813C1C6C6F2814355EF6CBFAF302C9E579175B1C0CD6B0B21B83984223E6030C,IMPHASH=9CE291D82729FAE26C904012F386796A", "Signed": "true", "Signature": "Microsoft Corporation", "SignatureStatus": "Valid", "User": "NT AUTHORITY\\NETWORK SERVICE", "UtcTime": "2024-11-05 08:35:52.623", "Channel": "Microsoft-Windows-Sysmon/Operational", "Computer": "FIN-WIN11-07.corp.northwind.internal"}
{"EventID": 5, "RuleName": "-", "ProcessGuid": "{BF614094-40BA-0EF1-88A0-6704385A2C57}", "ProcessId": 8448, "Image": "C:\\Windows\\System32\\taskhostw.exe", "User": "NT AUTHORITY\\NETWORK SERVICE", "UtcTime": "2024-11-05 08:35:54.652", "Channel": "Microsoft-Windows-Sysmon/Operational", "Computer": "FIN-WIN11-07.corp.northwind.internal"}
{"EventID": 3, "RuleName": "-", "ProcessGuid": "{C3EAA59F-18F7-9ECA-0C50-48DEF2F8DD33}", "ProcessId": 932, "Image": "C:\\Windows\\System32\\svchost.exe", "User": "NT AUTHORITY\\NETWORK SERVICE", "Protocol": "tcp", "Initiated": "true", "SourceIsIpv6": "false", "SourceIp": "10.20.14.37", "SourcePort": 63481, "DestinationIsIpv6": "false", "DestinationIp": "13.107.42.16", "DestinationPort": 443, "DestinationHostname": "update.code.visualstudio.com", "DestinationPortName": "-", "UtcTime": "2024-11-05 08:35:55.000", "Channel": "Microsoft-Windows-Sysmon/Operational", "Computer": "FIN-WIN11-07.corp.northwind.internal"}
{"EventID": 1, "RuleName": "-", "ProcessGuid": "{DD2C26A6-C5E9-83D2-FC7B-E1F13E0C1405}", "ProcessId": 1650, "Image": "C:\\Windows\\System32\\conhost.exe", "FileVersion": "10.0.22621.1 (WinBuild.160101.0800)", "Description": "conhost.exe", "Product": "Microsoft® Windows® Operating System", "Company": "Microsoft Corporation", "OriginalFileName": "conhost.exe", "CommandLine": "\\??\\C:\\Windows\\system32\\conhost.exe 0x4", "CurrentDirectory": "C:\\Windows\\system32\\", "User": "NT AUTHORITY\\NETWORK SERVICE", "LogonGuid": "{DD2C26A6-C5E9-83D2-FC7B-E1F13E0C1405}", "LogonId": "0x3f9a21", "TerminalSessionId": 0, "IntegrityLevel": "System", "Hashes": "MD5=32874429CF50E04D3AB9C3A4CDF13D62,SHA256=AA03BE48D56288B3C3E98EA99E43843CDF93E54C1A37BA31C1CE8583EEEF5222,IMPHASH=C0DE032A341FF539CE0785067B3AAD01", "ParentProcessGuid": "{8D1EFC33-E31B-D256-FF6E-F105096FA2E8}", "ParentProcessId": 916, "ParentImage": "C:\\Windows\\System32\\svchost.exe", "ParentCommandLine": "C:\\Windows\\system32\\svchost.exe -k NetworkService -p", "ParentUser": "NT AUTHORITY\\NETWORK SERVICE", "UtcTime": "2024-11-05 08:35:55.441", "Channel": "Microsoft-Windows-Sysmon/Operational", "Computer": "FIN-WIN11-07.corp.northwind.internal"}
{"EventID": 1, "RuleName": "-", "ProcessGuid": "{45E1F3E4-EEBF-105D-5960-36EF8767CB5B}", "ProcessId": 6786, "Image": "C:\\Windows\\System32\\RuntimeBroker.exe", "FileVersion": "10.0.22621.1 (WinBuild.160101.0800)", "Description": "RuntimeBroker.exe", "Product": "Microsoft® Windows® Operating System", "Company": "Microsoft Corporation", "OriginalFileName": "RuntimeBroker.exe", "CommandLine": "C:\\Windows\\System32\\RuntimeBroker.exe -Embedding", "CurrentDirectory": "C:\\Windows\\system32\\", "User": "NT AUTHORITY\\SYSTEM", "LogonGuid": "{45E1F3E4-EEBF-105D-5960-36EF8767CB5B}", "LogonId": "0x3f9a21", "TerminalSessionId": 0, "IntegrityLevel": "System", "Hashes": "MD5=9C3408CF0EF5A8FB9B9543FBC382114C,SHA256=6E06B06ABB69086464746156B313BB85E792314EF5BB5F92FAEC74E6F48A66F1,IMPHASH=B10EE41285E4BD36C58EB97831D12707", "ParentProcessGuid": "{677C31FB-51D8-1217-52E7-B32951574873}", "ParentProcessId": 908, "ParentImage": "C:\\Windows\\System32\\svchost.exe", "ParentCommandLine": "C:\\Windows\\system32\\svchost.exe -k netsvcs -p", "ParentUser": "NT AUTHORITY\\SYSTEM", "UtcTime": "2024-11-05 08:35:55.546", "Channel": "Microsoft-Windows-Sysmon/Operational", "Computer": "FIN-WIN11-07.corp.northwind.internal"}
{"EventID": 7, "RuleName": "-", "ProcessGuid": "{DD2C26A6-C5E9-83D2-FC7B-E1F13E0C1405}", "ProcessId": 1650, "Image": "C:\\Windows\\System32\\conhost.exe", "ImageLoaded": "C:\\Windows\\System32\\crypt32.dll", "FileVersion": "10.0.22621.1", "Description": "crypt32.dll", "Product": "Microsoft® Windows® Operating System", "Company": "Microsoft Corporation", "OriginalFileName": "crypt32.dll", "Hashes": "MD5=2C9AC0BA41556865BDA9F69F855490F5,SHA256=FE9D19718BC80D9898EDE8DD5F12FC6443D27CBDDC4E8F95879B295C1ADB9926,IMPHASH=3CAC074585050F4B842ED7790F75AD92", "Signed": "true", "Signature": "Microsoft Corporation", "SignatureStatus": "Valid", "User": "NT AUTHORITY\\NETWORK SERVICE", "UtcTime": "2024-11-05 08:35:55.578", "Channel": "Microsoft-Windows-Sysmon/Operational", "Computer": "FIN-WIN11-07.corp.northwind.internal"}
{"EventID": 7, "RuleName": "-", "ProcessGuid": "{DD2C26A6-C5E9-83D2-FC7B-E1F13E0C1405}", "ProcessId": 1650, "Image": "C:\\Windows\\System32\\conhost.exe", "ImageLoaded": "C:\\Windows\\System32\\kernel32.dll", "FileVersion": "10.0.22621.1", "Description": "kernel32.dll", "Product": "Microsoft® Windows® Operating System", "Company": "Microsoft Corporation", "OriginalFileName": "kernel32.dll", "Hashes": "MD5=0AB4EA0E4D6453AA778557EA48A08D64,SHA256=9CFF62CD296F6EFDBB9B5622D676BA00427ABD304150B5B1C27F0AA9385BB344,IMPHASH=316A1DF7CA24080C1A54042C5E549E4D", "Signed": "true", "Signature": "Microsoft Corporation", "SignatureStatus": "Valid", "User": "NT AUTHORITY\\NETWORK SERVICE", "UtcTime": "2024-11-05 08:35:55.582", "Channel": "Microsoft-Windows-Sysmon/Operational", "Computer": "FIN-WIN11-07.corp.northwind.internal"}
{"EventID": 7, "RuleName": "-", "ProcessGuid": "{45E1F3E4-EEBF-105D-5960-36EF8767CB5B}", "ProcessId": 6786, "Image": "C:\\Windows\\System32\\RuntimeBroker.exe", "ImageLoaded": "C:\\Windows\\System32\\shcore.dll", "FileVersion": "10.0.22621.1", "Description": "shcore.dll", "Product": "Microsoft® Windows® Operating System", "Company": "Microsoft Corporation", "OriginalFileName": "shcore.dll", "Hashes": "MD5=7707B9A494691A2106EAA088ADC409C7,SHA256=A4758B4425AA2753CD4FC0617E3380149E531F0A644E3D8B859FD5478E7DAC91,IMPHASH=2DA77CA815D35A4F593AEC962A571DA6", "Signed": "true", "Signature": "Microsoft Corporation", "SignatureStatus": "Valid", "User": "NT AUTHORITY\\SYSTEM", "UtcTime": "2024-11-05 08:35:55.746", "Channel": "Microsoft-Windows-Sysmon/Operational", "Computer": "FIN-WIN11-07.corp.northwind.internal"}
{"EventID": 7, "RuleName": "-", "ProcessGuid": "{45E1F3E4-EEBF-105D-5960-36EF8767CB5B}", "ProcessId": 6786, "Image": "C:\\Windows\\System32\\RuntimeBroker.exe", "ImageLoaded": "C:\\Windows\\System32\\gdi32.dll", "FileVersion": "10.0.22621.1", "Description": "gdi32.dll", "Product": "Microsoft® Windows® Operating System", "Company": "Microsoft Corporation", "OriginalFileName": "gdi32.dll", "Hashes": "MD5=C65C6F49DC7837D8ADB5C4EDF3B2DDE0,SHA256=F1D72F8DE2B12803E0F918384AE09876D95F73A9ECC32E361931BED381F9F926,IMPHASH=C04A198B98E2034D0C612D60258DEF35", "Signed": "true", "Signature": "Microsoft Corporation", "SignatureStatus": "Valid", "User": "NT AUTHORITY\\SYSTEM", "UtcTime": "2024-11-05 08:35:55.866", "Channel": "Microsoft-Windows-Sysmon/Operational", "Computer": "FIN-WIN11-07.corp.northwind.internal"}
{"EventID": 7, "RuleName": "-", "ProcessGuid": "{DD2C26A6-C5E9-83D2-FC7B-E1F13E0C1405}", "ProcessId": 1650, "Image": "C:\\Windows\\System32\\conhost.exe", "ImageLoaded": "C:\\Windows\\System32\\shcore.dll", "FileVersion": "10.0.22621.1", "Description": "shcore.dll", "Product": "Microsoft® Windows® Operating System", "Company": "Microsoft Corporation", "OriginalFileName": "shcore.dll", "Hashes": "MD5=7707B9A494691A2106EAA088ADC409C7,SHA256=A4758B4425AA2753CD4FC0617E3380149E531F0A644E3D8B859FD5478E7DAC91,IMPHASH=2DA77CA815D35A4F593AEC962A571DA6", "Signed": "true", "Signature": "Microsoft Corporation", "SignatureStatus": "Valid", "User": "NT AUTHORITY\\NETWORK SERVICE", "UtcTime": "2024-11-05 08:35:55.872", "Channel": "Microsoft-Windows-Sysmon/Operational", "Computer": "FIN-WIN11-07.corp.northwind.internal"}
{"EventID": 7, "RuleName": "-", "ProcessGuid": "{45E1F3E4-EEBF-105D-5960-36EF8767CB5B}", "ProcessId": 6786, "Image": "C:\\Windows\\System32\\RuntimeBroker.exe", "ImageLoaded": "C:\\Windows\\System32\\gdi32.dll", "FileVersion": "10.0.22621.1", "Description": "gdi32.dll", "Product": "Microsoft® Windows® Operating System", "Company": "Microsoft Corporation", "OriginalFileName": "gdi32.dll", "Hashes": "MD5=C65C6F49DC7837D8ADB5C4EDF3B2DDE0,SHA256=F1D72F8DE2B12803E0F918384AE09876D95F73A9ECC32E361931BED381F9F926,IMPHASH=C04A198B98E2034D0C612D60258DEF35", "Signed": "true", "Signature": "Microsoft Corporation", "SignatureStatus": "Valid", "User": "NT AUTHORITY\\SYSTEM", "UtcTime": "2024-11-05 08:35:56.338", "Channel": "Microsoft-Windows-Sysmon/Operational", "Computer": "FIN-WIN11-07.corp.northwind.internal"}
{"EventID": 7, "RuleName": "-", "ProcessGuid": "{45E1F3E4-EEBF-105D-5960-36EF8767CB5B}", "ProcessId": 6786, "Image": "C:\\Windows\\System32\\RuntimeBroker.exe", "ImageLoaded": "C:\\Windows\\System32\\user32.dll", "FileVersion": "10.0.22621.1", "Description": "user32.dll", "Product": "Microsoft® Windows® Operating System", "Company": "Microsoft Corporation", "OriginalFileName": "user32.dll", "Hashes": "MD5=95722714424049ED3C6C4AC774230C52,SHA256=37D3EBE4373A04EA276A5B0A04D533A84A0BDCFF861D13C4CA3FFA02E433F57C,IMPHASH=B76EDE99A97920A23A1E388516467EED", "Signed": "true", "Signature": "Microsoft Corporation", "SignatureStatus": "Valid", "User": "NT AUTHORITY\\SYSTEM", "UtcTime": "2024-11-05 08:35:56.386", "Channel": "Microsoft-Windows-Sysmon/Operational", "Computer": "FIN-WIN11-07.corp.northwind.internal"}
{"EventID": 3, "RuleName": "-", "ProcessGuid": "{B74A351C-3793-2B5C-A7E7-38F7328A81D5}", "ProcessId": 924, "Image": "C:\\Windows\\System32\\svchost.exe", "User": "NT AUTHORITY\\SYSTEM", "Protocol": "tcp", "Initiated": "true", "SourceIsIpv6": "false", "SourceIp": "10.20.14.37", "SourcePort": 63033, "DestinationIsIpv6": "false", "DestinationIp": "20.190.159.73", "DestinationPort": 443, "DestinationHostname": "login.microsoftonline.com", "DestinationPortName": "-", "UtcTime": "2024-11-05 08:35:57.000", "Channel": "Microsoft-Windows-Sysmon/Operational", "Computer": "FIN-WIN11-07.corp.northwind.internal"}
{"EventID": 1, "RuleName": "-", "ProcessGuid": "{0A26B6F2-E29B-0AFD-4A84-67470E45CFD7}", "ProcessId": 4829, "Image": "C:\\Windows\\System32\\conhost.exe", "FileVersion": "10.0.22621.1 (WinBuild.160101.0800)", "Description": "conhost.exe", "Product": "Microsoft® Windows® Operating System", "Company": "Microsoft Corporation", "OriginalFileName": "conhost.exe", "CommandLine": "\\??\\C:\\Windows\\system32\\conhost.exe 0x4", "CurrentDirectory": "C:\\Windows\\system32\\", "User": "NT AUTHORITY\\NETWORK SERVICE", "LogonGuid": "{0A26B6F2-E29B-0AFD-4A84-67470E45CFD7}", "LogonId": "0x3f9a21", "TerminalSessionId": 0, "IntegrityLevel": "System", "Hashes": "MD5=32874429CF50E04D3AB9C3A4CDF13D62,SHA256=AA03BE48D56288B3C3E98EA99E43843CDF93E54C1A37BA31C1CE8583EEEF5222,IMPHASH=C0DE032A341FF539CE0785067B3AAD01", "ParentProcessGuid": "{8D1EFC33-E31B-D256-FF6E-F105096FA2E8}", "ParentProcessId": 916, "ParentImage": "C:\\Windows\\System32\\svchost.exe", "ParentCommandLine": "C:\\Windows\\system32\\svchost.exe -k NetworkService -p", "ParentUser": "NT AUTHORITY\\NETWORK SERVICE", "UtcTime": "2024-11-05 08:35:57.861", "Channel": "Microsoft-Windows-Sysmon/Operational", "Computer": "FIN-WIN11-07.corp.northwind.internal"}
{"EventID": 7, "RuleName": "-", "ProcessGuid": "{0A26B6F2-E29B-0AFD-4A84-67470E45CFD7}", "ProcessId": 4829, "Image": "C:\\Windows\\System32\\conhost.exe", "ImageLoaded": "C:\\Windows\\System32\\rpcrt4.dll", "FileVersion": "10.0.22621.1", "Description": "rpcrt4.dll", "Product": "Microsoft® Windows® Operating System", "Company": "Microsoft Corporation", "OriginalFileName": "rpcrt4.dll", "Hashes": "MD5=9EF24EA4797B2DD0770BB7217AB0D0D1,SHA256=B3C89AFE1AF2BD9189C42840B21566EC7CFCFF421C874ECA26806512D5B66A4F,IMPHASH=AC838DD7D38F3D3BB96F9F194AA534EE", "Signed": "true", "Signature": "Microsoft Corporation", "SignatureStatus": "Valid", "User": "NT AUTHORITY\\NETWORK SERVICE", "UtcTime": "2024-11-05 08:35:58.225", "Channel": "Microsoft-Windows-Sysmon/Operational", "Computer": "FIN-WIN11-07.corp.northwind.internal"}
{"EventID": 7, "RuleName": "-", "ProcessGuid": "{0A26B6F2-E29B-0AFD-4A84-67470E45CFD7}", "ProcessId": 4829, "Image": "C:\\Windows\\System32\\conhost.exe", "ImageLoaded": "C:\\Windows\\System32\\user32.dll", "FileVersion": "10.0.22621.1", "Description": "user32.dll", "Product": "Microsoft® Windows® Operating System", "Company": "Microsoft Corporation", "OriginalFileName": "user32.dll", "Hashes": "MD5=95722714424049ED3C6C4AC774230C52,SHA256=37D3EBE4373A04EA276A5B0A04D533A84A0BDCFF861D13C4CA3FFA02E433F57C,IMPHASH=B76EDE99A97920A23A1E388516467EED", "Signed": "true", "Signature": "Microsoft Corporation", "SignatureStatus": "Valid", "User": "NT AUTHORITY\\NETWORK SERVICE", "UtcTime": "2024-11-05 08:35:58.379", "Channel": "Microsoft-Windows-Sysmon/Operational", "Computer": "FIN-WIN11-07.corp.northwind.internal"}
